<?xml version="1.0" encoding="UTF-8"?>
<!-- Generated by org.testng.reporters.JUnitReportReporter -->
<testsuite hostname="deepika-evo" failures="13" tests="80" name="runnerfile.Testrunner" time="16.174" errors="44" timestamp="2023-07-27T15:30:29 EDT" skipped="0">
  <testcase classname="runnerfile.Testrunner" name="runScenario" time="0.005">
    <error message="Test name must not be null or empty" type="java.lang.IllegalArgumentException">
      <![CDATA[java.lang.IllegalArgumentException: Test name must not be null or empty
at com.aventstack.extentreports.util.Assert.notEmpty(Assert.java:12)
at com.aventstack.extentreports.ExtentTest.<init>(ExtentTest.java:96)
at com.aventstack.extentreports.ExtentTest.createNode(ExtentTest.java:153)
at com.aventstack.extentreports.cucumber.adapter.ExtentCucumberAdapter.createScenarioOutline(ExtentCucumberAdapter.java:374)
at com.aventstack.extentreports.cucumber.adapter.ExtentCucumberAdapter.handleScenarioOutline(ExtentCucumberAdapter.java:353)
at com.aventstack.extentreports.cucumber.adapter.ExtentCucumberAdapter.handleTestCaseStarted(ExtentCucumberAdapter.java:162)
at com.aventstack.extentreports.cucumber.adapter.ExtentCucumberAdapter.access$100(ExtentCucumberAdapter.java:63)
at com.aventstack.extentreports.cucumber.adapter.ExtentCucumberAdapter$3.receive(ExtentCucumberAdapter.java:107)
at com.aventstack.extentreports.cucumber.adapter.ExtentCucumberAdapter$3.receive(ExtentCucumberAdapter.java:104)
at io.cucumber.core.eventbus.AbstractEventPublisher.send(AbstractEventPublisher.java:51)
at io.cucumber.core.eventbus.AbstractEventBus.send(AbstractEventBus.java:12)
at io.cucumber.core.runtime.SynchronizedEventBus.send(SynchronizedEventBus.java:47)
at io.cucumber.core.runtime.ThreadLocalRunnerSupplier$LocalEventBus.send(ThreadLocalRunnerSupplier.java:62)
at io.cucumber.core.runner.TestCase.emitTestCaseStarted(TestCase.java:206)
at io.cucumber.core.runner.TestCase.run(TestCase.java:72)
at io.cucumber.core.runner.Runner.runPickle(Runner.java:75)
at io.cucumber.testng.TestNGCucumberRunner.lambda$runScenario$1(TestNGCucumberRunner.java:132)
at io.cucumber.core.runtime.CucumberExecutionContext.lambda$runTestCase$5(CucumberExecutionContext.java:130)
at io.cucumber.core.runtime.RethrowingThrowableCollector.executeAndThrow(RethrowingThrowableCollector.java:23)
at io.cucumber.core.runtime.CucumberExecutionContext.runTestCase(CucumberExecutionContext.java:130)
at io.cucumber.testng.TestNGCucumberRunner.runScenario(TestNGCucumberRunner.java:129)
at io.cucumber.testng.AbstractTestNGCucumberTests.runScenario(AbstractTestNGCucumberTests.java:35)
at java.base/jdk.internal.reflect.DirectMethodHandleAccessor.invoke(DirectMethodHandleAccessor.java:104)
at java.base/java.lang.reflect.Method.invoke(Method.java:578)
at org.testng.internal.MethodInvocationHelper.invokeMethod(MethodInvocationHelper.java:133)
at org.testng.internal.TestInvoker.invokeMethod(TestInvoker.java:598)
at org.testng.internal.TestInvoker.invokeTestMethod(TestInvoker.java:173)
at org.testng.internal.MethodRunner.runInSequence(MethodRunner.java:46)
at org.testng.internal.TestInvoker$MethodInvocationAgent.invoke(TestInvoker.java:824)
at org.testng.internal.TestInvoker.invokeTestMethods(TestInvoker.java:146)
at org.testng.internal.TestMethodWorker.invokeTestMethods(TestMethodWorker.java:146)
at org.testng.internal.TestMethodWorker.run(TestMethodWorker.java:128)
at java.base/java.util.ArrayList.forEach(ArrayList.java:1511)
at org.testng.TestRunner.privateRun(TestRunner.java:794)
at org.testng.TestRunner.run(TestRunner.java:596)
at org.testng.SuiteRunner.runTest(SuiteRunner.java:377)
at org.testng.SuiteRunner.runSequentially(SuiteRunner.java:371)
at org.testng.SuiteRunner.privateRun(SuiteRunner.java:332)
at org.testng.SuiteRunner.run(SuiteRunner.java:276)
at org.testng.SuiteRunnerWorker.runSuite(SuiteRunnerWorker.java:53)
at org.testng.SuiteRunnerWorker.run(SuiteRunnerWorker.java:96)
at org.testng.TestNG.runSuitesSequentially(TestNG.java:1212)
at org.testng.TestNG.runSuitesLocally(TestNG.java:1134)
at org.testng.TestNG.runSuites(TestNG.java:1063)
at org.testng.TestNG.run(TestNG.java:1031)
at org.testng.remote.AbstractRemoteTestNG.run(AbstractRemoteTestNG.java:115)
at org.testng.remote.RemoteTestNG.initAndRun(RemoteTestNG.java:251)
at org.testng.remote.RemoteTestNG.main(RemoteTestNG.java:77)
]]>
    </error>
  </testcase> <!-- runScenario -->
  <system-out/>
  <testcase classname="runnerfile.Testrunner" name="runScenario" time="0.005">
    <error message="Test name must not be null or empty" type="java.lang.IllegalArgumentException">
      <![CDATA[java.lang.IllegalArgumentException: Test name must not be null or empty
at com.aventstack.extentreports.util.Assert.notEmpty(Assert.java:12)
at com.aventstack.extentreports.ExtentTest.<init>(ExtentTest.java:96)
at com.aventstack.extentreports.ExtentTest.createNode(ExtentTest.java:153)
at com.aventstack.extentreports.cucumber.adapter.ExtentCucumberAdapter.createTestCase(ExtentCucumberAdapter.java:424)
at com.aventstack.extentreports.cucumber.adapter.ExtentCucumberAdapter.handleTestCaseStarted(ExtentCucumberAdapter.java:163)
at com.aventstack.extentreports.cucumber.adapter.ExtentCucumberAdapter.access$100(ExtentCucumberAdapter.java:63)
at com.aventstack.extentreports.cucumber.adapter.ExtentCucumberAdapter$3.receive(ExtentCucumberAdapter.java:107)
at com.aventstack.extentreports.cucumber.adapter.ExtentCucumberAdapter$3.receive(ExtentCucumberAdapter.java:104)
at io.cucumber.core.eventbus.AbstractEventPublisher.send(AbstractEventPublisher.java:51)
at io.cucumber.core.eventbus.AbstractEventBus.send(AbstractEventBus.java:12)
at io.cucumber.core.runtime.SynchronizedEventBus.send(SynchronizedEventBus.java:47)
at io.cucumber.core.runtime.ThreadLocalRunnerSupplier$LocalEventBus.send(ThreadLocalRunnerSupplier.java:62)
at io.cucumber.core.runner.TestCase.emitTestCaseStarted(TestCase.java:206)
at io.cucumber.core.runner.TestCase.run(TestCase.java:72)
at io.cucumber.core.runner.Runner.runPickle(Runner.java:75)
at io.cucumber.testng.TestNGCucumberRunner.lambda$runScenario$1(TestNGCucumberRunner.java:132)
at io.cucumber.core.runtime.CucumberExecutionContext.lambda$runTestCase$5(CucumberExecutionContext.java:130)
at io.cucumber.core.runtime.RethrowingThrowableCollector.executeAndThrow(RethrowingThrowableCollector.java:23)
at io.cucumber.core.runtime.CucumberExecutionContext.runTestCase(CucumberExecutionContext.java:130)
at io.cucumber.testng.TestNGCucumberRunner.runScenario(TestNGCucumberRunner.java:129)
at io.cucumber.testng.AbstractTestNGCucumberTests.runScenario(AbstractTestNGCucumberTests.java:35)
at java.base/jdk.internal.reflect.DirectMethodHandleAccessor.invoke(DirectMethodHandleAccessor.java:104)
at java.base/java.lang.reflect.Method.invoke(Method.java:578)
at org.testng.internal.MethodInvocationHelper.invokeMethod(MethodInvocationHelper.java:133)
at org.testng.internal.TestInvoker.invokeMethod(TestInvoker.java:598)
at org.testng.internal.TestInvoker.invokeTestMethod(TestInvoker.java:173)
at org.testng.internal.MethodRunner.runInSequence(MethodRunner.java:46)
at org.testng.internal.TestInvoker$MethodInvocationAgent.invoke(TestInvoker.java:824)
at org.testng.internal.TestInvoker.invokeTestMethods(TestInvoker.java:146)
at org.testng.internal.TestMethodWorker.invokeTestMethods(TestMethodWorker.java:146)
at org.testng.internal.TestMethodWorker.run(TestMethodWorker.java:128)
at java.base/java.util.ArrayList.forEach(ArrayList.java:1511)
at org.testng.TestRunner.privateRun(TestRunner.java:794)
at org.testng.TestRunner.run(TestRunner.java:596)
at org.testng.SuiteRunner.runTest(SuiteRunner.java:377)
at org.testng.SuiteRunner.runSequentially(SuiteRunner.java:371)
at org.testng.SuiteRunner.privateRun(SuiteRunner.java:332)
at org.testng.SuiteRunner.run(SuiteRunner.java:276)
at org.testng.SuiteRunnerWorker.runSuite(SuiteRunnerWorker.java:53)
at org.testng.SuiteRunnerWorker.run(SuiteRunnerWorker.java:96)
at org.testng.TestNG.runSuitesSequentially(TestNG.java:1212)
at org.testng.TestNG.runSuitesLocally(TestNG.java:1134)
at org.testng.TestNG.runSuites(TestNG.java:1063)
at org.testng.TestNG.run(TestNG.java:1031)
at org.testng.remote.AbstractRemoteTestNG.run(AbstractRemoteTestNG.java:115)
at org.testng.remote.RemoteTestNG.initAndRun(RemoteTestNG.java:251)
at org.testng.remote.RemoteTestNG.main(RemoteTestNG.java:77)
]]>
    </error>
  </testcase> <!-- runScenario -->
  <system-out/>
  <testcase classname="runnerfile.Testrunner" name="runScenario" time="0.370">
    <failure message="expected [200] but found [404]" type="java.lang.AssertionError">
      <![CDATA[java.lang.AssertionError: expected [200] but found [404]
at org.testng.Assert.fail(Assert.java:99)
at org.testng.Assert.failNotEquals(Assert.java:1037)
at org.testng.Assert.assertEqualsImpl(Assert.java:140)
at org.testng.Assert.assertEquals(Assert.java:122)
at org.testng.Assert.assertEquals(Assert.java:907)
at org.testng.Assert.assertEquals(Assert.java:917)
at api.test.DDtestcase.verify_get_status(DDtestcase.java:264)
at stepdefinitions.Post_subassignment.user_recieves_the_list_of_data_which_can_be_validated(Post_subassignment.java:103)
at âœ½.: user recieves the list of data which can be validated.(file:///C:/Users/sreej/eclipse-NumpyNinja/APITrekkers-Team13/src/test/resources/Features/06Delete.feature:8)
]]>
    </failure>
  </testcase> <!-- runScenario -->
  <system-out/>
  <testcase classname="runnerfile.Testrunner" name="runScenario" time="0.004">
    <error message="parameterValue cannot be null" type="java.lang.IllegalArgumentException">
      <![CDATA[java.lang.IllegalArgumentException: parameterValue cannot be null
at java.base/jdk.internal.reflect.DirectConstructorHandleAccessor.newInstance(DirectConstructorHandleAccessor.java:67)
at java.base/java.lang.reflect.Constructor.newInstanceWithCaller(Constructor.java:500)
at java.base/java.lang.reflect.Constructor.newInstance(Constructor.java:484)
at org.codehaus.groovy.reflection.CachedConstructor.invoke(CachedConstructor.java:73)
at org.codehaus.groovy.reflection.CachedConstructor.doConstructorInvoke(CachedConstructor.java:60)
at org.codehaus.groovy.runtime.callsite.ConstructorSite$ConstructorSiteNoUnwrap.callConstructor(ConstructorSite.java:86)
at org.codehaus.groovy.runtime.callsite.AbstractCallSite.callConstructor(AbstractCallSite.java:277)
at io.restassured.internal.common.assertion.AssertParameter.notNull(AssertParameter.groovy:26)
at io.restassured.internal.common.assertion.AssertParameter$notNull.callStatic(Unknown Source)
at io.restassured.internal.RequestSpecificationImpl.pathParam(RequestSpecificationImpl.groovy:515)
at stepdefinitions.Negative_program_sd.we_send_put_url_byinvalid_program_name(Negative_program_sd.java:223)
at âœ½.we send put url Byinvalid programName(file:///C:/Users/sreej/eclipse-NumpyNinja/APITrekkers-Team13/src/test/resources/Features/07ProgramNegative.feature:20)
]]>
    </error>
  </testcase> <!-- runScenario -->
  <system-out/>
  <testcase classname="runnerfile.Testrunner" name="runScenario" time="0.003">
    <error message="Test name must not be null or empty" type="java.lang.IllegalArgumentException">
      <![CDATA[java.lang.IllegalArgumentException: Test name must not be null or empty
at com.aventstack.extentreports.util.Assert.notEmpty(Assert.java:12)
at com.aventstack.extentreports.ExtentTest.<init>(ExtentTest.java:96)
at com.aventstack.extentreports.ExtentTest.createNode(ExtentTest.java:153)
at com.aventstack.extentreports.cucumber.adapter.ExtentCucumberAdapter.createScenarioOutline(ExtentCucumberAdapter.java:374)
at com.aventstack.extentreports.cucumber.adapter.ExtentCucumberAdapter.handleScenarioOutline(ExtentCucumberAdapter.java:353)
at com.aventstack.extentreports.cucumber.adapter.ExtentCucumberAdapter.handleTestCaseStarted(ExtentCucumberAdapter.java:162)
at com.aventstack.extentreports.cucumber.adapter.ExtentCucumberAdapter.access$100(ExtentCucumberAdapter.java:63)
at com.aventstack.extentreports.cucumber.adapter.ExtentCucumberAdapter$3.receive(ExtentCucumberAdapter.java:107)
at com.aventstack.extentreports.cucumber.adapter.ExtentCucumberAdapter$3.receive(ExtentCucumberAdapter.java:104)
at io.cucumber.core.eventbus.AbstractEventPublisher.send(AbstractEventPublisher.java:51)
at io.cucumber.core.eventbus.AbstractEventBus.send(AbstractEventBus.java:12)
at io.cucumber.core.runtime.SynchronizedEventBus.send(SynchronizedEventBus.java:47)
at io.cucumber.core.runtime.ThreadLocalRunnerSupplier$LocalEventBus.send(ThreadLocalRunnerSupplier.java:62)
at io.cucumber.core.runner.TestCase.emitTestCaseStarted(TestCase.java:206)
at io.cucumber.core.runner.TestCase.run(TestCase.java:72)
at io.cucumber.core.runner.Runner.runPickle(Runner.java:75)
at io.cucumber.testng.TestNGCucumberRunner.lambda$runScenario$1(TestNGCucumberRunner.java:132)
at io.cucumber.core.runtime.CucumberExecutionContext.lambda$runTestCase$5(CucumberExecutionContext.java:130)
at io.cucumber.core.runtime.RethrowingThrowableCollector.executeAndThrow(RethrowingThrowableCollector.java:23)
at io.cucumber.core.runtime.CucumberExecutionContext.runTestCase(CucumberExecutionContext.java:130)
at io.cucumber.testng.TestNGCucumberRunner.runScenario(TestNGCucumberRunner.java:129)
at io.cucumber.testng.AbstractTestNGCucumberTests.runScenario(AbstractTestNGCucumberTests.java:35)
at java.base/jdk.internal.reflect.DirectMethodHandleAccessor.invoke(DirectMethodHandleAccessor.java:104)
at java.base/java.lang.reflect.Method.invoke(Method.java:578)
at org.testng.internal.MethodInvocationHelper.invokeMethod(MethodInvocationHelper.java:133)
at org.testng.internal.TestInvoker.invokeMethod(TestInvoker.java:598)
at org.testng.internal.TestInvoker.invokeTestMethod(TestInvoker.java:173)
at org.testng.internal.MethodRunner.runInSequence(MethodRunner.java:46)
at org.testng.internal.TestInvoker$MethodInvocationAgent.invoke(TestInvoker.java:824)
at org.testng.internal.TestInvoker.invokeTestMethods(TestInvoker.java:146)
at org.testng.internal.TestMethodWorker.invokeTestMethods(TestMethodWorker.java:146)
at org.testng.internal.TestMethodWorker.run(TestMethodWorker.java:128)
at java.base/java.util.ArrayList.forEach(ArrayList.java:1511)
at org.testng.TestRunner.privateRun(TestRunner.java:794)
at org.testng.TestRunner.run(TestRunner.java:596)
at org.testng.SuiteRunner.runTest(SuiteRunner.java:377)
at org.testng.SuiteRunner.runSequentially(SuiteRunner.java:371)
at org.testng.SuiteRunner.privateRun(SuiteRunner.java:332)
at org.testng.SuiteRunner.run(SuiteRunner.java:276)
at org.testng.SuiteRunnerWorker.runSuite(SuiteRunnerWorker.java:53)
at org.testng.SuiteRunnerWorker.run(SuiteRunnerWorker.java:96)
at org.testng.TestNG.runSuitesSequentially(TestNG.java:1212)
at org.testng.TestNG.runSuitesLocally(TestNG.java:1134)
at org.testng.TestNG.runSuites(TestNG.java:1063)
at org.testng.TestNG.run(TestNG.java:1031)
at org.testng.remote.AbstractRemoteTestNG.run(AbstractRemoteTestNG.java:115)
at org.testng.remote.RemoteTestNG.initAndRun(RemoteTestNG.java:251)
at org.testng.remote.RemoteTestNG.main(RemoteTestNG.java:77)
]]>
    </error>
  </testcase> <!-- runScenario -->
  <system-out/>
  <testcase classname="runnerfile.Testrunner" name="runScenario" time="0.003">
    <error message="Test name must not be null or empty" type="java.lang.IllegalArgumentException">
      <![CDATA[java.lang.IllegalArgumentException: Test name must not be null or empty
at com.aventstack.extentreports.util.Assert.notEmpty(Assert.java:12)
at com.aventstack.extentreports.ExtentTest.<init>(ExtentTest.java:96)
at com.aventstack.extentreports.ExtentTest.createNode(ExtentTest.java:153)
at com.aventstack.extentreports.cucumber.adapter.ExtentCucumberAdapter.createTestCase(ExtentCucumberAdapter.java:424)
at com.aventstack.extentreports.cucumber.adapter.ExtentCucumberAdapter.handleTestCaseStarted(ExtentCucumberAdapter.java:163)
at com.aventstack.extentreports.cucumber.adapter.ExtentCucumberAdapter.access$100(ExtentCucumberAdapter.java:63)
at com.aventstack.extentreports.cucumber.adapter.ExtentCucumberAdapter$3.receive(ExtentCucumberAdapter.java:107)
at com.aventstack.extentreports.cucumber.adapter.ExtentCucumberAdapter$3.receive(ExtentCucumberAdapter.java:104)
at io.cucumber.core.eventbus.AbstractEventPublisher.send(AbstractEventPublisher.java:51)
at io.cucumber.core.eventbus.AbstractEventBus.send(AbstractEventBus.java:12)
at io.cucumber.core.runtime.SynchronizedEventBus.send(SynchronizedEventBus.java:47)
at io.cucumber.core.runtime.ThreadLocalRunnerSupplier$LocalEventBus.send(ThreadLocalRunnerSupplier.java:62)
at io.cucumber.core.runner.TestCase.emitTestCaseStarted(TestCase.java:206)
at io.cucumber.core.runner.TestCase.run(TestCase.java:72)
at io.cucumber.core.runner.Runner.runPickle(Runner.java:75)
at io.cucumber.testng.TestNGCucumberRunner.lambda$runScenario$1(TestNGCucumberRunner.java:132)
at io.cucumber.core.runtime.CucumberExecutionContext.lambda$runTestCase$5(CucumberExecutionContext.java:130)
at io.cucumber.core.runtime.RethrowingThrowableCollector.executeAndThrow(RethrowingThrowableCollector.java:23)
at io.cucumber.core.runtime.CucumberExecutionContext.runTestCase(CucumberExecutionContext.java:130)
at io.cucumber.testng.TestNGCucumberRunner.runScenario(TestNGCucumberRunner.java:129)
at io.cucumber.testng.AbstractTestNGCucumberTests.runScenario(AbstractTestNGCucumberTests.java:35)
at java.base/jdk.internal.reflect.DirectMethodHandleAccessor.invoke(DirectMethodHandleAccessor.java:104)
at java.base/java.lang.reflect.Method.invoke(Method.java:578)
at org.testng.internal.MethodInvocationHelper.invokeMethod(MethodInvocationHelper.java:133)
at org.testng.internal.TestInvoker.invokeMethod(TestInvoker.java:598)
at org.testng.internal.TestInvoker.invokeTestMethod(TestInvoker.java:173)
at org.testng.internal.MethodRunner.runInSequence(MethodRunner.java:46)
at org.testng.internal.TestInvoker$MethodInvocationAgent.invoke(TestInvoker.java:824)
at org.testng.internal.TestInvoker.invokeTestMethods(TestInvoker.java:146)
at org.testng.internal.TestMethodWorker.invokeTestMethods(TestMethodWorker.java:146)
at org.testng.internal.TestMethodWorker.run(TestMethodWorker.java:128)
at java.base/java.util.ArrayList.forEach(ArrayList.java:1511)
at org.testng.TestRunner.privateRun(TestRunner.java:794)
at org.testng.TestRunner.run(TestRunner.java:596)
at org.testng.SuiteRunner.runTest(SuiteRunner.java:377)
at org.testng.SuiteRunner.runSequentially(SuiteRunner.java:371)
at org.testng.SuiteRunner.privateRun(SuiteRunner.java:332)
at org.testng.SuiteRunner.run(SuiteRunner.java:276)
at org.testng.SuiteRunnerWorker.runSuite(SuiteRunnerWorker.java:53)
at org.testng.SuiteRunnerWorker.run(SuiteRunnerWorker.java:96)
at org.testng.TestNG.runSuitesSequentially(TestNG.java:1212)
at org.testng.TestNG.runSuitesLocally(TestNG.java:1134)
at org.testng.TestNG.runSuites(TestNG.java:1063)
at org.testng.TestNG.run(TestNG.java:1031)
at org.testng.remote.AbstractRemoteTestNG.run(AbstractRemoteTestNG.java:115)
at org.testng.remote.RemoteTestNG.initAndRun(RemoteTestNG.java:251)
at org.testng.remote.RemoteTestNG.main(RemoteTestNG.java:77)
]]>
    </error>
  </testcase> <!-- runScenario -->
  <system-out/>
  <testcase classname="runnerfile.Testrunner" name="runScenario" time="0.284">
    <failure message="expected [200] but found [400]" type="java.lang.AssertionError">
      <![CDATA[java.lang.AssertionError: expected [200] but found [400]
at org.testng.Assert.fail(Assert.java:99)
at org.testng.Assert.failNotEquals(Assert.java:1037)
at org.testng.Assert.assertEqualsImpl(Assert.java:140)
at org.testng.Assert.assertEquals(Assert.java:122)
at org.testng.Assert.assertEquals(Assert.java:907)
at org.testng.Assert.assertEquals(Assert.java:917)
at api.test.AssignmentTests.verify_update_status(AssignmentTests.java:193)
at stepdefinitions.AssignmentPositiveScenarios_SD.Assignment_gets_updated(AssignmentPositiveScenarios_SD.java:186)
at âœ½.Assignment gets updated(file:///C:/Users/sreej/eclipse-NumpyNinja/APITrekkers-Team13/src/test/resources/Features/04AssignmentPositiveScenarios.feature:33)
]]>
    </failure>
  </testcase> <!-- runScenario -->
  <system-out/>
  <testcase classname="runnerfile.Testrunner" name="runScenario" time="0.008">
    <error message="parameterValue cannot be null" type="java.lang.IllegalArgumentException">
      <![CDATA[java.lang.IllegalArgumentException: parameterValue cannot be null
at java.base/jdk.internal.reflect.DirectConstructorHandleAccessor.newInstance(DirectConstructorHandleAccessor.java:67)
at java.base/java.lang.reflect.Constructor.newInstanceWithCaller(Constructor.java:500)
at java.base/java.lang.reflect.Constructor.newInstance(Constructor.java:484)
at org.codehaus.groovy.reflection.CachedConstructor.invoke(CachedConstructor.java:73)
at org.codehaus.groovy.reflection.CachedConstructor.doConstructorInvoke(CachedConstructor.java:60)
at org.codehaus.groovy.runtime.callsite.ConstructorSite$ConstructorSiteNoUnwrap.callConstructor(ConstructorSite.java:86)
at org.codehaus.groovy.runtime.callsite.AbstractCallSite.callConstructor(AbstractCallSite.java:277)
at io.restassured.internal.common.assertion.AssertParameter.notNull(AssertParameter.groovy:26)
at io.restassured.internal.common.assertion.AssertParameter$notNull.callStatic(Unknown Source)
at org.codehaus.groovy.runtime.callsite.CallSiteArray.defaultCallStatic(CallSiteArray.java:53)
at io.restassured.internal.common.assertion.AssertParameter$notNull.callStatic(Unknown Source)
at io.restassured.internal.RequestSpecificationImpl.pathParam(RequestSpecificationImpl.groovy:515)
at api.endpoints.AssignSubEndPoints.getGradesbysubUserid(AssignSubEndPoints.java:109)
at api.test.DDtestcase.TestgetgradesbysubUserID(DDtestcase.java:249)
at stepdefinitions.Post_subassignment.get_submission_by_using_user_request(Post_subassignment.java:129)
at âœ½.:  get submission by using user "0" request(file:///C:/Users/sreej/eclipse-NumpyNinja/APITrekkers-Team13/src/test/resources/Features/05postsubassignment.feature:64)
]]>
    </error>
  </testcase> <!-- runScenario -->
  <system-out/>
  <testcase classname="runnerfile.Testrunner" name="runScenario" time="1.145"/>
  <system-out/>
  <testcase classname="runnerfile.Testrunner" name="runScenario" time="0.007">
    <error message="Test name must not be null or empty" type="java.lang.IllegalArgumentException">
      <![CDATA[java.lang.IllegalArgumentException: Test name must not be null or empty
at com.aventstack.extentreports.util.Assert.notEmpty(Assert.java:12)
at com.aventstack.extentreports.ExtentTest.<init>(ExtentTest.java:96)
at com.aventstack.extentreports.ExtentTest.createNode(ExtentTest.java:153)
at com.aventstack.extentreports.cucumber.adapter.ExtentCucumberAdapter.createTestCase(ExtentCucumberAdapter.java:424)
at com.aventstack.extentreports.cucumber.adapter.ExtentCucumberAdapter.handleTestCaseStarted(ExtentCucumberAdapter.java:163)
at com.aventstack.extentreports.cucumber.adapter.ExtentCucumberAdapter.access$100(ExtentCucumberAdapter.java:63)
at com.aventstack.extentreports.cucumber.adapter.ExtentCucumberAdapter$3.receive(ExtentCucumberAdapter.java:107)
at com.aventstack.extentreports.cucumber.adapter.ExtentCucumberAdapter$3.receive(ExtentCucumberAdapter.java:104)
at io.cucumber.core.eventbus.AbstractEventPublisher.send(AbstractEventPublisher.java:51)
at io.cucumber.core.eventbus.AbstractEventBus.send(AbstractEventBus.java:12)
at io.cucumber.core.runtime.SynchronizedEventBus.send(SynchronizedEventBus.java:47)
at io.cucumber.core.runtime.ThreadLocalRunnerSupplier$LocalEventBus.send(ThreadLocalRunnerSupplier.java:62)
at io.cucumber.core.runner.TestCase.emitTestCaseStarted(TestCase.java:206)
at io.cucumber.core.runner.TestCase.run(TestCase.java:72)
at io.cucumber.core.runner.Runner.runPickle(Runner.java:75)
at io.cucumber.testng.TestNGCucumberRunner.lambda$runScenario$1(TestNGCucumberRunner.java:132)
at io.cucumber.core.runtime.CucumberExecutionContext.lambda$runTestCase$5(CucumberExecutionContext.java:130)
at io.cucumber.core.runtime.RethrowingThrowableCollector.executeAndThrow(RethrowingThrowableCollector.java:23)
at io.cucumber.core.runtime.CucumberExecutionContext.runTestCase(CucumberExecutionContext.java:130)
at io.cucumber.testng.TestNGCucumberRunner.runScenario(TestNGCucumberRunner.java:129)
at io.cucumber.testng.AbstractTestNGCucumberTests.runScenario(AbstractTestNGCucumberTests.java:35)
at java.base/jdk.internal.reflect.DirectMethodHandleAccessor.invoke(DirectMethodHandleAccessor.java:104)
at java.base/java.lang.reflect.Method.invoke(Method.java:578)
at org.testng.internal.MethodInvocationHelper.invokeMethod(MethodInvocationHelper.java:133)
at org.testng.internal.TestInvoker.invokeMethod(TestInvoker.java:598)
at org.testng.internal.TestInvoker.invokeTestMethod(TestInvoker.java:173)
at org.testng.internal.MethodRunner.runInSequence(MethodRunner.java:46)
at org.testng.internal.TestInvoker$MethodInvocationAgent.invoke(TestInvoker.java:824)
at org.testng.internal.TestInvoker.invokeTestMethods(TestInvoker.java:146)
at org.testng.internal.TestMethodWorker.invokeTestMethods(TestMethodWorker.java:146)
at org.testng.internal.TestMethodWorker.run(TestMethodWorker.java:128)
at java.base/java.util.ArrayList.forEach(ArrayList.java:1511)
at org.testng.TestRunner.privateRun(TestRunner.java:794)
at org.testng.TestRunner.run(TestRunner.java:596)
at org.testng.SuiteRunner.runTest(SuiteRunner.java:377)
at org.testng.SuiteRunner.runSequentially(SuiteRunner.java:371)
at org.testng.SuiteRunner.privateRun(SuiteRunner.java:332)
at org.testng.SuiteRunner.run(SuiteRunner.java:276)
at org.testng.SuiteRunnerWorker.runSuite(SuiteRunnerWorker.java:53)
at org.testng.SuiteRunnerWorker.run(SuiteRunnerWorker.java:96)
at org.testng.TestNG.runSuitesSequentially(TestNG.java:1212)
at org.testng.TestNG.runSuitesLocally(TestNG.java:1134)
at org.testng.TestNG.runSuites(TestNG.java:1063)
at org.testng.TestNG.run(TestNG.java:1031)
at org.testng.remote.AbstractRemoteTestNG.run(AbstractRemoteTestNG.java:115)
at org.testng.remote.RemoteTestNG.initAndRun(RemoteTestNG.java:251)
at org.testng.remote.RemoteTestNG.main(RemoteTestNG.java:77)
]]>
    </error>
  </testcase> <!-- runScenario -->
  <system-out/>
  <testcase classname="runnerfile.Testrunner" name="runScenario" time="0.006">
    <error message="parameterValue cannot be null" type="java.lang.IllegalArgumentException">
      <![CDATA[java.lang.IllegalArgumentException: parameterValue cannot be null
at java.base/jdk.internal.reflect.DirectConstructorHandleAccessor.newInstance(DirectConstructorHandleAccessor.java:67)
at java.base/java.lang.reflect.Constructor.newInstanceWithCaller(Constructor.java:500)
at java.base/java.lang.reflect.Constructor.newInstance(Constructor.java:484)
at org.codehaus.groovy.reflection.CachedConstructor.invoke(CachedConstructor.java:73)
at org.codehaus.groovy.reflection.CachedConstructor.doConstructorInvoke(CachedConstructor.java:60)
at org.codehaus.groovy.runtime.callsite.ConstructorSite$ConstructorSiteNoUnwrap.callConstructor(ConstructorSite.java:86)
at org.codehaus.groovy.runtime.callsite.AbstractCallSite.callConstructor(AbstractCallSite.java:277)
at io.restassured.internal.common.assertion.AssertParameter.notNull(AssertParameter.groovy:26)
at io.restassured.internal.common.assertion.AssertParameter$notNull.callStatic(Unknown Source)
at org.codehaus.groovy.runtime.callsite.CallSiteArray.defaultCallStatic(CallSiteArray.java:53)
at io.restassured.internal.common.assertion.AssertParameter$notNull.callStatic(Unknown Source)
at io.restassured.internal.RequestSpecificationImpl.pathParam(RequestSpecificationImpl.groovy:515)
at stepdefinitions.Negative_program_sd.we_send_url_delete_invalid_name(Negative_program_sd.java:249)
at âœ½.we send url DELETE invalid Name(file:///C:/Users/sreej/eclipse-NumpyNinja/APITrekkers-Team13/src/test/resources/Features/07ProgramNegative.feature:27)
]]>
    </error>
  </testcase> <!-- runScenario -->
  <system-out/>
  <testcase classname="runnerfile.Testrunner" name="runScenario" time="0.211"/>
  <system-out/>
  <testcase classname="runnerfile.Testrunner" name="runScenario" time="0.297"/>
  <system-out/>
  <testcase classname="runnerfile.Testrunner" name="runScenario" time="0.008">
    <error message="Test name must not be null or empty" type="java.lang.IllegalArgumentException">
      <![CDATA[java.lang.IllegalArgumentException: Test name must not be null or empty
at com.aventstack.extentreports.util.Assert.notEmpty(Assert.java:12)
at com.aventstack.extentreports.ExtentTest.<init>(ExtentTest.java:96)
at com.aventstack.extentreports.ExtentTest.createNode(ExtentTest.java:153)
at com.aventstack.extentreports.cucumber.adapter.ExtentCucumberAdapter.createScenarioOutline(ExtentCucumberAdapter.java:374)
at com.aventstack.extentreports.cucumber.adapter.ExtentCucumberAdapter.handleScenarioOutline(ExtentCucumberAdapter.java:353)
at com.aventstack.extentreports.cucumber.adapter.ExtentCucumberAdapter.handleTestCaseStarted(ExtentCucumberAdapter.java:162)
at com.aventstack.extentreports.cucumber.adapter.ExtentCucumberAdapter.access$100(ExtentCucumberAdapter.java:63)
at com.aventstack.extentreports.cucumber.adapter.ExtentCucumberAdapter$3.receive(ExtentCucumberAdapter.java:107)
at com.aventstack.extentreports.cucumber.adapter.ExtentCucumberAdapter$3.receive(ExtentCucumberAdapter.java:104)
at io.cucumber.core.eventbus.AbstractEventPublisher.send(AbstractEventPublisher.java:51)
at io.cucumber.core.eventbus.AbstractEventBus.send(AbstractEventBus.java:12)
at io.cucumber.core.runtime.SynchronizedEventBus.send(SynchronizedEventBus.java:47)
at io.cucumber.core.runtime.ThreadLocalRunnerSupplier$LocalEventBus.send(ThreadLocalRunnerSupplier.java:62)
at io.cucumber.core.runner.TestCase.emitTestCaseStarted(TestCase.java:206)
at io.cucumber.core.runner.TestCase.run(TestCase.java:72)
at io.cucumber.core.runner.Runner.runPickle(Runner.java:75)
at io.cucumber.testng.TestNGCucumberRunner.lambda$runScenario$1(TestNGCucumberRunner.java:132)
at io.cucumber.core.runtime.CucumberExecutionContext.lambda$runTestCase$5(CucumberExecutionContext.java:130)
at io.cucumber.core.runtime.RethrowingThrowableCollector.executeAndThrow(RethrowingThrowableCollector.java:23)
at io.cucumber.core.runtime.CucumberExecutionContext.runTestCase(CucumberExecutionContext.java:130)
at io.cucumber.testng.TestNGCucumberRunner.runScenario(TestNGCucumberRunner.java:129)
at io.cucumber.testng.AbstractTestNGCucumberTests.runScenario(AbstractTestNGCucumberTests.java:35)
at java.base/jdk.internal.reflect.DirectMethodHandleAccessor.invoke(DirectMethodHandleAccessor.java:104)
at java.base/java.lang.reflect.Method.invoke(Method.java:578)
at org.testng.internal.MethodInvocationHelper.invokeMethod(MethodInvocationHelper.java:133)
at org.testng.internal.TestInvoker.invokeMethod(TestInvoker.java:598)
at org.testng.internal.TestInvoker.invokeTestMethod(TestInvoker.java:173)
at org.testng.internal.MethodRunner.runInSequence(MethodRunner.java:46)
at org.testng.internal.TestInvoker$MethodInvocationAgent.invoke(TestInvoker.java:824)
at org.testng.internal.TestInvoker.invokeTestMethods(TestInvoker.java:146)
at org.testng.internal.TestMethodWorker.invokeTestMethods(TestMethodWorker.java:146)
at org.testng.internal.TestMethodWorker.run(TestMethodWorker.java:128)
at java.base/java.util.ArrayList.forEach(ArrayList.java:1511)
at org.testng.TestRunner.privateRun(TestRunner.java:794)
at org.testng.TestRunner.run(TestRunner.java:596)
at org.testng.SuiteRunner.runTest(SuiteRunner.java:377)
at org.testng.SuiteRunner.runSequentially(SuiteRunner.java:371)
at org.testng.SuiteRunner.privateRun(SuiteRunner.java:332)
at org.testng.SuiteRunner.run(SuiteRunner.java:276)
at org.testng.SuiteRunnerWorker.runSuite(SuiteRunnerWorker.java:53)
at org.testng.SuiteRunnerWorker.run(SuiteRunnerWorker.java:96)
at org.testng.TestNG.runSuitesSequentially(TestNG.java:1212)
at org.testng.TestNG.runSuitesLocally(TestNG.java:1134)
at org.testng.TestNG.runSuites(TestNG.java:1063)
at org.testng.TestNG.run(TestNG.java:1031)
at org.testng.remote.AbstractRemoteTestNG.run(AbstractRemoteTestNG.java:115)
at org.testng.remote.RemoteTestNG.initAndRun(RemoteTestNG.java:251)
at org.testng.remote.RemoteTestNG.main(RemoteTestNG.java:77)
]]>
    </error>
  </testcase> <!-- runScenario -->
  <system-out/>
  <testcase classname="runnerfile.Testrunner" name="runScenario" time="0.010">
    <error message="Test name must not be null or empty" type="java.lang.IllegalArgumentException">
      <![CDATA[java.lang.IllegalArgumentException: Test name must not be null or empty
at com.aventstack.extentreports.util.Assert.notEmpty(Assert.java:12)
at com.aventstack.extentreports.ExtentTest.<init>(ExtentTest.java:96)
at com.aventstack.extentreports.ExtentTest.createNode(ExtentTest.java:153)
at com.aventstack.extentreports.cucumber.adapter.ExtentCucumberAdapter.createScenarioOutline(ExtentCucumberAdapter.java:374)
at com.aventstack.extentreports.cucumber.adapter.ExtentCucumberAdapter.handleScenarioOutline(ExtentCucumberAdapter.java:353)
at com.aventstack.extentreports.cucumber.adapter.ExtentCucumberAdapter.handleTestCaseStarted(ExtentCucumberAdapter.java:162)
at com.aventstack.extentreports.cucumber.adapter.ExtentCucumberAdapter.access$100(ExtentCucumberAdapter.java:63)
at com.aventstack.extentreports.cucumber.adapter.ExtentCucumberAdapter$3.receive(ExtentCucumberAdapter.java:107)
at com.aventstack.extentreports.cucumber.adapter.ExtentCucumberAdapter$3.receive(ExtentCucumberAdapter.java:104)
at io.cucumber.core.eventbus.AbstractEventPublisher.send(AbstractEventPublisher.java:51)
at io.cucumber.core.eventbus.AbstractEventBus.send(AbstractEventBus.java:12)
at io.cucumber.core.runtime.SynchronizedEventBus.send(SynchronizedEventBus.java:47)
at io.cucumber.core.runtime.ThreadLocalRunnerSupplier$LocalEventBus.send(ThreadLocalRunnerSupplier.java:62)
at io.cucumber.core.runner.TestCase.emitTestCaseStarted(TestCase.java:206)
at io.cucumber.core.runner.TestCase.run(TestCase.java:72)
at io.cucumber.core.runner.Runner.runPickle(Runner.java:75)
at io.cucumber.testng.TestNGCucumberRunner.lambda$runScenario$1(TestNGCucumberRunner.java:132)
at io.cucumber.core.runtime.CucumberExecutionContext.lambda$runTestCase$5(CucumberExecutionContext.java:130)
at io.cucumber.core.runtime.RethrowingThrowableCollector.executeAndThrow(RethrowingThrowableCollector.java:23)
at io.cucumber.core.runtime.CucumberExecutionContext.runTestCase(CucumberExecutionContext.java:130)
at io.cucumber.testng.TestNGCucumberRunner.runScenario(TestNGCucumberRunner.java:129)
at io.cucumber.testng.AbstractTestNGCucumberTests.runScenario(AbstractTestNGCucumberTests.java:35)
at java.base/jdk.internal.reflect.DirectMethodHandleAccessor.invoke(DirectMethodHandleAccessor.java:104)
at java.base/java.lang.reflect.Method.invoke(Method.java:578)
at org.testng.internal.MethodInvocationHelper.invokeMethod(MethodInvocationHelper.java:133)
at org.testng.internal.TestInvoker.invokeMethod(TestInvoker.java:598)
at org.testng.internal.TestInvoker.invokeTestMethod(TestInvoker.java:173)
at org.testng.internal.MethodRunner.runInSequence(MethodRunner.java:46)
at org.testng.internal.TestInvoker$MethodInvocationAgent.invoke(TestInvoker.java:824)
at org.testng.internal.TestInvoker.invokeTestMethods(TestInvoker.java:146)
at org.testng.internal.TestMethodWorker.invokeTestMethods(TestMethodWorker.java:146)
at org.testng.internal.TestMethodWorker.run(TestMethodWorker.java:128)
at java.base/java.util.ArrayList.forEach(ArrayList.java:1511)
at org.testng.TestRunner.privateRun(TestRunner.java:794)
at org.testng.TestRunner.run(TestRunner.java:596)
at org.testng.SuiteRunner.runTest(SuiteRunner.java:377)
at org.testng.SuiteRunner.runSequentially(SuiteRunner.java:371)
at org.testng.SuiteRunner.privateRun(SuiteRunner.java:332)
at org.testng.SuiteRunner.run(SuiteRunner.java:276)
at org.testng.SuiteRunnerWorker.runSuite(SuiteRunnerWorker.java:53)
at org.testng.SuiteRunnerWorker.run(SuiteRunnerWorker.java:96)
at org.testng.TestNG.runSuitesSequentially(TestNG.java:1212)
at org.testng.TestNG.runSuitesLocally(TestNG.java:1134)
at org.testng.TestNG.runSuites(TestNG.java:1063)
at org.testng.TestNG.run(TestNG.java:1031)
at org.testng.remote.AbstractRemoteTestNG.run(AbstractRemoteTestNG.java:115)
at org.testng.remote.RemoteTestNG.initAndRun(RemoteTestNG.java:251)
at org.testng.remote.RemoteTestNG.main(RemoteTestNG.java:77)
]]>
    </error>
  </testcase> <!-- runScenario -->
  <system-out/>
  <testcase classname="runnerfile.Testrunner" name="runScenario" time="0.276">
    <failure message="expected [404] but found [200]" type="java.lang.AssertionError">
      <![CDATA[java.lang.AssertionError: expected [404] but found [200]
at org.testng.Assert.fail(Assert.java:99)
at org.testng.Assert.failNotEquals(Assert.java:1037)
at org.testng.Assert.assertEqualsImpl(Assert.java:140)
at org.testng.Assert.assertEquals(Assert.java:122)
at org.testng.Assert.assertEquals(Assert.java:907)
at org.testng.Assert.assertEquals(Assert.java:917)
at api.test.DDtestcase.Testnegscenario(DDtestcase.java:310)
at stepdefinitions.NegativeassignSubmit.user_recieves_the_list_of_data_which_can_be_validated_for_negative_scenario(NegativeassignSubmit.java:96)
at âœ½.: user recieves the list of data which can be validated for negative scenario.(file:///C:/Users/sreej/eclipse-NumpyNinja/APITrekkers-Team13/src/test/resources/Features/11Negativepostsubassignment.feature:62)
]]>
    </failure>
  </testcase> <!-- runScenario -->
  <system-out/>
  <testcase classname="runnerfile.Testrunner" name="runScenario" time="0.392">
    <failure message="expected [200] but found [404]" type="java.lang.AssertionError">
      <![CDATA[java.lang.AssertionError: expected [200] but found [404]
at org.testng.Assert.fail(Assert.java:99)
at org.testng.Assert.failNotEquals(Assert.java:1037)
at org.testng.Assert.assertEqualsImpl(Assert.java:140)
at org.testng.Assert.assertEquals(Assert.java:122)
at org.testng.Assert.assertEquals(Assert.java:907)
at org.testng.Assert.assertEquals(Assert.java:917)
at api.test.AssignmentTests.verify_get_status(AssignmentTests.java:151)
at stepdefinitions.AssignmentPositiveScenarios_SD.User_gets_data_by_assignment_id_in_response(AssignmentPositiveScenarios_SD.java:116)
at âœ½.User gets data by assignment id in response(file:///C:/Users/sreej/eclipse-NumpyNinja/APITrekkers-Team13/src/test/resources/Features/04AssignmentPositiveScenarios.feature:21)
]]>
    </failure>
  </testcase> <!-- runScenario -->
  <system-out/>
  <testcase classname="runnerfile.Testrunner" name="runScenario" time="0.004">
    <error message="Test name must not be null or empty" type="java.lang.IllegalArgumentException">
      <![CDATA[java.lang.IllegalArgumentException: Test name must not be null or empty
at com.aventstack.extentreports.util.Assert.notEmpty(Assert.java:12)
at com.aventstack.extentreports.ExtentTest.<init>(ExtentTest.java:96)
at com.aventstack.extentreports.ExtentTest.createNode(ExtentTest.java:153)
at com.aventstack.extentreports.cucumber.adapter.ExtentCucumberAdapter.createScenarioOutline(ExtentCucumberAdapter.java:374)
at com.aventstack.extentreports.cucumber.adapter.ExtentCucumberAdapter.handleScenarioOutline(ExtentCucumberAdapter.java:353)
at com.aventstack.extentreports.cucumber.adapter.ExtentCucumberAdapter.handleTestCaseStarted(ExtentCucumberAdapter.java:162)
at com.aventstack.extentreports.cucumber.adapter.ExtentCucumberAdapter.access$100(ExtentCucumberAdapter.java:63)
at com.aventstack.extentreports.cucumber.adapter.ExtentCucumberAdapter$3.receive(ExtentCucumberAdapter.java:107)
at com.aventstack.extentreports.cucumber.adapter.ExtentCucumberAdapter$3.receive(ExtentCucumberAdapter.java:104)
at io.cucumber.core.eventbus.AbstractEventPublisher.send(AbstractEventPublisher.java:51)
at io.cucumber.core.eventbus.AbstractEventBus.send(AbstractEventBus.java:12)
at io.cucumber.core.runtime.SynchronizedEventBus.send(SynchronizedEventBus.java:47)
at io.cucumber.core.runtime.ThreadLocalRunnerSupplier$LocalEventBus.send(ThreadLocalRunnerSupplier.java:62)
at io.cucumber.core.runner.TestCase.emitTestCaseStarted(TestCase.java:206)
at io.cucumber.core.runner.TestCase.run(TestCase.java:72)
at io.cucumber.core.runner.Runner.runPickle(Runner.java:75)
at io.cucumber.testng.TestNGCucumberRunner.lambda$runScenario$1(TestNGCucumberRunner.java:132)
at io.cucumber.core.runtime.CucumberExecutionContext.lambda$runTestCase$5(CucumberExecutionContext.java:130)
at io.cucumber.core.runtime.RethrowingThrowableCollector.executeAndThrow(RethrowingThrowableCollector.java:23)
at io.cucumber.core.runtime.CucumberExecutionContext.runTestCase(CucumberExecutionContext.java:130)
at io.cucumber.testng.TestNGCucumberRunner.runScenario(TestNGCucumberRunner.java:129)
at io.cucumber.testng.AbstractTestNGCucumberTests.runScenario(AbstractTestNGCucumberTests.java:35)
at java.base/jdk.internal.reflect.DirectMethodHandleAccessor.invoke(DirectMethodHandleAccessor.java:104)
at java.base/java.lang.reflect.Method.invoke(Method.java:578)
at org.testng.internal.MethodInvocationHelper.invokeMethod(MethodInvocationHelper.java:133)
at org.testng.internal.TestInvoker.invokeMethod(TestInvoker.java:598)
at org.testng.internal.TestInvoker.invokeTestMethod(TestInvoker.java:173)
at org.testng.internal.MethodRunner.runInSequence(MethodRunner.java:46)
at org.testng.internal.TestInvoker$MethodInvocationAgent.invoke(TestInvoker.java:824)
at org.testng.internal.TestInvoker.invokeTestMethods(TestInvoker.java:146)
at org.testng.internal.TestMethodWorker.invokeTestMethods(TestMethodWorker.java:146)
at org.testng.internal.TestMethodWorker.run(TestMethodWorker.java:128)
at java.base/java.util.ArrayList.forEach(ArrayList.java:1511)
at org.testng.TestRunner.privateRun(TestRunner.java:794)
at org.testng.TestRunner.run(TestRunner.java:596)
at org.testng.SuiteRunner.runTest(SuiteRunner.java:377)
at org.testng.SuiteRunner.runSequentially(SuiteRunner.java:371)
at org.testng.SuiteRunner.privateRun(SuiteRunner.java:332)
at org.testng.SuiteRunner.run(SuiteRunner.java:276)
at org.testng.SuiteRunnerWorker.runSuite(SuiteRunnerWorker.java:53)
at org.testng.SuiteRunnerWorker.run(SuiteRunnerWorker.java:96)
at org.testng.TestNG.runSuitesSequentially(TestNG.java:1212)
at org.testng.TestNG.runSuitesLocally(TestNG.java:1134)
at org.testng.TestNG.runSuites(TestNG.java:1063)
at org.testng.TestNG.run(TestNG.java:1031)
at org.testng.remote.AbstractRemoteTestNG.run(AbstractRemoteTestNG.java:115)
at org.testng.remote.RemoteTestNG.initAndRun(RemoteTestNG.java:251)
at org.testng.remote.RemoteTestNG.main(RemoteTestNG.java:77)
]]>
    </error>
  </testcase> <!-- runScenario -->
  <system-out/>
  <testcase classname="runnerfile.Testrunner" name="runScenario" time="0.005">
    <error message="Test name must not be null or empty" type="java.lang.IllegalArgumentException">
      <![CDATA[java.lang.IllegalArgumentException: Test name must not be null or empty
at com.aventstack.extentreports.util.Assert.notEmpty(Assert.java:12)
at com.aventstack.extentreports.ExtentTest.<init>(ExtentTest.java:96)
at com.aventstack.extentreports.ExtentTest.createNode(ExtentTest.java:153)
at com.aventstack.extentreports.cucumber.adapter.ExtentCucumberAdapter.createScenarioOutline(ExtentCucumberAdapter.java:374)
at com.aventstack.extentreports.cucumber.adapter.ExtentCucumberAdapter.handleScenarioOutline(ExtentCucumberAdapter.java:353)
at com.aventstack.extentreports.cucumber.adapter.ExtentCucumberAdapter.handleTestCaseStarted(ExtentCucumberAdapter.java:162)
at com.aventstack.extentreports.cucumber.adapter.ExtentCucumberAdapter.access$100(ExtentCucumberAdapter.java:63)
at com.aventstack.extentreports.cucumber.adapter.ExtentCucumberAdapter$3.receive(ExtentCucumberAdapter.java:107)
at com.aventstack.extentreports.cucumber.adapter.ExtentCucumberAdapter$3.receive(ExtentCucumberAdapter.java:104)
at io.cucumber.core.eventbus.AbstractEventPublisher.send(AbstractEventPublisher.java:51)
at io.cucumber.core.eventbus.AbstractEventBus.send(AbstractEventBus.java:12)
at io.cucumber.core.runtime.SynchronizedEventBus.send(SynchronizedEventBus.java:47)
at io.cucumber.core.runtime.ThreadLocalRunnerSupplier$LocalEventBus.send(ThreadLocalRunnerSupplier.java:62)
at io.cucumber.core.runner.TestCase.emitTestCaseStarted(TestCase.java:206)
at io.cucumber.core.runner.TestCase.run(TestCase.java:72)
at io.cucumber.core.runner.Runner.runPickle(Runner.java:75)
at io.cucumber.testng.TestNGCucumberRunner.lambda$runScenario$1(TestNGCucumberRunner.java:132)
at io.cucumber.core.runtime.CucumberExecutionContext.lambda$runTestCase$5(CucumberExecutionContext.java:130)
at io.cucumber.core.runtime.RethrowingThrowableCollector.executeAndThrow(RethrowingThrowableCollector.java:23)
at io.cucumber.core.runtime.CucumberExecutionContext.runTestCase(CucumberExecutionContext.java:130)
at io.cucumber.testng.TestNGCucumberRunner.runScenario(TestNGCucumberRunner.java:129)
at io.cucumber.testng.AbstractTestNGCucumberTests.runScenario(AbstractTestNGCucumberTests.java:35)
at java.base/jdk.internal.reflect.DirectMethodHandleAccessor.invoke(DirectMethodHandleAccessor.java:104)
at java.base/java.lang.reflect.Method.invoke(Method.java:578)
at org.testng.internal.MethodInvocationHelper.invokeMethod(MethodInvocationHelper.java:133)
at org.testng.internal.TestInvoker.invokeMethod(TestInvoker.java:598)
at org.testng.internal.TestInvoker.invokeTestMethod(TestInvoker.java:173)
at org.testng.internal.MethodRunner.runInSequence(MethodRunner.java:46)
at org.testng.internal.TestInvoker$MethodInvocationAgent.invoke(TestInvoker.java:824)
at org.testng.internal.TestInvoker.invokeTestMethods(TestInvoker.java:146)
at org.testng.internal.TestMethodWorker.invokeTestMethods(TestMethodWorker.java:146)
at org.testng.internal.TestMethodWorker.run(TestMethodWorker.java:128)
at java.base/java.util.ArrayList.forEach(ArrayList.java:1511)
at org.testng.TestRunner.privateRun(TestRunner.java:794)
at org.testng.TestRunner.run(TestRunner.java:596)
at org.testng.SuiteRunner.runTest(SuiteRunner.java:377)
at org.testng.SuiteRunner.runSequentially(SuiteRunner.java:371)
at org.testng.SuiteRunner.privateRun(SuiteRunner.java:332)
at org.testng.SuiteRunner.run(SuiteRunner.java:276)
at org.testng.SuiteRunnerWorker.runSuite(SuiteRunnerWorker.java:53)
at org.testng.SuiteRunnerWorker.run(SuiteRunnerWorker.java:96)
at org.testng.TestNG.runSuitesSequentially(TestNG.java:1212)
at org.testng.TestNG.runSuitesLocally(TestNG.java:1134)
at org.testng.TestNG.runSuites(TestNG.java:1063)
at org.testng.TestNG.run(TestNG.java:1031)
at org.testng.remote.AbstractRemoteTestNG.run(AbstractRemoteTestNG.java:115)
at org.testng.remote.RemoteTestNG.initAndRun(RemoteTestNG.java:251)
at org.testng.remote.RemoteTestNG.main(RemoteTestNG.java:77)
]]>
    </error>
  </testcase> <!-- runScenario -->
  <system-out/>
  <testcase classname="runnerfile.Testrunner" name="runScenario" time="0.239"/>
  <system-out/>
  <testcase classname="runnerfile.Testrunner" name="runScenario" time="0.211">
    <failure message="expected [200] but found [404]" type="java.lang.AssertionError">
      <![CDATA[java.lang.AssertionError: expected [200] but found [404]
at org.testng.Assert.fail(Assert.java:99)
at org.testng.Assert.failNotEquals(Assert.java:1037)
at org.testng.Assert.assertEqualsImpl(Assert.java:140)
at org.testng.Assert.assertEquals(Assert.java:122)
at org.testng.Assert.assertEquals(Assert.java:907)
at org.testng.Assert.assertEquals(Assert.java:917)
at api.test.DDtestcase.verify_get_status(DDtestcase.java:264)
at stepdefinitions.Post_subassignment.user_recieves_the_list_of_data_which_can_be_validated(Post_subassignment.java:103)
at âœ½.: user recieves the list of data which can be validated.(file:///C:/Users/sreej/eclipse-NumpyNinja/APITrekkers-Team13/src/test/resources/Features/05postsubassignment.feature:55)
]]>
    </failure>
  </testcase> <!-- runScenario -->
  <system-out/>
  <testcase classname="runnerfile.Testrunner" name="runScenario" time="0.396"/>
  <system-out/>
  <testcase classname="runnerfile.Testrunner" name="runScenario" time="0.412">
    <failure message="expected [Connection=keep-alive] but found [Connection=keep-alive]" type="java.lang.AssertionError">
      <![CDATA[java.lang.AssertionError: expected [Connection=keep-alive] but found [Connection=keep-alive]
at org.testng.Assert.fail(Assert.java:99)
at org.testng.Assert.failNotEquals(Assert.java:1037)
at org.testng.Assert.assertEqualsImpl(Assert.java:140)
at org.testng.Assert.assertEquals(Assert.java:122)
at org.testng.Assert.assertEquals(Assert.java:617)
at api.test.DDtestcase.verify_get_status(DDtestcase.java:274)
at stepdefinitions.Post_subassignment.user_recieves_the_list_of_data_which_can_be_validated(Post_subassignment.java:103)
at âœ½.: user recieves the list of data which can be validated.(file:///C:/Users/sreej/eclipse-NumpyNinja/APITrekkers-Team13/src/test/resources/Features/05postsubassignment.feature:75)
]]>
    </failure>
  </testcase> <!-- runScenario -->
  <system-out/>
  <testcase classname="runnerfile.Testrunner" name="runScenario" time="0.243"/>
  <system-out/>
  <testcase classname="runnerfile.Testrunner" name="runScenario" time="0.007">
    <error message="Test name must not be null or empty" type="java.lang.IllegalArgumentException">
      <![CDATA[java.lang.IllegalArgumentException: Test name must not be null or empty
at com.aventstack.extentreports.util.Assert.notEmpty(Assert.java:12)
at com.aventstack.extentreports.ExtentTest.<init>(ExtentTest.java:96)
at com.aventstack.extentreports.ExtentTest.createNode(ExtentTest.java:153)
at com.aventstack.extentreports.cucumber.adapter.ExtentCucumberAdapter.createScenarioOutline(ExtentCucumberAdapter.java:374)
at com.aventstack.extentreports.cucumber.adapter.ExtentCucumberAdapter.handleScenarioOutline(ExtentCucumberAdapter.java:353)
at com.aventstack.extentreports.cucumber.adapter.ExtentCucumberAdapter.handleTestCaseStarted(ExtentCucumberAdapter.java:162)
at com.aventstack.extentreports.cucumber.adapter.ExtentCucumberAdapter.access$100(ExtentCucumberAdapter.java:63)
at com.aventstack.extentreports.cucumber.adapter.ExtentCucumberAdapter$3.receive(ExtentCucumberAdapter.java:107)
at com.aventstack.extentreports.cucumber.adapter.ExtentCucumberAdapter$3.receive(ExtentCucumberAdapter.java:104)
at io.cucumber.core.eventbus.AbstractEventPublisher.send(AbstractEventPublisher.java:51)
at io.cucumber.core.eventbus.AbstractEventBus.send(AbstractEventBus.java:12)
at io.cucumber.core.runtime.SynchronizedEventBus.send(SynchronizedEventBus.java:47)
at io.cucumber.core.runtime.ThreadLocalRunnerSupplier$LocalEventBus.send(ThreadLocalRunnerSupplier.java:62)
at io.cucumber.core.runner.TestCase.emitTestCaseStarted(TestCase.java:206)
at io.cucumber.core.runner.TestCase.run(TestCase.java:72)
at io.cucumber.core.runner.Runner.runPickle(Runner.java:75)
at io.cucumber.testng.TestNGCucumberRunner.lambda$runScenario$1(TestNGCucumberRunner.java:132)
at io.cucumber.core.runtime.CucumberExecutionContext.lambda$runTestCase$5(CucumberExecutionContext.java:130)
at io.cucumber.core.runtime.RethrowingThrowableCollector.executeAndThrow(RethrowingThrowableCollector.java:23)
at io.cucumber.core.runtime.CucumberExecutionContext.runTestCase(CucumberExecutionContext.java:130)
at io.cucumber.testng.TestNGCucumberRunner.runScenario(TestNGCucumberRunner.java:129)
at io.cucumber.testng.AbstractTestNGCucumberTests.runScenario(AbstractTestNGCucumberTests.java:35)
at java.base/jdk.internal.reflect.DirectMethodHandleAccessor.invoke(DirectMethodHandleAccessor.java:104)
at java.base/java.lang.reflect.Method.invoke(Method.java:578)
at org.testng.internal.MethodInvocationHelper.invokeMethod(MethodInvocationHelper.java:133)
at org.testng.internal.TestInvoker.invokeMethod(TestInvoker.java:598)
at org.testng.internal.TestInvoker.invokeTestMethod(TestInvoker.java:173)
at org.testng.internal.MethodRunner.runInSequence(MethodRunner.java:46)
at org.testng.internal.TestInvoker$MethodInvocationAgent.invoke(TestInvoker.java:824)
at org.testng.internal.TestInvoker.invokeTestMethods(TestInvoker.java:146)
at org.testng.internal.TestMethodWorker.invokeTestMethods(TestMethodWorker.java:146)
at org.testng.internal.TestMethodWorker.run(TestMethodWorker.java:128)
at java.base/java.util.ArrayList.forEach(ArrayList.java:1511)
at org.testng.TestRunner.privateRun(TestRunner.java:794)
at org.testng.TestRunner.run(TestRunner.java:596)
at org.testng.SuiteRunner.runTest(SuiteRunner.java:377)
at org.testng.SuiteRunner.runSequentially(SuiteRunner.java:371)
at org.testng.SuiteRunner.privateRun(SuiteRunner.java:332)
at org.testng.SuiteRunner.run(SuiteRunner.java:276)
at org.testng.SuiteRunnerWorker.runSuite(SuiteRunnerWorker.java:53)
at org.testng.SuiteRunnerWorker.run(SuiteRunnerWorker.java:96)
at org.testng.TestNG.runSuitesSequentially(TestNG.java:1212)
at org.testng.TestNG.runSuitesLocally(TestNG.java:1134)
at org.testng.TestNG.runSuites(TestNG.java:1063)
at org.testng.TestNG.run(TestNG.java:1031)
at org.testng.remote.AbstractRemoteTestNG.run(AbstractRemoteTestNG.java:115)
at org.testng.remote.RemoteTestNG.initAndRun(RemoteTestNG.java:251)
at org.testng.remote.RemoteTestNG.main(RemoteTestNG.java:77)
]]>
    </error>
  </testcase> <!-- runScenario -->
  <system-out/>
  <testcase classname="runnerfile.Testrunner" name="runScenario" time="0.003">
    <error message="Test name must not be null or empty" type="java.lang.IllegalArgumentException">
      <![CDATA[java.lang.IllegalArgumentException: Test name must not be null or empty
at com.aventstack.extentreports.util.Assert.notEmpty(Assert.java:12)
at com.aventstack.extentreports.ExtentTest.<init>(ExtentTest.java:96)
at com.aventstack.extentreports.ExtentTest.createNode(ExtentTest.java:153)
at com.aventstack.extentreports.cucumber.adapter.ExtentCucumberAdapter.createScenarioOutline(ExtentCucumberAdapter.java:374)
at com.aventstack.extentreports.cucumber.adapter.ExtentCucumberAdapter.handleScenarioOutline(ExtentCucumberAdapter.java:353)
at com.aventstack.extentreports.cucumber.adapter.ExtentCucumberAdapter.handleTestCaseStarted(ExtentCucumberAdapter.java:162)
at com.aventstack.extentreports.cucumber.adapter.ExtentCucumberAdapter.access$100(ExtentCucumberAdapter.java:63)
at com.aventstack.extentreports.cucumber.adapter.ExtentCucumberAdapter$3.receive(ExtentCucumberAdapter.java:107)
at com.aventstack.extentreports.cucumber.adapter.ExtentCucumberAdapter$3.receive(ExtentCucumberAdapter.java:104)
at io.cucumber.core.eventbus.AbstractEventPublisher.send(AbstractEventPublisher.java:51)
at io.cucumber.core.eventbus.AbstractEventBus.send(AbstractEventBus.java:12)
at io.cucumber.core.runtime.SynchronizedEventBus.send(SynchronizedEventBus.java:47)
at io.cucumber.core.runtime.ThreadLocalRunnerSupplier$LocalEventBus.send(ThreadLocalRunnerSupplier.java:62)
at io.cucumber.core.runner.TestCase.emitTestCaseStarted(TestCase.java:206)
at io.cucumber.core.runner.TestCase.run(TestCase.java:72)
at io.cucumber.core.runner.Runner.runPickle(Runner.java:75)
at io.cucumber.testng.TestNGCucumberRunner.lambda$runScenario$1(TestNGCucumberRunner.java:132)
at io.cucumber.core.runtime.CucumberExecutionContext.lambda$runTestCase$5(CucumberExecutionContext.java:130)
at io.cucumber.core.runtime.RethrowingThrowableCollector.executeAndThrow(RethrowingThrowableCollector.java:23)
at io.cucumber.core.runtime.CucumberExecutionContext.runTestCase(CucumberExecutionContext.java:130)
at io.cucumber.testng.TestNGCucumberRunner.runScenario(TestNGCucumberRunner.java:129)
at io.cucumber.testng.AbstractTestNGCucumberTests.runScenario(AbstractTestNGCucumberTests.java:35)
at java.base/jdk.internal.reflect.DirectMethodHandleAccessor.invoke(DirectMethodHandleAccessor.java:104)
at java.base/java.lang.reflect.Method.invoke(Method.java:578)
at org.testng.internal.MethodInvocationHelper.invokeMethod(MethodInvocationHelper.java:133)
at org.testng.internal.TestInvoker.invokeMethod(TestInvoker.java:598)
at org.testng.internal.TestInvoker.invokeTestMethod(TestInvoker.java:173)
at org.testng.internal.MethodRunner.runInSequence(MethodRunner.java:46)
at org.testng.internal.TestInvoker$MethodInvocationAgent.invoke(TestInvoker.java:824)
at org.testng.internal.TestInvoker.invokeTestMethods(TestInvoker.java:146)
at org.testng.internal.TestMethodWorker.invokeTestMethods(TestMethodWorker.java:146)
at org.testng.internal.TestMethodWorker.run(TestMethodWorker.java:128)
at java.base/java.util.ArrayList.forEach(ArrayList.java:1511)
at org.testng.TestRunner.privateRun(TestRunner.java:794)
at org.testng.TestRunner.run(TestRunner.java:596)
at org.testng.SuiteRunner.runTest(SuiteRunner.java:377)
at org.testng.SuiteRunner.runSequentially(SuiteRunner.java:371)
at org.testng.SuiteRunner.privateRun(SuiteRunner.java:332)
at org.testng.SuiteRunner.run(SuiteRunner.java:276)
at org.testng.SuiteRunnerWorker.runSuite(SuiteRunnerWorker.java:53)
at org.testng.SuiteRunnerWorker.run(SuiteRunnerWorker.java:96)
at org.testng.TestNG.runSuitesSequentially(TestNG.java:1212)
at org.testng.TestNG.runSuitesLocally(TestNG.java:1134)
at org.testng.TestNG.runSuites(TestNG.java:1063)
at org.testng.TestNG.run(TestNG.java:1031)
at org.testng.remote.AbstractRemoteTestNG.run(AbstractRemoteTestNG.java:115)
at org.testng.remote.RemoteTestNG.initAndRun(RemoteTestNG.java:251)
at org.testng.remote.RemoteTestNG.main(RemoteTestNG.java:77)
]]>
    </error>
  </testcase> <!-- runScenario -->
  <system-out/>
  <testcase classname="runnerfile.Testrunner" name="runScenario" time="0.216"/>
  <system-out/>
  <testcase classname="runnerfile.Testrunner" name="runScenario" time="0.218"/>
  <system-out/>
  <testcase classname="runnerfile.Testrunner" name="runScenario" time="0.019">
    <error message="Test name must not be null or empty" type="java.lang.IllegalArgumentException">
      <![CDATA[java.lang.IllegalArgumentException: Test name must not be null or empty
at com.aventstack.extentreports.util.Assert.notEmpty(Assert.java:12)
at com.aventstack.extentreports.ExtentTest.<init>(ExtentTest.java:96)
at com.aventstack.extentreports.ExtentTest.createNode(ExtentTest.java:153)
at com.aventstack.extentreports.cucumber.adapter.ExtentCucumberAdapter.createScenarioOutline(ExtentCucumberAdapter.java:374)
at com.aventstack.extentreports.cucumber.adapter.ExtentCucumberAdapter.handleScenarioOutline(ExtentCucumberAdapter.java:353)
at com.aventstack.extentreports.cucumber.adapter.ExtentCucumberAdapter.handleTestCaseStarted(ExtentCucumberAdapter.java:162)
at com.aventstack.extentreports.cucumber.adapter.ExtentCucumberAdapter.access$100(ExtentCucumberAdapter.java:63)
at com.aventstack.extentreports.cucumber.adapter.ExtentCucumberAdapter$3.receive(ExtentCucumberAdapter.java:107)
at com.aventstack.extentreports.cucumber.adapter.ExtentCucumberAdapter$3.receive(ExtentCucumberAdapter.java:104)
at io.cucumber.core.eventbus.AbstractEventPublisher.send(AbstractEventPublisher.java:51)
at io.cucumber.core.eventbus.AbstractEventBus.send(AbstractEventBus.java:12)
at io.cucumber.core.runtime.SynchronizedEventBus.send(SynchronizedEventBus.java:47)
at io.cucumber.core.runtime.ThreadLocalRunnerSupplier$LocalEventBus.send(ThreadLocalRunnerSupplier.java:62)
at io.cucumber.core.runner.TestCase.emitTestCaseStarted(TestCase.java:206)
at io.cucumber.core.runner.TestCase.run(TestCase.java:72)
at io.cucumber.core.runner.Runner.runPickle(Runner.java:75)
at io.cucumber.testng.TestNGCucumberRunner.lambda$runScenario$1(TestNGCucumberRunner.java:132)
at io.cucumber.core.runtime.CucumberExecutionContext.lambda$runTestCase$5(CucumberExecutionContext.java:130)
at io.cucumber.core.runtime.RethrowingThrowableCollector.executeAndThrow(RethrowingThrowableCollector.java:23)
at io.cucumber.core.runtime.CucumberExecutionContext.runTestCase(CucumberExecutionContext.java:130)
at io.cucumber.testng.TestNGCucumberRunner.runScenario(TestNGCucumberRunner.java:129)
at io.cucumber.testng.AbstractTestNGCucumberTests.runScenario(AbstractTestNGCucumberTests.java:35)
at java.base/jdk.internal.reflect.DirectMethodHandleAccessor.invoke(DirectMethodHandleAccessor.java:104)
at java.base/java.lang.reflect.Method.invoke(Method.java:578)
at org.testng.internal.MethodInvocationHelper.invokeMethod(MethodInvocationHelper.java:133)
at org.testng.internal.TestInvoker.invokeMethod(TestInvoker.java:598)
at org.testng.internal.TestInvoker.invokeTestMethod(TestInvoker.java:173)
at org.testng.internal.MethodRunner.runInSequence(MethodRunner.java:46)
at org.testng.internal.TestInvoker$MethodInvocationAgent.invoke(TestInvoker.java:824)
at org.testng.internal.TestInvoker.invokeTestMethods(TestInvoker.java:146)
at org.testng.internal.TestMethodWorker.invokeTestMethods(TestMethodWorker.java:146)
at org.testng.internal.TestMethodWorker.run(TestMethodWorker.java:128)
at java.base/java.util.ArrayList.forEach(ArrayList.java:1511)
at org.testng.TestRunner.privateRun(TestRunner.java:794)
at org.testng.TestRunner.run(TestRunner.java:596)
at org.testng.SuiteRunner.runTest(SuiteRunner.java:377)
at org.testng.SuiteRunner.runSequentially(SuiteRunner.java:371)
at org.testng.SuiteRunner.privateRun(SuiteRunner.java:332)
at org.testng.SuiteRunner.run(SuiteRunner.java:276)
at org.testng.SuiteRunnerWorker.runSuite(SuiteRunnerWorker.java:53)
at org.testng.SuiteRunnerWorker.run(SuiteRunnerWorker.java:96)
at org.testng.TestNG.runSuitesSequentially(TestNG.java:1212)
at org.testng.TestNG.runSuitesLocally(TestNG.java:1134)
at org.testng.TestNG.runSuites(TestNG.java:1063)
at org.testng.TestNG.run(TestNG.java:1031)
at org.testng.remote.AbstractRemoteTestNG.run(AbstractRemoteTestNG.java:115)
at org.testng.remote.RemoteTestNG.initAndRun(RemoteTestNG.java:251)
at org.testng.remote.RemoteTestNG.main(RemoteTestNG.java:77)
]]>
    </error>
  </testcase> <!-- runScenario -->
  <system-out/>
  <testcase classname="runnerfile.Testrunner" name="runScenario" time="0.364"/>
  <system-out/>
  <testcase classname="runnerfile.Testrunner" name="runScenario" time="0.370"/>
  <system-out/>
  <testcase classname="runnerfile.Testrunner" name="runScenario" time="0.006">
    <error message="Test name must not be null or empty" type="java.lang.IllegalArgumentException">
      <![CDATA[java.lang.IllegalArgumentException: Test name must not be null or empty
at com.aventstack.extentreports.util.Assert.notEmpty(Assert.java:12)
at com.aventstack.extentreports.ExtentTest.<init>(ExtentTest.java:96)
at com.aventstack.extentreports.ExtentTest.createNode(ExtentTest.java:153)
at com.aventstack.extentreports.cucumber.adapter.ExtentCucumberAdapter.createTestCase(ExtentCucumberAdapter.java:424)
at com.aventstack.extentreports.cucumber.adapter.ExtentCucumberAdapter.handleTestCaseStarted(ExtentCucumberAdapter.java:163)
at com.aventstack.extentreports.cucumber.adapter.ExtentCucumberAdapter.access$100(ExtentCucumberAdapter.java:63)
at com.aventstack.extentreports.cucumber.adapter.ExtentCucumberAdapter$3.receive(ExtentCucumberAdapter.java:107)
at com.aventstack.extentreports.cucumber.adapter.ExtentCucumberAdapter$3.receive(ExtentCucumberAdapter.java:104)
at io.cucumber.core.eventbus.AbstractEventPublisher.send(AbstractEventPublisher.java:51)
at io.cucumber.core.eventbus.AbstractEventBus.send(AbstractEventBus.java:12)
at io.cucumber.core.runtime.SynchronizedEventBus.send(SynchronizedEventBus.java:47)
at io.cucumber.core.runtime.ThreadLocalRunnerSupplier$LocalEventBus.send(ThreadLocalRunnerSupplier.java:62)
at io.cucumber.core.runner.TestCase.emitTestCaseStarted(TestCase.java:206)
at io.cucumber.core.runner.TestCase.run(TestCase.java:72)
at io.cucumber.core.runner.Runner.runPickle(Runner.java:75)
at io.cucumber.testng.TestNGCucumberRunner.lambda$runScenario$1(TestNGCucumberRunner.java:132)
at io.cucumber.core.runtime.CucumberExecutionContext.lambda$runTestCase$5(CucumberExecutionContext.java:130)
at io.cucumber.core.runtime.RethrowingThrowableCollector.executeAndThrow(RethrowingThrowableCollector.java:23)
at io.cucumber.core.runtime.CucumberExecutionContext.runTestCase(CucumberExecutionContext.java:130)
at io.cucumber.testng.TestNGCucumberRunner.runScenario(TestNGCucumberRunner.java:129)
at io.cucumber.testng.AbstractTestNGCucumberTests.runScenario(AbstractTestNGCucumberTests.java:35)
at java.base/jdk.internal.reflect.DirectMethodHandleAccessor.invoke(DirectMethodHandleAccessor.java:104)
at java.base/java.lang.reflect.Method.invoke(Method.java:578)
at org.testng.internal.MethodInvocationHelper.invokeMethod(MethodInvocationHelper.java:133)
at org.testng.internal.TestInvoker.invokeMethod(TestInvoker.java:598)
at org.testng.internal.TestInvoker.invokeTestMethod(TestInvoker.java:173)
at org.testng.internal.MethodRunner.runInSequence(MethodRunner.java:46)
at org.testng.internal.TestInvoker$MethodInvocationAgent.invoke(TestInvoker.java:824)
at org.testng.internal.TestInvoker.invokeTestMethods(TestInvoker.java:146)
at org.testng.internal.TestMethodWorker.invokeTestMethods(TestMethodWorker.java:146)
at org.testng.internal.TestMethodWorker.run(TestMethodWorker.java:128)
at java.base/java.util.ArrayList.forEach(ArrayList.java:1511)
at org.testng.TestRunner.privateRun(TestRunner.java:794)
at org.testng.TestRunner.run(TestRunner.java:596)
at org.testng.SuiteRunner.runTest(SuiteRunner.java:377)
at org.testng.SuiteRunner.runSequentially(SuiteRunner.java:371)
at org.testng.SuiteRunner.privateRun(SuiteRunner.java:332)
at org.testng.SuiteRunner.run(SuiteRunner.java:276)
at org.testng.SuiteRunnerWorker.runSuite(SuiteRunnerWorker.java:53)
at org.testng.SuiteRunnerWorker.run(SuiteRunnerWorker.java:96)
at org.testng.TestNG.runSuitesSequentially(TestNG.java:1212)
at org.testng.TestNG.runSuitesLocally(TestNG.java:1134)
at org.testng.TestNG.runSuites(TestNG.java:1063)
at org.testng.TestNG.run(TestNG.java:1031)
at org.testng.remote.AbstractRemoteTestNG.run(AbstractRemoteTestNG.java:115)
at org.testng.remote.RemoteTestNG.initAndRun(RemoteTestNG.java:251)
at org.testng.remote.RemoteTestNG.main(RemoteTestNG.java:77)
]]>
    </error>
  </testcase> <!-- runScenario -->
  <system-out/>
  <testcase classname="runnerfile.Testrunner" name="runScenario" time="0.004">
    <error message="Test name must not be null or empty" type="java.lang.IllegalArgumentException">
      <![CDATA[java.lang.IllegalArgumentException: Test name must not be null or empty
at com.aventstack.extentreports.util.Assert.notEmpty(Assert.java:12)
at com.aventstack.extentreports.ExtentTest.<init>(ExtentTest.java:96)
at com.aventstack.extentreports.ExtentTest.createNode(ExtentTest.java:153)
at com.aventstack.extentreports.cucumber.adapter.ExtentCucumberAdapter.createTestCase(ExtentCucumberAdapter.java:424)
at com.aventstack.extentreports.cucumber.adapter.ExtentCucumberAdapter.handleTestCaseStarted(ExtentCucumberAdapter.java:163)
at com.aventstack.extentreports.cucumber.adapter.ExtentCucumberAdapter.access$100(ExtentCucumberAdapter.java:63)
at com.aventstack.extentreports.cucumber.adapter.ExtentCucumberAdapter$3.receive(ExtentCucumberAdapter.java:107)
at com.aventstack.extentreports.cucumber.adapter.ExtentCucumberAdapter$3.receive(ExtentCucumberAdapter.java:104)
at io.cucumber.core.eventbus.AbstractEventPublisher.send(AbstractEventPublisher.java:51)
at io.cucumber.core.eventbus.AbstractEventBus.send(AbstractEventBus.java:12)
at io.cucumber.core.runtime.SynchronizedEventBus.send(SynchronizedEventBus.java:47)
at io.cucumber.core.runtime.ThreadLocalRunnerSupplier$LocalEventBus.send(ThreadLocalRunnerSupplier.java:62)
at io.cucumber.core.runner.TestCase.emitTestCaseStarted(TestCase.java:206)
at io.cucumber.core.runner.TestCase.run(TestCase.java:72)
at io.cucumber.core.runner.Runner.runPickle(Runner.java:75)
at io.cucumber.testng.TestNGCucumberRunner.lambda$runScenario$1(TestNGCucumberRunner.java:132)
at io.cucumber.core.runtime.CucumberExecutionContext.lambda$runTestCase$5(CucumberExecutionContext.java:130)
at io.cucumber.core.runtime.RethrowingThrowableCollector.executeAndThrow(RethrowingThrowableCollector.java:23)
at io.cucumber.core.runtime.CucumberExecutionContext.runTestCase(CucumberExecutionContext.java:130)
at io.cucumber.testng.TestNGCucumberRunner.runScenario(TestNGCucumberRunner.java:129)
at io.cucumber.testng.AbstractTestNGCucumberTests.runScenario(AbstractTestNGCucumberTests.java:35)
at java.base/jdk.internal.reflect.DirectMethodHandleAccessor.invoke(DirectMethodHandleAccessor.java:104)
at java.base/java.lang.reflect.Method.invoke(Method.java:578)
at org.testng.internal.MethodInvocationHelper.invokeMethod(MethodInvocationHelper.java:133)
at org.testng.internal.TestInvoker.invokeMethod(TestInvoker.java:598)
at org.testng.internal.TestInvoker.invokeTestMethod(TestInvoker.java:173)
at org.testng.internal.MethodRunner.runInSequence(MethodRunner.java:46)
at org.testng.internal.TestInvoker$MethodInvocationAgent.invoke(TestInvoker.java:824)
at org.testng.internal.TestInvoker.invokeTestMethods(TestInvoker.java:146)
at org.testng.internal.TestMethodWorker.invokeTestMethods(TestMethodWorker.java:146)
at org.testng.internal.TestMethodWorker.run(TestMethodWorker.java:128)
at java.base/java.util.ArrayList.forEach(ArrayList.java:1511)
at org.testng.TestRunner.privateRun(TestRunner.java:794)
at org.testng.TestRunner.run(TestRunner.java:596)
at org.testng.SuiteRunner.runTest(SuiteRunner.java:377)
at org.testng.SuiteRunner.runSequentially(SuiteRunner.java:371)
at org.testng.SuiteRunner.privateRun(SuiteRunner.java:332)
at org.testng.SuiteRunner.run(SuiteRunner.java:276)
at org.testng.SuiteRunnerWorker.runSuite(SuiteRunnerWorker.java:53)
at org.testng.SuiteRunnerWorker.run(SuiteRunnerWorker.java:96)
at org.testng.TestNG.runSuitesSequentially(TestNG.java:1212)
at org.testng.TestNG.runSuitesLocally(TestNG.java:1134)
at org.testng.TestNG.runSuites(TestNG.java:1063)
at org.testng.TestNG.run(TestNG.java:1031)
at org.testng.remote.AbstractRemoteTestNG.run(AbstractRemoteTestNG.java:115)
at org.testng.remote.RemoteTestNG.initAndRun(RemoteTestNG.java:251)
at org.testng.remote.RemoteTestNG.main(RemoteTestNG.java:77)
]]>
    </error>
  </testcase> <!-- runScenario -->
  <system-out/>
  <testcase classname="runnerfile.Testrunner" name="runScenario" time="0.349"/>
  <system-out/>
  <testcase classname="runnerfile.Testrunner" name="runScenario" time="0.260"/>
  <system-out/>
  <testcase classname="runnerfile.Testrunner" name="runScenario" time="0.016">
    <error message="parameterValue cannot be null" type="java.lang.IllegalArgumentException">
      <![CDATA[java.lang.IllegalArgumentException: parameterValue cannot be null
at java.base/jdk.internal.reflect.DirectConstructorHandleAccessor.newInstance(DirectConstructorHandleAccessor.java:67)
at java.base/java.lang.reflect.Constructor.newInstanceWithCaller(Constructor.java:500)
at java.base/java.lang.reflect.Constructor.newInstance(Constructor.java:484)
at org.codehaus.groovy.reflection.CachedConstructor.invoke(CachedConstructor.java:73)
at org.codehaus.groovy.reflection.CachedConstructor.doConstructorInvoke(CachedConstructor.java:60)
at org.codehaus.groovy.runtime.callsite.ConstructorSite$ConstructorSiteNoUnwrap.callConstructor(ConstructorSite.java:86)
at org.codehaus.groovy.runtime.callsite.AbstractCallSite.callConstructor(AbstractCallSite.java:277)
at io.restassured.internal.common.assertion.AssertParameter.notNull(AssertParameter.groovy:26)
at io.restassured.internal.common.assertion.AssertParameter$notNull.callStatic(Unknown Source)
at org.codehaus.groovy.runtime.callsite.CallSiteArray.defaultCallStatic(CallSiteArray.java:53)
at io.restassured.internal.common.assertion.AssertParameter$notNull.callStatic(Unknown Source)
at io.restassured.internal.RequestSpecificationImpl.pathParam(RequestSpecificationImpl.groovy:515)
at stepdefinitions.Negative_program_sd.we_send_put_url_by_invalid_program_name(Negative_program_sd.java:188)
at âœ½.we send put url BY invalid programName(file:///C:/Users/sreej/eclipse-NumpyNinja/APITrekkers-Team13/src/test/resources/Features/07ProgramNegative.feature:18)
]]>
    </error>
  </testcase> <!-- runScenario -->
  <system-out/>
  <testcase classname="runnerfile.Testrunner" name="runScenario" time="0.360"/>
  <system-out/>
  <testcase classname="runnerfile.Testrunner" name="runScenario" time="0.003">
    <error message="Test name must not be null or empty" type="java.lang.IllegalArgumentException">
      <![CDATA[java.lang.IllegalArgumentException: Test name must not be null or empty
at com.aventstack.extentreports.util.Assert.notEmpty(Assert.java:12)
at com.aventstack.extentreports.ExtentTest.<init>(ExtentTest.java:96)
at com.aventstack.extentreports.ExtentTest.createNode(ExtentTest.java:153)
at com.aventstack.extentreports.cucumber.adapter.ExtentCucumberAdapter.createTestCase(ExtentCucumberAdapter.java:424)
at com.aventstack.extentreports.cucumber.adapter.ExtentCucumberAdapter.handleTestCaseStarted(ExtentCucumberAdapter.java:163)
at com.aventstack.extentreports.cucumber.adapter.ExtentCucumberAdapter.access$100(ExtentCucumberAdapter.java:63)
at com.aventstack.extentreports.cucumber.adapter.ExtentCucumberAdapter$3.receive(ExtentCucumberAdapter.java:107)
at com.aventstack.extentreports.cucumber.adapter.ExtentCucumberAdapter$3.receive(ExtentCucumberAdapter.java:104)
at io.cucumber.core.eventbus.AbstractEventPublisher.send(AbstractEventPublisher.java:51)
at io.cucumber.core.eventbus.AbstractEventBus.send(AbstractEventBus.java:12)
at io.cucumber.core.runtime.SynchronizedEventBus.send(SynchronizedEventBus.java:47)
at io.cucumber.core.runtime.ThreadLocalRunnerSupplier$LocalEventBus.send(ThreadLocalRunnerSupplier.java:62)
at io.cucumber.core.runner.TestCase.emitTestCaseStarted(TestCase.java:206)
at io.cucumber.core.runner.TestCase.run(TestCase.java:72)
at io.cucumber.core.runner.Runner.runPickle(Runner.java:75)
at io.cucumber.testng.TestNGCucumberRunner.lambda$runScenario$1(TestNGCucumberRunner.java:132)
at io.cucumber.core.runtime.CucumberExecutionContext.lambda$runTestCase$5(CucumberExecutionContext.java:130)
at io.cucumber.core.runtime.RethrowingThrowableCollector.executeAndThrow(RethrowingThrowableCollector.java:23)
at io.cucumber.core.runtime.CucumberExecutionContext.runTestCase(CucumberExecutionContext.java:130)
at io.cucumber.testng.TestNGCucumberRunner.runScenario(TestNGCucumberRunner.java:129)
at io.cucumber.testng.AbstractTestNGCucumberTests.runScenario(AbstractTestNGCucumberTests.java:35)
at java.base/jdk.internal.reflect.DirectMethodHandleAccessor.invoke(DirectMethodHandleAccessor.java:104)
at java.base/java.lang.reflect.Method.invoke(Method.java:578)
at org.testng.internal.MethodInvocationHelper.invokeMethod(MethodInvocationHelper.java:133)
at org.testng.internal.TestInvoker.invokeMethod(TestInvoker.java:598)
at org.testng.internal.TestInvoker.invokeTestMethod(TestInvoker.java:173)
at org.testng.internal.MethodRunner.runInSequence(MethodRunner.java:46)
at org.testng.internal.TestInvoker$MethodInvocationAgent.invoke(TestInvoker.java:824)
at org.testng.internal.TestInvoker.invokeTestMethods(TestInvoker.java:146)
at org.testng.internal.TestMethodWorker.invokeTestMethods(TestMethodWorker.java:146)
at org.testng.internal.TestMethodWorker.run(TestMethodWorker.java:128)
at java.base/java.util.ArrayList.forEach(ArrayList.java:1511)
at org.testng.TestRunner.privateRun(TestRunner.java:794)
at org.testng.TestRunner.run(TestRunner.java:596)
at org.testng.SuiteRunner.runTest(SuiteRunner.java:377)
at org.testng.SuiteRunner.runSequentially(SuiteRunner.java:371)
at org.testng.SuiteRunner.privateRun(SuiteRunner.java:332)
at org.testng.SuiteRunner.run(SuiteRunner.java:276)
at org.testng.SuiteRunnerWorker.runSuite(SuiteRunnerWorker.java:53)
at org.testng.SuiteRunnerWorker.run(SuiteRunnerWorker.java:96)
at org.testng.TestNG.runSuitesSequentially(TestNG.java:1212)
at org.testng.TestNG.runSuitesLocally(TestNG.java:1134)
at org.testng.TestNG.runSuites(TestNG.java:1063)
at org.testng.TestNG.run(TestNG.java:1031)
at org.testng.remote.AbstractRemoteTestNG.run(AbstractRemoteTestNG.java:115)
at org.testng.remote.RemoteTestNG.initAndRun(RemoteTestNG.java:251)
at org.testng.remote.RemoteTestNG.main(RemoteTestNG.java:77)
]]>
    </error>
  </testcase> <!-- runScenario -->
  <system-out/>
  <testcase classname="runnerfile.Testrunner" name="runScenario" time="0.005">
    <error message="Test name must not be null or empty" type="java.lang.IllegalArgumentException">
      <![CDATA[java.lang.IllegalArgumentException: Test name must not be null or empty
at com.aventstack.extentreports.util.Assert.notEmpty(Assert.java:12)
at com.aventstack.extentreports.ExtentTest.<init>(ExtentTest.java:96)
at com.aventstack.extentreports.ExtentTest.createNode(ExtentTest.java:153)
at com.aventstack.extentreports.cucumber.adapter.ExtentCucumberAdapter.createScenarioOutline(ExtentCucumberAdapter.java:374)
at com.aventstack.extentreports.cucumber.adapter.ExtentCucumberAdapter.handleScenarioOutline(ExtentCucumberAdapter.java:353)
at com.aventstack.extentreports.cucumber.adapter.ExtentCucumberAdapter.handleTestCaseStarted(ExtentCucumberAdapter.java:162)
at com.aventstack.extentreports.cucumber.adapter.ExtentCucumberAdapter.access$100(ExtentCucumberAdapter.java:63)
at com.aventstack.extentreports.cucumber.adapter.ExtentCucumberAdapter$3.receive(ExtentCucumberAdapter.java:107)
at com.aventstack.extentreports.cucumber.adapter.ExtentCucumberAdapter$3.receive(ExtentCucumberAdapter.java:104)
at io.cucumber.core.eventbus.AbstractEventPublisher.send(AbstractEventPublisher.java:51)
at io.cucumber.core.eventbus.AbstractEventBus.send(AbstractEventBus.java:12)
at io.cucumber.core.runtime.SynchronizedEventBus.send(SynchronizedEventBus.java:47)
at io.cucumber.core.runtime.ThreadLocalRunnerSupplier$LocalEventBus.send(ThreadLocalRunnerSupplier.java:62)
at io.cucumber.core.runner.TestCase.emitTestCaseStarted(TestCase.java:206)
at io.cucumber.core.runner.TestCase.run(TestCase.java:72)
at io.cucumber.core.runner.Runner.runPickle(Runner.java:75)
at io.cucumber.testng.TestNGCucumberRunner.lambda$runScenario$1(TestNGCucumberRunner.java:132)
at io.cucumber.core.runtime.CucumberExecutionContext.lambda$runTestCase$5(CucumberExecutionContext.java:130)
at io.cucumber.core.runtime.RethrowingThrowableCollector.executeAndThrow(RethrowingThrowableCollector.java:23)
at io.cucumber.core.runtime.CucumberExecutionContext.runTestCase(CucumberExecutionContext.java:130)
at io.cucumber.testng.TestNGCucumberRunner.runScenario(TestNGCucumberRunner.java:129)
at io.cucumber.testng.AbstractTestNGCucumberTests.runScenario(AbstractTestNGCucumberTests.java:35)
at java.base/jdk.internal.reflect.DirectMethodHandleAccessor.invoke(DirectMethodHandleAccessor.java:104)
at java.base/java.lang.reflect.Method.invoke(Method.java:578)
at org.testng.internal.MethodInvocationHelper.invokeMethod(MethodInvocationHelper.java:133)
at org.testng.internal.TestInvoker.invokeMethod(TestInvoker.java:598)
at org.testng.internal.TestInvoker.invokeTestMethod(TestInvoker.java:173)
at org.testng.internal.MethodRunner.runInSequence(MethodRunner.java:46)
at org.testng.internal.TestInvoker$MethodInvocationAgent.invoke(TestInvoker.java:824)
at org.testng.internal.TestInvoker.invokeTestMethods(TestInvoker.java:146)
at org.testng.internal.TestMethodWorker.invokeTestMethods(TestMethodWorker.java:146)
at org.testng.internal.TestMethodWorker.run(TestMethodWorker.java:128)
at java.base/java.util.ArrayList.forEach(ArrayList.java:1511)
at org.testng.TestRunner.privateRun(TestRunner.java:794)
at org.testng.TestRunner.run(TestRunner.java:596)
at org.testng.SuiteRunner.runTest(SuiteRunner.java:377)
at org.testng.SuiteRunner.runSequentially(SuiteRunner.java:371)
at org.testng.SuiteRunner.privateRun(SuiteRunner.java:332)
at org.testng.SuiteRunner.run(SuiteRunner.java:276)
at org.testng.SuiteRunnerWorker.runSuite(SuiteRunnerWorker.java:53)
at org.testng.SuiteRunnerWorker.run(SuiteRunnerWorker.java:96)
at org.testng.TestNG.runSuitesSequentially(TestNG.java:1212)
at org.testng.TestNG.runSuitesLocally(TestNG.java:1134)
at org.testng.TestNG.runSuites(TestNG.java:1063)
at org.testng.TestNG.run(TestNG.java:1031)
at org.testng.remote.AbstractRemoteTestNG.run(AbstractRemoteTestNG.java:115)
at org.testng.remote.RemoteTestNG.initAndRun(RemoteTestNG.java:251)
at org.testng.remote.RemoteTestNG.main(RemoteTestNG.java:77)
]]>
    </error>
  </testcase> <!-- runScenario -->
  <system-out/>
  <testcase classname="runnerfile.Testrunner" name="runScenario" time="0.011">
    <error message="parameterValue cannot be null" type="java.lang.IllegalArgumentException">
      <![CDATA[java.lang.IllegalArgumentException: parameterValue cannot be null
at java.base/jdk.internal.reflect.DirectConstructorHandleAccessor.newInstance(DirectConstructorHandleAccessor.java:67)
at java.base/java.lang.reflect.Constructor.newInstanceWithCaller(Constructor.java:500)
at java.base/java.lang.reflect.Constructor.newInstance(Constructor.java:484)
at org.codehaus.groovy.reflection.CachedConstructor.invoke(CachedConstructor.java:73)
at org.codehaus.groovy.reflection.CachedConstructor.doConstructorInvoke(CachedConstructor.java:60)
at org.codehaus.groovy.runtime.callsite.ConstructorSite$ConstructorSiteNoUnwrap.callConstructor(ConstructorSite.java:86)
at org.codehaus.groovy.runtime.callsite.AbstractCallSite.callConstructor(AbstractCallSite.java:277)
at io.restassured.internal.common.assertion.AssertParameter.notNull(AssertParameter.groovy:26)
at io.restassured.internal.common.assertion.AssertParameter$notNull.callStatic(Unknown Source)
at org.codehaus.groovy.runtime.callsite.CallSiteArray.defaultCallStatic(CallSiteArray.java:53)
at io.restassured.internal.common.assertion.AssertParameter$notNull.callStatic(Unknown Source)
at io.restassured.internal.RequestSpecificationImpl.pathParam(RequestSpecificationImpl.groovy:515)
at api.endpoints.AssignSubEndPoints.getGradesbyuserid(AssignSubEndPoints.java:41)
at api.test.DDtestcase.TestgetgradesbyuserID(DDtestcase.java:243)
at stepdefinitions.Post_subassignment.grade_is_retrieved_using_by_get_request(Post_subassignment.java:116)
at âœ½.: grade is retrieved using "U0" by get request(file:///C:/Users/sreej/eclipse-NumpyNinja/APITrekkers-Team13/src/test/resources/Features/05postsubassignment.feature:44)
]]>
    </error>
  </testcase> <!-- runScenario -->
  <system-out/>
  <testcase classname="runnerfile.Testrunner" name="runScenario" time="0.043">
    <error message="Cannot invoke &quot;Object.toString()&quot; because the return value of &quot;org.json.simple.JSONObject.get(Object)&quot; is null" type="java.lang.NullPointerException">
      <![CDATA[java.lang.NullPointerException: Cannot invoke "Object.toString()" because the return value of "org.json.simple.JSONObject.get(Object)" is null
at stepdefinitions.Positive_program_sd.we_send_with_program_id(Positive_program_sd.java:141)
at âœ½.we send with programId(file:///C:/Users/sreej/eclipse-NumpyNinja/APITrekkers-Team13/src/test/resources/Features/01ProgramPositive.feature:20)
]]>
    </error>
  </testcase> <!-- runScenario -->
  <system-out/>
  <testcase classname="runnerfile.Testrunner" name="runScenario" time="0.409">
    <failure message="expected [200] but found [404]" type="java.lang.AssertionError">
      <![CDATA[java.lang.AssertionError: expected [200] but found [404]
at org.testng.Assert.fail(Assert.java:99)
at org.testng.Assert.failNotEquals(Assert.java:1037)
at org.testng.Assert.assertEqualsImpl(Assert.java:140)
at org.testng.Assert.assertEquals(Assert.java:122)
at org.testng.Assert.assertEquals(Assert.java:907)
at org.testng.Assert.assertEquals(Assert.java:917)
at api.test.DDtestcase.verify_get_status(DDtestcase.java:264)
at stepdefinitions.Post_subassignment.user_recieves_the_list_of_data_which_can_be_validated(Post_subassignment.java:103)
at âœ½.: user recieves the list of data which can be validated.(file:///C:/Users/sreej/eclipse-NumpyNinja/APITrekkers-Team13/src/test/resources/Features/05postsubassignment.feature:25)
]]>
    </failure>
  </testcase> <!-- runScenario -->
  <system-out/>
  <testcase classname="runnerfile.Testrunner" name="runScenario" time="2.730"/>
  <system-out/>
  <testcase classname="runnerfile.Testrunner" name="runScenario" time="0.439">
    <failure message="expected [200] but found [404]" type="java.lang.AssertionError">
      <![CDATA[java.lang.AssertionError: expected [200] but found [404]
at org.testng.Assert.fail(Assert.java:99)
at org.testng.Assert.failNotEquals(Assert.java:1037)
at org.testng.Assert.assertEqualsImpl(Assert.java:140)
at org.testng.Assert.assertEquals(Assert.java:122)
at org.testng.Assert.assertEquals(Assert.java:907)
at org.testng.Assert.assertEquals(Assert.java:917)
at api.test.DDtestcase.verify_get_status(DDtestcase.java:264)
at stepdefinitions.Post_subassignment.user_recieves_the_list_of_data_which_can_be_validated(Post_subassignment.java:103)
at âœ½.: user recieves the list of data which can be validated.(file:///C:/Users/sreej/eclipse-NumpyNinja/APITrekkers-Team13/src/test/resources/Features/05postsubassignment.feature:34)
]]>
    </failure>
  </testcase> <!-- runScenario -->
  <system-out/>
  <testcase classname="runnerfile.Testrunner" name="runScenario" time="0.002">
    <error message="Test name must not be null or empty" type="java.lang.IllegalArgumentException">
      <![CDATA[java.lang.IllegalArgumentException: Test name must not be null or empty
at com.aventstack.extentreports.util.Assert.notEmpty(Assert.java:12)
at com.aventstack.extentreports.ExtentTest.<init>(ExtentTest.java:96)
at com.aventstack.extentreports.ExtentTest.createNode(ExtentTest.java:153)
at com.aventstack.extentreports.cucumber.adapter.ExtentCucumberAdapter.createScenarioOutline(ExtentCucumberAdapter.java:374)
at com.aventstack.extentreports.cucumber.adapter.ExtentCucumberAdapter.handleScenarioOutline(ExtentCucumberAdapter.java:353)
at com.aventstack.extentreports.cucumber.adapter.ExtentCucumberAdapter.handleTestCaseStarted(ExtentCucumberAdapter.java:162)
at com.aventstack.extentreports.cucumber.adapter.ExtentCucumberAdapter.access$100(ExtentCucumberAdapter.java:63)
at com.aventstack.extentreports.cucumber.adapter.ExtentCucumberAdapter$3.receive(ExtentCucumberAdapter.java:107)
at com.aventstack.extentreports.cucumber.adapter.ExtentCucumberAdapter$3.receive(ExtentCucumberAdapter.java:104)
at io.cucumber.core.eventbus.AbstractEventPublisher.send(AbstractEventPublisher.java:51)
at io.cucumber.core.eventbus.AbstractEventBus.send(AbstractEventBus.java:12)
at io.cucumber.core.runtime.SynchronizedEventBus.send(SynchronizedEventBus.java:47)
at io.cucumber.core.runtime.ThreadLocalRunnerSupplier$LocalEventBus.send(ThreadLocalRunnerSupplier.java:62)
at io.cucumber.core.runner.TestCase.emitTestCaseStarted(TestCase.java:206)
at io.cucumber.core.runner.TestCase.run(TestCase.java:72)
at io.cucumber.core.runner.Runner.runPickle(Runner.java:75)
at io.cucumber.testng.TestNGCucumberRunner.lambda$runScenario$1(TestNGCucumberRunner.java:132)
at io.cucumber.core.runtime.CucumberExecutionContext.lambda$runTestCase$5(CucumberExecutionContext.java:130)
at io.cucumber.core.runtime.RethrowingThrowableCollector.executeAndThrow(RethrowingThrowableCollector.java:23)
at io.cucumber.core.runtime.CucumberExecutionContext.runTestCase(CucumberExecutionContext.java:130)
at io.cucumber.testng.TestNGCucumberRunner.runScenario(TestNGCucumberRunner.java:129)
at io.cucumber.testng.AbstractTestNGCucumberTests.runScenario(AbstractTestNGCucumberTests.java:35)
at java.base/jdk.internal.reflect.DirectMethodHandleAccessor.invoke(DirectMethodHandleAccessor.java:104)
at java.base/java.lang.reflect.Method.invoke(Method.java:578)
at org.testng.internal.MethodInvocationHelper.invokeMethod(MethodInvocationHelper.java:133)
at org.testng.internal.TestInvoker.invokeMethod(TestInvoker.java:598)
at org.testng.internal.TestInvoker.invokeTestMethod(TestInvoker.java:173)
at org.testng.internal.MethodRunner.runInSequence(MethodRunner.java:46)
at org.testng.internal.TestInvoker$MethodInvocationAgent.invoke(TestInvoker.java:824)
at org.testng.internal.TestInvoker.invokeTestMethods(TestInvoker.java:146)
at org.testng.internal.TestMethodWorker.invokeTestMethods(TestMethodWorker.java:146)
at org.testng.internal.TestMethodWorker.run(TestMethodWorker.java:128)
at java.base/java.util.ArrayList.forEach(ArrayList.java:1511)
at org.testng.TestRunner.privateRun(TestRunner.java:794)
at org.testng.TestRunner.run(TestRunner.java:596)
at org.testng.SuiteRunner.runTest(SuiteRunner.java:377)
at org.testng.SuiteRunner.runSequentially(SuiteRunner.java:371)
at org.testng.SuiteRunner.privateRun(SuiteRunner.java:332)
at org.testng.SuiteRunner.run(SuiteRunner.java:276)
at org.testng.SuiteRunnerWorker.runSuite(SuiteRunnerWorker.java:53)
at org.testng.SuiteRunnerWorker.run(SuiteRunnerWorker.java:96)
at org.testng.TestNG.runSuitesSequentially(TestNG.java:1212)
at org.testng.TestNG.runSuitesLocally(TestNG.java:1134)
at org.testng.TestNG.runSuites(TestNG.java:1063)
at org.testng.TestNG.run(TestNG.java:1031)
at org.testng.remote.AbstractRemoteTestNG.run(AbstractRemoteTestNG.java:115)
at org.testng.remote.RemoteTestNG.initAndRun(RemoteTestNG.java:251)
at org.testng.remote.RemoteTestNG.main(RemoteTestNG.java:77)
]]>
    </error>
  </testcase> <!-- runScenario -->
  <system-out/>
  <testcase classname="runnerfile.Testrunner" name="runScenario" time="0.369">
    <failure message="expected [200] but found [404]" type="java.lang.AssertionError">
      <![CDATA[java.lang.AssertionError: expected [200] but found [404]
at org.testng.Assert.fail(Assert.java:99)
at org.testng.Assert.failNotEquals(Assert.java:1037)
at org.testng.Assert.assertEqualsImpl(Assert.java:140)
at org.testng.Assert.assertEquals(Assert.java:122)
at org.testng.Assert.assertEquals(Assert.java:907)
at org.testng.Assert.assertEquals(Assert.java:917)
at api.test.DDtestcase.verify_get_status(DDtestcase.java:264)
at stepdefinitions.Post_subassignment.user_recieves_the_list_of_data_which_can_be_validated(Post_subassignment.java:103)
at âœ½.: user recieves the list of data which can be validated.(file:///C:/Users/sreej/eclipse-NumpyNinja/APITrekkers-Team13/src/test/resources/Features/05postsubassignment.feature:85)
]]>
    </failure>
  </testcase> <!-- runScenario -->
  <system-out/>
  <testcase classname="runnerfile.Testrunner" name="runScenario" time="0.213"/>
  <system-out/>
  <testcase classname="runnerfile.Testrunner" name="runScenario" time="0.005">
    <error message="Test name must not be null or empty" type="java.lang.IllegalArgumentException">
      <![CDATA[java.lang.IllegalArgumentException: Test name must not be null or empty
at com.aventstack.extentreports.util.Assert.notEmpty(Assert.java:12)
at com.aventstack.extentreports.ExtentTest.<init>(ExtentTest.java:96)
at com.aventstack.extentreports.ExtentTest.createNode(ExtentTest.java:153)
at com.aventstack.extentreports.cucumber.adapter.ExtentCucumberAdapter.createTestCase(ExtentCucumberAdapter.java:424)
at com.aventstack.extentreports.cucumber.adapter.ExtentCucumberAdapter.handleTestCaseStarted(ExtentCucumberAdapter.java:163)
at com.aventstack.extentreports.cucumber.adapter.ExtentCucumberAdapter.access$100(ExtentCucumberAdapter.java:63)
at com.aventstack.extentreports.cucumber.adapter.ExtentCucumberAdapter$3.receive(ExtentCucumberAdapter.java:107)
at com.aventstack.extentreports.cucumber.adapter.ExtentCucumberAdapter$3.receive(ExtentCucumberAdapter.java:104)
at io.cucumber.core.eventbus.AbstractEventPublisher.send(AbstractEventPublisher.java:51)
at io.cucumber.core.eventbus.AbstractEventBus.send(AbstractEventBus.java:12)
at io.cucumber.core.runtime.SynchronizedEventBus.send(SynchronizedEventBus.java:47)
at io.cucumber.core.runtime.ThreadLocalRunnerSupplier$LocalEventBus.send(ThreadLocalRunnerSupplier.java:62)
at io.cucumber.core.runner.TestCase.emitTestCaseStarted(TestCase.java:206)
at io.cucumber.core.runner.TestCase.run(TestCase.java:72)
at io.cucumber.core.runner.Runner.runPickle(Runner.java:75)
at io.cucumber.testng.TestNGCucumberRunner.lambda$runScenario$1(TestNGCucumberRunner.java:132)
at io.cucumber.core.runtime.CucumberExecutionContext.lambda$runTestCase$5(CucumberExecutionContext.java:130)
at io.cucumber.core.runtime.RethrowingThrowableCollector.executeAndThrow(RethrowingThrowableCollector.java:23)
at io.cucumber.core.runtime.CucumberExecutionContext.runTestCase(CucumberExecutionContext.java:130)
at io.cucumber.testng.TestNGCucumberRunner.runScenario(TestNGCucumberRunner.java:129)
at io.cucumber.testng.AbstractTestNGCucumberTests.runScenario(AbstractTestNGCucumberTests.java:35)
at java.base/jdk.internal.reflect.DirectMethodHandleAccessor.invoke(DirectMethodHandleAccessor.java:104)
at java.base/java.lang.reflect.Method.invoke(Method.java:578)
at org.testng.internal.MethodInvocationHelper.invokeMethod(MethodInvocationHelper.java:133)
at org.testng.internal.TestInvoker.invokeMethod(TestInvoker.java:598)
at org.testng.internal.TestInvoker.invokeTestMethod(TestInvoker.java:173)
at org.testng.internal.MethodRunner.runInSequence(MethodRunner.java:46)
at org.testng.internal.TestInvoker$MethodInvocationAgent.invoke(TestInvoker.java:824)
at org.testng.internal.TestInvoker.invokeTestMethods(TestInvoker.java:146)
at org.testng.internal.TestMethodWorker.invokeTestMethods(TestMethodWorker.java:146)
at org.testng.internal.TestMethodWorker.run(TestMethodWorker.java:128)
at java.base/java.util.ArrayList.forEach(ArrayList.java:1511)
at org.testng.TestRunner.privateRun(TestRunner.java:794)
at org.testng.TestRunner.run(TestRunner.java:596)
at org.testng.SuiteRunner.runTest(SuiteRunner.java:377)
at org.testng.SuiteRunner.runSequentially(SuiteRunner.java:371)
at org.testng.SuiteRunner.privateRun(SuiteRunner.java:332)
at org.testng.SuiteRunner.run(SuiteRunner.java:276)
at org.testng.SuiteRunnerWorker.runSuite(SuiteRunnerWorker.java:53)
at org.testng.SuiteRunnerWorker.run(SuiteRunnerWorker.java:96)
at org.testng.TestNG.runSuitesSequentially(TestNG.java:1212)
at org.testng.TestNG.runSuitesLocally(TestNG.java:1134)
at org.testng.TestNG.runSuites(TestNG.java:1063)
at org.testng.TestNG.run(TestNG.java:1031)
at org.testng.remote.AbstractRemoteTestNG.run(AbstractRemoteTestNG.java:115)
at org.testng.remote.RemoteTestNG.initAndRun(RemoteTestNG.java:251)
at org.testng.remote.RemoteTestNG.main(RemoteTestNG.java:77)
]]>
    </error>
  </testcase> <!-- runScenario -->
  <system-out/>
  <testcase classname="runnerfile.Testrunner" name="runScenario" time="0.005">
    <error message="Test name must not be null or empty" type="java.lang.IllegalArgumentException">
      <![CDATA[java.lang.IllegalArgumentException: Test name must not be null or empty
at com.aventstack.extentreports.util.Assert.notEmpty(Assert.java:12)
at com.aventstack.extentreports.ExtentTest.<init>(ExtentTest.java:96)
at com.aventstack.extentreports.ExtentTest.createNode(ExtentTest.java:153)
at com.aventstack.extentreports.cucumber.adapter.ExtentCucumberAdapter.createScenarioOutline(ExtentCucumberAdapter.java:374)
at com.aventstack.extentreports.cucumber.adapter.ExtentCucumberAdapter.handleScenarioOutline(ExtentCucumberAdapter.java:353)
at com.aventstack.extentreports.cucumber.adapter.ExtentCucumberAdapter.handleTestCaseStarted(ExtentCucumberAdapter.java:162)
at com.aventstack.extentreports.cucumber.adapter.ExtentCucumberAdapter.access$100(ExtentCucumberAdapter.java:63)
at com.aventstack.extentreports.cucumber.adapter.ExtentCucumberAdapter$3.receive(ExtentCucumberAdapter.java:107)
at com.aventstack.extentreports.cucumber.adapter.ExtentCucumberAdapter$3.receive(ExtentCucumberAdapter.java:104)
at io.cucumber.core.eventbus.AbstractEventPublisher.send(AbstractEventPublisher.java:51)
at io.cucumber.core.eventbus.AbstractEventBus.send(AbstractEventBus.java:12)
at io.cucumber.core.runtime.SynchronizedEventBus.send(SynchronizedEventBus.java:47)
at io.cucumber.core.runtime.ThreadLocalRunnerSupplier$LocalEventBus.send(ThreadLocalRunnerSupplier.java:62)
at io.cucumber.core.runner.TestCase.emitTestCaseStarted(TestCase.java:206)
at io.cucumber.core.runner.TestCase.run(TestCase.java:72)
at io.cucumber.core.runner.Runner.runPickle(Runner.java:75)
at io.cucumber.testng.TestNGCucumberRunner.lambda$runScenario$1(TestNGCucumberRunner.java:132)
at io.cucumber.core.runtime.CucumberExecutionContext.lambda$runTestCase$5(CucumberExecutionContext.java:130)
at io.cucumber.core.runtime.RethrowingThrowableCollector.executeAndThrow(RethrowingThrowableCollector.java:23)
at io.cucumber.core.runtime.CucumberExecutionContext.runTestCase(CucumberExecutionContext.java:130)
at io.cucumber.testng.TestNGCucumberRunner.runScenario(TestNGCucumberRunner.java:129)
at io.cucumber.testng.AbstractTestNGCucumberTests.runScenario(AbstractTestNGCucumberTests.java:35)
at java.base/jdk.internal.reflect.DirectMethodHandleAccessor.invoke(DirectMethodHandleAccessor.java:104)
at java.base/java.lang.reflect.Method.invoke(Method.java:578)
at org.testng.internal.MethodInvocationHelper.invokeMethod(MethodInvocationHelper.java:133)
at org.testng.internal.TestInvoker.invokeMethod(TestInvoker.java:598)
at org.testng.internal.TestInvoker.invokeTestMethod(TestInvoker.java:173)
at org.testng.internal.MethodRunner.runInSequence(MethodRunner.java:46)
at org.testng.internal.TestInvoker$MethodInvocationAgent.invoke(TestInvoker.java:824)
at org.testng.internal.TestInvoker.invokeTestMethods(TestInvoker.java:146)
at org.testng.internal.TestMethodWorker.invokeTestMethods(TestMethodWorker.java:146)
at org.testng.internal.TestMethodWorker.run(TestMethodWorker.java:128)
at java.base/java.util.ArrayList.forEach(ArrayList.java:1511)
at org.testng.TestRunner.privateRun(TestRunner.java:794)
at org.testng.TestRunner.run(TestRunner.java:596)
at org.testng.SuiteRunner.runTest(SuiteRunner.java:377)
at org.testng.SuiteRunner.runSequentially(SuiteRunner.java:371)
at org.testng.SuiteRunner.privateRun(SuiteRunner.java:332)
at org.testng.SuiteRunner.run(SuiteRunner.java:276)
at org.testng.SuiteRunnerWorker.runSuite(SuiteRunnerWorker.java:53)
at org.testng.SuiteRunnerWorker.run(SuiteRunnerWorker.java:96)
at org.testng.TestNG.runSuitesSequentially(TestNG.java:1212)
at org.testng.TestNG.runSuitesLocally(TestNG.java:1134)
at org.testng.TestNG.runSuites(TestNG.java:1063)
at org.testng.TestNG.run(TestNG.java:1031)
at org.testng.remote.AbstractRemoteTestNG.run(AbstractRemoteTestNG.java:115)
at org.testng.remote.RemoteTestNG.initAndRun(RemoteTestNG.java:251)
at org.testng.remote.RemoteTestNG.main(RemoteTestNG.java:77)
]]>
    </error>
  </testcase> <!-- runScenario -->
  <system-out/>
  <testcase classname="runnerfile.Testrunner" name="runScenario" time="0.230"/>
  <system-out/>
  <testcase classname="runnerfile.Testrunner" name="runScenario" time="0.004">
    <error message="Test name must not be null or empty" type="java.lang.IllegalArgumentException">
      <![CDATA[java.lang.IllegalArgumentException: Test name must not be null or empty
at com.aventstack.extentreports.util.Assert.notEmpty(Assert.java:12)
at com.aventstack.extentreports.ExtentTest.<init>(ExtentTest.java:96)
at com.aventstack.extentreports.ExtentTest.createNode(ExtentTest.java:153)
at com.aventstack.extentreports.cucumber.adapter.ExtentCucumberAdapter.createScenarioOutline(ExtentCucumberAdapter.java:374)
at com.aventstack.extentreports.cucumber.adapter.ExtentCucumberAdapter.handleScenarioOutline(ExtentCucumberAdapter.java:353)
at com.aventstack.extentreports.cucumber.adapter.ExtentCucumberAdapter.handleTestCaseStarted(ExtentCucumberAdapter.java:162)
at com.aventstack.extentreports.cucumber.adapter.ExtentCucumberAdapter.access$100(ExtentCucumberAdapter.java:63)
at com.aventstack.extentreports.cucumber.adapter.ExtentCucumberAdapter$3.receive(ExtentCucumberAdapter.java:107)
at com.aventstack.extentreports.cucumber.adapter.ExtentCucumberAdapter$3.receive(ExtentCucumberAdapter.java:104)
at io.cucumber.core.eventbus.AbstractEventPublisher.send(AbstractEventPublisher.java:51)
at io.cucumber.core.eventbus.AbstractEventBus.send(AbstractEventBus.java:12)
at io.cucumber.core.runtime.SynchronizedEventBus.send(SynchronizedEventBus.java:47)
at io.cucumber.core.runtime.ThreadLocalRunnerSupplier$LocalEventBus.send(ThreadLocalRunnerSupplier.java:62)
at io.cucumber.core.runner.TestCase.emitTestCaseStarted(TestCase.java:206)
at io.cucumber.core.runner.TestCase.run(TestCase.java:72)
at io.cucumber.core.runner.Runner.runPickle(Runner.java:75)
at io.cucumber.testng.TestNGCucumberRunner.lambda$runScenario$1(TestNGCucumberRunner.java:132)
at io.cucumber.core.runtime.CucumberExecutionContext.lambda$runTestCase$5(CucumberExecutionContext.java:130)
at io.cucumber.core.runtime.RethrowingThrowableCollector.executeAndThrow(RethrowingThrowableCollector.java:23)
at io.cucumber.core.runtime.CucumberExecutionContext.runTestCase(CucumberExecutionContext.java:130)
at io.cucumber.testng.TestNGCucumberRunner.runScenario(TestNGCucumberRunner.java:129)
at io.cucumber.testng.AbstractTestNGCucumberTests.runScenario(AbstractTestNGCucumberTests.java:35)
at java.base/jdk.internal.reflect.DirectMethodHandleAccessor.invoke(DirectMethodHandleAccessor.java:104)
at java.base/java.lang.reflect.Method.invoke(Method.java:578)
at org.testng.internal.MethodInvocationHelper.invokeMethod(MethodInvocationHelper.java:133)
at org.testng.internal.TestInvoker.invokeMethod(TestInvoker.java:598)
at org.testng.internal.TestInvoker.invokeTestMethod(TestInvoker.java:173)
at org.testng.internal.MethodRunner.runInSequence(MethodRunner.java:46)
at org.testng.internal.TestInvoker$MethodInvocationAgent.invoke(TestInvoker.java:824)
at org.testng.internal.TestInvoker.invokeTestMethods(TestInvoker.java:146)
at org.testng.internal.TestMethodWorker.invokeTestMethods(TestMethodWorker.java:146)
at org.testng.internal.TestMethodWorker.run(TestMethodWorker.java:128)
at java.base/java.util.ArrayList.forEach(ArrayList.java:1511)
at org.testng.TestRunner.privateRun(TestRunner.java:794)
at org.testng.TestRunner.run(TestRunner.java:596)
at org.testng.SuiteRunner.runTest(SuiteRunner.java:377)
at org.testng.SuiteRunner.runSequentially(SuiteRunner.java:371)
at org.testng.SuiteRunner.privateRun(SuiteRunner.java:332)
at org.testng.SuiteRunner.run(SuiteRunner.java:276)
at org.testng.SuiteRunnerWorker.runSuite(SuiteRunnerWorker.java:53)
at org.testng.SuiteRunnerWorker.run(SuiteRunnerWorker.java:96)
at org.testng.TestNG.runSuitesSequentially(TestNG.java:1212)
at org.testng.TestNG.runSuitesLocally(TestNG.java:1134)
at org.testng.TestNG.runSuites(TestNG.java:1063)
at org.testng.TestNG.run(TestNG.java:1031)
at org.testng.remote.AbstractRemoteTestNG.run(AbstractRemoteTestNG.java:115)
at org.testng.remote.RemoteTestNG.initAndRun(RemoteTestNG.java:251)
at org.testng.remote.RemoteTestNG.main(RemoteTestNG.java:77)
]]>
    </error>
  </testcase> <!-- runScenario -->
  <system-out/>
  <testcase classname="runnerfile.Testrunner" name="runScenario" time="0.010">
    <error message="Test name must not be null or empty" type="java.lang.IllegalArgumentException">
      <![CDATA[java.lang.IllegalArgumentException: Test name must not be null or empty
at com.aventstack.extentreports.util.Assert.notEmpty(Assert.java:12)
at com.aventstack.extentreports.ExtentTest.<init>(ExtentTest.java:96)
at com.aventstack.extentreports.ExtentTest.createNode(ExtentTest.java:153)
at com.aventstack.extentreports.cucumber.adapter.ExtentCucumberAdapter.createScenarioOutline(ExtentCucumberAdapter.java:374)
at com.aventstack.extentreports.cucumber.adapter.ExtentCucumberAdapter.handleScenarioOutline(ExtentCucumberAdapter.java:353)
at com.aventstack.extentreports.cucumber.adapter.ExtentCucumberAdapter.handleTestCaseStarted(ExtentCucumberAdapter.java:162)
at com.aventstack.extentreports.cucumber.adapter.ExtentCucumberAdapter.access$100(ExtentCucumberAdapter.java:63)
at com.aventstack.extentreports.cucumber.adapter.ExtentCucumberAdapter$3.receive(ExtentCucumberAdapter.java:107)
at com.aventstack.extentreports.cucumber.adapter.ExtentCucumberAdapter$3.receive(ExtentCucumberAdapter.java:104)
at io.cucumber.core.eventbus.AbstractEventPublisher.send(AbstractEventPublisher.java:51)
at io.cucumber.core.eventbus.AbstractEventBus.send(AbstractEventBus.java:12)
at io.cucumber.core.runtime.SynchronizedEventBus.send(SynchronizedEventBus.java:47)
at io.cucumber.core.runtime.ThreadLocalRunnerSupplier$LocalEventBus.send(ThreadLocalRunnerSupplier.java:62)
at io.cucumber.core.runner.TestCase.emitTestCaseStarted(TestCase.java:206)
at io.cucumber.core.runner.TestCase.run(TestCase.java:72)
at io.cucumber.core.runner.Runner.runPickle(Runner.java:75)
at io.cucumber.testng.TestNGCucumberRunner.lambda$runScenario$1(TestNGCucumberRunner.java:132)
at io.cucumber.core.runtime.CucumberExecutionContext.lambda$runTestCase$5(CucumberExecutionContext.java:130)
at io.cucumber.core.runtime.RethrowingThrowableCollector.executeAndThrow(RethrowingThrowableCollector.java:23)
at io.cucumber.core.runtime.CucumberExecutionContext.runTestCase(CucumberExecutionContext.java:130)
at io.cucumber.testng.TestNGCucumberRunner.runScenario(TestNGCucumberRunner.java:129)
at io.cucumber.testng.AbstractTestNGCucumberTests.runScenario(AbstractTestNGCucumberTests.java:35)
at java.base/jdk.internal.reflect.DirectMethodHandleAccessor.invoke(DirectMethodHandleAccessor.java:104)
at java.base/java.lang.reflect.Method.invoke(Method.java:578)
at org.testng.internal.MethodInvocationHelper.invokeMethod(MethodInvocationHelper.java:133)
at org.testng.internal.TestInvoker.invokeMethod(TestInvoker.java:598)
at org.testng.internal.TestInvoker.invokeTestMethod(TestInvoker.java:173)
at org.testng.internal.MethodRunner.runInSequence(MethodRunner.java:46)
at org.testng.internal.TestInvoker$MethodInvocationAgent.invoke(TestInvoker.java:824)
at org.testng.internal.TestInvoker.invokeTestMethods(TestInvoker.java:146)
at org.testng.internal.TestMethodWorker.invokeTestMethods(TestMethodWorker.java:146)
at org.testng.internal.TestMethodWorker.run(TestMethodWorker.java:128)
at java.base/java.util.ArrayList.forEach(ArrayList.java:1511)
at org.testng.TestRunner.privateRun(TestRunner.java:794)
at org.testng.TestRunner.run(TestRunner.java:596)
at org.testng.SuiteRunner.runTest(SuiteRunner.java:377)
at org.testng.SuiteRunner.runSequentially(SuiteRunner.java:371)
at org.testng.SuiteRunner.privateRun(SuiteRunner.java:332)
at org.testng.SuiteRunner.run(SuiteRunner.java:276)
at org.testng.SuiteRunnerWorker.runSuite(SuiteRunnerWorker.java:53)
at org.testng.SuiteRunnerWorker.run(SuiteRunnerWorker.java:96)
at org.testng.TestNG.runSuitesSequentially(TestNG.java:1212)
at org.testng.TestNG.runSuitesLocally(TestNG.java:1134)
at org.testng.TestNG.runSuites(TestNG.java:1063)
at org.testng.TestNG.run(TestNG.java:1031)
at org.testng.remote.AbstractRemoteTestNG.run(AbstractRemoteTestNG.java:115)
at org.testng.remote.RemoteTestNG.initAndRun(RemoteTestNG.java:251)
at org.testng.remote.RemoteTestNG.main(RemoteTestNG.java:77)
]]>
    </error>
  </testcase> <!-- runScenario -->
  <system-out/>
  <testcase classname="runnerfile.Testrunner" name="runScenario" time="0.304"/>
  <system-out/>
  <testcase classname="runnerfile.Testrunner" name="runScenario" time="0.003">
    <error message="Test name must not be null or empty" type="java.lang.IllegalArgumentException">
      <![CDATA[java.lang.IllegalArgumentException: Test name must not be null or empty
at com.aventstack.extentreports.util.Assert.notEmpty(Assert.java:12)
at com.aventstack.extentreports.ExtentTest.<init>(ExtentTest.java:96)
at com.aventstack.extentreports.ExtentTest.createNode(ExtentTest.java:153)
at com.aventstack.extentreports.cucumber.adapter.ExtentCucumberAdapter.createTestCase(ExtentCucumberAdapter.java:424)
at com.aventstack.extentreports.cucumber.adapter.ExtentCucumberAdapter.handleTestCaseStarted(ExtentCucumberAdapter.java:163)
at com.aventstack.extentreports.cucumber.adapter.ExtentCucumberAdapter.access$100(ExtentCucumberAdapter.java:63)
at com.aventstack.extentreports.cucumber.adapter.ExtentCucumberAdapter$3.receive(ExtentCucumberAdapter.java:107)
at com.aventstack.extentreports.cucumber.adapter.ExtentCucumberAdapter$3.receive(ExtentCucumberAdapter.java:104)
at io.cucumber.core.eventbus.AbstractEventPublisher.send(AbstractEventPublisher.java:51)
at io.cucumber.core.eventbus.AbstractEventBus.send(AbstractEventBus.java:12)
at io.cucumber.core.runtime.SynchronizedEventBus.send(SynchronizedEventBus.java:47)
at io.cucumber.core.runtime.ThreadLocalRunnerSupplier$LocalEventBus.send(ThreadLocalRunnerSupplier.java:62)
at io.cucumber.core.runner.TestCase.emitTestCaseStarted(TestCase.java:206)
at io.cucumber.core.runner.TestCase.run(TestCase.java:72)
at io.cucumber.core.runner.Runner.runPickle(Runner.java:75)
at io.cucumber.testng.TestNGCucumberRunner.lambda$runScenario$1(TestNGCucumberRunner.java:132)
at io.cucumber.core.runtime.CucumberExecutionContext.lambda$runTestCase$5(CucumberExecutionContext.java:130)
at io.cucumber.core.runtime.RethrowingThrowableCollector.executeAndThrow(RethrowingThrowableCollector.java:23)
at io.cucumber.core.runtime.CucumberExecutionContext.runTestCase(CucumberExecutionContext.java:130)
at io.cucumber.testng.TestNGCucumberRunner.runScenario(TestNGCucumberRunner.java:129)
at io.cucumber.testng.AbstractTestNGCucumberTests.runScenario(AbstractTestNGCucumberTests.java:35)
at java.base/jdk.internal.reflect.DirectMethodHandleAccessor.invoke(DirectMethodHandleAccessor.java:104)
at java.base/java.lang.reflect.Method.invoke(Method.java:578)
at org.testng.internal.MethodInvocationHelper.invokeMethod(MethodInvocationHelper.java:133)
at org.testng.internal.TestInvoker.invokeMethod(TestInvoker.java:598)
at org.testng.internal.TestInvoker.invokeTestMethod(TestInvoker.java:173)
at org.testng.internal.MethodRunner.runInSequence(MethodRunner.java:46)
at org.testng.internal.TestInvoker$MethodInvocationAgent.invoke(TestInvoker.java:824)
at org.testng.internal.TestInvoker.invokeTestMethods(TestInvoker.java:146)
at org.testng.internal.TestMethodWorker.invokeTestMethods(TestMethodWorker.java:146)
at org.testng.internal.TestMethodWorker.run(TestMethodWorker.java:128)
at java.base/java.util.ArrayList.forEach(ArrayList.java:1511)
at org.testng.TestRunner.privateRun(TestRunner.java:794)
at org.testng.TestRunner.run(TestRunner.java:596)
at org.testng.SuiteRunner.runTest(SuiteRunner.java:377)
at org.testng.SuiteRunner.runSequentially(SuiteRunner.java:371)
at org.testng.SuiteRunner.privateRun(SuiteRunner.java:332)
at org.testng.SuiteRunner.run(SuiteRunner.java:276)
at org.testng.SuiteRunnerWorker.runSuite(SuiteRunnerWorker.java:53)
at org.testng.SuiteRunnerWorker.run(SuiteRunnerWorker.java:96)
at org.testng.TestNG.runSuitesSequentially(TestNG.java:1212)
at org.testng.TestNG.runSuitesLocally(TestNG.java:1134)
at org.testng.TestNG.runSuites(TestNG.java:1063)
at org.testng.TestNG.run(TestNG.java:1031)
at org.testng.remote.AbstractRemoteTestNG.run(AbstractRemoteTestNG.java:115)
at org.testng.remote.RemoteTestNG.initAndRun(RemoteTestNG.java:251)
at org.testng.remote.RemoteTestNG.main(RemoteTestNG.java:77)
]]>
    </error>
  </testcase> <!-- runScenario -->
  <system-out/>
  <testcase classname="runnerfile.Testrunner" name="runScenario" time="0.357"/>
  <system-out/>
  <testcase classname="runnerfile.Testrunner" name="runScenario" time="0.337"/>
  <system-out/>
  <testcase classname="runnerfile.Testrunner" name="runScenario" time="0.003">
    <error message="Test name must not be null or empty" type="java.lang.IllegalArgumentException">
      <![CDATA[java.lang.IllegalArgumentException: Test name must not be null or empty
at com.aventstack.extentreports.util.Assert.notEmpty(Assert.java:12)
at com.aventstack.extentreports.ExtentTest.<init>(ExtentTest.java:96)
at com.aventstack.extentreports.ExtentTest.createNode(ExtentTest.java:153)
at com.aventstack.extentreports.cucumber.adapter.ExtentCucumberAdapter.createScenarioOutline(ExtentCucumberAdapter.java:374)
at com.aventstack.extentreports.cucumber.adapter.ExtentCucumberAdapter.handleScenarioOutline(ExtentCucumberAdapter.java:353)
at com.aventstack.extentreports.cucumber.adapter.ExtentCucumberAdapter.handleTestCaseStarted(ExtentCucumberAdapter.java:162)
at com.aventstack.extentreports.cucumber.adapter.ExtentCucumberAdapter.access$100(ExtentCucumberAdapter.java:63)
at com.aventstack.extentreports.cucumber.adapter.ExtentCucumberAdapter$3.receive(ExtentCucumberAdapter.java:107)
at com.aventstack.extentreports.cucumber.adapter.ExtentCucumberAdapter$3.receive(ExtentCucumberAdapter.java:104)
at io.cucumber.core.eventbus.AbstractEventPublisher.send(AbstractEventPublisher.java:51)
at io.cucumber.core.eventbus.AbstractEventBus.send(AbstractEventBus.java:12)
at io.cucumber.core.runtime.SynchronizedEventBus.send(SynchronizedEventBus.java:47)
at io.cucumber.core.runtime.ThreadLocalRunnerSupplier$LocalEventBus.send(ThreadLocalRunnerSupplier.java:62)
at io.cucumber.core.runner.TestCase.emitTestCaseStarted(TestCase.java:206)
at io.cucumber.core.runner.TestCase.run(TestCase.java:72)
at io.cucumber.core.runner.Runner.runPickle(Runner.java:75)
at io.cucumber.testng.TestNGCucumberRunner.lambda$runScenario$1(TestNGCucumberRunner.java:132)
at io.cucumber.core.runtime.CucumberExecutionContext.lambda$runTestCase$5(CucumberExecutionContext.java:130)
at io.cucumber.core.runtime.RethrowingThrowableCollector.executeAndThrow(RethrowingThrowableCollector.java:23)
at io.cucumber.core.runtime.CucumberExecutionContext.runTestCase(CucumberExecutionContext.java:130)
at io.cucumber.testng.TestNGCucumberRunner.runScenario(TestNGCucumberRunner.java:129)
at io.cucumber.testng.AbstractTestNGCucumberTests.runScenario(AbstractTestNGCucumberTests.java:35)
at java.base/jdk.internal.reflect.DirectMethodHandleAccessor.invoke(DirectMethodHandleAccessor.java:104)
at java.base/java.lang.reflect.Method.invoke(Method.java:578)
at org.testng.internal.MethodInvocationHelper.invokeMethod(MethodInvocationHelper.java:133)
at org.testng.internal.TestInvoker.invokeMethod(TestInvoker.java:598)
at org.testng.internal.TestInvoker.invokeTestMethod(TestInvoker.java:173)
at org.testng.internal.MethodRunner.runInSequence(MethodRunner.java:46)
at org.testng.internal.TestInvoker$MethodInvocationAgent.invoke(TestInvoker.java:824)
at org.testng.internal.TestInvoker.invokeTestMethods(TestInvoker.java:146)
at org.testng.internal.TestMethodWorker.invokeTestMethods(TestMethodWorker.java:146)
at org.testng.internal.TestMethodWorker.run(TestMethodWorker.java:128)
at java.base/java.util.ArrayList.forEach(ArrayList.java:1511)
at org.testng.TestRunner.privateRun(TestRunner.java:794)
at org.testng.TestRunner.run(TestRunner.java:596)
at org.testng.SuiteRunner.runTest(SuiteRunner.java:377)
at org.testng.SuiteRunner.runSequentially(SuiteRunner.java:371)
at org.testng.SuiteRunner.privateRun(SuiteRunner.java:332)
at org.testng.SuiteRunner.run(SuiteRunner.java:276)
at org.testng.SuiteRunnerWorker.runSuite(SuiteRunnerWorker.java:53)
at org.testng.SuiteRunnerWorker.run(SuiteRunnerWorker.java:96)
at org.testng.TestNG.runSuitesSequentially(TestNG.java:1212)
at org.testng.TestNG.runSuitesLocally(TestNG.java:1134)
at org.testng.TestNG.runSuites(TestNG.java:1063)
at org.testng.TestNG.run(TestNG.java:1031)
at org.testng.remote.AbstractRemoteTestNG.run(AbstractRemoteTestNG.java:115)
at org.testng.remote.RemoteTestNG.initAndRun(RemoteTestNG.java:251)
at org.testng.remote.RemoteTestNG.main(RemoteTestNG.java:77)
]]>
    </error>
  </testcase> <!-- runScenario -->
  <system-out/>
  <testcase classname="runnerfile.Testrunner" name="runScenario" time="0.290"/>
  <system-out/>
  <testcase classname="runnerfile.Testrunner" name="runScenario" time="0.005">
    <error message="Test name must not be null or empty" type="java.lang.IllegalArgumentException">
      <![CDATA[java.lang.IllegalArgumentException: Test name must not be null or empty
at com.aventstack.extentreports.util.Assert.notEmpty(Assert.java:12)
at com.aventstack.extentreports.ExtentTest.<init>(ExtentTest.java:96)
at com.aventstack.extentreports.ExtentTest.createNode(ExtentTest.java:153)
at com.aventstack.extentreports.cucumber.adapter.ExtentCucumberAdapter.createTestCase(ExtentCucumberAdapter.java:424)
at com.aventstack.extentreports.cucumber.adapter.ExtentCucumberAdapter.handleTestCaseStarted(ExtentCucumberAdapter.java:163)
at com.aventstack.extentreports.cucumber.adapter.ExtentCucumberAdapter.access$100(ExtentCucumberAdapter.java:63)
at com.aventstack.extentreports.cucumber.adapter.ExtentCucumberAdapter$3.receive(ExtentCucumberAdapter.java:107)
at com.aventstack.extentreports.cucumber.adapter.ExtentCucumberAdapter$3.receive(ExtentCucumberAdapter.java:104)
at io.cucumber.core.eventbus.AbstractEventPublisher.send(AbstractEventPublisher.java:51)
at io.cucumber.core.eventbus.AbstractEventBus.send(AbstractEventBus.java:12)
at io.cucumber.core.runtime.SynchronizedEventBus.send(SynchronizedEventBus.java:47)
at io.cucumber.core.runtime.ThreadLocalRunnerSupplier$LocalEventBus.send(ThreadLocalRunnerSupplier.java:62)
at io.cucumber.core.runner.TestCase.emitTestCaseStarted(TestCase.java:206)
at io.cucumber.core.runner.TestCase.run(TestCase.java:72)
at io.cucumber.core.runner.Runner.runPickle(Runner.java:75)
at io.cucumber.testng.TestNGCucumberRunner.lambda$runScenario$1(TestNGCucumberRunner.java:132)
at io.cucumber.core.runtime.CucumberExecutionContext.lambda$runTestCase$5(CucumberExecutionContext.java:130)
at io.cucumber.core.runtime.RethrowingThrowableCollector.executeAndThrow(RethrowingThrowableCollector.java:23)
at io.cucumber.core.runtime.CucumberExecutionContext.runTestCase(CucumberExecutionContext.java:130)
at io.cucumber.testng.TestNGCucumberRunner.runScenario(TestNGCucumberRunner.java:129)
at io.cucumber.testng.AbstractTestNGCucumberTests.runScenario(AbstractTestNGCucumberTests.java:35)
at java.base/jdk.internal.reflect.DirectMethodHandleAccessor.invoke(DirectMethodHandleAccessor.java:104)
at java.base/java.lang.reflect.Method.invoke(Method.java:578)
at org.testng.internal.MethodInvocationHelper.invokeMethod(MethodInvocationHelper.java:133)
at org.testng.internal.TestInvoker.invokeMethod(TestInvoker.java:598)
at org.testng.internal.TestInvoker.invokeTestMethod(TestInvoker.java:173)
at org.testng.internal.MethodRunner.runInSequence(MethodRunner.java:46)
at org.testng.internal.TestInvoker$MethodInvocationAgent.invoke(TestInvoker.java:824)
at org.testng.internal.TestInvoker.invokeTestMethods(TestInvoker.java:146)
at org.testng.internal.TestMethodWorker.invokeTestMethods(TestMethodWorker.java:146)
at org.testng.internal.TestMethodWorker.run(TestMethodWorker.java:128)
at java.base/java.util.ArrayList.forEach(ArrayList.java:1511)
at org.testng.TestRunner.privateRun(TestRunner.java:794)
at org.testng.TestRunner.run(TestRunner.java:596)
at org.testng.SuiteRunner.runTest(SuiteRunner.java:377)
at org.testng.SuiteRunner.runSequentially(SuiteRunner.java:371)
at org.testng.SuiteRunner.privateRun(SuiteRunner.java:332)
at org.testng.SuiteRunner.run(SuiteRunner.java:276)
at org.testng.SuiteRunnerWorker.runSuite(SuiteRunnerWorker.java:53)
at org.testng.SuiteRunnerWorker.run(SuiteRunnerWorker.java:96)
at org.testng.TestNG.runSuitesSequentially(TestNG.java:1212)
at org.testng.TestNG.runSuitesLocally(TestNG.java:1134)
at org.testng.TestNG.runSuites(TestNG.java:1063)
at org.testng.TestNG.run(TestNG.java:1031)
at org.testng.remote.AbstractRemoteTestNG.run(AbstractRemoteTestNG.java:115)
at org.testng.remote.RemoteTestNG.initAndRun(RemoteTestNG.java:251)
at org.testng.remote.RemoteTestNG.main(RemoteTestNG.java:77)
]]>
    </error>
  </testcase> <!-- runScenario -->
  <system-out/>
  <testcase classname="runnerfile.Testrunner" name="runScenario" time="0.225">
    <failure message="expected [200] but found [400]" type="java.lang.AssertionError">
      <![CDATA[java.lang.AssertionError: expected [200] but found [400]
at org.testng.Assert.fail(Assert.java:99)
at org.testng.Assert.failNotEquals(Assert.java:1037)
at org.testng.Assert.assertEqualsImpl(Assert.java:140)
at org.testng.Assert.assertEquals(Assert.java:122)
at org.testng.Assert.assertEquals(Assert.java:907)
at org.testng.Assert.assertEquals(Assert.java:917)
at api.test.AssignmentTests.verify_delete_status(AssignmentTests.java:208)
at stepdefinitions.AssignmentPositiveScenarios_SD.Assignment_gets_deleted(AssignmentPositiveScenarios_SD.java:89)
at âœ½.Assignment gets deleted(file:///C:/Users/sreej/eclipse-NumpyNinja/APITrekkers-Team13/src/test/resources/Features/06Delete.feature:19)
]]>
    </failure>
  </testcase> <!-- runScenario -->
  <system-out/>
  <testcase classname="runnerfile.Testrunner" name="runScenario" time="0.008">
    <error message="Test name must not be null or empty" type="java.lang.IllegalArgumentException">
      <![CDATA[java.lang.IllegalArgumentException: Test name must not be null or empty
at com.aventstack.extentreports.util.Assert.notEmpty(Assert.java:12)
at com.aventstack.extentreports.ExtentTest.<init>(ExtentTest.java:96)
at com.aventstack.extentreports.ExtentTest.createNode(ExtentTest.java:153)
at com.aventstack.extentreports.cucumber.adapter.ExtentCucumberAdapter.createScenarioOutline(ExtentCucumberAdapter.java:374)
at com.aventstack.extentreports.cucumber.adapter.ExtentCucumberAdapter.handleScenarioOutline(ExtentCucumberAdapter.java:353)
at com.aventstack.extentreports.cucumber.adapter.ExtentCucumberAdapter.handleTestCaseStarted(ExtentCucumberAdapter.java:162)
at com.aventstack.extentreports.cucumber.adapter.ExtentCucumberAdapter.access$100(ExtentCucumberAdapter.java:63)
at com.aventstack.extentreports.cucumber.adapter.ExtentCucumberAdapter$3.receive(ExtentCucumberAdapter.java:107)
at com.aventstack.extentreports.cucumber.adapter.ExtentCucumberAdapter$3.receive(ExtentCucumberAdapter.java:104)
at io.cucumber.core.eventbus.AbstractEventPublisher.send(AbstractEventPublisher.java:51)
at io.cucumber.core.eventbus.AbstractEventBus.send(AbstractEventBus.java:12)
at io.cucumber.core.runtime.SynchronizedEventBus.send(SynchronizedEventBus.java:47)
at io.cucumber.core.runtime.ThreadLocalRunnerSupplier$LocalEventBus.send(ThreadLocalRunnerSupplier.java:62)
at io.cucumber.core.runner.TestCase.emitTestCaseStarted(TestCase.java:206)
at io.cucumber.core.runner.TestCase.run(TestCase.java:72)
at io.cucumber.core.runner.Runner.runPickle(Runner.java:75)
at io.cucumber.testng.TestNGCucumberRunner.lambda$runScenario$1(TestNGCucumberRunner.java:132)
at io.cucumber.core.runtime.CucumberExecutionContext.lambda$runTestCase$5(CucumberExecutionContext.java:130)
at io.cucumber.core.runtime.RethrowingThrowableCollector.executeAndThrow(RethrowingThrowableCollector.java:23)
at io.cucumber.core.runtime.CucumberExecutionContext.runTestCase(CucumberExecutionContext.java:130)
at io.cucumber.testng.TestNGCucumberRunner.runScenario(TestNGCucumberRunner.java:129)
at io.cucumber.testng.AbstractTestNGCucumberTests.runScenario(AbstractTestNGCucumberTests.java:35)
at java.base/jdk.internal.reflect.DirectMethodHandleAccessor.invoke(DirectMethodHandleAccessor.java:104)
at java.base/java.lang.reflect.Method.invoke(Method.java:578)
at org.testng.internal.MethodInvocationHelper.invokeMethod(MethodInvocationHelper.java:133)
at org.testng.internal.TestInvoker.invokeMethod(TestInvoker.java:598)
at org.testng.internal.TestInvoker.invokeTestMethod(TestInvoker.java:173)
at org.testng.internal.MethodRunner.runInSequence(MethodRunner.java:46)
at org.testng.internal.TestInvoker$MethodInvocationAgent.invoke(TestInvoker.java:824)
at org.testng.internal.TestInvoker.invokeTestMethods(TestInvoker.java:146)
at org.testng.internal.TestMethodWorker.invokeTestMethods(TestMethodWorker.java:146)
at org.testng.internal.TestMethodWorker.run(TestMethodWorker.java:128)
at java.base/java.util.ArrayList.forEach(ArrayList.java:1511)
at org.testng.TestRunner.privateRun(TestRunner.java:794)
at org.testng.TestRunner.run(TestRunner.java:596)
at org.testng.SuiteRunner.runTest(SuiteRunner.java:377)
at org.testng.SuiteRunner.runSequentially(SuiteRunner.java:371)
at org.testng.SuiteRunner.privateRun(SuiteRunner.java:332)
at org.testng.SuiteRunner.run(SuiteRunner.java:276)
at org.testng.SuiteRunnerWorker.runSuite(SuiteRunnerWorker.java:53)
at org.testng.SuiteRunnerWorker.run(SuiteRunnerWorker.java:96)
at org.testng.TestNG.runSuitesSequentially(TestNG.java:1212)
at org.testng.TestNG.runSuitesLocally(TestNG.java:1134)
at org.testng.TestNG.runSuites(TestNG.java:1063)
at org.testng.TestNG.run(TestNG.java:1031)
at org.testng.remote.AbstractRemoteTestNG.run(AbstractRemoteTestNG.java:115)
at org.testng.remote.RemoteTestNG.initAndRun(RemoteTestNG.java:251)
at org.testng.remote.RemoteTestNG.main(RemoteTestNG.java:77)
]]>
    </error>
  </testcase> <!-- runScenario -->
  <system-out/>
  <testcase classname="runnerfile.Testrunner" name="runScenario" time="0.003">
    <error message="Test name must not be null or empty" type="java.lang.IllegalArgumentException">
      <![CDATA[java.lang.IllegalArgumentException: Test name must not be null or empty
at com.aventstack.extentreports.util.Assert.notEmpty(Assert.java:12)
at com.aventstack.extentreports.ExtentTest.<init>(ExtentTest.java:96)
at com.aventstack.extentreports.ExtentTest.createNode(ExtentTest.java:153)
at com.aventstack.extentreports.cucumber.adapter.ExtentCucumberAdapter.createTestCase(ExtentCucumberAdapter.java:424)
at com.aventstack.extentreports.cucumber.adapter.ExtentCucumberAdapter.handleTestCaseStarted(ExtentCucumberAdapter.java:163)
at com.aventstack.extentreports.cucumber.adapter.ExtentCucumberAdapter.access$100(ExtentCucumberAdapter.java:63)
at com.aventstack.extentreports.cucumber.adapter.ExtentCucumberAdapter$3.receive(ExtentCucumberAdapter.java:107)
at com.aventstack.extentreports.cucumber.adapter.ExtentCucumberAdapter$3.receive(ExtentCucumberAdapter.java:104)
at io.cucumber.core.eventbus.AbstractEventPublisher.send(AbstractEventPublisher.java:51)
at io.cucumber.core.eventbus.AbstractEventBus.send(AbstractEventBus.java:12)
at io.cucumber.core.runtime.SynchronizedEventBus.send(SynchronizedEventBus.java:47)
at io.cucumber.core.runtime.ThreadLocalRunnerSupplier$LocalEventBus.send(ThreadLocalRunnerSupplier.java:62)
at io.cucumber.core.runner.TestCase.emitTestCaseStarted(TestCase.java:206)
at io.cucumber.core.runner.TestCase.run(TestCase.java:72)
at io.cucumber.core.runner.Runner.runPickle(Runner.java:75)
at io.cucumber.testng.TestNGCucumberRunner.lambda$runScenario$1(TestNGCucumberRunner.java:132)
at io.cucumber.core.runtime.CucumberExecutionContext.lambda$runTestCase$5(CucumberExecutionContext.java:130)
at io.cucumber.core.runtime.RethrowingThrowableCollector.executeAndThrow(RethrowingThrowableCollector.java:23)
at io.cucumber.core.runtime.CucumberExecutionContext.runTestCase(CucumberExecutionContext.java:130)
at io.cucumber.testng.TestNGCucumberRunner.runScenario(TestNGCucumberRunner.java:129)
at io.cucumber.testng.AbstractTestNGCucumberTests.runScenario(AbstractTestNGCucumberTests.java:35)
at java.base/jdk.internal.reflect.DirectMethodHandleAccessor.invoke(DirectMethodHandleAccessor.java:104)
at java.base/java.lang.reflect.Method.invoke(Method.java:578)
at org.testng.internal.MethodInvocationHelper.invokeMethod(MethodInvocationHelper.java:133)
at org.testng.internal.TestInvoker.invokeMethod(TestInvoker.java:598)
at org.testng.internal.TestInvoker.invokeTestMethod(TestInvoker.java:173)
at org.testng.internal.MethodRunner.runInSequence(MethodRunner.java:46)
at org.testng.internal.TestInvoker$MethodInvocationAgent.invoke(TestInvoker.java:824)
at org.testng.internal.TestInvoker.invokeTestMethods(TestInvoker.java:146)
at org.testng.internal.TestMethodWorker.invokeTestMethods(TestMethodWorker.java:146)
at org.testng.internal.TestMethodWorker.run(TestMethodWorker.java:128)
at java.base/java.util.ArrayList.forEach(ArrayList.java:1511)
at org.testng.TestRunner.privateRun(TestRunner.java:794)
at org.testng.TestRunner.run(TestRunner.java:596)
at org.testng.SuiteRunner.runTest(SuiteRunner.java:377)
at org.testng.SuiteRunner.runSequentially(SuiteRunner.java:371)
at org.testng.SuiteRunner.privateRun(SuiteRunner.java:332)
at org.testng.SuiteRunner.run(SuiteRunner.java:276)
at org.testng.SuiteRunnerWorker.runSuite(SuiteRunnerWorker.java:53)
at org.testng.SuiteRunnerWorker.run(SuiteRunnerWorker.java:96)
at org.testng.TestNG.runSuitesSequentially(TestNG.java:1212)
at org.testng.TestNG.runSuitesLocally(TestNG.java:1134)
at org.testng.TestNG.runSuites(TestNG.java:1063)
at org.testng.TestNG.run(TestNG.java:1031)
at org.testng.remote.AbstractRemoteTestNG.run(AbstractRemoteTestNG.java:115)
at org.testng.remote.RemoteTestNG.initAndRun(RemoteTestNG.java:251)
at org.testng.remote.RemoteTestNG.main(RemoteTestNG.java:77)
]]>
    </error>
  </testcase> <!-- runScenario -->
  <system-out/>
  <testcase classname="runnerfile.Testrunner" name="runScenario" time="0.005">
    <error message="Test name must not be null or empty" type="java.lang.IllegalArgumentException">
      <![CDATA[java.lang.IllegalArgumentException: Test name must not be null or empty
at com.aventstack.extentreports.util.Assert.notEmpty(Assert.java:12)
at com.aventstack.extentreports.ExtentTest.<init>(ExtentTest.java:96)
at com.aventstack.extentreports.ExtentTest.createNode(ExtentTest.java:153)
at com.aventstack.extentreports.cucumber.adapter.ExtentCucumberAdapter.createScenarioOutline(ExtentCucumberAdapter.java:374)
at com.aventstack.extentreports.cucumber.adapter.ExtentCucumberAdapter.handleScenarioOutline(ExtentCucumberAdapter.java:353)
at com.aventstack.extentreports.cucumber.adapter.ExtentCucumberAdapter.handleTestCaseStarted(ExtentCucumberAdapter.java:162)
at com.aventstack.extentreports.cucumber.adapter.ExtentCucumberAdapter.access$100(ExtentCucumberAdapter.java:63)
at com.aventstack.extentreports.cucumber.adapter.ExtentCucumberAdapter$3.receive(ExtentCucumberAdapter.java:107)
at com.aventstack.extentreports.cucumber.adapter.ExtentCucumberAdapter$3.receive(ExtentCucumberAdapter.java:104)
at io.cucumber.core.eventbus.AbstractEventPublisher.send(AbstractEventPublisher.java:51)
at io.cucumber.core.eventbus.AbstractEventBus.send(AbstractEventBus.java:12)
at io.cucumber.core.runtime.SynchronizedEventBus.send(SynchronizedEventBus.java:47)
at io.cucumber.core.runtime.ThreadLocalRunnerSupplier$LocalEventBus.send(ThreadLocalRunnerSupplier.java:62)
at io.cucumber.core.runner.TestCase.emitTestCaseStarted(TestCase.java:206)
at io.cucumber.core.runner.TestCase.run(TestCase.java:72)
at io.cucumber.core.runner.Runner.runPickle(Runner.java:75)
at io.cucumber.testng.TestNGCucumberRunner.lambda$runScenario$1(TestNGCucumberRunner.java:132)
at io.cucumber.core.runtime.CucumberExecutionContext.lambda$runTestCase$5(CucumberExecutionContext.java:130)
at io.cucumber.core.runtime.RethrowingThrowableCollector.executeAndThrow(RethrowingThrowableCollector.java:23)
at io.cucumber.core.runtime.CucumberExecutionContext.runTestCase(CucumberExecutionContext.java:130)
at io.cucumber.testng.TestNGCucumberRunner.runScenario(TestNGCucumberRunner.java:129)
at io.cucumber.testng.AbstractTestNGCucumberTests.runScenario(AbstractTestNGCucumberTests.java:35)
at java.base/jdk.internal.reflect.DirectMethodHandleAccessor.invoke(DirectMethodHandleAccessor.java:104)
at java.base/java.lang.reflect.Method.invoke(Method.java:578)
at org.testng.internal.MethodInvocationHelper.invokeMethod(MethodInvocationHelper.java:133)
at org.testng.internal.TestInvoker.invokeMethod(TestInvoker.java:598)
at org.testng.internal.TestInvoker.invokeTestMethod(TestInvoker.java:173)
at org.testng.internal.MethodRunner.runInSequence(MethodRunner.java:46)
at org.testng.internal.TestInvoker$MethodInvocationAgent.invoke(TestInvoker.java:824)
at org.testng.internal.TestInvoker.invokeTestMethods(TestInvoker.java:146)
at org.testng.internal.TestMethodWorker.invokeTestMethods(TestMethodWorker.java:146)
at org.testng.internal.TestMethodWorker.run(TestMethodWorker.java:128)
at java.base/java.util.ArrayList.forEach(ArrayList.java:1511)
at org.testng.TestRunner.privateRun(TestRunner.java:794)
at org.testng.TestRunner.run(TestRunner.java:596)
at org.testng.SuiteRunner.runTest(SuiteRunner.java:377)
at org.testng.SuiteRunner.runSequentially(SuiteRunner.java:371)
at org.testng.SuiteRunner.privateRun(SuiteRunner.java:332)
at org.testng.SuiteRunner.run(SuiteRunner.java:276)
at org.testng.SuiteRunnerWorker.runSuite(SuiteRunnerWorker.java:53)
at org.testng.SuiteRunnerWorker.run(SuiteRunnerWorker.java:96)
at org.testng.TestNG.runSuitesSequentially(TestNG.java:1212)
at org.testng.TestNG.runSuitesLocally(TestNG.java:1134)
at org.testng.TestNG.runSuites(TestNG.java:1063)
at org.testng.TestNG.run(TestNG.java:1031)
at org.testng.remote.AbstractRemoteTestNG.run(AbstractRemoteTestNG.java:115)
at org.testng.remote.RemoteTestNG.initAndRun(RemoteTestNG.java:251)
at org.testng.remote.RemoteTestNG.main(RemoteTestNG.java:77)
]]>
    </error>
  </testcase> <!-- runScenario -->
  <system-out/>
  <testcase classname="runnerfile.Testrunner" name="runScenario" time="0.020">
    <error message="parameterValue cannot be null" type="java.lang.IllegalArgumentException">
      <![CDATA[java.lang.IllegalArgumentException: parameterValue cannot be null
at java.base/jdk.internal.reflect.DirectConstructorHandleAccessor.newInstance(DirectConstructorHandleAccessor.java:67)
at java.base/java.lang.reflect.Constructor.newInstanceWithCaller(Constructor.java:500)
at java.base/java.lang.reflect.Constructor.newInstance(Constructor.java:484)
at org.codehaus.groovy.reflection.CachedConstructor.invoke(CachedConstructor.java:73)
at org.codehaus.groovy.reflection.CachedConstructor.doConstructorInvoke(CachedConstructor.java:60)
at org.codehaus.groovy.runtime.callsite.ConstructorSite$ConstructorSiteNoUnwrap.callConstructor(ConstructorSite.java:86)
at org.codehaus.groovy.runtime.callsite.CallSiteArray.defaultCallConstructor(CallSiteArray.java:57)
at org.codehaus.groovy.runtime.callsite.AbstractCallSite.callConstructor(AbstractCallSite.java:263)
at org.codehaus.groovy.runtime.callsite.AbstractCallSite.callConstructor(AbstractCallSite.java:277)
at io.restassured.internal.common.assertion.AssertParameter.notNull(AssertParameter.groovy:26)
at io.restassured.internal.common.assertion.AssertParameter$notNull.callStatic(Unknown Source)
at org.codehaus.groovy.runtime.callsite.CallSiteArray.defaultCallStatic(CallSiteArray.java:53)
at io.restassured.internal.common.assertion.AssertParameter$notNull.callStatic(Unknown Source)
at io.restassured.internal.RequestSpecificationImpl.pathParam(RequestSpecificationImpl.groovy:515)
at stepdefinitions.Positive_program_sd.we_send_put_url_by_name(Positive_program_sd.java:340)
at âœ½.we send put url By Name(file:///C:/Users/sreej/eclipse-NumpyNinja/APITrekkers-Team13/src/test/resources/Features/01ProgramPositive.feature:30)
]]>
    </error>
  </testcase> <!-- runScenario -->
  <system-out/>
  <testcase classname="runnerfile.Testrunner" name="runScenario" time="0.655"/>
  <system-out/>
  <testcase classname="runnerfile.Testrunner" name="runScenario" time="0.006">
    <error message="Test name must not be null or empty" type="java.lang.IllegalArgumentException">
      <![CDATA[java.lang.IllegalArgumentException: Test name must not be null or empty
at com.aventstack.extentreports.util.Assert.notEmpty(Assert.java:12)
at com.aventstack.extentreports.ExtentTest.<init>(ExtentTest.java:96)
at com.aventstack.extentreports.ExtentTest.createNode(ExtentTest.java:153)
at com.aventstack.extentreports.cucumber.adapter.ExtentCucumberAdapter.createScenarioOutline(ExtentCucumberAdapter.java:374)
at com.aventstack.extentreports.cucumber.adapter.ExtentCucumberAdapter.handleScenarioOutline(ExtentCucumberAdapter.java:353)
at com.aventstack.extentreports.cucumber.adapter.ExtentCucumberAdapter.handleTestCaseStarted(ExtentCucumberAdapter.java:162)
at com.aventstack.extentreports.cucumber.adapter.ExtentCucumberAdapter.access$100(ExtentCucumberAdapter.java:63)
at com.aventstack.extentreports.cucumber.adapter.ExtentCucumberAdapter$3.receive(ExtentCucumberAdapter.java:107)
at com.aventstack.extentreports.cucumber.adapter.ExtentCucumberAdapter$3.receive(ExtentCucumberAdapter.java:104)
at io.cucumber.core.eventbus.AbstractEventPublisher.send(AbstractEventPublisher.java:51)
at io.cucumber.core.eventbus.AbstractEventBus.send(AbstractEventBus.java:12)
at io.cucumber.core.runtime.SynchronizedEventBus.send(SynchronizedEventBus.java:47)
at io.cucumber.core.runtime.ThreadLocalRunnerSupplier$LocalEventBus.send(ThreadLocalRunnerSupplier.java:62)
at io.cucumber.core.runner.TestCase.emitTestCaseStarted(TestCase.java:206)
at io.cucumber.core.runner.TestCase.run(TestCase.java:72)
at io.cucumber.core.runner.Runner.runPickle(Runner.java:75)
at io.cucumber.testng.TestNGCucumberRunner.lambda$runScenario$1(TestNGCucumberRunner.java:132)
at io.cucumber.core.runtime.CucumberExecutionContext.lambda$runTestCase$5(CucumberExecutionContext.java:130)
at io.cucumber.core.runtime.RethrowingThrowableCollector.executeAndThrow(RethrowingThrowableCollector.java:23)
at io.cucumber.core.runtime.CucumberExecutionContext.runTestCase(CucumberExecutionContext.java:130)
at io.cucumber.testng.TestNGCucumberRunner.runScenario(TestNGCucumberRunner.java:129)
at io.cucumber.testng.AbstractTestNGCucumberTests.runScenario(AbstractTestNGCucumberTests.java:35)
at java.base/jdk.internal.reflect.DirectMethodHandleAccessor.invoke(DirectMethodHandleAccessor.java:104)
at java.base/java.lang.reflect.Method.invoke(Method.java:578)
at org.testng.internal.MethodInvocationHelper.invokeMethod(MethodInvocationHelper.java:133)
at org.testng.internal.TestInvoker.invokeMethod(TestInvoker.java:598)
at org.testng.internal.TestInvoker.invokeTestMethod(TestInvoker.java:173)
at org.testng.internal.MethodRunner.runInSequence(MethodRunner.java:46)
at org.testng.internal.TestInvoker$MethodInvocationAgent.invoke(TestInvoker.java:824)
at org.testng.internal.TestInvoker.invokeTestMethods(TestInvoker.java:146)
at org.testng.internal.TestMethodWorker.invokeTestMethods(TestMethodWorker.java:146)
at org.testng.internal.TestMethodWorker.run(TestMethodWorker.java:128)
at java.base/java.util.ArrayList.forEach(ArrayList.java:1511)
at org.testng.TestRunner.privateRun(TestRunner.java:794)
at org.testng.TestRunner.run(TestRunner.java:596)
at org.testng.SuiteRunner.runTest(SuiteRunner.java:377)
at org.testng.SuiteRunner.runSequentially(SuiteRunner.java:371)
at org.testng.SuiteRunner.privateRun(SuiteRunner.java:332)
at org.testng.SuiteRunner.run(SuiteRunner.java:276)
at org.testng.SuiteRunnerWorker.runSuite(SuiteRunnerWorker.java:53)
at org.testng.SuiteRunnerWorker.run(SuiteRunnerWorker.java:96)
at org.testng.TestNG.runSuitesSequentially(TestNG.java:1212)
at org.testng.TestNG.runSuitesLocally(TestNG.java:1134)
at org.testng.TestNG.runSuites(TestNG.java:1063)
at org.testng.TestNG.run(TestNG.java:1031)
at org.testng.remote.AbstractRemoteTestNG.run(AbstractRemoteTestNG.java:115)
at org.testng.remote.RemoteTestNG.initAndRun(RemoteTestNG.java:251)
at org.testng.remote.RemoteTestNG.main(RemoteTestNG.java:77)
]]>
    </error>
  </testcase> <!-- runScenario -->
  <system-out/>
  <testcase classname="runnerfile.Testrunner" name="runScenario" time="0.003">
    <error message="Test name must not be null or empty" type="java.lang.IllegalArgumentException">
      <![CDATA[java.lang.IllegalArgumentException: Test name must not be null or empty
at com.aventstack.extentreports.util.Assert.notEmpty(Assert.java:12)
at com.aventstack.extentreports.ExtentTest.<init>(ExtentTest.java:96)
at com.aventstack.extentreports.ExtentTest.createNode(ExtentTest.java:153)
at com.aventstack.extentreports.cucumber.adapter.ExtentCucumberAdapter.createTestCase(ExtentCucumberAdapter.java:424)
at com.aventstack.extentreports.cucumber.adapter.ExtentCucumberAdapter.handleTestCaseStarted(ExtentCucumberAdapter.java:163)
at com.aventstack.extentreports.cucumber.adapter.ExtentCucumberAdapter.access$100(ExtentCucumberAdapter.java:63)
at com.aventstack.extentreports.cucumber.adapter.ExtentCucumberAdapter$3.receive(ExtentCucumberAdapter.java:107)
at com.aventstack.extentreports.cucumber.adapter.ExtentCucumberAdapter$3.receive(ExtentCucumberAdapter.java:104)
at io.cucumber.core.eventbus.AbstractEventPublisher.send(AbstractEventPublisher.java:51)
at io.cucumber.core.eventbus.AbstractEventBus.send(AbstractEventBus.java:12)
at io.cucumber.core.runtime.SynchronizedEventBus.send(SynchronizedEventBus.java:47)
at io.cucumber.core.runtime.ThreadLocalRunnerSupplier$LocalEventBus.send(ThreadLocalRunnerSupplier.java:62)
at io.cucumber.core.runner.TestCase.emitTestCaseStarted(TestCase.java:206)
at io.cucumber.core.runner.TestCase.run(TestCase.java:72)
at io.cucumber.core.runner.Runner.runPickle(Runner.java:75)
at io.cucumber.testng.TestNGCucumberRunner.lambda$runScenario$1(TestNGCucumberRunner.java:132)
at io.cucumber.core.runtime.CucumberExecutionContext.lambda$runTestCase$5(CucumberExecutionContext.java:130)
at io.cucumber.core.runtime.RethrowingThrowableCollector.executeAndThrow(RethrowingThrowableCollector.java:23)
at io.cucumber.core.runtime.CucumberExecutionContext.runTestCase(CucumberExecutionContext.java:130)
at io.cucumber.testng.TestNGCucumberRunner.runScenario(TestNGCucumberRunner.java:129)
at io.cucumber.testng.AbstractTestNGCucumberTests.runScenario(AbstractTestNGCucumberTests.java:35)
at java.base/jdk.internal.reflect.DirectMethodHandleAccessor.invoke(DirectMethodHandleAccessor.java:104)
at java.base/java.lang.reflect.Method.invoke(Method.java:578)
at org.testng.internal.MethodInvocationHelper.invokeMethod(MethodInvocationHelper.java:133)
at org.testng.internal.TestInvoker.invokeMethod(TestInvoker.java:598)
at org.testng.internal.TestInvoker.invokeTestMethod(TestInvoker.java:173)
at org.testng.internal.MethodRunner.runInSequence(MethodRunner.java:46)
at org.testng.internal.TestInvoker$MethodInvocationAgent.invoke(TestInvoker.java:824)
at org.testng.internal.TestInvoker.invokeTestMethods(TestInvoker.java:146)
at org.testng.internal.TestMethodWorker.invokeTestMethods(TestMethodWorker.java:146)
at org.testng.internal.TestMethodWorker.run(TestMethodWorker.java:128)
at java.base/java.util.ArrayList.forEach(ArrayList.java:1511)
at org.testng.TestRunner.privateRun(TestRunner.java:794)
at org.testng.TestRunner.run(TestRunner.java:596)
at org.testng.SuiteRunner.runTest(SuiteRunner.java:377)
at org.testng.SuiteRunner.runSequentially(SuiteRunner.java:371)
at org.testng.SuiteRunner.privateRun(SuiteRunner.java:332)
at org.testng.SuiteRunner.run(SuiteRunner.java:276)
at org.testng.SuiteRunnerWorker.runSuite(SuiteRunnerWorker.java:53)
at org.testng.SuiteRunnerWorker.run(SuiteRunnerWorker.java:96)
at org.testng.TestNG.runSuitesSequentially(TestNG.java:1212)
at org.testng.TestNG.runSuitesLocally(TestNG.java:1134)
at org.testng.TestNG.runSuites(TestNG.java:1063)
at org.testng.TestNG.run(TestNG.java:1031)
at org.testng.remote.AbstractRemoteTestNG.run(AbstractRemoteTestNG.java:115)
at org.testng.remote.RemoteTestNG.initAndRun(RemoteTestNG.java:251)
at org.testng.remote.RemoteTestNG.main(RemoteTestNG.java:77)
]]>
    </error>
  </testcase> <!-- runScenario -->
  <system-out/>
  <testcase classname="runnerfile.Testrunner" name="runScenario" time="0.749">
    <failure message="1 expectation failed.
Response body doesn&#039;t match expectation.
Expected: The content to match the given JSON schema.
error: instance type (array) does not match any allowed primitive type (allowed: [&quot;object&quot;])
    level: &quot;error&quot;
    schema: {&quot;loadingURI&quot;:&quot;file:/C:/Users/sreej/eclipse-NumpyNinja/APITrekkers-Team13/target/test-classes/assignmentsubschema.json#&quot;,&quot;pointer&quot;:&quot;/definitions/Welcome6&quot;}
    instance: {&quot;pointer&quot;:&quot;&quot;}
    domain: &quot;validation&quot;
    keyword: &quot;type&quot;
    found: &quot;array&quot;
    expected: [&quot;object&quot;]

  Actual: [{&quot;submissionId&quot;:1492,&quot;assignmentId&quot;:3929,&quot;userId&quot;:&quot;U9349&quot;,&quot;subDesc&quot;:&quot;MyAssignment&quot;,&quot;subComments&quot;:&quot;Completed&quot;,&quot;subPathAttach1&quot;:&quot;Test1&quot;,&quot;subPathAttach2&quot;:&quot;Test2&quot;,&quot;subPathAttach3&quot;:&quot;Test3&quot;,&quot;subPathAttach4&quot;:&quot;Test4&quot;,&quot;subPathAttach5&quot;:&quot;Test5&quot;,&quot;subDateTime&quot;:&quot;07-25-2023 17:15:11&quot;,&quot;gradedBy&quot;:null,&quot;gradedDateTime&quot;:null,&quot;grade&quot;:-1},{&quot;submissionId&quot;:1493,&quot;assignmentId&quot;:3932,&quot;userId&quot;:&quot;U9353&quot;,&quot;subDesc&quot;:&quot;MyAssignment&quot;,&quot;subComments&quot;:&quot;Completed&quot;,&quot;subPathAttach1&quot;:&quot;Test1&quot;,&quot;subPathAttach2&quot;:&quot;Test2&quot;,&quot;subPathAttach3&quot;:&quot;Test3&quot;,&quot;subPathAttach4&quot;:&quot;Test4&quot;,&quot;subPathAttach5&quot;:&quot;Test5&quot;,&quot;subDateTime&quot;:&quot;07-25-2023 17:18:23&quot;,&quot;gradedBy&quot;:null,&quot;gradedDateTime&quot;:null,&quot;grade&quot;:-1},{&quot;submissionId&quot;:1245,&quot;assignmentId&quot;:3438,&quot;userId&quot;:&quot;U7900&quot;,&quot;subDesc&quot;:&quot;MyAssignment&quot;,&quot;subComments&quot;:&quot;Completed&quot;,&quot;subPathAttach1&quot;:&quot;Test1&quot;,&quot;subPathAttach2&quot;:&quot;Test2&quot;,&quot;subPathAttach3&quot;:&quot;Test3&quot;,&quot;subPathAttach4&quot;:&quot;Test4&quot;,&quot;subPathAttach5&quot;:&quot;Test5&quot;,&quot;subDateTime&quot;:&quot;07-24-2023 02:56:52&quot;,&quot;gradedBy&quot;:null,&quot;gradedDateTime&quot;:null,&quot;grade&quot;:-1},{&quot;submissionId&quot;:1426,&quot;assignmentId&quot;:3697,&quot;userId&quot;:&quot;U9016&quot;,&quot;subDesc&quot;:&quot;MyAssignment&quot;,&quot;subComments&quot;:&quot;Completed&quot;,&quot;subPathAttach1&quot;:&quot;Test1&quot;,&quot;subPathAttach2&quot;:&quot;Test2&quot;,&quot;subPathAttach3&quot;:&quot;Test3&quot;,&quot;subPathAttach4&quot;:&quot;Test4&quot;,&quot;subPathAttach5&quot;:&quot;Test5&quot;,&quot;subDateTime&quot;:&quot;07-25-2023 02:25:53&quot;,&quot;gradedBy&quot;:null,&quot;gradedDateTime&quot;:null,&quot;grade&quot;:-1},{&quot;submissionId&quot;:1430,&quot;assignmentId&quot;:3742,&quot;userId&quot;:&quot;U9037&quot;,&quot;subDesc&quot;:&quot;Assignment submitted&quot;,&quot;subComments&quot;:&quot;completed&quot;,&quot;subPathAttach1&quot;:&quot;file1.json&quot;,&quot;subPathAttach2&quot;:&quot;file2.json&quot;,&quot;subPathAttach3&quot;:&quot;file3.json&quot;,&quot;subPathAttach4&quot;:&quot;file4.json&quot;,&quot;subPathAttach5&quot;:&quot;file5.json&quot;,&quot;subDateTime&quot;:&quot;07-25-2023 03:14:54&quot;,&quot;gradedBy&quot;:null,&quot;gradedDateTime&quot;:null,&quot;grade&quot;:-1},{&quot;submissionId&quot;:1156,&quot;assignmentId&quot;:3298,&quot;userId&quot;:&quot;U8158&quot;,&quot;subDesc&quot;:&quot;team2&quot;,&quot;subComments&quot;:&quot;team_2 API pase2&quot;,&quot;subPathAttach1&quot;:&quot;testing&quot;,&quot;subPathAttach2&quot;:&quot;turtles&quot;,&quot;subPathAttach3&quot;:&quot;string&quot;,&quot;subPathAttach4&quot;:&quot;string&quot;,&quot;subPathAttach5&quot;:&quot;string&quot;,&quot;subDateTime&quot;:&quot;07-23-2023 19:38:47&quot;,&quot;gradedBy&quot;:&quot;U7876&quot;,&quot;gradedDateTime&quot;:&quot;07-25-2023 17:21:00&quot;,&quot;grade&quot;:2},{&quot;submissionId&quot;:1304,&quot;assignmentId&quot;:3515,&quot;userId&quot;:&quot;U7900&quot;,&quot;subDesc&quot;:&quot;submission&quot;,&quot;subComments&quot;:&quot;completed&quot;,&quot;subPathAttach1&quot;:&quot;/opt/share/mayotte_collaborative.stk&quot;,&quot;subPathAttach2&quot;:&quot;/home/guadeloupe_bluetooth.ra&quot;,&quot;subPathAttach3&quot;:&quot;/proc/high_level_soft.dgc&quot;,&quot;subPathAttach4&quot;:&quot;/Library/cotton_technologies.xdf&quot;,&quot;subPathAttach5&quot;:&quot;/usr/obj/planner_e_markets_minnesota.fh5&quot;,&quot;subDateTime&quot;:&quot;07-24-2023 19:13:36&quot;,&quot;gradedBy&quot;:null,&quot;gradedDateTime&quot;:null,&quot;grade&quot;:-1},{&quot;submissionId&quot;:1132,&quot;assignmentId&quot;:3259,&quot;userId&quot;:&quot;U7877&quot;,&quot;subDesc&quot;:&quot;Subdescriptions&quot;,&quot;subComments&quot;:&quot;commentall&quot;,&quot;subPathAttach1&quot;:&quot;pathattachem&quot;,&quot;subPathAttach2&quot;:&quot;subpathattach2&quot;,&quot;subPathAttach3&quot;:&quot;subpath1&quot;,&quot;subPathAttach4&quot;:&quot;at40&quot;,&quot;subPathAttach5&quot;:&quot;you2attacth&quot;,&quot;subDateTime&quot;:&quot;07-22-2023 22:47:06&quot;,&quot;gradedBy&quot;:null,&quot;gradedDateTime&quot;:null,&quot;grade&quot;:-1},{&quot;submissionId&quot;:1305,&quot;assignmentId&quot;:3515,&quot;userId&quot;:&quot;U8618&quot;,&quot;subDesc&quot;:&quot;submission&quot;,&quot;subComments&quot;:&quot;completed&quot;,&quot;subPathAttach1&quot;:&quot;/opt/share/mayotte_collaborative.stk&quot;,&quot;subPathAttach2&quot;:&quot;/opt/share/mayotte_collaborative.stk&quot;,&quot;subPathAttach3&quot;:&quot;/opt/share/mayotte_collaborative.stk&quot;,&quot;subPathAttach4&quot;:&quot;/opt/share/mayotte_collaborative.stk&quot;,&quot;subPathAttach5&quot;:&quot;/opt/share/mayotte_collaborative.stk&quot;,&quot;subDateTime&quot;:&quot;07-24-2023 20:17:24&quot;,&quot;gradedBy&quot;:null,&quot;gradedDateTime&quot;:null,&quot;grade&quot;:-1},{&quot;submissionId&quot;:1306,&quot;assignmentId&quot;:3336,&quot;userId&quot;:&quot;U8208&quot;,&quot;subDesc&quot;:&quot;Test1&quot;,&quot;subComments&quot;:&quot;test1&quot;,&quot;subPathAttach1&quot;:&quot;test&quot;,&quot;subPathAttach2&quot;:&quot;test&quot;,&quot;subPathAttach3&quot;:&quot;test&quot;,&quot;subPathAttach4&quot;:&quot;test&quot;,&quot;subPathAttach5&quot;:&quot;test&quot;,&quot;subDateTime&quot;:&quot;07-24-2023 20:32:17&quot;,&quot;gradedBy&quot;:null,&quot;gradedDateTime&quot;:null,&quot;grade&quot;:-1},{&quot;submissionId&quot;:1253,&quot;assignmentId&quot;:3441,&quot;userId&quot;:&quot;U7900&quot;,&quot;subDesc&quot;:&quot;MyAssignment&quot;,&quot;subComments&quot;:&quot;Completed&quot;,&quot;subPathAttach1&quot;:&quot;Test1&quot;,&quot;subPathAttach2&quot;:&quot;Test2&quot;,&quot;subPathAttach3&quot;:&quot;Test3&quot;,&quot;subPathAttach4&quot;:&quot;Test4&quot;,&quot;subPathAttach5&quot;:&quot;Test5&quot;,&quot;subDateTime&quot;:&quot;07-24-2023 03:05:05&quot;,&quot;gradedBy&quot;:null,&quot;gradedDateTime&quot;:null,&quot;grade&quot;:-1},{&quot;submissionId&quot;:1920,&quot;assignmentId&quot;:4810,&quot;userId&quot;:&quot;U8352&quot;,&quot;subDesc&quot;:&quot;Rest Assured Hackathon&quot;,&quot;subComments&quot;:null,&quot;subDateTime&quot;:&quot;07-27-2023 02:14:23&quot;,&quot;gradedBy&quot;:null,&quot;gradedDateTime&quot;:null,&quot;grade&quot;:-1},{&quot;submissionId&quot;:1309,&quot;assignmentId&quot;:3344,&quot;userId&quot;:&quot;U7900&quot;,&quot;subDesc&quot;:&quot;submission&quot;,&quot;subComments&quot;:&quot;completed&quot;,&quot;subPathAttach1&quot;:&quot;/usr/lib/gorgeous.hjson&quot;,&quot;subPathAttach2&quot;:&quot;/usr/libdata/generate_chips_alaska.opf&quot;,&quot;subPathAttach3&quot;:&quot;/boot/executive_concrete.obj&quot;,&quot;subPathAttach4&quot;:&quot;/Network/end_to_end_table.der&quot;,&quot;subPathAttach5&quot;:&quot;/usr/local/src/borders_cheese.snf&quot;,&quot;subDateTime&quot;:&quot;07-24-2023 21:10:15&quot;,&quot;gradedBy&quot;:null,&quot;gradedDateTime&quot;:null,&quot;grade&quot;:-1},{&quot;submissionId&quot;:1921,&quot;assignmentId&quot;:4810,&quot;userId&quot;:&quot;U8335&quot;,&quot;subDesc&quot;:&quot;submission for Hackathon&quot;,&quot;subComments&quot;:null,&quot;subDateTime&quot;:&quot;07-27-2023 02:19:24&quot;,&quot;gradedBy&quot;:null,&quot;gradedDateTime&quot;:null,&quot;grade&quot;:-1},{&quot;submissionId&quot;:1311,&quot;assignmentId&quot;:3542,&quot;userId&quot;:&quot;U8292&quot;,&quot;subDesc&quot;:&quot;Test1&quot;,&quot;subComments&quot;:&quot;test1&quot;,&quot;subPathAttach1&quot;:&quot;test&quot;,&quot;subPathAttach2&quot;:&quot;test&quot;,&quot;subPathAttach3&quot;:&quot;test&quot;,&quot;subPathAttach4&quot;:&quot;test&quot;,&quot;subPathAttach5&quot;:&quot;test&quot;,&quot;subDateTime&quot;:&quot;07-24-2023 22:25:53&quot;,&quot;gradedBy&quot;:null,&quot;gradedDateTime&quot;:null,&quot;grade&quot;:-1},{&quot;submissionId&quot;:1499,&quot;assignmentId&quot;:3948,&quot;userId&quot;:&quot;U9376&quot;,&quot;subDesc&quot;:&quot;MyAssignment&quot;,&quot;subComments&quot;:&quot;Completed&quot;,&quot;subPathAttach1&quot;:&quot;Test1&quot;,&quot;subPathAttach2&quot;:&quot;Test2&quot;,&quot;subPathAttach3&quot;:&quot;Test3&quot;,&quot;subPathAttach4&quot;:&quot;Test4&quot;,&quot;subPathAttach5&quot;:&quot;Test5&quot;,&quot;subDateTime&quot;:&quot;07-25-2023 18:14:07&quot;,&quot;gradedBy&quot;:&quot;U7900&quot;,&quot;gradedDateTime&quot;:&quot;07-25-2023 18:14:08&quot;,&quot;grade&quot;:2},{&quot;submissionId&quot;:1816,&quot;assignmentId&quot;:4564,&quot;userId&quot;:&quot;U10573&quot;,&quot;subDesc&quot;:&quot;MyAssignment&quot;,&quot;subComments&quot;:&quot;Completed&quot;,&quot;subPathAttach1&quot;:&quot;Test1&quot;,&quot;subPathAttach2&quot;:&quot;Test2&quot;,&quot;subPathAttach3&quot;:&quot;Test3&quot;,&quot;subPathAttach4&quot;:&quot;Test4&quot;,&quot;subPathAttach5&quot;:&quot;Test5&quot;,&quot;subDateTime&quot;:&quot;07-26-2023 18:21:05&quot;,&quot;gradedBy&quot;:&quot;U7900&quot;,&quot;gradedDateTime&quot;:&quot;07-26-2023 18:21:06&quot;,&quot;grade&quot;:2},{&quot;submissionId&quot;:1821,&quot;assignmentId&quot;:4574,&quot;userId&quot;:&quot;U10606&quot;,&quot;subDesc&quot;:&quot;MyAssignment&quot;,&quot;subComments&quot;:&quot;Completed&quot;,&quot;subPathAttach1&quot;:&quot;Test1&quot;,&quot;subPathAttach2&quot;:&quot;Test2&quot;,&quot;subPathAttach3&quot;:&quot;Test3&quot;,&quot;subPathAttach4&quot;:&quot;Test4&quot;,&quot;subPathAttach5&quot;:&quot;Test5&quot;,&quot;subDateTime&quot;:&quot;07-26-2023 18:32:10&quot;,&quot;gradedBy&quot;:&quot;U7900&quot;,&quot;gradedDateTime&quot;:&quot;07-26-2023 18:32:11&quot;,&quot;grade&quot;:2},{&quot;submissionId&quot;:1440,&quot;assignmentId&quot;:3754,&quot;userId&quot;:&quot;U9044&quot;,&quot;subDesc&quot;:&quot;MyAssignment&quot;,&quot;subComments&quot;:&quot;Completed&quot;,&quot;subPathAttach1&quot;:&quot;Test1&quot;,&quot;subPathAttach2&quot;:&quot;Test2&quot;,&quot;subPathAttach3&quot;:&quot;Test3&quot;,&quot;subPathAttach4&quot;:&quot;Test4&quot;,&quot;subPathAttach5&quot;:&quot;Test5&quot;,&quot;subDateTime&quot;:&quot;07-25-2023 03:38:50&quot;,&quot;gradedBy&quot;:null,&quot;gradedDateTime&quot;:null,&quot;grade&quot;:-1},{&quot;submissionId&quot;:1266,&quot;assignmentId&quot;:3197,&quot;userId&quot;:&quot;U8292&quot;,&quot;subDesc&quot;:&quot;Test1&quot;,&quot;subComments&quot;:&quot;test1&quot;,&quot;subPathAttach1&quot;:&quot;test&quot;,&quot;subPathAttach2&quot;:&quot;test&quot;,&quot;subPathAttach3&quot;:&quot;test&quot;,&quot;subPathAttach4&quot;:&quot;test&quot;,&quot;subPathAttach5&quot;:&quot;test&quot;,&quot;subDateTime&quot;:&quot;07-24-2023 12:51:34&quot;,&quot;gradedBy&quot;:null,&quot;gradedDateTime&quot;:null,&quot;grade&quot;:-1},{&quot;submissionId&quot;:1267,&quot;assignmentId&quot;:3336,&quot;userId&quot;:&quot;U8292&quot;,&quot;subDesc&quot;:&quot;Test1&quot;,&quot;subComments&quot;:&quot;test1&quot;,&quot;subPathAttach1&quot;:&quot;test&quot;,&quot;subPathAttach2&quot;:&quot;test&quot;,&quot;subPathAttach3&quot;:&quot;test&quot;,&quot;subPathAttach4&quot;:&quot;test&quot;,&quot;subPathAttach5&quot;:&quot;test&quot;,&quot;subDateTime&quot;:&quot;07-24-2023 12:54:27&quot;,&quot;gradedBy&quot;:null,&quot;gradedDateTime&quot;:null,&quot;grade&quot;:-1},{&quot;submissionId&quot;:1269,&quot;assignmentId&quot;:3277,&quot;userId&quot;:&quot;U8292&quot;,&quot;subDesc&quot;:&quot;test&quot;,&quot;subComments&quot;:&quot;test&quot;,&quot;subPathAttach1&quot;:&quot;tyest&quot;,&quot;subPathAttach2&quot;:&quot;test&quot;,&quot;subPathAttach3&quot;:&quot;hello&quot;,&quot;subPathAttach4&quot;:&quot;test&quot;,&quot;subPathAttach5&quot;:&quot;test&quot;,&quot;subDateTime&quot;:&quot;07-24-2023 13:16:19&quot;,&quot;gradedBy&quot;:null,&quot;gradedDateTime&quot;:null,&quot;grade&quot;:-1},{&quot;submissionId&quot;:1443,&quot;assignmentId&quot;:3760,&quot;userId&quot;:&quot;U9048&quot;,&quot;subDesc&quot;:&quot;MyAssignment&quot;,&quot;subComments&quot;:&quot;Completed&quot;,&quot;subPathAttach1&quot;:&quot;Test1&quot;,&quot;subPathAttach2&quot;:&quot;Test2&quot;,&quot;subPathAttach3&quot;:&quot;Test3&quot;,&quot;subPathAttach4&quot;:&quot;Test4&quot;,&quot;subPathAttach5&quot;:&quot;Test5&quot;,&quot;subDateTime&quot;:&quot;07-25-2023 03:48:46&quot;,&quot;gradedBy&quot;:null,&quot;gradedDateTime&quot;:null,&quot;grade&quot;:-1},{&quot;submissionId&quot;:1268,&quot;assignmentId&quot;:3490,&quot;userId&quot;:&quot;U7900&quot;,&quot;subDesc&quot;:&quot;MyAssignment&quot;,&quot;subComments&quot;:&quot;Completed&quot;,&quot;subPathAttach1&quot;:&quot;Test1&quot;,&quot;subPathAttach2&quot;:&quot;Test2&quot;,&quot;subPathAttach3&quot;:&quot;Test3&quot;,&quot;subPathAttach4&quot;:&quot;Test4&quot;,&quot;subPathAttach5&quot;:&quot;Test5&quot;,&quot;subDateTime&quot;:&quot;07-24-2023 13:15:49&quot;,&quot;gradedBy&quot;:&quot;U7900&quot;,&quot;gradedDateTime&quot;:&quot;07-24-2023 13:24:24&quot;,&quot;grade&quot;:2},{&quot;submissionId&quot;:1270,&quot;assignmentId&quot;:3277,&quot;userId&quot;:&quot;U8208&quot;,&quot;subDesc&quot;:&quot;Test1&quot;,&quot;subComments&quot;:&quot;test1&quot;,&quot;subPathAttach1&quot;:&quot;test&quot;,&quot;subPathAttach2&quot;:&quot;test&quot;,&quot;subPathAttach3&quot;:&quot;test&quot;,&quot;subPathAttach4&quot;:&quot;test&quot;,&quot;subPathAttach5&quot;:&quot;test&quot;,&quot;subDateTime&quot;:&quot;07-24-2023 13:48:26&quot;,&quot;gradedBy&quot;:null,&quot;gradedDateTime&quot;:null,&quot;grade&quot;:-1},{&quot;submissionId&quot;:1271,&quot;assignmentId&quot;:3197,&quot;userId&quot;:&quot;U8208&quot;,&quot;subDesc&quot;:&quot;test&quot;,&quot;subComments&quot;:&quot;test&quot;,&quot;subPathAttach1&quot;:&quot;tyest&quot;,&quot;subPathAttach2&quot;:&quot;test&quot;,&quot;subPathAttach3&quot;:&quot;hello&quot;,&quot;subPathAttach4&quot;:&quot;test&quot;,&quot;subPathAttach5&quot;:&quot;test&quot;,&quot;subDateTime&quot;:&quot;07-24-2023 14:06:30&quot;,&quot;gradedBy&quot;:null,&quot;gradedDateTime&quot;:null,&quot;grade&quot;:-1},{&quot;submissionId&quot;:1328,&quot;assignmentId&quot;:3561,&quot;userId&quot;:&quot;U7877&quot;,&quot;subDesc&quot;:&quot;Test1&quot;,&quot;subComments&quot;:&quot;test1&quot;,&quot;subPathAttach1&quot;:&quot;test&quot;,&quot;subPathAttach2&quot;:&quot;test&quot;,&quot;subPathAttach3&quot;:&quot;test&quot;,&quot;subPathAttach4&quot;:&quot;test&quot;,&quot;subPathAttach5&quot;:&quot;test&quot;,&quot;subDateTime&quot;:&quot;07-24-2023 22:56:13&quot;,&quot;gradedBy&quot;:null,&quot;gradedDateTime&quot;:null,&quot;grade&quot;:-1},{&quot;submissionId&quot;:1445,&quot;assignmentId&quot;:3765,&quot;userId&quot;:&quot;U9055&quot;,&quot;subDesc&quot;:&quot;MyAssignment&quot;,&quot;subComments&quot;:&quot;Completed&quot;,&quot;subPathAttach1&quot;:&quot;Test1&quot;,&quot;subPathAttach2&quot;:&quot;Test2&quot;,&quot;subPathAttach3&quot;:&quot;Test3&quot;,&quot;subPathAttach4&quot;:&quot;Test4&quot;,&quot;subPathAttach5&quot;:&quot;Test5&quot;,&quot;subDateTime&quot;:&quot;07-25-2023 03:53:52&quot;,&quot;gradedBy&quot;:null,&quot;gradedDateTime&quot;:null,&quot;grade&quot;:-1},{&quot;submissionId&quot;:1505,&quot;assignmentId&quot;:3960,&quot;userId&quot;:&quot;U9403&quot;,&quot;subDesc&quot;:&quot;MyAssignment&quot;,&quot;subComments&quot;:&quot;Completed&quot;,&quot;subPathAttach1&quot;:&quot;Test1&quot;,&quot;subPathAttach2&quot;:&quot;Test2&quot;,&quot;subPathAttach3&quot;:&quot;Test3&quot;,&quot;subPathAttach4&quot;:&quot;Test4&quot;,&quot;subPathAttach5&quot;:&quot;Test5&quot;,&quot;subDateTime&quot;:&quot;07-25-2023 18:43:01&quot;,&quot;gradedBy&quot;:&quot;U7900&quot;,&quot;gradedDateTime&quot;:&quot;07-25-2023 18:43:02&quot;,&quot;grade&quot;:2},{&quot;submissionId&quot;:1506,&quot;assignmentId&quot;:3954,&quot;userId&quot;:&quot;U9385&quot;,&quot;subDesc&quot;:&quot;desc&quot;,&quot;subComments&quot;:&quot;selenium&quot;,&quot;subPathAttach1&quot;:&quot;Filepath1&quot;,&quot;subDateTime&quot;:&quot;07-25-2023 18:46:01&quot;,&quot;gradedBy&quot;:null,&quot;gradedDateTime&quot;:null,&quot;grade&quot;:-1},{&quot;submissionId&quot;:1169,&quot;assignmentId&quot;:3382,&quot;userId&quot;:&quot;U8208&quot;,&quot;subDesc&quot;:&quot;&quot;,&quot;subComments&quot;:&quot;submiting Assignment&quot;,&quot;subPathAttach1&quot;:&quot;file1.json&quot;,&quot;subPathAttach2&quot;:&quot;file2.json&quot;,&quot;subPathAttach3&quot;:&quot;file3.json&quot;,&quot;subPathAttach4&quot;:&quot;file4.json&quot;,&quot;subPathAttach5&quot;:&quot;file5.json&quot;,&quot;subDateTime&quot;:&quot;07-23-2023 22:00:47&quot;,&quot;gradedBy&quot;:null,&quot;gradedDateTime&quot;:null,&quot;grade&quot;:-1},{&quot;submissionId&quot;:1507,&quot;assignmentId&quot;:3963,&quot;userId&quot;:&quot;U9413&quot;,&quot;subDesc&quot;:&quot;MyAssignment&quot;,&quot;subComments&quot;:&quot;Completed&quot;,&quot;subPathAttach1&quot;:&quot;Test1&quot;,&quot;subPathAttach2&quot;:&quot;Test2&quot;,&quot;subPathAttach3&quot;:&quot;Test3&quot;,&quot;subPathAttach4&quot;:&quot;Test4&quot;,&quot;subPathAttach5&quot;:&quot;Test5&quot;,&quot;subDateTime&quot;:&quot;07-25-2023 18:53:02&quot;,&quot;gradedBy&quot;:&quot;U7900&quot;,&quot;gradedDateTime&quot;:&quot;07-25-2023 18:53:03&quot;,&quot;grade&quot;:2},{&quot;submissionId&quot;:1449,&quot;assignmentId&quot;:3774,&quot;userId&quot;:&quot;U9063&quot;,&quot;subDesc&quot;:&quot;MyAssignment&quot;,&quot;subComments&quot;:&quot;Completed&quot;,&quot;subPathAttach1&quot;:&quot;Test1&quot;,&quot;subPathAttach2&quot;:&quot;Test2&quot;,&quot;subPathAttach3&quot;:&quot;Test3&quot;,&quot;subPathAttach4&quot;:&quot;Test4&quot;,&quot;subPathAttach5&quot;:&quot;Test5&quot;,&quot;subDateTime&quot;:&quot;07-25-2023 03:59:46&quot;,&quot;gradedBy&quot;:null,&quot;gradedDateTime&quot;:null,&quot;grade&quot;:-1},{&quot;submissionId&quot;:1450,&quot;assignmentId&quot;:3780,&quot;userId&quot;:&quot;U9069&quot;,&quot;subDesc&quot;:&quot;MyAssignment&quot;,&quot;subComments&quot;:&quot;Completed&quot;,&quot;subPathAttach1&quot;:&quot;Test1&quot;,&quot;subPathAttach2&quot;:&quot;Test2&quot;,&quot;subPathAttach3&quot;:&quot;Test3&quot;,&quot;subPathAttach4&quot;:&quot;Test4&quot;,&quot;subPathAttach5&quot;:&quot;Test5&quot;,&quot;subDateTime&quot;:&quot;07-25-2023 04:06:29&quot;,&quot;gradedBy&quot;:null,&quot;gradedDateTime&quot;:null,&quot;grade&quot;:-1},{&quot;submissionId&quot;:1508,&quot;assignmentId&quot;:3965,&quot;userId&quot;:&quot;U9416&quot;,&quot;subDesc&quot;:&quot;MyAssignment&quot;,&quot;subComments&quot;:&quot;Completed&quot;,&quot;subPathAttach1&quot;:&quot;Test1&quot;,&quot;subPathAttach2&quot;:&quot;Test2&quot;,&quot;subPathAttach3&quot;:&quot;Test3&quot;,&quot;subPathAttach4&quot;:&quot;Test4&quot;,&quot;subPathAttach5&quot;:&quot;Test5&quot;,&quot;subDateTime&quot;:&quot;07-25-2023 18:56:23&quot;,&quot;gradedBy&quot;:&quot;U7900&quot;,&quot;gradedDateTime&quot;:&quot;07-25-2023 18:56:24&quot;,&quot;grade&quot;:2},{&quot;submissionId&quot;:1509,&quot;assignmentId&quot;:3969,&quot;userId&quot;:&quot;U9424&quot;,&quot;subDesc&quot;:&quot;Api Request&quot;,&quot;subComments&quot;:&quot;Submitted&quot;,&quot;subDateTime&quot;:&quot;07-25-2023 19:03:32&quot;,&quot;gradedBy&quot;:null,&quot;gradedDateTime&quot;:null,&quot;grade&quot;:-1},{&quot;submissionId&quot;:1453,&quot;assignmentId&quot;:3788,&quot;userId&quot;:&quot;U9075&quot;,&quot;subDesc&quot;:&quot;MyAssignment&quot;,&quot;subComments&quot;:&quot;Completed&quot;,&quot;subPathAttach1&quot;:&quot;Test1&quot;,&quot;subPathAttach2&quot;:&quot;Test2&quot;,&quot;subPathAttach3&quot;:&quot;Test3&quot;,&quot;subPathAttach4&quot;:&quot;Test4&quot;,&quot;subPathAttach5&quot;:&quot;Test5&quot;,&quot;subDateTime&quot;:&quot;07-25-2023 04:10:15&quot;,&quot;gradedBy&quot;:null,&quot;gradedDateTime&quot;:null,&quot;grade&quot;:-1},{&quot;submissionId&quot;:1827,&quot;assignmentId&quot;:4583,&quot;userId&quot;:&quot;U10634&quot;,&quot;subDesc&quot;:&quot;MyAssignment&quot;,&quot;subComments&quot;:&quot;Completed&quot;,&quot;subPathAttach1&quot;:&quot;Test1&quot;,&quot;subPathAttach2&quot;:&quot;Test2&quot;,&quot;subPathAttach3&quot;:&quot;Test3&quot;,&quot;subPathAttach4&quot;:&quot;Test4&quot;,&quot;subPathAttach5&quot;:&quot;Test5&quot;,&quot;subDateTime&quot;:&quot;07-26-2023 18:48:23&quot;,&quot;gradedBy&quot;:&quot;U7900&quot;,&quot;gradedDateTime&quot;:&quot;07-26-2023 18:48:24&quot;,&quot;grade&quot;:2},{&quot;submissionId&quot;:1207,&quot;assignmentId&quot;:3412,&quot;userId&quot;:&quot;U7900&quot;,&quot;subDesc&quot;:&quot;MyAssignment&quot;,&quot;subComments&quot;:&quot;put update&quot;,&quot;subPathAttach1&quot;:&quot;Test1&quot;,&quot;subPathAttach2&quot;:&quot;Test2&quot;,&quot;subPathAttach3&quot;:&quot;Test3&quot;,&quot;subPathAttach4&quot;:&quot;Test4&quot;,&quot;subPathAttach5&quot;:&quot;Test5&quot;,&quot;subDateTime&quot;:&quot;07-24-2023 00:45:33&quot;,&quot;gradedBy&quot;:&quot;U7900&quot;,&quot;gradedDateTime&quot;:&quot;07-26-2023 18:50:36&quot;,&quot;grade&quot;:2},{&quot;submissionId&quot;:1405,&quot;assignmentId&quot;:3649,&quot;userId&quot;:&quot;U8941&quot;,&quot;subDesc&quot;:&quot;MyAssignment&quot;,&quot;subComments&quot;:&quot;Completed&quot;,&quot;subPathAttach1&quot;:&quot;Test1&quot;,&quot;subPathAttach2&quot;:&quot;Test2&quot;,&quot;subPathAttach3&quot;:&quot;Test3&quot;,&quot;subPathAttach4&quot;:&quot;Test4&quot;,&quot;subPathAttach5&quot;:&quot;Test5&quot;,&quot;subDateTime&quot;:&quot;07-25-2023 00:59:27&quot;,&quot;gradedBy&quot;:null,&quot;gradedDateTime&quot;:null,&quot;grade&quot;:-1},{&quot;submissionId&quot;:1294,&quot;assignmentId&quot;:3515,&quot;userId&quot;:&quot;U8588&quot;,&quot;subDesc&quot;:&quot;string&quot;,&quot;subComments&quot;:&quot;string&quot;,&quot;subPathAttach1&quot;:&quot;string&quot;,&quot;subPathAttach2&quot;:&quot;string&quot;,&quot;subPathAttach3&quot;:&quot;string&quot;,&quot;subPathAttach4&quot;:&quot;string&quot;,&quot;subPathAttach5&quot;:&quot;string&quot;,&quot;subDateTime&quot;:&quot;07-24-2023 23:22:37&quot;,&quot;gradedBy&quot;:null,&quot;gradedDateTime&quot;:null,&quot;grade&quot;:-1},{&quot;submissionId&quot;:1468,&quot;assignmentId&quot;:3865,&quot;userId&quot;:&quot;U9217&quot;,&quot;subDesc&quot;:&quot;Assignment submitted&quot;,&quot;subComments&quot;:&quot;completed&quot;,&quot;subPathAttach1&quot;:&quot;file1.json&quot;,&quot;subPathAttach2&quot;:&quot;file2.json&quot;,&quot;subPathAttach3&quot;:&quot;file3.json&quot;,&quot;subPathAttach4&quot;:&quot;file4.json&quot;,&quot;subPathAttach5&quot;:&quot;file5.json&quot;,&quot;subDateTime&quot;:&quot;07-25-2023 11:10:10&quot;,&quot;gradedBy&quot;:null,&quot;gradedDateTime&quot;:null,&quot;grade&quot;:-1},{&quot;submissionId&quot;:1471,&quot;assignmentId&quot;:3876,&quot;userId&quot;:&quot;U7877&quot;,&quot;subDesc&quot;:&quot;subDescriptions&quot;,&quot;subComments&quot;:&quot;commentsforsubs&quot;,&quot;subPathAttach1&quot;:&quot;pathatt12&quot;,&quot;subPathAttach2&quot;:&quot;pathatt23&quot;,&quot;subPathAttach3&quot;:&quot;pathatt34&quot;,&quot;subPathAttach4&quot;:&quot;pathatt45&quot;,&quot;subPathAttach5&quot;:&quot;pathatt56&quot;,&quot;subDateTime&quot;:&quot;07-25-2023 12:44:17&quot;,&quot;gradedBy&quot;:null,&quot;gradedDateTime&quot;:null,&quot;grade&quot;:-1},{&quot;submissionId&quot;:1472,&quot;assignmentId&quot;:3236,&quot;userId&quot;:&quot;U7822&quot;,&quot;subDesc&quot;:&quot;cool assignment&quot;,&quot;subComments&quot;:&quot;very good&quot;,&quot;subPathAttach1&quot;:&quot;path1&quot;,&quot;subPathAttach2&quot;:&quot;path2&quot;,&quot;subPathAttach3&quot;:&quot;path3&quot;,&quot;subPathAttach4&quot;:&quot;path4&quot;,&quot;subPathAttach5&quot;:&quot;path5&quot;,&quot;subDateTime&quot;:&quot;07-25-2023 13:14:00&quot;,&quot;gradedBy&quot;:null,&quot;gradedDateTime&quot;:null,&quot;grade&quot;:-1},{&quot;submissionId&quot;:1473,&quot;assignmentId&quot;:3878,&quot;userId&quot;:&quot;U9238&quot;,&quot;subDesc&quot;:&quot;MyAssignment&quot;,&quot;subComments&quot;:&quot;Completed&quot;,&quot;subPathAttach1&quot;:&quot;Test1&quot;,&quot;subPathAttach2&quot;:&quot;Test2&quot;,&quot;subPathAttach3&quot;:&quot;Test3&quot;,&quot;subPathAttach4&quot;:&quot;Test4&quot;,&quot;subPathAttach5&quot;:&quot;Test5&quot;,&quot;subDateTime&quot;:&quot;07-25-2023 13:18:23&quot;,&quot;gradedBy&quot;:null,&quot;gradedDateTime&quot;:null,&quot;grade&quot;:-1},{&quot;submissionId&quot;:1510,&quot;assignmentId&quot;:3972,&quot;userId&quot;:&quot;U9430&quot;,&quot;subDesc&quot;:&quot;MyAssignment&quot;,&quot;subComments&quot;:&quot;Completed&quot;,&quot;subPathAttach1&quot;:&quot;Test1&quot;,&quot;subPathAttach2&quot;:&quot;Test2&quot;,&quot;subPathAttach3&quot;:&quot;Test3&quot;,&quot;subPathAttach4&quot;:&quot;Test4&quot;,&quot;subPathAttach5&quot;:&quot;Test5&quot;,&quot;subDateTime&quot;:&quot;07-25-2023 19:06:57&quot;,&quot;gradedBy&quot;:&quot;U7900&quot;,&quot;gradedDateTime&quot;:&quot;07-25-2023 19:06:57&quot;,&quot;grade&quot;:2},{&quot;submissionId&quot;:1871,&quot;assignmentId&quot;:4685,&quot;userId&quot;:&quot;U7877&quot;,&quot;subDesc&quot;:&quot;subDescriptions&quot;,&quot;subComments&quot;:&quot;commentsforsubs&quot;,&quot;subPathAttach1&quot;:&quot;pathatt12&quot;,&quot;subPathAttach2&quot;:&quot;pathatt23&quot;,&quot;subPathAttach3&quot;:&quot;pathatt34&quot;,&quot;subPathAttach4&quot;:&quot;pathatt45&quot;,&quot;subPathAttach5&quot;:&quot;pathatt56&quot;,&quot;subDateTime&quot;:&quot;07-26-2023 21:01:19&quot;,&quot;gradedBy&quot;:null,&quot;gradedDateTime&quot;:null,&quot;grade&quot;:-1},{&quot;submissionId&quot;:1565,&quot;assignmentId&quot;:4069,&quot;userId&quot;:&quot;U9580&quot;,&quot;subDesc&quot;:&quot;MyAssignment&quot;,&quot;subComments&quot;:&quot;Completed&quot;,&quot;subPathAttach1&quot;:&quot;Test1&quot;,&quot;subPathAttach2&quot;:&quot;Test2&quot;,&quot;subPathAttach3&quot;:&quot;Test3&quot;,&quot;subPathAttach4&quot;:&quot;Test4&quot;,&quot;subPathAttach5&quot;:&quot;Test5&quot;,&quot;subDateTime&quot;:&quot;07-25-2023 22:12:41&quot;,&quot;gradedBy&quot;:null,&quot;gradedDateTime&quot;:null,&quot;grade&quot;:-1},{&quot;submissionId&quot;:1993,&quot;assignmentId&quot;:4925,&quot;userId&quot;:&quot;U9507&quot;,&quot;subDesc&quot;:&quot;harjasspari&quot;,&quot;subComments&quot;:&quot;trythis&quot;,&quot;subPathAttach1&quot;:&quot;string12&quot;,&quot;subPathAttach2&quot;:&quot;string34&quot;,&quot;subPathAttach3&quot;:&quot;String22&quot;,&quot;subPathAttach4&quot;:&quot;string44&quot;,&quot;subPathAttach5&quot;:&quot;string66&quot;,&quot;subDateTime&quot;:&quot;07-27-2023 04:29:39&quot;,&quot;gradedBy&quot;:null,&quot;gradedDateTime&quot;:null,&quot;grade&quot;:-1},{&quot;submissionId&quot;:1739,&quot;assignmentId&quot;:4379,&quot;userId&quot;:&quot;U10235&quot;,&quot;subDesc&quot;:&quot;MyAssignment&quot;,&quot;subComments&quot;:&quot;Completed&quot;,&quot;subPathAttach1&quot;:&quot;Test1&quot;,&quot;subPathAttach2&quot;:&quot;Test2&quot;,&quot;subPathAttach3&quot;:&quot;Test3&quot;,&quot;subPathAttach4&quot;:&quot;Test4&quot;,&quot;subPathAttach5&quot;:&quot;Test5&quot;,&quot;subDateTime&quot;:&quot;07-26-2023 14:20:28&quot;,&quot;gradedBy&quot;:null,&quot;gradedDateTime&quot;:null,&quot;grade&quot;:-1},{&quot;submissionId&quot;:1523,&quot;assignmentId&quot;:3990,&quot;userId&quot;:&quot;U7877&quot;,&quot;subDesc&quot;:&quot;subDescriptions&quot;,&quot;subComments&quot;:&quot;commentsforsubs&quot;,&quot;subPathAttach1&quot;:&quot;pathatt12&quot;,&quot;subPathAttach2&quot;:&quot;pathatt23&quot;,&quot;subPathAttach3&quot;:&quot;pathatt34&quot;,&quot;subPathAttach4&quot;:&quot;pathatt45&quot;,&quot;subPathAttach5&quot;:&quot;pathatt56&quot;,&quot;subDateTime&quot;:&quot;07-25-2023 19:51:57&quot;,&quot;gradedBy&quot;:null,&quot;gradedDateTime&quot;:null,&quot;grade&quot;:-1},{&quot;submissionId&quot;:1524,&quot;assignmentId&quot;:3997,&quot;userId&quot;:&quot;U9484&quot;,&quot;subDesc&quot;:&quot;description1&quot;,&quot;subComments&quot;:&quot;comment1&quot;,&quot;subPathAttach1&quot;:&quot;path1&quot;,&quot;subPathAttach2&quot;:&quot;subpath2&quot;,&quot;subPathAttach3&quot;:&quot;sub1&quot;,&quot;subPathAttach4&quot;:&quot;at1&quot;,&quot;subPathAttach5&quot;:&quot;you2&quot;,&quot;subDateTime&quot;:&quot;07-25-2023 19:55:59&quot;,&quot;gradedBy&quot;:null,&quot;gradedDateTime&quot;:null,&quot;grade&quot;:-1},{&quot;submissionId&quot;:1525,&quot;assignmentId&quot;:3998,&quot;userId&quot;:&quot;U9485&quot;,&quot;subDesc&quot;:&quot;description2&quot;,&quot;subComments&quot;:&quot;comment2&quot;,&quot;subPathAttach1&quot;:&quot;path2&quot;,&quot;subPathAttach2&quot;:&quot;subpath3&quot;,&quot;subPathAttach3&quot;:&quot;sub2&quot;,&quot;subPathAttach4&quot;:&quot;at2&quot;,&quot;subPathAttach5&quot;:&quot;you3&quot;,&quot;subDateTime&quot;:&quot;07-25-2023 19:55:59&quot;,&quot;gradedBy&quot;:null,&quot;gradedDateTime&quot;:null,&quot;grade&quot;:-1},{&quot;submissionId&quot;:1526,&quot;assignmentId&quot;:3999,&quot;userId&quot;:&quot;U9486&quot;,&quot;subDesc&quot;:&quot;description3&quot;,&quot;subComments&quot;:&quot;comment3&quot;,&quot;subPathAttach1&quot;:&quot;path3&quot;,&quot;subPathAttach2&quot;:&quot;subpath4&quot;,&quot;subPathAttach3&quot;:&quot;sub3&quot;,&quot;subPathAttach4&quot;:&quot;at3&quot;,&quot;subPathAttach5&quot;:&quot;you4&quot;,&quot;subDateTime&quot;:&quot;07-25-2023 19:56:00&quot;,&quot;gradedBy&quot;:null,&quot;gradedDateTime&quot;:null,&quot;grade&quot;:-1},{&quot;submissionId&quot;:1639,&quot;assignmentId&quot;:4161,&quot;userId&quot;:&quot;U9840&quot;,&quot;subDesc&quot;:&quot;Assignment submitted&quot;,&quot;subComments&quot;:&quot;completed&quot;,&quot;subPathAttach1&quot;:&quot;file1.json&quot;,&quot;subPathAttach2&quot;:&quot;file2.json&quot;,&quot;subPathAttach3&quot;:&quot;file3.json&quot;,&quot;subPathAttach4&quot;:&quot;file4.json&quot;,&quot;subPathAttach5&quot;:&quot;file5.json&quot;,&quot;subDateTime&quot;:&quot;07-26-2023 03:40:08&quot;,&quot;gradedBy&quot;:null,&quot;gradedDateTime&quot;:null,&quot;grade&quot;:-1},{&quot;submissionId&quot;:1646,&quot;assignmentId&quot;:4169,&quot;userId&quot;:&quot;U9866&quot;,&quot;subDesc&quot;:&quot;Assignment submitted&quot;,&quot;subComments&quot;:&quot;completed&quot;,&quot;subPathAttach1&quot;:&quot;file1.json&quot;,&quot;subPathAttach2&quot;:&quot;file2.json&quot;,&quot;subPathAttach3&quot;:&quot;file3.json&quot;,&quot;subPathAttach4&quot;:&quot;file4.json&quot;,&quot;subPathAttach5&quot;:&quot;file5.json&quot;,&quot;subDateTime&quot;:&quot;07-26-2023 03:52:58&quot;,&quot;gradedBy&quot;:null,&quot;gradedDateTime&quot;:null,&quot;grade&quot;:-1},{&quot;submissionId&quot;:1651,&quot;assignmentId&quot;:4179,&quot;userId&quot;:&quot;U9871&quot;,&quot;subDesc&quot;:&quot;Assignment submitted&quot;,&quot;subComments&quot;:&quot;completed&quot;,&quot;subPathAttach1&quot;:&quot;file1.json&quot;,&quot;subPathAttach2&quot;:&quot;file2.json&quot;,&quot;subPathAttach3&quot;:&quot;file3.json&quot;,&quot;subPathAttach4&quot;:&quot;file4.json&quot;,&quot;subPathAttach5&quot;:&quot;file5.json&quot;,&quot;subDateTime&quot;:&quot;07-26-2023 04:04:31&quot;,&quot;gradedBy&quot;:null,&quot;gradedDateTime&quot;:null,&quot;grade&quot;:-1},{&quot;submissionId&quot;:1543,&quot;assignmentId&quot;:4020,&quot;userId&quot;:&quot;U9509&quot;,&quot;subDesc&quot;:&quot;MyAssignment&quot;,&quot;subComments&quot;:&quot;Completed&quot;,&quot;subPathAttach1&quot;:&quot;Test1&quot;,&quot;subPathAttach2&quot;:&quot;Test2&quot;,&quot;subPathAttach3&quot;:&quot;Test3&quot;,&quot;subPathAttach4&quot;:&quot;Test4&quot;,&quot;subPathAttach5&quot;:&quot;Test5&quot;,&quot;subDateTime&quot;:&quot;07-25-2023 20:37:06&quot;,&quot;gradedBy&quot;:&quot;U7900&quot;,&quot;gradedDateTime&quot;:&quot;07-25-2023 20:37:07&quot;,&quot;grade&quot;:2},{&quot;submissionId&quot;:1544,&quot;assignmentId&quot;:4029,&quot;userId&quot;:&quot;U9518&quot;,&quot;subDesc&quot;:&quot;MyAssignment&quot;,&quot;subComments&quot;:&quot;Completed&quot;,&quot;subPathAttach1&quot;:&quot;Test1&quot;,&quot;subPathAttach2&quot;:&quot;Test2&quot;,&quot;subPathAttach3&quot;:&quot;Test3&quot;,&quot;subPathAttach4&quot;:&quot;Test4&quot;,&quot;subPathAttach5&quot;:&quot;Test5&quot;,&quot;subDateTime&quot;:&quot;07-25-2023 20:49:06&quot;,&quot;gradedBy&quot;:&quot;U7900&quot;,&quot;gradedDateTime&quot;:&quot;07-25-2023 20:49:07&quot;,&quot;grade&quot;:2},{&quot;submissionId&quot;:1546,&quot;assignmentId&quot;:4041,&quot;userId&quot;:&quot;U9531&quot;,&quot;subDesc&quot;:&quot;MyAssignment&quot;,&quot;subComments&quot;:&quot;Completed&quot;,&quot;subPathAttach1&quot;:&quot;Test1&quot;,&quot;subPathAttach2&quot;:&quot;Test2&quot;,&quot;subPathAttach3&quot;:&quot;Test3&quot;,&quot;subPathAttach4&quot;:&quot;Test4&quot;,&quot;subPathAttach5&quot;:&quot;Test5&quot;,&quot;subDateTime&quot;:&quot;07-25-2023 21:01:01&quot;,&quot;gradedBy&quot;:&quot;U7900&quot;,&quot;gradedDateTime&quot;:&quot;07-25-2023 21:01:02&quot;,&quot;grade&quot;:2},{&quot;submissionId&quot;:1655,&quot;assignmentId&quot;:4183,&quot;userId&quot;:&quot;U9875&quot;,&quot;subDesc&quot;:&quot;Assignment submitted&quot;,&quot;subComments&quot;:&quot;completed&quot;,&quot;subPathAttach1&quot;:&quot;file1.json&quot;,&quot;subPathAttach2&quot;:&quot;file2.json&quot;,&quot;subPathAttach3&quot;:&quot;file3.json&quot;,&quot;subPathAttach4&quot;:&quot;file4.json&quot;,&quot;subPathAttach5&quot;:&quot;file5.json&quot;,&quot;subDateTime&quot;:&quot;07-26-2023 04:09:06&quot;,&quot;gradedBy&quot;:null,&quot;gradedDateTime&quot;:null,&quot;grade&quot;:-1},{&quot;submissionId&quot;:1760,&quot;assignmentId&quot;:4426,&quot;userId&quot;:&quot;U10298&quot;,&quot;subDesc&quot;:&quot;Api Request&quot;,&quot;subComments&quot;:&quot;Done&quot;,&quot;subPathAttach1&quot;:&quot;Filepath1&quot;,&quot;subDateTime&quot;:&quot;07-26-2023 15:14:48&quot;,&quot;gradedBy&quot;:&quot;U10296&quot;,&quot;gradedDateTime&quot;:&quot;07-26-2023 16:03:50&quot;,&quot;grade&quot;:1},{&quot;submissionId&quot;:1662,&quot;assignmentId&quot;:4202,&quot;userId&quot;:&quot;U9916&quot;,&quot;subDesc&quot;:&quot;Assignment submitted&quot;,&quot;subComments&quot;:&quot;completed&quot;,&quot;subPathAttach1&quot;:&quot;file1.json&quot;,&quot;subPathAttach2&quot;:&quot;file2.json&quot;,&quot;subPathAttach3&quot;:&quot;file3.json&quot;,&quot;subPathAttach4&quot;:&quot;file4.json&quot;,&quot;subPathAttach5&quot;:&quot;file5.json&quot;,&quot;subDateTime&quot;:&quot;07-26-2023 04:48:14&quot;,&quot;gradedBy&quot;:null,&quot;gradedDateTime&quot;:null,&quot;grade&quot;:-1},{&quot;submissionId&quot;:1675,&quot;assignmentId&quot;:4228,&quot;userId&quot;:&quot;U9959&quot;,&quot;subDesc&quot;:&quot;MyAssignment&quot;,&quot;subComments&quot;:&quot;Completed&quot;,&quot;subPathAttach1&quot;:&quot;Test1&quot;,&quot;subPathAttach2&quot;:&quot;Test2&quot;,&quot;subPathAttach3&quot;:&quot;Test3&quot;,&quot;subPathAttach4&quot;:&quot;Test4&quot;,&quot;subPathAttach5&quot;:&quot;Test5&quot;,&quot;subDateTime&quot;:&quot;07-26-2023 05:13:17&quot;,&quot;gradedBy&quot;:&quot;U7900&quot;,&quot;gradedDateTime&quot;:&quot;07-26-2023 05:13:18&quot;,&quot;grade&quot;:2},{&quot;submissionId&quot;:1676,&quot;assignmentId&quot;:4229,&quot;userId&quot;:&quot;U9966&quot;,&quot;subDesc&quot;:&quot;MyAssignment&quot;,&quot;subComments&quot;:&quot;Completed&quot;,&quot;subPathAttach1&quot;:&quot;Test1&quot;,&quot;subPathAttach2&quot;:&quot;Test2&quot;,&quot;subPathAttach3&quot;:&quot;Test3&quot;,&quot;subPathAttach4&quot;:&quot;Test4&quot;,&quot;subPathAttach5&quot;:&quot;Test5&quot;,&quot;subDateTime&quot;:&quot;07-26-2023 05:18:45&quot;,&quot;gradedBy&quot;:null,&quot;gradedDateTime&quot;:null,&quot;grade&quot;:-1},{&quot;submissionId&quot;:1678,&quot;assignmentId&quot;:3528,&quot;userId&quot;:&quot;U7876&quot;,&quot;subDesc&quot;:&quot;test&quot;,&quot;subComments&quot;:&quot;test123&quot;,&quot;subPathAttach1&quot;:&quot;test1&quot;,&quot;subPathAttach2&quot;:&quot;test2&quot;,&quot;subPathAttach3&quot;:&quot;turtles&quot;,&quot;subPathAttach4&quot;:&quot;string&quot;,&quot;subPathAttach5&quot;:&quot;string&quot;,&quot;subDateTime&quot;:&quot;07-26-2023 05:29:27&quot;,&quot;gradedBy&quot;:null,&quot;gradedDateTime&quot;:null,&quot;grade&quot;:-1},{&quot;submissionId&quot;:1679,&quot;assignmentId&quot;:4240,&quot;userId&quot;:&quot;U9986&quot;,&quot;subDesc&quot;:&quot;SDET SQL Assignment submission&quot;,&quot;subComments&quot;:null,&quot;subPathAttach1&quot;:&quot;pathfile1.json&quot;,&quot;subPathAttach2&quot;:&quot;pathfile2.json&quot;,&quot;subPathAttach3&quot;:&quot;pathfile3.json&quot;,&quot;subPathAttach4&quot;:&quot;pathfile4.json&quot;,&quot;subPathAttach5&quot;:&quot;pathfile5.json&quot;,&quot;subDateTime&quot;:&quot;07-26-2023 05:43:49&quot;,&quot;gradedBy&quot;:null,&quot;gradedDateTime&quot;:null,&quot;grade&quot;:-1},{&quot;submissionId&quot;:1680,&quot;assignmentId&quot;:4241,&quot;userId&quot;:&quot;U9987&quot;,&quot;subDesc&quot;:&quot;SDET SQL Assignment submission&quot;,&quot;subComments&quot;:&quot;Testing for Assignment Submit&quot;,&quot;subPathAttach1&quot;:&quot;pathfile1.json&quot;,&quot;subPathAttach2&quot;:&quot;pathfile2.json&quot;,&quot;subPathAttach3&quot;:&quot;pathfile3.json&quot;,&quot;subPathAttach4&quot;:&quot;pathfile4.json&quot;,&quot;subPathAttach5&quot;:&quot;pathfile5.json&quot;,&quot;subDateTime&quot;:&quot;07-26-2023 05:48:46&quot;,&quot;gradedBy&quot;:null,&quot;gradedDateTime&quot;:null,&quot;grade&quot;:-1},{&quot;submissionId&quot;:1681,&quot;assignmentId&quot;:4242,&quot;userId&quot;:&quot;U9993&quot;,&quot;subDesc&quot;:&quot;MyAssignment&quot;,&quot;subComments&quot;:&quot;Completed&quot;,&quot;subPathAttach1&quot;:&quot;Test1&quot;,&quot;subPathAttach2&quot;:&quot;Test2&quot;,&quot;subPathAttach3&quot;:&quot;Test3&quot;,&quot;subPathAttach4&quot;:&quot;Test4&quot;,&quot;subPathAttach5&quot;:&quot;Test5&quot;,&quot;subDateTime&quot;:&quot;07-26-2023 05:55:10&quot;,&quot;gradedBy&quot;:&quot;U7900&quot;,&quot;gradedDateTime&quot;:&quot;07-26-2023 05:55:11&quot;,&quot;grade&quot;:2},{&quot;submissionId&quot;:1682,&quot;assignmentId&quot;:4243,&quot;userId&quot;:&quot;U9997&quot;,&quot;subDesc&quot;:&quot;SDET SQL Assignment submission&quot;,&quot;subComments&quot;:&quot;Testing for Assignment Submit&quot;,&quot;subPathAttach1&quot;:&quot;pathfile1.json&quot;,&quot;subPathAttach2&quot;:&quot;pathfile2.json&quot;,&quot;subPathAttach3&quot;:&quot;pathfile3.json&quot;,&quot;subPathAttach4&quot;:&quot;pathfile4.json&quot;,&quot;subPathAttach5&quot;:&quot;pathfile5.json&quot;,&quot;subDateTime&quot;:&quot;07-26-2023 05:56:10&quot;,&quot;gradedBy&quot;:null,&quot;gradedDateTime&quot;:null,&quot;grade&quot;:-1},{&quot;submissionId&quot;:1683,&quot;assignmentId&quot;:4244,&quot;userId&quot;:&quot;U9999&quot;,&quot;subDesc&quot;:&quot;SDET SQL Assignment submission&quot;,&quot;subComments&quot;:&quot;Testing for Assignment Submit&quot;,&quot;subPathAttach1&quot;:&quot;pathfile1.json&quot;,&quot;subPathAttach2&quot;:&quot;pathfile2.json&quot;,&quot;subPathAttach3&quot;:&quot;pathfile3.json&quot;,&quot;subPathAttach4&quot;:&quot;pathfile4.json&quot;,&quot;subPathAttach5&quot;:&quot;pathfile5.json&quot;,&quot;subDateTime&quot;:&quot;07-26-2023 05:58:08&quot;,&quot;gradedBy&quot;:null,&quot;gradedDateTime&quot;:null,&quot;grade&quot;:-1},{&quot;submissionId&quot;:1684,&quot;assignmentId&quot;:4245,&quot;userId&quot;:&quot;U10001&quot;,&quot;subDesc&quot;:&quot;SDET SQL Assignment submission&quot;,&quot;subComments&quot;:&quot;Testing for Assignment Submit&quot;,&quot;subPathAttach1&quot;:&quot;pathfile1.json&quot;,&quot;subPathAttach2&quot;:&quot;pathfile2.json&quot;,&quot;subPathAttach3&quot;:&quot;pathfile3.json&quot;,&quot;subPathAttach4&quot;:&quot;pathfile4.json&quot;,&quot;subPathAttach5&quot;:&quot;pathfile5.json&quot;,&quot;subDateTime&quot;:&quot;07-26-2023 05:59:08&quot;,&quot;gradedBy&quot;:null,&quot;gradedDateTime&quot;:null,&quot;grade&quot;:-1},{&quot;submissionId&quot;:1686,&quot;assignmentId&quot;:4248,&quot;userId&quot;:&quot;U10004&quot;,&quot;subDesc&quot;:&quot;MyAssignment&quot;,&quot;subComments&quot;:&quot;Completed&quot;,&quot;subPathAttach1&quot;:&quot;Test1&quot;,&quot;subPathAttach2&quot;:&quot;Test2&quot;,&quot;subPathAttach3&quot;:&quot;Test3&quot;,&quot;subPathAttach4&quot;:&quot;Test4&quot;,&quot;subPathAttach5&quot;:&quot;Test5&quot;,&quot;subDateTime&quot;:&quot;07-26-2023 05:59:59&quot;,&quot;gradedBy&quot;:&quot;U7900&quot;,&quot;gradedDateTime&quot;:&quot;07-26-2023 06:00:00&quot;,&quot;grade&quot;:2},{&quot;submissionId&quot;:1687,&quot;assignmentId&quot;:4250,&quot;userId&quot;:&quot;U10000&quot;,&quot;subDesc&quot;:&quot;MyAssignment&quot;,&quot;subComments&quot;:&quot;Completed&quot;,&quot;subPathAttach1&quot;:&quot;Test1&quot;,&quot;subPathAttach2&quot;:&quot;Test2&quot;,&quot;subPathAttach3&quot;:&quot;Test3&quot;,&quot;subPathAttach4&quot;:&quot;Test4&quot;,&quot;subPathAttach5&quot;:&quot;Test5&quot;,&quot;subDateTime&quot;:&quot;07-26-2023 06:02:34&quot;,&quot;gradedBy&quot;:null,&quot;gradedDateTime&quot;:null,&quot;grade&quot;:-1},{&quot;submissionId&quot;:1688,&quot;assignmentId&quot;:4251,&quot;userId&quot;:&quot;U10006&quot;,&quot;subDesc&quot;:&quot;SDET SQL Assignment submission&quot;,&quot;subComments&quot;:&quot;Testing for Assignment Submit&quot;,&quot;subPathAttach1&quot;:&quot;pathfile1.json&quot;,&quot;subPathAttach2&quot;:&quot;pathfile2.json&quot;,&quot;subPathAttach3&quot;:&quot;pathfile3.json&quot;,&quot;subPathAttach4&quot;:&quot;pathfile4.json&quot;,&quot;subPathAttach5&quot;:&quot;pathfile5.json&quot;,&quot;subDateTime&quot;:&quot;07-26-2023 06:03:59&quot;,&quot;gradedBy&quot;:null,&quot;gradedDateTime&quot;:null,&quot;grade&quot;:-1},{&quot;submissionId&quot;:1689,&quot;assignmentId&quot;:4253,&quot;userId&quot;:&quot;U10008&quot;,&quot;subDesc&quot;:&quot;Assignment submitted&quot;,&quot;subComments&quot;:&quot;completed&quot;,&quot;subPathAttach1&quot;:&quot;file1.json&quot;,&quot;subPathAttach2&quot;:&quot;file2.json&quot;,&quot;subPathAttach3&quot;:&quot;file3.json&quot;,&quot;subPathAttach4&quot;:&quot;file4.json&quot;,&quot;subPathAttach5&quot;:&quot;file5.json&quot;,&quot;subDateTime&quot;:&quot;07-26-2023 06:04:26&quot;,&quot;gradedBy&quot;:null,&quot;gradedDateTime&quot;:null,&quot;grade&quot;:-1},{&quot;submissionId&quot;:1690,&quot;assignmentId&quot;:4255,&quot;userId&quot;:&quot;U10010&quot;,&quot;subDesc&quot;:&quot;Assignment submitted&quot;,&quot;subComments&quot;:&quot;completed&quot;,&quot;subPathAttach1&quot;:&quot;file1.json&quot;,&quot;subPathAttach2&quot;:&quot;file2.json&quot;,&quot;subPathAttach3&quot;:&quot;file3.json&quot;,&quot;subPathAttach4&quot;:&quot;file4.json&quot;,&quot;subPathAttach5&quot;:&quot;file5.json&quot;,&quot;subDateTime&quot;:&quot;07-26-2023 06:06:08&quot;,&quot;gradedBy&quot;:null,&quot;gradedDateTime&quot;:null,&quot;grade&quot;:-1},{&quot;submissionId&quot;:1691,&quot;assignmentId&quot;:4257,&quot;userId&quot;:&quot;U10016&quot;,&quot;subDesc&quot;:&quot;Assignment submitted&quot;,&quot;subComments&quot;:&quot;completed&quot;,&quot;subPathAttach1&quot;:&quot;file1.json&quot;,&quot;subPathAttach2&quot;:&quot;file2.json&quot;,&quot;subPathAttach3&quot;:&quot;file3.json&quot;,&quot;subPathAttach4&quot;:&quot;file4.json&quot;,&quot;subPathAttach5&quot;:&quot;file5.json&quot;,&quot;subDateTime&quot;:&quot;07-26-2023 06:09:31&quot;,&quot;gradedBy&quot;:null,&quot;gradedDateTime&quot;:null,&quot;grade&quot;:-1},{&quot;submissionId&quot;:1693,&quot;assignmentId&quot;:4259,&quot;userId&quot;:&quot;U10020&quot;,&quot;subDesc&quot;:&quot;Assignment submitted&quot;,&quot;subComments&quot;:&quot;completed&quot;,&quot;subPathAttach1&quot;:&quot;file1.json&quot;,&quot;subPathAttach2&quot;:&quot;file2.json&quot;,&quot;subPathAttach3&quot;:&quot;file3.json&quot;,&quot;subPathAttach4&quot;:&quot;file4.json&quot;,&quot;subPathAttach5&quot;:&quot;file5.json&quot;,&quot;subDateTime&quot;:&quot;07-26-2023 06:11:27&quot;,&quot;gradedBy&quot;:null,&quot;gradedDateTime&quot;:null,&quot;grade&quot;:-1},{&quot;submissionId&quot;:1694,&quot;assignmentId&quot;:4261,&quot;userId&quot;:&quot;U10024&quot;,&quot;subDesc&quot;:&quot;Assignment submitted&quot;,&quot;subComments&quot;:&quot;completed&quot;,&quot;subPathAttach1&quot;:&quot;file1.json&quot;,&quot;subPathAttach2&quot;:&quot;file2.json&quot;,&quot;subPathAttach3&quot;:&quot;file3.json&quot;,&quot;subPathAttach4&quot;:&quot;file4.json&quot;,&quot;subPathAttach5&quot;:&quot;file5.json&quot;,&quot;subDateTime&quot;:&quot;07-26-2023 06:13:58&quot;,&quot;gradedBy&quot;:null,&quot;gradedDateTime&quot;:null,&quot;grade&quot;:-1},{&quot;submissionId&quot;:1695,&quot;assignmentId&quot;:4262,&quot;userId&quot;:&quot;U10025&quot;,&quot;subDesc&quot;:&quot;SDET SQL Assignment submission&quot;,&quot;subComments&quot;:&quot;Testing for Assignment Submit&quot;,&quot;subPathAttach1&quot;:&quot;pathfile1.json&quot;,&quot;subPathAttach2&quot;:&quot;pathfile2.json&quot;,&quot;subPathAttach3&quot;:&quot;pathfile3.json&quot;,&quot;subPathAttach4&quot;:&quot;pathfile4.json&quot;,&quot;subPathAttach5&quot;:&quot;pathfile5.json&quot;,&quot;subDateTime&quot;:&quot;07-26-2023 06:14:34&quot;,&quot;gradedBy&quot;:null,&quot;gradedDateTime&quot;:null,&quot;grade&quot;:-1},{&quot;submissionId&quot;:1696,&quot;assignmentId&quot;:4264,&quot;userId&quot;:&quot;U10028&quot;,&quot;subDesc&quot;:&quot;Assignment submitted&quot;,&quot;subComments&quot;:&quot;completed&quot;,&quot;subPathAttach1&quot;:&quot;file1.json&quot;,&quot;subPathAttach2&quot;:&quot;file2.json&quot;,&quot;subPathAttach3&quot;:&quot;file3.json&quot;,&quot;subPathAttach4&quot;:&quot;file4.json&quot;,&quot;subPathAttach5&quot;:&quot;file5.json&quot;,&quot;subDateTime&quot;:&quot;07-26-2023 06:15:22&quot;,&quot;gradedBy&quot;:null,&quot;gradedDateTime&quot;:null,&quot;grade&quot;:-1},{&quot;submissionId&quot;:1698,&quot;assignmentId&quot;:4266,&quot;userId&quot;:&quot;U10034&quot;,&quot;subDesc&quot;:&quot;Assignment submitted&quot;,&quot;subComments&quot;:&quot;completed&quot;,&quot;subPathAttach1&quot;:&quot;file1.json&quot;,&quot;subPathAttach2&quot;:&quot;file2.json&quot;,&quot;subPathAttach3&quot;:&quot;file3.json&quot;,&quot;subPathAttach4&quot;:&quot;file4.json&quot;,&quot;subPathAttach5&quot;:&quot;file5.json&quot;,&quot;subDateTime&quot;:&quot;07-26-2023 06:19:38&quot;,&quot;gradedBy&quot;:null,&quot;gradedDateTime&quot;:null,&quot;grade&quot;:-1},{&quot;submissionId&quot;:1703,&quot;assignmentId&quot;:4268,&quot;userId&quot;:&quot;U10039&quot;,&quot;subDesc&quot;:&quot;Assignment submitted&quot;,&quot;subComments&quot;:&quot;completed&quot;,&quot;subPathAttach1&quot;:&quot;file1.json&quot;,&quot;subPathAttach2&quot;:&quot;file2.json&quot;,&quot;subPathAttach3&quot;:&quot;file3.json&quot;,&quot;subPathAttach4&quot;:&quot;file4.json&quot;,&quot;subPathAttach5&quot;:&quot;file5.json&quot;,&quot;subDateTime&quot;:&quot;07-26-2023 06:24:51&quot;,&quot;gradedBy&quot;:null,&quot;gradedDateTime&quot;:null,&quot;grade&quot;:-1},{&quot;submissionId&quot;:1706,&quot;assignmentId&quot;:4270,&quot;userId&quot;:&quot;U10041&quot;,&quot;subDesc&quot;:&quot;Assignment submitted&quot;,&quot;subComments&quot;:&quot;completed&quot;,&quot;subPathAttach1&quot;:&quot;file1.json&quot;,&quot;subPathAttach2&quot;:&quot;file2.json&quot;,&quot;subPathAttach3&quot;:&quot;file3.json&quot;,&quot;subPathAttach4&quot;:&quot;file4.json&quot;,&quot;subPathAttach5&quot;:&quot;file5.json&quot;,&quot;subDateTime&quot;:&quot;07-26-2023 06:27:27&quot;,&quot;gradedBy&quot;:null,&quot;gradedDateTime&quot;:null,&quot;grade&quot;:-1},{&quot;submissionId&quot;:1707,&quot;assignmentId&quot;:4272,&quot;userId&quot;:&quot;U10044&quot;,&quot;subDesc&quot;:&quot;Assignment submitted&quot;,&quot;subComments&quot;:&quot;completed&quot;,&quot;subPathAttach1&quot;:&quot;file1.json&quot;,&quot;subPathAttach2&quot;:&quot;file2.json&quot;,&quot;subPathAttach3&quot;:&quot;file3.json&quot;,&quot;subPathAttach4&quot;:&quot;file4.json&quot;,&quot;subPathAttach5&quot;:&quot;file5.json&quot;,&quot;subDateTime&quot;:&quot;07-26-2023 06:31:53&quot;,&quot;gradedBy&quot;:null,&quot;gradedDateTime&quot;:null,&quot;grade&quot;:-1},{&quot;submissionId&quot;:1708,&quot;assignmentId&quot;:4274,&quot;userId&quot;:&quot;U10050&quot;,&quot;subDesc&quot;:&quot;Assignment submitted&quot;,&quot;subComments&quot;:&quot;completed&quot;,&quot;subPathAttach1&quot;:&quot;file1.json&quot;,&quot;subPathAttach2&quot;:&quot;file2.json&quot;,&quot;subPathAttach3&quot;:&quot;file3.json&quot;,&quot;subPathAttach4&quot;:&quot;file4.json&quot;,&quot;subPathAttach5&quot;:&quot;file5.json&quot;,&quot;subDateTime&quot;:&quot;07-26-2023 06:33:47&quot;,&quot;gradedBy&quot;:null,&quot;gradedDateTime&quot;:null,&quot;grade&quot;:-1},{&quot;submissionId&quot;:1709,&quot;assignmentId&quot;:4276,&quot;userId&quot;:&quot;U10055&quot;,&quot;subDesc&quot;:&quot;Assignment submitted&quot;,&quot;subComments&quot;:&quot;completed&quot;,&quot;subPathAttach1&quot;:&quot;file1.json&quot;,&quot;subPathAttach2&quot;:&quot;file2.json&quot;,&quot;subPathAttach3&quot;:&quot;file3.json&quot;,&quot;subPathAttach4&quot;:&quot;file4.json&quot;,&quot;subPathAttach5&quot;:&quot;file5.json&quot;,&quot;subDateTime&quot;:&quot;07-26-2023 06:37:26&quot;,&quot;gradedBy&quot;:null,&quot;gradedDateTime&quot;:null,&quot;grade&quot;:-1},{&quot;submissionId&quot;:1710,&quot;assignmentId&quot;:4281,&quot;userId&quot;:&quot;U10080&quot;,&quot;subDesc&quot;:&quot;Assignment submitted&quot;,&quot;subComments&quot;:&quot;completed&quot;,&quot;subPathAttach1&quot;:&quot;file1.json&quot;,&quot;subPathAttach2&quot;:&quot;file2.json&quot;,&quot;subPathAttach3&quot;:&quot;file3.json&quot;,&quot;subPathAttach4&quot;:&quot;file4.json&quot;,&quot;subPathAttach5&quot;:&quot;file5.json&quot;,&quot;subDateTime&quot;:&quot;07-26-2023 06:46:58&quot;,&quot;gradedBy&quot;:null,&quot;gradedDateTime&quot;:null,&quot;grade&quot;:-1},{&quot;submissionId&quot;:1711,&quot;assignmentId&quot;:4282,&quot;userId&quot;:&quot;U10088&quot;,&quot;subDesc&quot;:&quot;SDET SQL Assignment submission&quot;,&quot;subComments&quot;:&quot;Testing for Assignment Submit&quot;,&quot;subPathAttach1&quot;:&quot;pathfile1.json&quot;,&quot;subPathAttach2&quot;:&quot;pathfile2.json&quot;,&quot;subPathAttach3&quot;:&quot;pathfile3.json&quot;,&quot;subPathAttach4&quot;:&quot;pathfile4.json&quot;,&quot;subPathAttach5&quot;:&quot;pathfile5.json&quot;,&quot;subDateTime&quot;:&quot;07-26-2023 06:54:20&quot;,&quot;gradedBy&quot;:null,&quot;gradedDateTime&quot;:null,&quot;grade&quot;:-1},{&quot;submissionId&quot;:1712,&quot;assignmentId&quot;:4284,&quot;userId&quot;:&quot;U9507&quot;,&quot;subDesc&quot;:&quot;harjasspari&quot;,&quot;subComments&quot;:&quot;trythis&quot;,&quot;subPathAttach1&quot;:&quot;string12&quot;,&quot;subPathAttach2&quot;:&quot;string34&quot;,&quot;subPathAttach3&quot;:&quot;String22&quot;,&quot;subPathAttach4&quot;:&quot;string44&quot;,&quot;subPathAttach5&quot;:&quot;string66&quot;,&quot;subDateTime&quot;:&quot;07-26-2023 07:02:30&quot;,&quot;gradedBy&quot;:null,&quot;gradedDateTime&quot;:null,&quot;grade&quot;:-1},{&quot;submissionId&quot;:1713,&quot;assignmentId&quot;:4287,&quot;userId&quot;:&quot;U10095&quot;,&quot;subDesc&quot;:&quot;Assignment submitted&quot;,&quot;subComments&quot;:&quot;completed&quot;,&quot;subPathAttach1&quot;:&quot;file1.json&quot;,&quot;subPathAttach2&quot;:&quot;file2.json&quot;,&quot;subPathAttach3&quot;:&quot;file3.json&quot;,&quot;subPathAttach4&quot;:&quot;file4.json&quot;,&quot;subPathAttach5&quot;:&quot;file5.json&quot;,&quot;subDateTime&quot;:&quot;07-26-2023 07:09:09&quot;,&quot;gradedBy&quot;:null,&quot;gradedDateTime&quot;:null,&quot;grade&quot;:-1},{&quot;submissionId&quot;:1717,&quot;assignmentId&quot;:4298,&quot;userId&quot;:&quot;U10112&quot;,&quot;subDesc&quot;:&quot;Assignment submitted&quot;,&quot;subComments&quot;:&quot;completed&quot;,&quot;subPathAttach1&quot;:&quot;file1.json&quot;,&quot;subPathAttach2&quot;:&quot;file2.json&quot;,&quot;subPathAttach3&quot;:&quot;file3.json&quot;,&quot;subPathAttach4&quot;:&quot;file4.json&quot;,&quot;subPathAttach5&quot;:&quot;file5.json&quot;,&quot;subDateTime&quot;:&quot;07-26-2023 07:22:47&quot;,&quot;gradedBy&quot;:null,&quot;gradedDateTime&quot;:null,&quot;grade&quot;:-1},{&quot;submissionId&quot;:1953,&quot;assignmentId&quot;:4880,&quot;userId&quot;:&quot;U11249&quot;,&quot;subDesc&quot;:&quot;MyAssignment&quot;,&quot;subComments&quot;:&quot;Completed&quot;,&quot;subPathAttach1&quot;:&quot;Test1&quot;,&quot;subPathAttach2&quot;:&quot;Test2&quot;,&quot;subPathAttach3&quot;:&quot;Test3&quot;,&quot;subPathAttach4&quot;:&quot;Test4&quot;,&quot;subPathAttach5&quot;:&quot;Test5&quot;,&quot;subDateTime&quot;:&quot;07-27-2023 03:26:19&quot;,&quot;gradedBy&quot;:&quot;U7900&quot;,&quot;gradedDateTime&quot;:&quot;07-27-2023 03:26:57&quot;,&quot;grade&quot;:2},{&quot;submissionId&quot;:1559,&quot;assignmentId&quot;:3915,&quot;userId&quot;:&quot;U8628&quot;,&quot;subDesc&quot;:&quot;LMS Diabetes&quot;,&quot;subComments&quot;:&quot;LMS Project Submission&quot;,&quot;subPathAttach1&quot;:&quot;path1&quot;,&quot;subPathAttach2&quot;:&quot;path2&quot;,&quot;subPathAttach3&quot;:&quot;path3&quot;,&quot;subPathAttach4&quot;:&quot;path4&quot;,&quot;subPathAttach5&quot;:&quot;path5&quot;,&quot;subDateTime&quot;:&quot;07-25-2023 21:35:59&quot;,&quot;gradedBy&quot;:&quot;U8608&quot;,&quot;gradedDateTime&quot;:&quot;07-26-2023 11:55:33&quot;,&quot;grade&quot;:2},{&quot;submissionId&quot;:1832,&quot;assignmentId&quot;:4595,&quot;userId&quot;:&quot;U10648&quot;,&quot;subDesc&quot;:&quot;MyAssignment&quot;,&quot;subComments&quot;:&quot;Completed&quot;,&quot;subPathAttach1&quot;:&quot;Test1&quot;,&quot;subPathAttach2&quot;:&quot;Test2&quot;,&quot;subPathAttach3&quot;:&quot;Test3&quot;,&quot;subPathAttach4&quot;:&quot;Test4&quot;,&quot;subPathAttach5&quot;:&quot;Test5&quot;,&quot;subDateTime&quot;:&quot;07-26-2023 18:58:04&quot;,&quot;gradedBy&quot;:&quot;U7900&quot;,&quot;gradedDateTime&quot;:&quot;07-26-2023 18:58:05&quot;,&quot;grade&quot;:2},{&quot;submissionId&quot;:1762,&quot;assignmentId&quot;:4428,&quot;userId&quot;:&quot;U10300&quot;,&quot;subDesc&quot;:&quot;MyAssignment&quot;,&quot;subComments&quot;:&quot;Completed&quot;,&quot;subPathAttach1&quot;:&quot;Test1&quot;,&quot;subPathAttach2&quot;:&quot;Test2&quot;,&quot;subPathAttach3&quot;:&quot;Test3&quot;,&quot;subPathAttach4&quot;:&quot;Test4&quot;,&quot;subPathAttach5&quot;:&quot;Test5&quot;,&quot;subDateTime&quot;:&quot;07-26-2023 15:20:47&quot;,&quot;gradedBy&quot;:&quot;U7900&quot;,&quot;gradedDateTime&quot;:&quot;07-26-2023 15:20:48&quot;,&quot;grade&quot;:2},{&quot;submissionId&quot;:1763,&quot;assignmentId&quot;:4429,&quot;userId&quot;:&quot;U10301&quot;,&quot;subDesc&quot;:&quot;MyAssignment&quot;,&quot;subComments&quot;:&quot;Completed&quot;,&quot;subPathAttach1&quot;:&quot;Test1&quot;,&quot;subPathAttach2&quot;:&quot;Test2&quot;,&quot;subPathAttach3&quot;:&quot;Test3&quot;,&quot;subPathAttach4&quot;:&quot;Test4&quot;,&quot;subPathAttach5&quot;:&quot;Test5&quot;,&quot;subDateTime&quot;:&quot;07-26-2023 15:22:40&quot;,&quot;gradedBy&quot;:&quot;U7900&quot;,&quot;gradedDateTime&quot;:&quot;07-26-2023 15:22:41&quot;,&quot;grade&quot;:2},{&quot;submissionId&quot;:2009,&quot;assignmentId&quot;:4953,&quot;userId&quot;:&quot;U9507&quot;,&quot;subDesc&quot;:&quot;harjasspari&quot;,&quot;subComments&quot;:&quot;trythis&quot;,&quot;subPathAttach1&quot;:&quot;string12&quot;,&quot;subPathAttach2&quot;:&quot;string34&quot;,&quot;subPathAttach3&quot;:&quot;String22&quot;,&quot;subPathAttach4&quot;:&quot;string44&quot;,&quot;subPathAttach5&quot;:&quot;string66&quot;,&quot;subDateTime&quot;:&quot;07-27-2023 04:52:42&quot;,&quot;gradedBy&quot;:null,&quot;gradedDateTime&quot;:null,&quot;grade&quot;:-1},{&quot;submissionId&quot;:2008,&quot;assignmentId&quot;:3936,&quot;userId&quot;:&quot;U11383&quot;,&quot;subDesc&quot;:&quot;Jul23-team6-SDET-Description.&quot;,&quot;subComments&quot;:&quot;Jul23-team6-SDET-comment.&quot;,&quot;subPathAttach1&quot;:&quot;Filepath1&quot;,&quot;subPathAttach2&quot;:&quot;Filepath1&quot;,&quot;subPathAttach3&quot;:&quot;Filepath1&quot;,&quot;subPathAttach4&quot;:&quot;Filepath1&quot;,&quot;subPathAttach5&quot;:&quot;Filepath1&quot;,&quot;subDateTime&quot;:&quot;07-27-2023 04:52:12&quot;,&quot;gradedBy&quot;:null,&quot;gradedDateTime&quot;:null,&quot;grade&quot;:-1},{&quot;submissionId&quot;:1766,&quot;assignmentId&quot;:4432,&quot;userId&quot;:&quot;U10324&quot;,&quot;subDesc&quot;:&quot;MyAssignment&quot;,&quot;subComments&quot;:&quot;Completed&quot;,&quot;subPathAttach1&quot;:&quot;Test1&quot;,&quot;subPathAttach2&quot;:&quot;Test2&quot;,&quot;subPathAttach3&quot;:&quot;Test3&quot;,&quot;subPathAttach4&quot;:&quot;Test4&quot;,&quot;subPathAttach5&quot;:&quot;Test5&quot;,&quot;subDateTime&quot;:&quot;07-26-2023 15:32:41&quot;,&quot;gradedBy&quot;:&quot;U7900&quot;,&quot;gradedDateTime&quot;:&quot;07-26-2023 15:32:43&quot;,&quot;grade&quot;:2},{&quot;submissionId&quot;:1768,&quot;assignmentId&quot;:4434,&quot;userId&quot;:&quot;U10326&quot;,&quot;subDesc&quot;:&quot;MyAssignment&quot;,&quot;subComments&quot;:&quot;Completed&quot;,&quot;subPathAttach1&quot;:&quot;Test1&quot;,&quot;subPathAttach2&quot;:&quot;Test2&quot;,&quot;subPathAttach3&quot;:&quot;Test3&quot;,&quot;subPathAttach4&quot;:&quot;Test4&quot;,&quot;subPathAttach5&quot;:&quot;Test5&quot;,&quot;subDateTime&quot;:&quot;07-26-2023 15:34:46&quot;,&quot;gradedBy&quot;:&quot;U7900&quot;,&quot;gradedDateTime&quot;:&quot;07-26-2023 15:34:47&quot;,&quot;grade&quot;:2},{&quot;submissionId&quot;:1872,&quot;assignmentId&quot;:4699,&quot;userId&quot;:&quot;U8528&quot;,&quot;subDesc&quot;:&quot;Test1&quot;,&quot;subComments&quot;:&quot;test1&quot;,&quot;subPathAttach1&quot;:&quot;test&quot;,&quot;subPathAttach2&quot;:&quot;test&quot;,&quot;subPathAttach3&quot;:&quot;test&quot;,&quot;subPathAttach4&quot;:&quot;test&quot;,&quot;subPathAttach5&quot;:&quot;test&quot;,&quot;subDateTime&quot;:&quot;07-26-2023 21:38:16&quot;,&quot;gradedBy&quot;:&quot;U8528&quot;,&quot;gradedDateTime&quot;:&quot;07-27-2023 04:07:28&quot;,&quot;grade&quot;:1},{&quot;submissionId&quot;:2041,&quot;assignmentId&quot;:5036,&quot;userId&quot;:&quot;U8335&quot;,&quot;subDesc&quot;:&quot;submission for Hackathon&quot;,&quot;subComments&quot;:null,&quot;subDateTime&quot;:&quot;07-27-2023 07:15:20&quot;,&quot;gradedBy&quot;:null,&quot;gradedDateTime&quot;:null,&quot;grade&quot;:-1},{&quot;submissionId&quot;:1926,&quot;assignmentId&quot;:4819,&quot;userId&quot;:&quot;U11137&quot;,&quot;subDesc&quot;:&quot;SDET SQL Assignment submission&quot;,&quot;subComments&quot;:&quot;Testing for Assignment Submit&quot;,&quot;subPathAttach1&quot;:&quot;pathfile1.json&quot;,&quot;subPathAttach2&quot;:&quot;pathfile2.json&quot;,&quot;subPathAttach3&quot;:&quot;pathfile3.json&quot;,&quot;subPathAttach4&quot;:&quot;pathfile4.json&quot;,&quot;subPathAttach5&quot;:&quot;pathfile5.json&quot;,&quot;subDateTime&quot;:&quot;07-27-2023 02:27:09&quot;,&quot;gradedBy&quot;:null,&quot;gradedDateTime&quot;:null,&quot;grade&quot;:-1},{&quot;submissionId&quot;:2042,&quot;assignmentId&quot;:5038,&quot;userId&quot;:&quot;U8335&quot;,&quot;subDesc&quot;:&quot;submission for Hackathon&quot;,&quot;subComments&quot;:null,&quot;subDateTime&quot;:&quot;07-27-2023 07:20:38&quot;,&quot;gradedBy&quot;:null,&quot;gradedDateTime&quot;:null,&quot;grade&quot;:-1},{&quot;submissionId&quot;:2043,&quot;assignmentId&quot;:3936,&quot;userId&quot;:&quot;U11543&quot;,&quot;subDesc&quot;:&quot;Jul23-team6-SDET-Description.&quot;,&quot;subComments&quot;:&quot;Jul23-team6-SDET-comment.&quot;,&quot;subPathAttach1&quot;:&quot;Filepath1&quot;,&quot;subPathAttach2&quot;:&quot;Filepath1&quot;,&quot;subPathAttach3&quot;:&quot;Filepath1&quot;,&quot;subPathAttach4&quot;:&quot;Filepath1&quot;,&quot;subPathAttach5&quot;:&quot;Filepath1&quot;,&quot;subDateTime&quot;:&quot;07-27-2023 07:25:17&quot;,&quot;gradedBy&quot;:null,&quot;gradedDateTime&quot;:null,&quot;grade&quot;:-1},{&quot;submissionId&quot;:2226,&quot;assignmentId&quot;:5340,&quot;userId&quot;:&quot;U11899&quot;,&quot;subDesc&quot;:&quot;cool assignment&quot;,&quot;subComments&quot;:&quot;very good&quot;,&quot;subPathAttach1&quot;:&quot;path1&quot;,&quot;subPathAttach2&quot;:&quot;path2&quot;,&quot;subPathAttach3&quot;:&quot;path3&quot;,&quot;subPathAttach4&quot;:&quot;path4&quot;,&quot;subPathAttach5&quot;:&quot;path5&quot;,&quot;subDateTime&quot;:&quot;07-27-2023 19:14:34&quot;,&quot;gradedBy&quot;:null,&quot;gradedDateTime&quot;:null,&quot;grade&quot;:-1},{&quot;submissionId&quot;:1908,&quot;assignmentId&quot;:4782,&quot;userId&quot;:&quot;U11038&quot;,&quot;subDesc&quot;:&quot;MyAssignment&quot;,&quot;subComments&quot;:&quot;Completed&quot;,&quot;subPathAttach1&quot;:&quot;Test1&quot;,&quot;subPathAttach2&quot;:&quot;Test2&quot;,&quot;subPathAttach3&quot;:&quot;Test3&quot;,&quot;subPathAttach4&quot;:&quot;Test4&quot;,&quot;subPathAttach5&quot;:&quot;Test5&quot;,&quot;subDateTime&quot;:&quot;07-27-2023 00:50:13&quot;,&quot;gradedBy&quot;:&quot;U7900&quot;,&quot;gradedDateTime&quot;:&quot;07-27-2023 00:50:14&quot;,&quot;grade&quot;:2},{&quot;submissionId&quot;:1835,&quot;assignmentId&quot;:4600,&quot;userId&quot;:&quot;U10654&quot;,&quot;subDesc&quot;:&quot;MyAssignment&quot;,&quot;subComments&quot;:&quot;Completed&quot;,&quot;subPathAttach1&quot;:&quot;Test1&quot;,&quot;subPathAttach2&quot;:&quot;Test2&quot;,&quot;subPathAttach3&quot;:&quot;Test3&quot;,&quot;subPathAttach4&quot;:&quot;Test4&quot;,&quot;subPathAttach5&quot;:&quot;Test5&quot;,&quot;subDateTime&quot;:&quot;07-26-2023 19:03:59&quot;,&quot;gradedBy&quot;:&quot;U7900&quot;,&quot;gradedDateTime&quot;:&quot;07-26-2023 19:04:00&quot;,&quot;grade&quot;:2},{&quot;submissionId&quot;:1838,&quot;assignmentId&quot;:4604,&quot;userId&quot;:&quot;U10662&quot;,&quot;subDesc&quot;:&quot;MyAssignment&quot;,&quot;subComments&quot;:&quot;Completed&quot;,&quot;subPathAttach1&quot;:&quot;Test1&quot;,&quot;subPathAttach2&quot;:&quot;Test2&quot;,&quot;subPathAttach3&quot;:&quot;Test3&quot;,&quot;subPathAttach4&quot;:&quot;Test4&quot;,&quot;subPathAttach5&quot;:&quot;Test5&quot;,&quot;subDateTime&quot;:&quot;07-26-2023 19:11:07&quot;,&quot;gradedBy&quot;:&quot;U7900&quot;,&quot;gradedDateTime&quot;:&quot;07-26-2023 19:11:08&quot;,&quot;grade&quot;:2},{&quot;submissionId&quot;:1840,&quot;assignmentId&quot;:4608,&quot;userId&quot;:&quot;U10667&quot;,&quot;subDesc&quot;:&quot;MyAssignment&quot;,&quot;subComments&quot;:&quot;Completed&quot;,&quot;subPathAttach1&quot;:&quot;Test1&quot;,&quot;subPathAttach2&quot;:&quot;Test2&quot;,&quot;subPathAttach3&quot;:&quot;Test3&quot;,&quot;subPathAttach4&quot;:&quot;Test4&quot;,&quot;subPathAttach5&quot;:&quot;Test5&quot;,&quot;subDateTime&quot;:&quot;07-26-2023 19:19:21&quot;,&quot;gradedBy&quot;:&quot;U7900&quot;,&quot;gradedDateTime&quot;:&quot;07-26-2023 19:19:22&quot;,&quot;grade&quot;:2},{&quot;submissionId&quot;:2062,&quot;assignmentId&quot;:5083,&quot;userId&quot;:&quot;U11590&quot;,&quot;subDesc&quot;:&quot;SDET SQL Assignment submission&quot;,&quot;subComments&quot;:&quot;Testing for Assignment Submit&quot;,&quot;subPathAttach1&quot;:&quot;pathfile1.json&quot;,&quot;subPathAttach2&quot;:&quot;pathfile2.json&quot;,&quot;subPathAttach3&quot;:&quot;pathfile3.json&quot;,&quot;subPathAttach4&quot;:&quot;pathfile4.json&quot;,&quot;subPathAttach5&quot;:&quot;pathfile5.json&quot;,&quot;subDateTime&quot;:&quot;07-27-2023 13:49:08&quot;,&quot;gradedBy&quot;:null,&quot;gradedDateTime&quot;:null,&quot;grade&quot;:-1},{&quot;submissionId&quot;:1844,&quot;assignmentId&quot;:4614,&quot;userId&quot;:&quot;U10680&quot;,&quot;subDesc&quot;:&quot;Api Request&quot;,&quot;subComments&quot;:&quot;Submitted&quot;,&quot;subPathAttach1&quot;:&quot;Filepath1&quot;,&quot;subDateTime&quot;:&quot;07-26-2023 19:29:07&quot;,&quot;gradedBy&quot;:null,&quot;gradedDateTime&quot;:null,&quot;grade&quot;:-1},{&quot;submissionId&quot;:1846,&quot;assignmentId&quot;:4621,&quot;userId&quot;:&quot;U10694&quot;,&quot;subDesc&quot;:&quot;Api Request&quot;,&quot;subComments&quot;:&quot;Submitted&quot;,&quot;subPathAttach1&quot;:&quot;Filepath1&quot;,&quot;subDateTime&quot;:&quot;07-26-2023 19:35:21&quot;,&quot;gradedBy&quot;:null,&quot;gradedDateTime&quot;:null,&quot;grade&quot;:-1},{&quot;submissionId&quot;:1911,&quot;assignmentId&quot;:4787,&quot;userId&quot;:&quot;U11048&quot;,&quot;subDesc&quot;:&quot;SDET SQL Assignment submission&quot;,&quot;subComments&quot;:&quot;Testing for Assignment Submit&quot;,&quot;subPathAttach1&quot;:&quot;pathfile1.json&quot;,&quot;subPathAttach2&quot;:&quot;pathfile2.json&quot;,&quot;subPathAttach3&quot;:&quot;pathfile3.json&quot;,&quot;subPathAttach4&quot;:&quot;pathfile4.json&quot;,&quot;subPathAttach5&quot;:&quot;pathfile5.json&quot;,&quot;subDateTime&quot;:&quot;07-27-2023 01:07:06&quot;,&quot;gradedBy&quot;:null,&quot;gradedDateTime&quot;:null,&quot;grade&quot;:-1},{&quot;submissionId&quot;:1902,&quot;assignmentId&quot;:3936,&quot;userId&quot;:&quot;U9350&quot;,&quot;subDesc&quot;:&quot;Jul23-team6-SDET-Desc&quot;,&quot;subComments&quot;:&quot;Jul23-team6-comment&quot;,&quot;subPathAttach1&quot;:&quot;Filepath1&quot;,&quot;subPathAttach2&quot;:&quot;Filepath1&quot;,&quot;subPathAttach3&quot;:&quot;Filepath1&quot;,&quot;subPathAttach4&quot;:&quot;Filepath1&quot;,&quot;subPathAttach5&quot;:&quot;Filepath1&quot;,&quot;subDateTime&quot;:&quot;07-27-2023 00:28:38&quot;,&quot;gradedBy&quot;:null,&quot;gradedDateTime&quot;:null,&quot;grade&quot;:-1},{&quot;submissionId&quot;:1903,&quot;assignmentId&quot;:4764,&quot;userId&quot;:&quot;U11001&quot;,&quot;subDesc&quot;:&quot;Api Request&quot;,&quot;subComments&quot;:&quot;Done&quot;,&quot;subPathAttach1&quot;:&quot;Filepath1&quot;,&quot;subDateTime&quot;:&quot;07-27-2023 00:32:05&quot;,&quot;gradedBy&quot;:&quot;U10999&quot;,&quot;gradedDateTime&quot;:&quot;07-27-2023 00:32:06&quot;,&quot;grade&quot;:1},{&quot;submissionId&quot;:1854,&quot;assignmentId&quot;:4631,&quot;userId&quot;:&quot;U10705&quot;,&quot;subDesc&quot;:&quot;Api Request&quot;,&quot;subComments&quot;:&quot;Submitted&quot;,&quot;subPathAttach1&quot;:&quot;Filepath1&quot;,&quot;subDateTime&quot;:&quot;07-26-2023 19:45:02&quot;,&quot;gradedBy&quot;:null,&quot;gradedDateTime&quot;:null,&quot;grade&quot;:-1},{&quot;submissionId&quot;:1904,&quot;assignmentId&quot;:4767,&quot;userId&quot;:&quot;U11011&quot;,&quot;subDesc&quot;:&quot;Api Request&quot;,&quot;subComments&quot;:&quot;Done&quot;,&quot;subPathAttach1&quot;:&quot;Filepath1&quot;,&quot;subDateTime&quot;:&quot;07-27-2023 00:37:19&quot;,&quot;gradedBy&quot;:&quot;U11009&quot;,&quot;gradedDateTime&quot;:&quot;07-27-2023 00:37:20&quot;,&quot;grade&quot;:1},{&quot;submissionId&quot;:1857,&quot;assignmentId&quot;:4640,&quot;userId&quot;:&quot;U10714&quot;,&quot;subDesc&quot;:&quot;Api Request&quot;,&quot;subComments&quot;:&quot;Submitted&quot;,&quot;subPathAttach1&quot;:&quot;Filepath1&quot;,&quot;subDateTime&quot;:&quot;07-26-2023 19:56:43&quot;,&quot;gradedBy&quot;:null,&quot;gradedDateTime&quot;:null,&quot;grade&quot;:-1},{&quot;submissionId&quot;:1862,&quot;assignmentId&quot;:4650,&quot;userId&quot;:&quot;U10722&quot;,&quot;subDesc&quot;:&quot;Api Request&quot;,&quot;subComments&quot;:&quot;Submitted&quot;,&quot;subPathAttach1&quot;:&quot;Filepath1&quot;,&quot;subDateTime&quot;:&quot;07-26-2023 20:04:19&quot;,&quot;gradedBy&quot;:null,&quot;gradedDateTime&quot;:null,&quot;grade&quot;:-1},{&quot;submissionId&quot;:1927,&quot;assignmentId&quot;:4824,&quot;userId&quot;:&quot;U11146&quot;,&quot;subDesc&quot;:&quot;MyAssignment&quot;,&quot;subComments&quot;:&quot;Completed&quot;,&quot;subPathAttach1&quot;:&quot;Test1&quot;,&quot;subPathAttach2&quot;:&quot;Test2&quot;,&quot;subPathAttach3&quot;:&quot;Test3&quot;,&quot;subPathAttach4&quot;:&quot;Test4&quot;,&quot;subPathAttach5&quot;:&quot;Test5&quot;,&quot;subDateTime&quot;:&quot;07-27-2023 02:29:40&quot;,&quot;gradedBy&quot;:&quot;U7900&quot;,&quot;gradedDateTime&quot;:&quot;07-27-2023 02:29:41&quot;,&quot;grade&quot;:2},{&quot;submissionId&quot;:1581,&quot;assignmentId&quot;:4063,&quot;userId&quot;:&quot;U8618&quot;,&quot;subDesc&quot;:&quot;submission&quot;,&quot;subComments&quot;:&quot;re-submission completed&quot;,&quot;subPathAttach1&quot;:&quot;/opt/share/mayotte_collaborative.stk&quot;,&quot;subPathAttach2&quot;:&quot;/opt/share/mayotte_collaborative.stk&quot;,&quot;subPathAttach3&quot;:&quot;/opt/share/mayotte_collaborative.stk&quot;,&quot;subPathAttach4&quot;:&quot;/opt/share/mayotte_collaborative.stk&quot;,&quot;subPathAttach5&quot;:&quot;/opt/share/mayotte_collaborative.stk&quot;,&quot;subDateTime&quot;:&quot;07-25-2023 23:04:38&quot;,&quot;gradedBy&quot;:&quot;U7900&quot;,&quot;gradedDateTime&quot;:&quot;07-26-2023 20:39:46&quot;,&quot;grade&quot;:4},{&quot;submissionId&quot;:1928,&quot;assignmentId&quot;:4826,&quot;userId&quot;:&quot;U11154&quot;,&quot;subDesc&quot;:&quot;Cucumber BDD Assignment&quot;,&quot;subComments&quot;:&quot;Test Data&quot;,&quot;subPathAttach1&quot;:&quot;file1.json&quot;,&quot;subPathAttach2&quot;:&quot;file2.json&quot;,&quot;subPathAttach3&quot;:&quot;file3.json&quot;,&quot;subPathAttach4&quot;:&quot;file4.json&quot;,&quot;subPathAttach5&quot;:&quot;file5.json&quot;,&quot;subDateTime&quot;:&quot;07-27-2023 02:32:03&quot;,&quot;gradedBy&quot;:null,&quot;gradedDateTime&quot;:null,&quot;grade&quot;:-1},{&quot;submissionId&quot;:1925,&quot;assignmentId&quot;:4818,&quot;userId&quot;:&quot;U11134&quot;,&quot;subDesc&quot;:&quot;SDET SQL Assignment submission&quot;,&quot;subComments&quot;:&quot;Testing for Assignment Submit&quot;,&quot;subPathAttach1&quot;:&quot;pathfile1.json&quot;,&quot;subPathAttach2&quot;:&quot;pathfile2.json&quot;,&quot;subPathAttach3&quot;:&quot;pathfile3.json&quot;,&quot;subPathAttach4&quot;:&quot;pathfile4.json&quot;,&quot;subPathAttach5&quot;:&quot;pathfile5.json&quot;,&quot;subDateTime&quot;:&quot;07-27-2023 02:25:33&quot;,&quot;gradedBy&quot;:null,&quot;gradedDateTime&quot;:null,&quot;grade&quot;:-1},{&quot;submissionId&quot;:1929,&quot;assignmentId&quot;:4832,&quot;userId&quot;:&quot;U11167&quot;,&quot;subDesc&quot;:&quot;MyAssignment&quot;,&quot;subComments&quot;:&quot;Completed&quot;,&quot;subPathAttach1&quot;:&quot;Test1&quot;,&quot;subPathAttach2&quot;:&quot;Test2&quot;,&quot;subPathAttach3&quot;:&quot;Test3&quot;,&quot;subPathAttach4&quot;:&quot;Test4&quot;,&quot;subPathAttach5&quot;:&quot;Test5&quot;,&quot;subDateTime&quot;:&quot;07-27-2023 02:41:54&quot;,&quot;gradedBy&quot;:&quot;U7900&quot;,&quot;gradedDateTime&quot;:&quot;07-27-2023 02:41:55&quot;,&quot;grade&quot;:2},{&quot;submissionId&quot;:1930,&quot;assignmentId&quot;:4842,&quot;userId&quot;:&quot;U11185&quot;,&quot;subDesc&quot;:&quot;MyAssignment&quot;,&quot;subComments&quot;:&quot;Completed&quot;,&quot;subPathAttach1&quot;:&quot;Test1&quot;,&quot;subPathAttach2&quot;:&quot;Test2&quot;,&quot;subPathAttach3&quot;:&quot;Test3&quot;,&quot;subPathAttach4&quot;:&quot;Test4&quot;,&quot;subPathAttach5&quot;:&quot;Test5&quot;,&quot;subDateTime&quot;:&quot;07-27-2023 02:51:59&quot;,&quot;gradedBy&quot;:&quot;U7900&quot;,&quot;gradedDateTime&quot;:&quot;07-27-2023 02:52:02&quot;,&quot;grade&quot;:2},{&quot;submissionId&quot;:1941,&quot;assignmentId&quot;:4856,&quot;userId&quot;:&quot;U11199&quot;,&quot;subDesc&quot;:&quot;MyAssignment&quot;,&quot;subComments&quot;:&quot;Completed&quot;,&quot;subPathAttach1&quot;:&quot;Test1&quot;,&quot;subPathAttach2&quot;:&quot;Test2&quot;,&quot;subPathAttach3&quot;:&quot;Test3&quot;,&quot;subPathAttach4&quot;:&quot;Test4&quot;,&quot;subPathAttach5&quot;:&quot;Test5&quot;,&quot;subDateTime&quot;:&quot;07-27-2023 03:03:11&quot;,&quot;gradedBy&quot;:&quot;U7900&quot;,&quot;gradedDateTime&quot;:&quot;07-27-2023 03:03:55&quot;,&quot;grade&quot;:2},{&quot;submissionId&quot;:2002,&quot;assignmentId&quot;:3936,&quot;userId&quot;:&quot;U11373&quot;,&quot;subDesc&quot;:&quot;Jul23-team6-SDET-Description.&quot;,&quot;subComments&quot;:&quot;Jul23-team6-SDET-comment.&quot;,&quot;subPathAttach1&quot;:&quot;Filepath1&quot;,&quot;subPathAttach2&quot;:&quot;Filepath1&quot;,&quot;subPathAttach3&quot;:&quot;Filepath1&quot;,&quot;subPathAttach4&quot;:&quot;Filepath1&quot;,&quot;subPathAttach5&quot;:&quot;Filepath1&quot;,&quot;subDateTime&quot;:&quot;07-27-2023 04:46:38&quot;,&quot;gradedBy&quot;:null,&quot;gradedDateTime&quot;:null,&quot;grade&quot;:-1},{&quot;submissionId&quot;:2160,&quot;assignmentId&quot;:5257,&quot;userId&quot;:&quot;U11899&quot;,&quot;subDesc&quot;:&quot;cool assignment&quot;,&quot;subComments&quot;:&quot;very good&quot;,&quot;subPathAttach1&quot;:&quot;path1&quot;,&quot;subPathAttach2&quot;:&quot;path2&quot;,&quot;subPathAttach3&quot;:&quot;path3&quot;,&quot;subPathAttach4&quot;:&quot;path4&quot;,&quot;subPathAttach5&quot;:&quot;path5&quot;,&quot;subDateTime&quot;:&quot;07-27-2023 17:33:32&quot;,&quot;gradedBy&quot;:null,&quot;gradedDateTime&quot;:null,&quot;grade&quot;:-1},{&quot;submissionId&quot;:1947,&quot;assignmentId&quot;:4867,&quot;userId&quot;:&quot;U11219&quot;,&quot;subDesc&quot;:&quot;MyAssignment&quot;,&quot;subComments&quot;:&quot;Completed&quot;,&quot;subPathAttach1&quot;:&quot;Test1&quot;,&quot;subPathAttach2&quot;:&quot;Test2&quot;,&quot;subPathAttach3&quot;:&quot;Test3&quot;,&quot;subPathAttach4&quot;:&quot;Test4&quot;,&quot;subPathAttach5&quot;:&quot;Test5&quot;,&quot;subDateTime&quot;:&quot;07-27-2023 03:12:17&quot;,&quot;gradedBy&quot;:&quot;U7900&quot;,&quot;gradedDateTime&quot;:&quot;07-27-2023 03:13:06&quot;,&quot;grade&quot;:2},{&quot;submissionId&quot;:2118,&quot;assignmentId&quot;:4390,&quot;userId&quot;:&quot;U8108&quot;,&quot;subDesc&quot;:&quot;cool assignment&quot;,&quot;subComments&quot;:&quot;very good&quot;,&quot;subPathAttach1&quot;:&quot;path1&quot;,&quot;subPathAttach2&quot;:&quot;path2&quot;,&quot;subPathAttach3&quot;:&quot;path3&quot;,&quot;subPathAttach4&quot;:&quot;path4&quot;,&quot;subPathAttach5&quot;:&quot;path5&quot;,&quot;subDateTime&quot;:&quot;07-27-2023 16:03:56&quot;,&quot;gradedBy&quot;:null,&quot;gradedDateTime&quot;:null,&quot;grade&quot;:-1},{&quot;submissionId&quot;:2019,&quot;assignmentId&quot;:3936,&quot;userId&quot;:&quot;U11421&quot;,&quot;subDesc&quot;:&quot;Jul23-team6-SDET-Description.&quot;,&quot;subComments&quot;:&quot;Jul23-team6-SDET-comment.&quot;,&quot;subPathAttach1&quot;:&quot;Filepath1&quot;,&quot;subPathAttach2&quot;:&quot;Filepath1&quot;,&quot;subPathAttach3&quot;:&quot;Filepath1&quot;,&quot;subPathAttach4&quot;:&quot;Filepath1&quot;,&quot;subPathAttach5&quot;:&quot;Filepath1&quot;,&quot;subDateTime&quot;:&quot;07-27-2023 05:23:54&quot;,&quot;gradedBy&quot;:null,&quot;gradedDateTime&quot;:null,&quot;grade&quot;:-1},{&quot;submissionId&quot;:2090,&quot;assignmentId&quot;:3936,&quot;userId&quot;:&quot;U11679&quot;,&quot;subDesc&quot;:&quot;Jul23-team6-SDET-Description.&quot;,&quot;subComments&quot;:&quot;Jul23-team6-SDET-comment.&quot;,&quot;subPathAttach1&quot;:&quot;Filepath1&quot;,&quot;subPathAttach2&quot;:&quot;Filepath1&quot;,&quot;subPathAttach3&quot;:&quot;Filepath1&quot;,&quot;subPathAttach4&quot;:&quot;Filepath1&quot;,&quot;subPathAttach5&quot;:&quot;Filepath1&quot;,&quot;subDateTime&quot;:&quot;07-27-2023 14:58:39&quot;,&quot;gradedBy&quot;:null,&quot;gradedDateTime&quot;:null,&quot;grade&quot;:-1},{&quot;submissionId&quot;:2091,&quot;assignmentId&quot;:3936,&quot;userId&quot;:&quot;U11680&quot;,&quot;subDesc&quot;:&quot;Jul23-team6-SDET-Description.&quot;,&quot;subComments&quot;:&quot;Jul23-team6-SDET-comment.&quot;,&quot;subPathAttach1&quot;:&quot;Filepath1&quot;,&quot;subPathAttach2&quot;:&quot;Filepath1&quot;,&quot;subPathAttach3&quot;:&quot;Filepath1&quot;,&quot;subPathAttach4&quot;:&quot;Filepath1&quot;,&quot;subPathAttach5&quot;:&quot;Filepath1&quot;,&quot;subDateTime&quot;:&quot;07-27-2023 15:00:01&quot;,&quot;gradedBy&quot;:null,&quot;gradedDateTime&quot;:null,&quot;grade&quot;:-1},{&quot;submissionId&quot;:2034,&quot;assignmentId&quot;:5013,&quot;userId&quot;:&quot;U11506&quot;,&quot;subDesc&quot;:&quot;SDET SQL Assignment submission&quot;,&quot;subComments&quot;:&quot;Testing for Assignment Submit&quot;,&quot;subPathAttach1&quot;:&quot;pathfile1.json&quot;,&quot;subPathAttach2&quot;:&quot;pathfile2.json&quot;,&quot;subPathAttach3&quot;:&quot;pathfile3.json&quot;,&quot;subPathAttach4&quot;:&quot;pathfile4.json&quot;,&quot;subPathAttach5&quot;:&quot;pathfile5.json&quot;,&quot;subDateTime&quot;:&quot;07-27-2023 06:29:57&quot;,&quot;gradedBy&quot;:null,&quot;gradedDateTime&quot;:null,&quot;grade&quot;:-1},{&quot;submissionId&quot;:2044,&quot;assignmentId&quot;:3936,&quot;userId&quot;:&quot;U11547&quot;,&quot;subDesc&quot;:&quot;Jul23-team6-SDET-Description.&quot;,&quot;subComments&quot;:&quot;Jul23-team6-SDET-comment.&quot;,&quot;subPathAttach1&quot;:&quot;Filepath1&quot;,&quot;subPathAttach2&quot;:&quot;Filepath1&quot;,&quot;subPathAttach3&quot;:&quot;Filepath1&quot;,&quot;subPathAttach4&quot;:&quot;Filepath1&quot;,&quot;subPathAttach5&quot;:&quot;Filepath1&quot;,&quot;subDateTime&quot;:&quot;07-27-2023 07:34:14&quot;,&quot;gradedBy&quot;:null,&quot;gradedDateTime&quot;:null,&quot;grade&quot;:-1},{&quot;submissionId&quot;:2095,&quot;assignmentId&quot;:5145,&quot;userId&quot;:&quot;U8335&quot;,&quot;subDesc&quot;:&quot;submission for Hackathon&quot;,&quot;subComments&quot;:null,&quot;subDateTime&quot;:&quot;07-27-2023 15:02:38&quot;,&quot;gradedBy&quot;:null,&quot;gradedDateTime&quot;:null,&quot;grade&quot;:-1},{&quot;submissionId&quot;:2096,&quot;assignmentId&quot;:3936,&quot;userId&quot;:&quot;U11691&quot;,&quot;subDesc&quot;:&quot;Jul23-team6-SDET-Description.&quot;,&quot;subComments&quot;:&quot;Jul23-team6-SDET-comment.&quot;,&quot;subPathAttach1&quot;:&quot;Filepath1&quot;,&quot;subPathAttach2&quot;:&quot;Filepath1&quot;,&quot;subPathAttach3&quot;:&quot;Filepath1&quot;,&quot;subPathAttach4&quot;:&quot;Filepath1&quot;,&quot;subPathAttach5&quot;:&quot;Filepath1&quot;,&quot;subDateTime&quot;:&quot;07-27-2023 15:03:00&quot;,&quot;gradedBy&quot;:null,&quot;gradedDateTime&quot;:null,&quot;grade&quot;:-1},{&quot;submissionId&quot;:2100,&quot;assignmentId&quot;:5153,&quot;userId&quot;:&quot;U8335&quot;,&quot;subDesc&quot;:&quot;submission for Hackathon&quot;,&quot;subComments&quot;:null,&quot;subDateTime&quot;:&quot;07-27-2023 15:10:05&quot;,&quot;gradedBy&quot;:null,&quot;gradedDateTime&quot;:null,&quot;grade&quot;:-1},{&quot;submissionId&quot;:2101,&quot;assignmentId&quot;:5154,&quot;userId&quot;:&quot;U8335&quot;,&quot;subDesc&quot;:&quot;submission for Hackathon&quot;,&quot;subComments&quot;:null,&quot;subDateTime&quot;:&quot;07-27-2023 15:11:31&quot;,&quot;gradedBy&quot;:null,&quot;gradedDateTime&quot;:null,&quot;grade&quot;:-1},{&quot;submissionId&quot;:2123,&quot;assignmentId&quot;:5199,&quot;userId&quot;:&quot;U8335&quot;,&quot;subDesc&quot;:&quot;submission for Hackathon&quot;,&quot;subComments&quot;:null,&quot;subDateTime&quot;:&quot;07-27-2023 16:16:46&quot;,&quot;gradedBy&quot;:null,&quot;gradedDateTime&quot;:null,&quot;grade&quot;:-1},{&quot;submissionId&quot;:2168,&quot;assignmentId&quot;:5266,&quot;userId&quot;:&quot;U11899&quot;,&quot;subDesc&quot;:&quot;cool assignment&quot;,&quot;subComments&quot;:&quot;very good&quot;,&quot;subPathAttach1&quot;:&quot;path1&quot;,&quot;subPathAttach2&quot;:&quot;path2&quot;,&quot;subPathAttach3&quot;:&quot;path3&quot;,&quot;subPathAttach4&quot;:&quot;path4&quot;,&quot;subPathAttach5&quot;:&quot;path5&quot;,&quot;subDateTime&quot;:&quot;07-27-2023 17:53:05&quot;,&quot;gradedBy&quot;:null,&quot;gradedDateTime&quot;:null,&quot;grade&quot;:-1},{&quot;submissionId&quot;:2127,&quot;assignmentId&quot;:4164,&quot;userId&quot;:&quot;U8335&quot;,&quot;subDesc&quot;:&quot;submission for Hackathon&quot;,&quot;subComments&quot;:null,&quot;subDateTime&quot;:&quot;07-27-2023 16:31:00&quot;,&quot;gradedBy&quot;:null,&quot;gradedDateTime&quot;:null,&quot;grade&quot;:-1},{&quot;submissionId&quot;:2130,&quot;assignmentId&quot;:3701,&quot;userId&quot;:&quot;U8158&quot;,&quot;subDesc&quot;:&quot;team2_testingturtles&quot;,&quot;subComments&quot;:&quot;team_2_Phasee&quot;,&quot;subPathAttach1&quot;:&quot;testing&quot;,&quot;subPathAttach2&quot;:&quot;turtles&quot;,&quot;subPathAttach3&quot;:&quot;team2&quot;,&quot;subPathAttach4&quot;:&quot;string&quot;,&quot;subPathAttach5&quot;:&quot;string&quot;,&quot;subDateTime&quot;:&quot;07-27-2023 16:41:49&quot;,&quot;gradedBy&quot;:&quot;U7876&quot;,&quot;gradedDateTime&quot;:&quot;07-27-2023 17:14:10&quot;,&quot;grade&quot;:2},{&quot;submissionId&quot;:2155,&quot;assignmentId&quot;:5249,&quot;userId&quot;:&quot;U8335&quot;,&quot;subDesc&quot;:&quot;submission for Hackathon&quot;,&quot;subComments&quot;:null,&quot;subDateTime&quot;:&quot;07-27-2023 17:23:42&quot;,&quot;gradedBy&quot;:null,&quot;gradedDateTime&quot;:null,&quot;grade&quot;:-1},{&quot;submissionId&quot;:1950,&quot;assignmentId&quot;:4872,&quot;userId&quot;:&quot;U11206&quot;,&quot;subDesc&quot;:&quot;E2EAssignment&quot;,&quot;subComments&quot;:&quot;E2EAssignment&quot;,&quot;subPathAttach1&quot;:&quot;Path1&quot;,&quot;subPathAttach2&quot;:&quot;Path2&quot;,&quot;subPathAttach3&quot;:&quot;Path3&quot;,&quot;subPathAttach4&quot;:&quot;Path4&quot;,&quot;subPathAttach5&quot;:&quot;Path5&quot;,&quot;subDateTime&quot;:&quot;07-27-2023 03:20:15&quot;,&quot;gradedBy&quot;:&quot;U11204&quot;,&quot;gradedDateTime&quot;:&quot;07-27-2023 03:32:05&quot;,&quot;grade&quot;:2},{&quot;submissionId&quot;:2128,&quot;assignmentId&quot;:5212,&quot;userId&quot;:&quot;U8989&quot;,&quot;subDesc&quot;:&quot;RestlessCoders&quot;,&quot;subComments&quot;:&quot;RestAPI&quot;,&quot;subPathAttach1&quot;:&quot;https://drive.google.com/drive/folders/1V7U_sSlJeWUuX-rxCOO0s3kkmfnQ-gvt&quot;,&quot;subPathAttach2&quot;:&quot;string&quot;,&quot;subPathAttach3&quot;:&quot;string&quot;,&quot;subPathAttach4&quot;:&quot;string&quot;,&quot;subPathAttach5&quot;:&quot;string&quot;,&quot;subDateTime&quot;:&quot;07-27-2023 16:37:21&quot;,&quot;gradedBy&quot;:null,&quot;gradedDateTime&quot;:null,&quot;grade&quot;:-1},{&quot;submissionId&quot;:2129,&quot;assignmentId&quot;:5213,&quot;userId&quot;:&quot;U8335&quot;,&quot;subDesc&quot;:&quot;submission for Hackathon&quot;,&quot;subComments&quot;:null,&quot;subDateTime&quot;:&quot;07-27-2023 16:37:23&quot;,&quot;gradedBy&quot;:null,&quot;gradedDateTime&quot;:null,&quot;grade&quot;:-1},{&quot;submissionId&quot;:2131,&quot;assignmentId&quot;:5216,&quot;userId&quot;:&quot;U8335&quot;,&quot;subDesc&quot;:&quot;submission for Hackathon&quot;,&quot;subComments&quot;:null,&quot;subDateTime&quot;:&quot;07-27-2023 16:48:37&quot;,&quot;gradedBy&quot;:null,&quot;gradedDateTime&quot;:null,&quot;grade&quot;:-1},{&quot;submissionId&quot;:1982,&quot;assignmentId&quot;:4911,&quot;userId&quot;:&quot;U11333&quot;,&quot;subDesc&quot;:&quot;MyAssignment&quot;,&quot;subComments&quot;:&quot;Completed&quot;,&quot;subPathAttach1&quot;:&quot;Test1&quot;,&quot;subPathAttach2&quot;:&quot;Test2&quot;,&quot;subPathAttach3&quot;:&quot;Test3&quot;,&quot;subPathAttach4&quot;:&quot;Test4&quot;,&quot;subPathAttach5&quot;:&quot;Test5&quot;,&quot;subDateTime&quot;:&quot;07-27-2023 04:12:57&quot;,&quot;gradedBy&quot;:&quot;U7900&quot;,&quot;gradedDateTime&quot;:&quot;07-27-2023 04:13:47&quot;,&quot;grade&quot;:2},{&quot;submissionId&quot;:2079,&quot;assignmentId&quot;:5120,&quot;userId&quot;:&quot;U7877&quot;,&quot;subDesc&quot;:&quot;subDescriptions&quot;,&quot;subComments&quot;:&quot;commentsforsubs&quot;,&quot;subPathAttach1&quot;:&quot;pathatt12&quot;,&quot;subPathAttach2&quot;:&quot;pathatt23&quot;,&quot;subPathAttach3&quot;:&quot;pathatt34&quot;,&quot;subPathAttach4&quot;:&quot;pathatt45&quot;,&quot;subPathAttach5&quot;:&quot;pathatt56&quot;,&quot;subDateTime&quot;:&quot;07-27-2023 14:30:03&quot;,&quot;gradedBy&quot;:null,&quot;gradedDateTime&quot;:null,&quot;grade&quot;:-1},{&quot;submissionId&quot;:1985,&quot;assignmentId&quot;:4914,&quot;userId&quot;:&quot;U9507&quot;,&quot;subDesc&quot;:&quot;harjasspari&quot;,&quot;subComments&quot;:&quot;trythis&quot;,&quot;subPathAttach1&quot;:&quot;string12&quot;,&quot;subPathAttach2&quot;:&quot;string34&quot;,&quot;subPathAttach3&quot;:&quot;String22&quot;,&quot;subPathAttach4&quot;:&quot;string44&quot;,&quot;subPathAttach5&quot;:&quot;string66&quot;,&quot;subDateTime&quot;:&quot;07-27-2023 04:15:44&quot;,&quot;gradedBy&quot;:null,&quot;gradedDateTime&quot;:null,&quot;grade&quot;:-1},{&quot;submissionId&quot;:1528,&quot;assignmentId&quot;:4001,&quot;userId&quot;:&quot;U7877&quot;,&quot;subDesc&quot;:&quot;subDescriptions&quot;,&quot;subComments&quot;:&quot;commentallf&quot;,&quot;subPathAttach1&quot;:&quot;pathatt12&quot;,&quot;subPathAttach2&quot;:&quot;pathatt23&quot;,&quot;subPathAttach3&quot;:&quot;pathatt34&quot;,&quot;subPathAttach4&quot;:&quot;pathatt45&quot;,&quot;subPathAttach5&quot;:&quot;pathatt56&quot;,&quot;subDateTime&quot;:&quot;07-25-2023 19:59:19&quot;,&quot;gradedBy&quot;:&quot;U7877&quot;,&quot;gradedDateTime&quot;:&quot;07-27-2023 14:30:06&quot;,&quot;grade&quot;:1},{&quot;submissionId&quot;:2081,&quot;assignmentId&quot;:5123,&quot;userId&quot;:&quot;U8335&quot;,&quot;subDesc&quot;:&quot;submission for Hackathon&quot;,&quot;subComments&quot;:null,&quot;subDateTime&quot;:&quot;07-27-2023 14:37:36&quot;,&quot;gradedBy&quot;:null,&quot;gradedDateTime&quot;:null,&quot;grade&quot;:-1},{&quot;submissionId&quot;:2082,&quot;assignmentId&quot;:5126,&quot;userId&quot;:&quot;U8335&quot;,&quot;subDesc&quot;:&quot;submission for Hackathon&quot;,&quot;subComments&quot;:null,&quot;subDateTime&quot;:&quot;07-27-2023 14:40:56&quot;,&quot;gradedBy&quot;:null,&quot;gradedDateTime&quot;:null,&quot;grade&quot;:-1},{&quot;submissionId&quot;:2035,&quot;assignmentId&quot;:3936,&quot;userId&quot;:&quot;U11517&quot;,&quot;subDesc&quot;:&quot;Jul23-team6-SDET-Description.&quot;,&quot;subComments&quot;:&quot;Jul23-team6-SDET-comment.&quot;,&quot;subPathAttach1&quot;:&quot;Filepath1&quot;,&quot;subPathAttach2&quot;:&quot;Filepath1&quot;,&quot;subPathAttach3&quot;:&quot;Filepath1&quot;,&quot;subPathAttach4&quot;:&quot;Filepath1&quot;,&quot;subPathAttach5&quot;:&quot;Filepath1&quot;,&quot;subDateTime&quot;:&quot;07-27-2023 06:42:25&quot;,&quot;gradedBy&quot;:null,&quot;gradedDateTime&quot;:null,&quot;grade&quot;:-1},{&quot;submissionId&quot;:2037,&quot;assignmentId&quot;:5028,&quot;userId&quot;:&quot;U8335&quot;,&quot;subDesc&quot;:&quot;submission for Hackathon&quot;,&quot;subComments&quot;:null,&quot;subDateTime&quot;:&quot;07-27-2023 06:53:24&quot;,&quot;gradedBy&quot;:null,&quot;gradedDateTime&quot;:null,&quot;grade&quot;:-1},{&quot;submissionId&quot;:2038,&quot;assignmentId&quot;:5030,&quot;userId&quot;:&quot;U8335&quot;,&quot;subDesc&quot;:&quot;submission for Hackathon&quot;,&quot;subComments&quot;:null,&quot;subDateTime&quot;:&quot;07-27-2023 06:56:31&quot;,&quot;gradedBy&quot;:null,&quot;gradedDateTime&quot;:null,&quot;grade&quot;:-1},{&quot;submissionId&quot;:2039,&quot;assignmentId&quot;:5032,&quot;userId&quot;:&quot;U8335&quot;,&quot;subDesc&quot;:&quot;submission for Hackathon&quot;,&quot;subComments&quot;:null,&quot;subDateTime&quot;:&quot;07-27-2023 07:01:46&quot;,&quot;gradedBy&quot;:null,&quot;gradedDateTime&quot;:null,&quot;grade&quot;:-1},{&quot;submissionId&quot;:2040,&quot;assignmentId&quot;:5034,&quot;userId&quot;:&quot;U8335&quot;,&quot;subDesc&quot;:&quot;submission for Hackathon&quot;,&quot;subComments&quot;:null,&quot;subDateTime&quot;:&quot;07-27-2023 07:02:23&quot;,&quot;gradedBy&quot;:null,&quot;gradedDateTime&quot;:null,&quot;grade&quot;:-1},{&quot;submissionId&quot;:2086,&quot;assignmentId&quot;:3936,&quot;userId&quot;:&quot;U11672&quot;,&quot;subDesc&quot;:&quot;Jul23-team6-SDET-Description.&quot;,&quot;subComments&quot;:&quot;Jul23-team6-SDET-comment.&quot;,&quot;subPathAttach1&quot;:&quot;Filepath1&quot;,&quot;subPathAttach2&quot;:&quot;Filepath1&quot;,&quot;subPathAttach3&quot;:&quot;Filepath1&quot;,&quot;subPathAttach4&quot;:&quot;Filepath1&quot;,&quot;subPathAttach5&quot;:&quot;Filepath1&quot;,&quot;subDateTime&quot;:&quot;07-27-2023 14:44:14&quot;,&quot;gradedBy&quot;:null,&quot;gradedDateTime&quot;:null,&quot;grade&quot;:-1},{&quot;submissionId&quot;:2088,&quot;assignmentId&quot;:5137,&quot;userId&quot;:&quot;U8335&quot;,&quot;subDesc&quot;:&quot;submission for Hackathon&quot;,&quot;subComments&quot;:null,&quot;subDateTime&quot;:&quot;07-27-2023 14:56:06&quot;,&quot;gradedBy&quot;:null,&quot;gradedDateTime&quot;:null,&quot;grade&quot;:-1},{&quot;submissionId&quot;:2104,&quot;assignmentId&quot;:5160,&quot;userId&quot;:&quot;U8335&quot;,&quot;subDesc&quot;:&quot;submission for Hackathon&quot;,&quot;subComments&quot;:null,&quot;subDateTime&quot;:&quot;07-27-2023 15:18:11&quot;,&quot;gradedBy&quot;:null,&quot;gradedDateTime&quot;:null,&quot;grade&quot;:-1},{&quot;submissionId&quot;:2060,&quot;assignmentId&quot;:5081,&quot;userId&quot;:&quot;U11587&quot;,&quot;subDesc&quot;:&quot;SDET SQL Assignment submission&quot;,&quot;subComments&quot;:&quot;Testing for Assignment Submit&quot;,&quot;subPathAttach1&quot;:&quot;pathfile1.json&quot;,&quot;subPathAttach2&quot;:&quot;pathfile2.json&quot;,&quot;subPathAttach3&quot;:&quot;pathfile3.json&quot;,&quot;subPathAttach4&quot;:&quot;pathfile4.json&quot;,&quot;subPathAttach5&quot;:&quot;pathfile5.json&quot;,&quot;subDateTime&quot;:&quot;07-27-2023 13:45:52&quot;,&quot;gradedBy&quot;:null,&quot;gradedDateTime&quot;:null,&quot;grade&quot;:-1},{&quot;submissionId&quot;:2107,&quot;assignmentId&quot;:5169,&quot;userId&quot;:&quot;U8335&quot;,&quot;subDesc&quot;:&quot;submission for Hackathon&quot;,&quot;subComments&quot;:null,&quot;subDateTime&quot;:&quot;07-27-2023 15:31:06&quot;,&quot;gradedBy&quot;:null,&quot;gradedDateTime&quot;:null,&quot;grade&quot;:-1},{&quot;submissionId&quot;:2109,&quot;assignmentId&quot;:5175,&quot;userId&quot;:&quot;U8335&quot;,&quot;subDesc&quot;:&quot;submission for Hackathon&quot;,&quot;subComments&quot;:null,&quot;subDateTime&quot;:&quot;07-27-2023 15:35:46&quot;,&quot;gradedBy&quot;:null,&quot;gradedDateTime&quot;:null,&quot;grade&quot;:-1},{&quot;submissionId&quot;:2110,&quot;assignmentId&quot;:5177,&quot;userId&quot;:&quot;U8335&quot;,&quot;subDesc&quot;:&quot;submission for Hackathon&quot;,&quot;subComments&quot;:null,&quot;subDateTime&quot;:&quot;07-27-2023 15:39:48&quot;,&quot;gradedBy&quot;:null,&quot;gradedDateTime&quot;:null,&quot;grade&quot;:-1},{&quot;submissionId&quot;:2122,&quot;assignmentId&quot;:5197,&quot;userId&quot;:&quot;U8335&quot;,&quot;subDesc&quot;:&quot;submission for Hackathon&quot;,&quot;subComments&quot;:null,&quot;subDateTime&quot;:&quot;07-27-2023 16:14:18&quot;,&quot;gradedBy&quot;:null,&quot;gradedDateTime&quot;:null,&quot;grade&quot;:-1},{&quot;submissionId&quot;:2124,&quot;assignmentId&quot;:5201,&quot;userId&quot;:&quot;U8335&quot;,&quot;subDesc&quot;:&quot;submission for Hackathon&quot;,&quot;subComments&quot;:null,&quot;subDateTime&quot;:&quot;07-27-2023 16:19:09&quot;,&quot;gradedBy&quot;:null,&quot;gradedDateTime&quot;:null,&quot;grade&quot;:-1},{&quot;submissionId&quot;:2126,&quot;assignmentId&quot;:5208,&quot;userId&quot;:&quot;U8335&quot;,&quot;subDesc&quot;:&quot;submission for Hackathon&quot;,&quot;subComments&quot;:null,&quot;subDateTime&quot;:&quot;07-27-2023 16:27:37&quot;,&quot;gradedBy&quot;:null,&quot;gradedDateTime&quot;:null,&quot;grade&quot;:-1},{&quot;submissionId&quot;:2156,&quot;assignmentId&quot;:5250,&quot;userId&quot;:&quot;U8335&quot;,&quot;subDesc&quot;:&quot;submission for Hackathon&quot;,&quot;subComments&quot;:null,&quot;subDateTime&quot;:&quot;07-27-2023 17:25:39&quot;,&quot;gradedBy&quot;:null,&quot;gradedDateTime&quot;:null,&quot;grade&quot;:-1},{&quot;submissionId&quot;:2158,&quot;assignmentId&quot;:5253,&quot;userId&quot;:&quot;U8335&quot;,&quot;subDesc&quot;:&quot;submission for Hackathon&quot;,&quot;subComments&quot;:null,&quot;subDateTime&quot;:&quot;07-27-2023 17:29:31&quot;,&quot;gradedBy&quot;:null,&quot;gradedDateTime&quot;:null,&quot;grade&quot;:-1}]
" type="java.lang.AssertionError">
      <![CDATA[java.lang.AssertionError: 1 expectation failed.
Response body doesn't match expectation.
Expected: The content to match the given JSON schema.
error: instance type (array) does not match any allowed primitive type (allowed: ["object"])
    level: "error"
    schema: {"loadingURI":"file:/C:/Users/sreej/eclipse-NumpyNinja/APITrekkers-Team13/target/test-classes/assignmentsubschema.json#","pointer":"/definitions/Welcome6"}
    instance: {"pointer":""}
    domain: "validation"
    keyword: "type"
    found: "array"
    expected: ["object"]

  Actual: [{"submissionId":1492,"assignmentId":3929,"userId":"U9349","subDesc":"MyAssignment","subComments":"Completed","subPathAttach1":"Test1","subPathAttach2":"Test2","subPathAttach3":"Test3","subPathAttach4":"Test4","subPathAttach5":"Test5","subDateTime":"07-25-2023 17:15:11","gradedBy":null,"gradedDateTime":null,"grade":-1},{"submissionId":1493,"assignmentId":3932,"userId":"U9353","subDesc":"MyAssignment","subComments":"Completed","subPathAttach1":"Test1","subPathAttach2":"Test2","subPathAttach3":"Test3","subPathAttach4":"Test4","subPathAttach5":"Test5","subDateTime":"07-25-2023 17:18:23","gradedBy":null,"gradedDateTime":null,"grade":-1},{"submissionId":1245,"assignmentId":3438,"userId":"U7900","subDesc":"MyAssignment","subComments":"Completed","subPathAttach1":"Test1","subPathAttach2":"Test2","subPathAttach3":"Test3","subPathAttach4":"Test4","subPathAttach5":"Test5","subDateTime":"07-24-2023 02:56:52","gradedBy":null,"gradedDateTime":null,"grade":-1},{"submissionId":1426,"assignmentId":3697,"userId":"U9016","subDesc":"MyAssignment","subComments":"Completed","subPathAttach1":"Test1","subPathAttach2":"Test2","subPathAttach3":"Test3","subPathAttach4":"Test4","subPathAttach5":"Test5","subDateTime":"07-25-2023 02:25:53","gradedBy":null,"gradedDateTime":null,"grade":-1},{"submissionId":1430,"assignmentId":3742,"userId":"U9037","subDesc":"Assignment submitted","subComments":"completed","subPathAttach1":"file1.json","subPathAttach2":"file2.json","subPathAttach3":"file3.json","subPathAttach4":"file4.json","subPathAttach5":"file5.json","subDateTime":"07-25-2023 03:14:54","gradedBy":null,"gradedDateTime":null,"grade":-1},{"submissionId":1156,"assignmentId":3298,"userId":"U8158","subDesc":"team2","subComments":"team_2 API pase2","subPathAttach1":"testing","subPathAttach2":"turtles","subPathAttach3":"string","subPathAttach4":"string","subPathAttach5":"string","subDateTime":"07-23-2023 19:38:47","gradedBy":"U7876","gradedDateTime":"07-25-2023 17:21:00","grade":2},{"submissionId":1304,"assignmentId":3515,"userId":"U7900","subDesc":"submission","subComments":"completed","subPathAttach1":"/opt/share/mayotte_collaborative.stk","subPathAttach2":"/home/guadeloupe_bluetooth.ra","subPathAttach3":"/proc/high_level_soft.dgc","subPathAttach4":"/Library/cotton_technologies.xdf","subPathAttach5":"/usr/obj/planner_e_markets_minnesota.fh5","subDateTime":"07-24-2023 19:13:36","gradedBy":null,"gradedDateTime":null,"grade":-1},{"submissionId":1132,"assignmentId":3259,"userId":"U7877","subDesc":"Subdescriptions","subComments":"commentall","subPathAttach1":"pathattachem","subPathAttach2":"subpathattach2","subPathAttach3":"subpath1","subPathAttach4":"at40","subPathAttach5":"you2attacth","subDateTime":"07-22-2023 22:47:06","gradedBy":null,"gradedDateTime":null,"grade":-1},{"submissionId":1305,"assignmentId":3515,"userId":"U8618","subDesc":"submission","subComments":"completed","subPathAttach1":"/opt/share/mayotte_collaborative.stk","subPathAttach2":"/opt/share/mayotte_collaborative.stk","subPathAttach3":"/opt/share/mayotte_collaborative.stk","subPathAttach4":"/opt/share/mayotte_collaborative.stk","subPathAttach5":"/opt/share/mayotte_collaborative.stk","subDateTime":"07-24-2023 20:17:24","gradedBy":null,"gradedDateTime":null,"grade":-1},{"submissionId":1306,"assignmentId":3336,"userId":"U8208","subDesc":"Test1","subComments":"test1","subPathAttach1":"test","subPathAttach2":"test","subPathAttach3":"test","subPathAttach4":"test","subPathAttach5":"test","subDateTime":"07-24-2023 20:32:17","gradedBy":null,"gradedDateTime":null,"grade":-1},{"submissionId":1253,"assignmentId":3441,"userId":"U7900","subDesc":"MyAssignment","subComments":"Completed","subPathAttach1":"Test1","subPathAttach2":"Test2","subPathAttach3":"Test3","subPathAttach4":"Test4","subPathAttach5":"Test5","subDateTime":"07-24-2023 03:05:05","gradedBy":null,"gradedDateTime":null,"grade":-1},{"submissionId":1920,"assignmentId":4810,"userId":"U8352","subDesc":"Rest Assured Hackathon","subComments":null,"subDateTime":"07-27-2023 02:14:23","gradedBy":null,"gradedDateTime":null,"grade":-1},{"submissionId":1309,"assignmentId":3344,"userId":"U7900","subDesc":"submission","subComments":"completed","subPathAttach1":"/usr/lib/gorgeous.hjson","subPathAttach2":"/usr/libdata/generate_chips_alaska.opf","subPathAttach3":"/boot/executive_concrete.obj","subPathAttach4":"/Network/end_to_end_table.der","subPathAttach5":"/usr/local/src/borders_cheese.snf","subDateTime":"07-24-2023 21:10:15","gradedBy":null,"gradedDateTime":null,"grade":-1},{"submissionId":1921,"assignmentId":4810,"userId":"U8335","subDesc":"submission for Hackathon","subComments":null,"subDateTime":"07-27-2023 02:19:24","gradedBy":null,"gradedDateTime":null,"grade":-1},{"submissionId":1311,"assignmentId":3542,"userId":"U8292","subDesc":"Test1","subComments":"test1","subPathAttach1":"test","subPathAttach2":"test","subPathAttach3":"test","subPathAttach4":"test","subPathAttach5":"test","subDateTime":"07-24-2023 22:25:53","gradedBy":null,"gradedDateTime":null,"grade":-1},{"submissionId":1499,"assignmentId":3948,"userId":"U9376","subDesc":"MyAssignment","subComments":"Completed","subPathAttach1":"Test1","subPathAttach2":"Test2","subPathAttach3":"Test3","subPathAttach4":"Test4","subPathAttach5":"Test5","subDateTime":"07-25-2023 18:14:07","gradedBy":"U7900","gradedDateTime":"07-25-2023 18:14:08","grade":2},{"submissionId":1816,"assignmentId":4564,"userId":"U10573","subDesc":"MyAssignment","subComments":"Completed","subPathAttach1":"Test1","subPathAttach2":"Test2","subPathAttach3":"Test3","subPathAttach4":"Test4","subPathAttach5":"Test5","subDateTime":"07-26-2023 18:21:05","gradedBy":"U7900","gradedDateTime":"07-26-2023 18:21:06","grade":2},{"submissionId":1821,"assignmentId":4574,"userId":"U10606","subDesc":"MyAssignment","subComments":"Completed","subPathAttach1":"Test1","subPathAttach2":"Test2","subPathAttach3":"Test3","subPathAttach4":"Test4","subPathAttach5":"Test5","subDateTime":"07-26-2023 18:32:10","gradedBy":"U7900","gradedDateTime":"07-26-2023 18:32:11","grade":2},{"submissionId":1440,"assignmentId":3754,"userId":"U9044","subDesc":"MyAssignment","subComments":"Completed","subPathAttach1":"Test1","subPathAttach2":"Test2","subPathAttach3":"Test3","subPathAttach4":"Test4","subPathAttach5":"Test5","subDateTime":"07-25-2023 03:38:50","gradedBy":null,"gradedDateTime":null,"grade":-1},{"submissionId":1266,"assignmentId":3197,"userId":"U8292","subDesc":"Test1","subComments":"test1","subPathAttach1":"test","subPathAttach2":"test","subPathAttach3":"test","subPathAttach4":"test","subPathAttach5":"test","subDateTime":"07-24-2023 12:51:34","gradedBy":null,"gradedDateTime":null,"grade":-1},{"submissionId":1267,"assignmentId":3336,"userId":"U8292","subDesc":"Test1","subComments":"test1","subPathAttach1":"test","subPathAttach2":"test","subPathAttach3":"test","subPathAttach4":"test","subPathAttach5":"test","subDateTime":"07-24-2023 12:54:27","gradedBy":null,"gradedDateTime":null,"grade":-1},{"submissionId":1269,"assignmentId":3277,"userId":"U8292","subDesc":"test","subComments":"test","subPathAttach1":"tyest","subPathAttach2":"test","subPathAttach3":"hello","subPathAttach4":"test","subPathAttach5":"test","subDateTime":"07-24-2023 13:16:19","gradedBy":null,"gradedDateTime":null,"grade":-1},{"submissionId":1443,"assignmentId":3760,"userId":"U9048","subDesc":"MyAssignment","subComments":"Completed","subPathAttach1":"Test1","subPathAttach2":"Test2","subPathAttach3":"Test3","subPathAttach4":"Test4","subPathAttach5":"Test5","subDateTime":"07-25-2023 03:48:46","gradedBy":null,"gradedDateTime":null,"grade":-1},{"submissionId":1268,"assignmentId":3490,"userId":"U7900","subDesc":"MyAssignment","subComments":"Completed","subPathAttach1":"Test1","subPathAttach2":"Test2","subPathAttach3":"Test3","subPathAttach4":"Test4","subPathAttach5":"Test5","subDateTime":"07-24-2023 13:15:49","gradedBy":"U7900","gradedDateTime":"07-24-2023 13:24:24","grade":2},{"submissionId":1270,"assignmentId":3277,"userId":"U8208","subDesc":"Test1","subComments":"test1","subPathAttach1":"test","subPathAttach2":"test","subPathAttach3":"test","subPathAttach4":"test","subPathAttach5":"test","subDateTime":"07-24-2023 13:48:26","gradedBy":null,"gradedDateTime":null,"grade":-1},{"submissionId":1271,"assignmentId":3197,"userId":"U8208","subDesc":"test","subComments":"test","subPathAttach1":"tyest","subPathAttach2":"test","subPathAttach3":"hello","subPathAttach4":"test","subPathAttach5":"test","subDateTime":"07-24-2023 14:06:30","gradedBy":null,"gradedDateTime":null,"grade":-1},{"submissionId":1328,"assignmentId":3561,"userId":"U7877","subDesc":"Test1","subComments":"test1","subPathAttach1":"test","subPathAttach2":"test","subPathAttach3":"test","subPathAttach4":"test","subPathAttach5":"test","subDateTime":"07-24-2023 22:56:13","gradedBy":null,"gradedDateTime":null,"grade":-1},{"submissionId":1445,"assignmentId":3765,"userId":"U9055","subDesc":"MyAssignment","subComments":"Completed","subPathAttach1":"Test1","subPathAttach2":"Test2","subPathAttach3":"Test3","subPathAttach4":"Test4","subPathAttach5":"Test5","subDateTime":"07-25-2023 03:53:52","gradedBy":null,"gradedDateTime":null,"grade":-1},{"submissionId":1505,"assignmentId":3960,"userId":"U9403","subDesc":"MyAssignment","subComments":"Completed","subPathAttach1":"Test1","subPathAttach2":"Test2","subPathAttach3":"Test3","subPathAttach4":"Test4","subPathAttach5":"Test5","subDateTime":"07-25-2023 18:43:01","gradedBy":"U7900","gradedDateTime":"07-25-2023 18:43:02","grade":2},{"submissionId":1506,"assignmentId":3954,"userId":"U9385","subDesc":"desc","subComments":"selenium","subPathAttach1":"Filepath1","subDateTime":"07-25-2023 18:46:01","gradedBy":null,"gradedDateTime":null,"grade":-1},{"submissionId":1169,"assignmentId":3382,"userId":"U8208","subDesc":"","subComments":"submiting Assignment","subPathAttach1":"file1.json","subPathAttach2":"file2.json","subPathAttach3":"file3.json","subPathAttach4":"file4.json","subPathAttach5":"file5.json","subDateTime":"07-23-2023 22:00:47","gradedBy":null,"gradedDateTime":null,"grade":-1},{"submissionId":1507,"assignmentId":3963,"userId":"U9413","subDesc":"MyAssignment","subComments":"Completed","subPathAttach1":"Test1","subPathAttach2":"Test2","subPathAttach3":"Test3","subPathAttach4":"Test4","subPathAttach5":"Test5","subDateTime":"07-25-2023 18:53:02","gradedBy":"U7900","gradedDateTime":"07-25-2023 18:53:03","grade":2},{"submissionId":1449,"assignmentId":3774,"userId":"U9063","subDesc":"MyAssignment","subComments":"Completed","subPathAttach1":"Test1","subPathAttach2":"Test2","subPathAttach3":"Test3","subPathAttach4":"Test4","subPathAttach5":"Test5","subDateTime":"07-25-2023 03:59:46","gradedBy":null,"gradedDateTime":null,"grade":-1},{"submissionId":1450,"assignmentId":3780,"userId":"U9069","subDesc":"MyAssignment","subComments":"Completed","subPathAttach1":"Test1","subPathAttach2":"Test2","subPathAttach3":"Test3","subPathAttach4":"Test4","subPathAttach5":"Test5","subDateTime":"07-25-2023 04:06:29","gradedBy":null,"gradedDateTime":null,"grade":-1},{"submissionId":1508,"assignmentId":3965,"userId":"U9416","subDesc":"MyAssignment","subComments":"Completed","subPathAttach1":"Test1","subPathAttach2":"Test2","subPathAttach3":"Test3","subPathAttach4":"Test4","subPathAttach5":"Test5","subDateTime":"07-25-2023 18:56:23","gradedBy":"U7900","gradedDateTime":"07-25-2023 18:56:24","grade":2},{"submissionId":1509,"assignmentId":3969,"userId":"U9424","subDesc":"Api Request","subComments":"Submitted","subDateTime":"07-25-2023 19:03:32","gradedBy":null,"gradedDateTime":null,"grade":-1},{"submissionId":1453,"assignmentId":3788,"userId":"U9075","subDesc":"MyAssignment","subComments":"Completed","subPathAttach1":"Test1","subPathAttach2":"Test2","subPathAttach3":"Test3","subPathAttach4":"Test4","subPathAttach5":"Test5","subDateTime":"07-25-2023 04:10:15","gradedBy":null,"gradedDateTime":null,"grade":-1},{"submissionId":1827,"assignmentId":4583,"userId":"U10634","subDesc":"MyAssignment","subComments":"Completed","subPathAttach1":"Test1","subPathAttach2":"Test2","subPathAttach3":"Test3","subPathAttach4":"Test4","subPathAttach5":"Test5","subDateTime":"07-26-2023 18:48:23","gradedBy":"U7900","gradedDateTime":"07-26-2023 18:48:24","grade":2},{"submissionId":1207,"assignmentId":3412,"userId":"U7900","subDesc":"MyAssignment","subComments":"put update","subPathAttach1":"Test1","subPathAttach2":"Test2","subPathAttach3":"Test3","subPathAttach4":"Test4","subPathAttach5":"Test5","subDateTime":"07-24-2023 00:45:33","gradedBy":"U7900","gradedDateTime":"07-26-2023 18:50:36","grade":2},{"submissionId":1405,"assignmentId":3649,"userId":"U8941","subDesc":"MyAssignment","subComments":"Completed","subPathAttach1":"Test1","subPathAttach2":"Test2","subPathAttach3":"Test3","subPathAttach4":"Test4","subPathAttach5":"Test5","subDateTime":"07-25-2023 00:59:27","gradedBy":null,"gradedDateTime":null,"grade":-1},{"submissionId":1294,"assignmentId":3515,"userId":"U8588","subDesc":"string","subComments":"string","subPathAttach1":"string","subPathAttach2":"string","subPathAttach3":"string","subPathAttach4":"string","subPathAttach5":"string","subDateTime":"07-24-2023 23:22:37","gradedBy":null,"gradedDateTime":null,"grade":-1},{"submissionId":1468,"assignmentId":3865,"userId":"U9217","subDesc":"Assignment submitted","subComments":"completed","subPathAttach1":"file1.json","subPathAttach2":"file2.json","subPathAttach3":"file3.json","subPathAttach4":"file4.json","subPathAttach5":"file5.json","subDateTime":"07-25-2023 11:10:10","gradedBy":null,"gradedDateTime":null,"grade":-1},{"submissionId":1471,"assignmentId":3876,"userId":"U7877","subDesc":"subDescriptions","subComments":"commentsforsubs","subPathAttach1":"pathatt12","subPathAttach2":"pathatt23","subPathAttach3":"pathatt34","subPathAttach4":"pathatt45","subPathAttach5":"pathatt56","subDateTime":"07-25-2023 12:44:17","gradedBy":null,"gradedDateTime":null,"grade":-1},{"submissionId":1472,"assignmentId":3236,"userId":"U7822","subDesc":"cool assignment","subComments":"very good","subPathAttach1":"path1","subPathAttach2":"path2","subPathAttach3":"path3","subPathAttach4":"path4","subPathAttach5":"path5","subDateTime":"07-25-2023 13:14:00","gradedBy":null,"gradedDateTime":null,"grade":-1},{"submissionId":1473,"assignmentId":3878,"userId":"U9238","subDesc":"MyAssignment","subComments":"Completed","subPathAttach1":"Test1","subPathAttach2":"Test2","subPathAttach3":"Test3","subPathAttach4":"Test4","subPathAttach5":"Test5","subDateTime":"07-25-2023 13:18:23","gradedBy":null,"gradedDateTime":null,"grade":-1},{"submissionId":1510,"assignmentId":3972,"userId":"U9430","subDesc":"MyAssignment","subComments":"Completed","subPathAttach1":"Test1","subPathAttach2":"Test2","subPathAttach3":"Test3","subPathAttach4":"Test4","subPathAttach5":"Test5","subDateTime":"07-25-2023 19:06:57","gradedBy":"U7900","gradedDateTime":"07-25-2023 19:06:57","grade":2},{"submissionId":1871,"assignmentId":4685,"userId":"U7877","subDesc":"subDescriptions","subComments":"commentsforsubs","subPathAttach1":"pathatt12","subPathAttach2":"pathatt23","subPathAttach3":"pathatt34","subPathAttach4":"pathatt45","subPathAttach5":"pathatt56","subDateTime":"07-26-2023 21:01:19","gradedBy":null,"gradedDateTime":null,"grade":-1},{"submissionId":1565,"assignmentId":4069,"userId":"U9580","subDesc":"MyAssignment","subComments":"Completed","subPathAttach1":"Test1","subPathAttach2":"Test2","subPathAttach3":"Test3","subPathAttach4":"Test4","subPathAttach5":"Test5","subDateTime":"07-25-2023 22:12:41","gradedBy":null,"gradedDateTime":null,"grade":-1},{"submissionId":1993,"assignmentId":4925,"userId":"U9507","subDesc":"harjasspari","subComments":"trythis","subPathAttach1":"string12","subPathAttach2":"string34","subPathAttach3":"String22","subPathAttach4":"string44","subPathAttach5":"string66","subDateTime":"07-27-2023 04:29:39","gradedBy":null,"gradedDateTime":null,"grade":-1},{"submissionId":1739,"assignmentId":4379,"userId":"U10235","subDesc":"MyAssignment","subComments":"Completed","subPathAttach1":"Test1","subPathAttach2":"Test2","subPathAttach3":"Test3","subPathAttach4":"Test4","subPathAttach5":"Test5","subDateTime":"07-26-2023 14:20:28","gradedBy":null,"gradedDateTime":null,"grade":-1},{"submissionId":1523,"assignmentId":3990,"userId":"U7877","subDesc":"subDescriptions","subComments":"commentsforsubs","subPathAttach1":"pathatt12","subPathAttach2":"pathatt23","subPathAttach3":"pathatt34","subPathAttach4":"pathatt45","subPathAttach5":"pathatt56","subDateTime":"07-25-2023 19:51:57","gradedBy":null,"gradedDateTime":null,"grade":-1},{"submissionId":1524,"assignmentId":3997,"userId":"U9484","subDesc":"description1","subComments":"comment1","subPathAttach1":"path1","subPathAttach2":"subpath2","subPathAttach3":"sub1","subPathAttach4":"at1","subPathAttach5":"you2","subDateTime":"07-25-2023 19:55:59","gradedBy":null,"gradedDateTime":null,"grade":-1},{"submissionId":1525,"assignmentId":3998,"userId":"U9485","subDesc":"description2","subComments":"comment2","subPathAttach1":"path2","subPathAttach2":"subpath3","subPathAttach3":"sub2","subPathAttach4":"at2","subPathAttach5":"you3","subDateTime":"07-25-2023 19:55:59","gradedBy":null,"gradedDateTime":null,"grade":-1},{"submissionId":1526,"assignmentId":3999,"userId":"U9486","subDesc":"description3","subComments":"comment3","subPathAttach1":"path3","subPathAttach2":"subpath4","subPathAttach3":"sub3","subPathAttach4":"at3","subPathAttach5":"you4","subDateTime":"07-25-2023 19:56:00","gradedBy":null,"gradedDateTime":null,"grade":-1},{"submissionId":1639,"assignmentId":4161,"userId":"U9840","subDesc":"Assignment submitted","subComments":"completed","subPathAttach1":"file1.json","subPathAttach2":"file2.json","subPathAttach3":"file3.json","subPathAttach4":"file4.json","subPathAttach5":"file5.json","subDateTime":"07-26-2023 03:40:08","gradedBy":null,"gradedDateTime":null,"grade":-1},{"submissionId":1646,"assignmentId":4169,"userId":"U9866","subDesc":"Assignment submitted","subComments":"completed","subPathAttach1":"file1.json","subPathAttach2":"file2.json","subPathAttach3":"file3.json","subPathAttach4":"file4.json","subPathAttach5":"file5.json","subDateTime":"07-26-2023 03:52:58","gradedBy":null,"gradedDateTime":null,"grade":-1},{"submissionId":1651,"assignmentId":4179,"userId":"U9871","subDesc":"Assignment submitted","subComments":"completed","subPathAttach1":"file1.json","subPathAttach2":"file2.json","subPathAttach3":"file3.json","subPathAttach4":"file4.json","subPathAttach5":"file5.json","subDateTime":"07-26-2023 04:04:31","gradedBy":null,"gradedDateTime":null,"grade":-1},{"submissionId":1543,"assignmentId":4020,"userId":"U9509","subDesc":"MyAssignment","subComments":"Completed","subPathAttach1":"Test1","subPathAttach2":"Test2","subPathAttach3":"Test3","subPathAttach4":"Test4","subPathAttach5":"Test5","subDateTime":"07-25-2023 20:37:06","gradedBy":"U7900","gradedDateTime":"07-25-2023 20:37:07","grade":2},{"submissionId":1544,"assignmentId":4029,"userId":"U9518","subDesc":"MyAssignment","subComments":"Completed","subPathAttach1":"Test1","subPathAttach2":"Test2","subPathAttach3":"Test3","subPathAttach4":"Test4","subPathAttach5":"Test5","subDateTime":"07-25-2023 20:49:06","gradedBy":"U7900","gradedDateTime":"07-25-2023 20:49:07","grade":2},{"submissionId":1546,"assignmentId":4041,"userId":"U9531","subDesc":"MyAssignment","subComments":"Completed","subPathAttach1":"Test1","subPathAttach2":"Test2","subPathAttach3":"Test3","subPathAttach4":"Test4","subPathAttach5":"Test5","subDateTime":"07-25-2023 21:01:01","gradedBy":"U7900","gradedDateTime":"07-25-2023 21:01:02","grade":2},{"submissionId":1655,"assignmentId":4183,"userId":"U9875","subDesc":"Assignment submitted","subComments":"completed","subPathAttach1":"file1.json","subPathAttach2":"file2.json","subPathAttach3":"file3.json","subPathAttach4":"file4.json","subPathAttach5":"file5.json","subDateTime":"07-26-2023 04:09:06","gradedBy":null,"gradedDateTime":null,"grade":-1},{"submissionId":1760,"assignmentId":4426,"userId":"U10298","subDesc":"Api Request","subComments":"Done","subPathAttach1":"Filepath1","subDateTime":"07-26-2023 15:14:48","gradedBy":"U10296","gradedDateTime":"07-26-2023 16:03:50","grade":1},{"submissionId":1662,"assignmentId":4202,"userId":"U9916","subDesc":"Assignment submitted","subComments":"completed","subPathAttach1":"file1.json","subPathAttach2":"file2.json","subPathAttach3":"file3.json","subPathAttach4":"file4.json","subPathAttach5":"file5.json","subDateTime":"07-26-2023 04:48:14","gradedBy":null,"gradedDateTime":null,"grade":-1},{"submissionId":1675,"assignmentId":4228,"userId":"U9959","subDesc":"MyAssignment","subComments":"Completed","subPathAttach1":"Test1","subPathAttach2":"Test2","subPathAttach3":"Test3","subPathAttach4":"Test4","subPathAttach5":"Test5","subDateTime":"07-26-2023 05:13:17","gradedBy":"U7900","gradedDateTime":"07-26-2023 05:13:18","grade":2},{"submissionId":1676,"assignmentId":4229,"userId":"U9966","subDesc":"MyAssignment","subComments":"Completed","subPathAttach1":"Test1","subPathAttach2":"Test2","subPathAttach3":"Test3","subPathAttach4":"Test4","subPathAttach5":"Test5","subDateTime":"07-26-2023 05:18:45","gradedBy":null,"gradedDateTime":null,"grade":-1},{"submissionId":1678,"assignmentId":3528,"userId":"U7876","subDesc":"test","subComments":"test123","subPathAttach1":"test1","subPathAttach2":"test2","subPathAttach3":"turtles","subPathAttach4":"string","subPathAttach5":"string","subDateTime":"07-26-2023 05:29:27","gradedBy":null,"gradedDateTime":null,"grade":-1},{"submissionId":1679,"assignmentId":4240,"userId":"U9986","subDesc":"SDET SQL Assignment submission","subComments":null,"subPathAttach1":"pathfile1.json","subPathAttach2":"pathfile2.json","subPathAttach3":"pathfile3.json","subPathAttach4":"pathfile4.json","subPathAttach5":"pathfile5.json","subDateTime":"07-26-2023 05:43:49","gradedBy":null,"gradedDateTime":null,"grade":-1},{"submissionId":1680,"assignmentId":4241,"userId":"U9987","subDesc":"SDET SQL Assignment submission","subComments":"Testing for Assignment Submit","subPathAttach1":"pathfile1.json","subPathAttach2":"pathfile2.json","subPathAttach3":"pathfile3.json","subPathAttach4":"pathfile4.json","subPathAttach5":"pathfile5.json","subDateTime":"07-26-2023 05:48:46","gradedBy":null,"gradedDateTime":null,"grade":-1},{"submissionId":1681,"assignmentId":4242,"userId":"U9993","subDesc":"MyAssignment","subComments":"Completed","subPathAttach1":"Test1","subPathAttach2":"Test2","subPathAttach3":"Test3","subPathAttach4":"Test4","subPathAttach5":"Test5","subDateTime":"07-26-2023 05:55:10","gradedBy":"U7900","gradedDateTime":"07-26-2023 05:55:11","grade":2},{"submissionId":1682,"assignmentId":4243,"userId":"U9997","subDesc":"SDET SQL Assignment submission","subComments":"Testing for Assignment Submit","subPathAttach1":"pathfile1.json","subPathAttach2":"pathfile2.json","subPathAttach3":"pathfile3.json","subPathAttach4":"pathfile4.json","subPathAttach5":"pathfile5.json","subDateTime":"07-26-2023 05:56:10","gradedBy":null,"gradedDateTime":null,"grade":-1},{"submissionId":1683,"assignmentId":4244,"userId":"U9999","subDesc":"SDET SQL Assignment submission","subComments":"Testing for Assignment Submit","subPathAttach1":"pathfile1.json","subPathAttach2":"pathfile2.json","subPathAttach3":"pathfile3.json","subPathAttach4":"pathfile4.json","subPathAttach5":"pathfile5.json","subDateTime":"07-26-2023 05:58:08","gradedBy":null,"gradedDateTime":null,"grade":-1},{"submissionId":1684,"assignmentId":4245,"userId":"U10001","subDesc":"SDET SQL Assignment submission","subComments":"Testing for Assignment Submit","subPathAttach1":"pathfile1.json","subPathAttach2":"pathfile2.json","subPathAttach3":"pathfile3.json","subPathAttach4":"pathfile4.json","subPathAttach5":"pathfile5.json","subDateTime":"07-26-2023 05:59:08","gradedBy":null,"gradedDateTime":null,"grade":-1},{"submissionId":1686,"assignmentId":4248,"userId":"U10004","subDesc":"MyAssignment","subComments":"Completed","subPathAttach1":"Test1","subPathAttach2":"Test2","subPathAttach3":"Test3","subPathAttach4":"Test4","subPathAttach5":"Test5","subDateTime":"07-26-2023 05:59:59","gradedBy":"U7900","gradedDateTime":"07-26-2023 06:00:00","grade":2},{"submissionId":1687,"assignmentId":4250,"userId":"U10000","subDesc":"MyAssignment","subComments":"Completed","subPathAttach1":"Test1","subPathAttach2":"Test2","subPathAttach3":"Test3","subPathAttach4":"Test4","subPathAttach5":"Test5","subDateTime":"07-26-2023 06:02:34","gradedBy":null,"gradedDateTime":null,"grade":-1},{"submissionId":1688,"assignmentId":4251,"userId":"U10006","subDesc":"SDET SQL Assignment submission","subComments":"Testing for Assignment Submit","subPathAttach1":"pathfile1.json","subPathAttach2":"pathfile2.json","subPathAttach3":"pathfile3.json","subPathAttach4":"pathfile4.json","subPathAttach5":"pathfile5.json","subDateTime":"07-26-2023 06:03:59","gradedBy":null,"gradedDateTime":null,"grade":-1},{"submissionId":1689,"assignmentId":4253,"userId":"U10008","subDesc":"Assignment submitted","subComments":"completed","subPathAttach1":"file1.json","subPathAttach2":"file2.json","subPathAttach3":"file3.json","subPathAttach4":"file4.json","subPathAttach5":"file5.json","subDateTime":"07-26-2023 06:04:26","gradedBy":null,"gradedDateTime":null,"grade":-1},{"submissionId":1690,"assignmentId":4255,"userId":"U10010","subDesc":"Assignment submitted","subComments":"completed","subPathAttach1":"file1.json","subPathAttach2":"file2.json","subPathAttach3":"file3.json","subPathAttach4":"file4.json","subPathAttach5":"file5.json","subDateTime":"07-26-2023 06:06:08","gradedBy":null,"gradedDateTime":null,"grade":-1},{"submissionId":1691,"assignmentId":4257,"userId":"U10016","subDesc":"Assignment submitted","subComments":"completed","subPathAttach1":"file1.json","subPathAttach2":"file2.json","subPathAttach3":"file3.json","subPathAttach4":"file4.json","subPathAttach5":"file5.json","subDateTime":"07-26-2023 06:09:31","gradedBy":null,"gradedDateTime":null,"grade":-1},{"submissionId":1693,"assignmentId":4259,"userId":"U10020","subDesc":"Assignment submitted","subComments":"completed","subPathAttach1":"file1.json","subPathAttach2":"file2.json","subPathAttach3":"file3.json","subPathAttach4":"file4.json","subPathAttach5":"file5.json","subDateTime":"07-26-2023 06:11:27","gradedBy":null,"gradedDateTime":null,"grade":-1},{"submissionId":1694,"assignmentId":4261,"userId":"U10024","subDesc":"Assignment submitted","subComments":"completed","subPathAttach1":"file1.json","subPathAttach2":"file2.json","subPathAttach3":"file3.json","subPathAttach4":"file4.json","subPathAttach5":"file5.json","subDateTime":"07-26-2023 06:13:58","gradedBy":null,"gradedDateTime":null,"grade":-1},{"submissionId":1695,"assignmentId":4262,"userId":"U10025","subDesc":"SDET SQL Assignment submission","subComments":"Testing for Assignment Submit","subPathAttach1":"pathfile1.json","subPathAttach2":"pathfile2.json","subPathAttach3":"pathfile3.json","subPathAttach4":"pathfile4.json","subPathAttach5":"pathfile5.json","subDateTime":"07-26-2023 06:14:34","gradedBy":null,"gradedDateTime":null,"grade":-1},{"submissionId":1696,"assignmentId":4264,"userId":"U10028","subDesc":"Assignment submitted","subComments":"completed","subPathAttach1":"file1.json","subPathAttach2":"file2.json","subPathAttach3":"file3.json","subPathAttach4":"file4.json","subPathAttach5":"file5.json","subDateTime":"07-26-2023 06:15:22","gradedBy":null,"gradedDateTime":null,"grade":-1},{"submissionId":1698,"assignmentId":4266,"userId":"U10034","subDesc":"Assignment submitted","subComments":"completed","subPathAttach1":"file1.json","subPathAttach2":"file2.json","subPathAttach3":"file3.json","subPathAttach4":"file4.json","subPathAttach5":"file5.json","subDateTime":"07-26-2023 06:19:38","gradedBy":null,"gradedDateTime":null,"grade":-1},{"submissionId":1703,"assignmentId":4268,"userId":"U10039","subDesc":"Assignment submitted","subComments":"completed","subPathAttach1":"file1.json","subPathAttach2":"file2.json","subPathAttach3":"file3.json","subPathAttach4":"file4.json","subPathAttach5":"file5.json","subDateTime":"07-26-2023 06:24:51","gradedBy":null,"gradedDateTime":null,"grade":-1},{"submissionId":1706,"assignmentId":4270,"userId":"U10041","subDesc":"Assignment submitted","subComments":"completed","subPathAttach1":"file1.json","subPathAttach2":"file2.json","subPathAttach3":"file3.json","subPathAttach4":"file4.json","subPathAttach5":"file5.json","subDateTime":"07-26-2023 06:27:27","gradedBy":null,"gradedDateTime":null,"grade":-1},{"submissionId":1707,"assignmentId":4272,"userId":"U10044","subDesc":"Assignment submitted","subComments":"completed","subPathAttach1":"file1.json","subPathAttach2":"file2.json","subPathAttach3":"file3.json","subPathAttach4":"file4.json","subPathAttach5":"file5.json","subDateTime":"07-26-2023 06:31:53","gradedBy":null,"gradedDateTime":null,"grade":-1},{"submissionId":1708,"assignmentId":4274,"userId":"U10050","subDesc":"Assignment submitted","subComments":"completed","subPathAttach1":"file1.json","subPathAttach2":"file2.json","subPathAttach3":"file3.json","subPathAttach4":"file4.json","subPathAttach5":"file5.json","subDateTime":"07-26-2023 06:33:47","gradedBy":null,"gradedDateTime":null,"grade":-1},{"submissionId":1709,"assignmentId":4276,"userId":"U10055","subDesc":"Assignment submitted","subComments":"completed","subPathAttach1":"file1.json","subPathAttach2":"file2.json","subPathAttach3":"file3.json","subPathAttach4":"file4.json","subPathAttach5":"file5.json","subDateTime":"07-26-2023 06:37:26","gradedBy":null,"gradedDateTime":null,"grade":-1},{"submissionId":1710,"assignmentId":4281,"userId":"U10080","subDesc":"Assignment submitted","subComments":"completed","subPathAttach1":"file1.json","subPathAttach2":"file2.json","subPathAttach3":"file3.json","subPathAttach4":"file4.json","subPathAttach5":"file5.json","subDateTime":"07-26-2023 06:46:58","gradedBy":null,"gradedDateTime":null,"grade":-1},{"submissionId":1711,"assignmentId":4282,"userId":"U10088","subDesc":"SDET SQL Assignment submission","subComments":"Testing for Assignment Submit","subPathAttach1":"pathfile1.json","subPathAttach2":"pathfile2.json","subPathAttach3":"pathfile3.json","subPathAttach4":"pathfile4.json","subPathAttach5":"pathfile5.json","subDateTime":"07-26-2023 06:54:20","gradedBy":null,"gradedDateTime":null,"grade":-1},{"submissionId":1712,"assignmentId":4284,"userId":"U9507","subDesc":"harjasspari","subComments":"trythis","subPathAttach1":"string12","subPathAttach2":"string34","subPathAttach3":"String22","subPathAttach4":"string44","subPathAttach5":"string66","subDateTime":"07-26-2023 07:02:30","gradedBy":null,"gradedDateTime":null,"grade":-1},{"submissionId":1713,"assignmentId":4287,"userId":"U10095","subDesc":"Assignment submitted","subComments":"completed","subPathAttach1":"file1.json","subPathAttach2":"file2.json","subPathAttach3":"file3.json","subPathAttach4":"file4.json","subPathAttach5":"file5.json","subDateTime":"07-26-2023 07:09:09","gradedBy":null,"gradedDateTime":null,"grade":-1},{"submissionId":1717,"assignmentId":4298,"userId":"U10112","subDesc":"Assignment submitted","subComments":"completed","subPathAttach1":"file1.json","subPathAttach2":"file2.json","subPathAttach3":"file3.json","subPathAttach4":"file4.json","subPathAttach5":"file5.json","subDateTime":"07-26-2023 07:22:47","gradedBy":null,"gradedDateTime":null,"grade":-1},{"submissionId":1953,"assignmentId":4880,"userId":"U11249","subDesc":"MyAssignment","subComments":"Completed","subPathAttach1":"Test1","subPathAttach2":"Test2","subPathAttach3":"Test3","subPathAttach4":"Test4","subPathAttach5":"Test5","subDateTime":"07-27-2023 03:26:19","gradedBy":"U7900","gradedDateTime":"07-27-2023 03:26:57","grade":2},{"submissionId":1559,"assignmentId":3915,"userId":"U8628","subDesc":"LMS Diabetes","subComments":"LMS Project Submission","subPathAttach1":"path1","subPathAttach2":"path2","subPathAttach3":"path3","subPathAttach4":"path4","subPathAttach5":"path5","subDateTime":"07-25-2023 21:35:59","gradedBy":"U8608","gradedDateTime":"07-26-2023 11:55:33","grade":2},{"submissionId":1832,"assignmentId":4595,"userId":"U10648","subDesc":"MyAssignment","subComments":"Completed","subPathAttach1":"Test1","subPathAttach2":"Test2","subPathAttach3":"Test3","subPathAttach4":"Test4","subPathAttach5":"Test5","subDateTime":"07-26-2023 18:58:04","gradedBy":"U7900","gradedDateTime":"07-26-2023 18:58:05","grade":2},{"submissionId":1762,"assignmentId":4428,"userId":"U10300","subDesc":"MyAssignment","subComments":"Completed","subPathAttach1":"Test1","subPathAttach2":"Test2","subPathAttach3":"Test3","subPathAttach4":"Test4","subPathAttach5":"Test5","subDateTime":"07-26-2023 15:20:47","gradedBy":"U7900","gradedDateTime":"07-26-2023 15:20:48","grade":2},{"submissionId":1763,"assignmentId":4429,"userId":"U10301","subDesc":"MyAssignment","subComments":"Completed","subPathAttach1":"Test1","subPathAttach2":"Test2","subPathAttach3":"Test3","subPathAttach4":"Test4","subPathAttach5":"Test5","subDateTime":"07-26-2023 15:22:40","gradedBy":"U7900","gradedDateTime":"07-26-2023 15:22:41","grade":2},{"submissionId":2009,"assignmentId":4953,"userId":"U9507","subDesc":"harjasspari","subComments":"trythis","subPathAttach1":"string12","subPathAttach2":"string34","subPathAttach3":"String22","subPathAttach4":"string44","subPathAttach5":"string66","subDateTime":"07-27-2023 04:52:42","gradedBy":null,"gradedDateTime":null,"grade":-1},{"submissionId":2008,"assignmentId":3936,"userId":"U11383","subDesc":"Jul23-team6-SDET-Description.","subComments":"Jul23-team6-SDET-comment.","subPathAttach1":"Filepath1","subPathAttach2":"Filepath1","subPathAttach3":"Filepath1","subPathAttach4":"Filepath1","subPathAttach5":"Filepath1","subDateTime":"07-27-2023 04:52:12","gradedBy":null,"gradedDateTime":null,"grade":-1},{"submissionId":1766,"assignmentId":4432,"userId":"U10324","subDesc":"MyAssignment","subComments":"Completed","subPathAttach1":"Test1","subPathAttach2":"Test2","subPathAttach3":"Test3","subPathAttach4":"Test4","subPathAttach5":"Test5","subDateTime":"07-26-2023 15:32:41","gradedBy":"U7900","gradedDateTime":"07-26-2023 15:32:43","grade":2},{"submissionId":1768,"assignmentId":4434,"userId":"U10326","subDesc":"MyAssignment","subComments":"Completed","subPathAttach1":"Test1","subPathAttach2":"Test2","subPathAttach3":"Test3","subPathAttach4":"Test4","subPathAttach5":"Test5","subDateTime":"07-26-2023 15:34:46","gradedBy":"U7900","gradedDateTime":"07-26-2023 15:34:47","grade":2},{"submissionId":1872,"assignmentId":4699,"userId":"U8528","subDesc":"Test1","subComments":"test1","subPathAttach1":"test","subPathAttach2":"test","subPathAttach3":"test","subPathAttach4":"test","subPathAttach5":"test","subDateTime":"07-26-2023 21:38:16","gradedBy":"U8528","gradedDateTime":"07-27-2023 04:07:28","grade":1},{"submissionId":2041,"assignmentId":5036,"userId":"U8335","subDesc":"submission for Hackathon","subComments":null,"subDateTime":"07-27-2023 07:15:20","gradedBy":null,"gradedDateTime":null,"grade":-1},{"submissionId":1926,"assignmentId":4819,"userId":"U11137","subDesc":"SDET SQL Assignment submission","subComments":"Testing for Assignment Submit","subPathAttach1":"pathfile1.json","subPathAttach2":"pathfile2.json","subPathAttach3":"pathfile3.json","subPathAttach4":"pathfile4.json","subPathAttach5":"pathfile5.json","subDateTime":"07-27-2023 02:27:09","gradedBy":null,"gradedDateTime":null,"grade":-1},{"submissionId":2042,"assignmentId":5038,"userId":"U8335","subDesc":"submission for Hackathon","subComments":null,"subDateTime":"07-27-2023 07:20:38","gradedBy":null,"gradedDateTime":null,"grade":-1},{"submissionId":2043,"assignmentId":3936,"userId":"U11543","subDesc":"Jul23-team6-SDET-Description.","subComments":"Jul23-team6-SDET-comment.","subPathAttach1":"Filepath1","subPathAttach2":"Filepath1","subPathAttach3":"Filepath1","subPathAttach4":"Filepath1","subPathAttach5":"Filepath1","subDateTime":"07-27-2023 07:25:17","gradedBy":null,"gradedDateTime":null,"grade":-1},{"submissionId":2226,"assignmentId":5340,"userId":"U11899","subDesc":"cool assignment","subComments":"very good","subPathAttach1":"path1","subPathAttach2":"path2","subPathAttach3":"path3","subPathAttach4":"path4","subPathAttach5":"path5","subDateTime":"07-27-2023 19:14:34","gradedBy":null,"gradedDateTime":null,"grade":-1},{"submissionId":1908,"assignmentId":4782,"userId":"U11038","subDesc":"MyAssignment","subComments":"Completed","subPathAttach1":"Test1","subPathAttach2":"Test2","subPathAttach3":"Test3","subPathAttach4":"Test4","subPathAttach5":"Test5","subDateTime":"07-27-2023 00:50:13","gradedBy":"U7900","gradedDateTime":"07-27-2023 00:50:14","grade":2},{"submissionId":1835,"assignmentId":4600,"userId":"U10654","subDesc":"MyAssignment","subComments":"Completed","subPathAttach1":"Test1","subPathAttach2":"Test2","subPathAttach3":"Test3","subPathAttach4":"Test4","subPathAttach5":"Test5","subDateTime":"07-26-2023 19:03:59","gradedBy":"U7900","gradedDateTime":"07-26-2023 19:04:00","grade":2},{"submissionId":1838,"assignmentId":4604,"userId":"U10662","subDesc":"MyAssignment","subComments":"Completed","subPathAttach1":"Test1","subPathAttach2":"Test2","subPathAttach3":"Test3","subPathAttach4":"Test4","subPathAttach5":"Test5","subDateTime":"07-26-2023 19:11:07","gradedBy":"U7900","gradedDateTime":"07-26-2023 19:11:08","grade":2},{"submissionId":1840,"assignmentId":4608,"userId":"U10667","subDesc":"MyAssignment","subComments":"Completed","subPathAttach1":"Test1","subPathAttach2":"Test2","subPathAttach3":"Test3","subPathAttach4":"Test4","subPathAttach5":"Test5","subDateTime":"07-26-2023 19:19:21","gradedBy":"U7900","gradedDateTime":"07-26-2023 19:19:22","grade":2},{"submissionId":2062,"assignmentId":5083,"userId":"U11590","subDesc":"SDET SQL Assignment submission","subComments":"Testing for Assignment Submit","subPathAttach1":"pathfile1.json","subPathAttach2":"pathfile2.json","subPathAttach3":"pathfile3.json","subPathAttach4":"pathfile4.json","subPathAttach5":"pathfile5.json","subDateTime":"07-27-2023 13:49:08","gradedBy":null,"gradedDateTime":null,"grade":-1},{"submissionId":1844,"assignmentId":4614,"userId":"U10680","subDesc":"Api Request","subComments":"Submitted","subPathAttach1":"Filepath1","subDateTime":"07-26-2023 19:29:07","gradedBy":null,"gradedDateTime":null,"grade":-1},{"submissionId":1846,"assignmentId":4621,"userId":"U10694","subDesc":"Api Request","subComments":"Submitted","subPathAttach1":"Filepath1","subDateTime":"07-26-2023 19:35:21","gradedBy":null,"gradedDateTime":null,"grade":-1},{"submissionId":1911,"assignmentId":4787,"userId":"U11048","subDesc":"SDET SQL Assignment submission","subComments":"Testing for Assignment Submit","subPathAttach1":"pathfile1.json","subPathAttach2":"pathfile2.json","subPathAttach3":"pathfile3.json","subPathAttach4":"pathfile4.json","subPathAttach5":"pathfile5.json","subDateTime":"07-27-2023 01:07:06","gradedBy":null,"gradedDateTime":null,"grade":-1},{"submissionId":1902,"assignmentId":3936,"userId":"U9350","subDesc":"Jul23-team6-SDET-Desc","subComments":"Jul23-team6-comment","subPathAttach1":"Filepath1","subPathAttach2":"Filepath1","subPathAttach3":"Filepath1","subPathAttach4":"Filepath1","subPathAttach5":"Filepath1","subDateTime":"07-27-2023 00:28:38","gradedBy":null,"gradedDateTime":null,"grade":-1},{"submissionId":1903,"assignmentId":4764,"userId":"U11001","subDesc":"Api Request","subComments":"Done","subPathAttach1":"Filepath1","subDateTime":"07-27-2023 00:32:05","gradedBy":"U10999","gradedDateTime":"07-27-2023 00:32:06","grade":1},{"submissionId":1854,"assignmentId":4631,"userId":"U10705","subDesc":"Api Request","subComments":"Submitted","subPathAttach1":"Filepath1","subDateTime":"07-26-2023 19:45:02","gradedBy":null,"gradedDateTime":null,"grade":-1},{"submissionId":1904,"assignmentId":4767,"userId":"U11011","subDesc":"Api Request","subComments":"Done","subPathAttach1":"Filepath1","subDateTime":"07-27-2023 00:37:19","gradedBy":"U11009","gradedDateTime":"07-27-2023 00:37:20","grade":1},{"submissionId":1857,"assignmentId":4640,"userId":"U10714","subDesc":"Api Request","subComments":"Submitted","subPathAttach1":"Filepath1","subDateTime":"07-26-2023 19:56:43","gradedBy":null,"gradedDateTime":null,"grade":-1},{"submissionId":1862,"assignmentId":4650,"userId":"U10722","subDesc":"Api Request","subComments":"Submitted","subPathAttach1":"Filepath1","subDateTime":"07-26-2023 20:04:19","gradedBy":null,"gradedDateTime":null,"grade":-1},{"submissionId":1927,"assignmentId":4824,"userId":"U11146","subDesc":"MyAssignment","subComments":"Completed","subPathAttach1":"Test1","subPathAttach2":"Test2","subPathAttach3":"Test3","subPathAttach4":"Test4","subPathAttach5":"Test5","subDateTime":"07-27-2023 02:29:40","gradedBy":"U7900","gradedDateTime":"07-27-2023 02:29:41","grade":2},{"submissionId":1581,"assignmentId":4063,"userId":"U8618","subDesc":"submission","subComments":"re-submission completed","subPathAttach1":"/opt/share/mayotte_collaborative.stk","subPathAttach2":"/opt/share/mayotte_collaborative.stk","subPathAttach3":"/opt/share/mayotte_collaborative.stk","subPathAttach4":"/opt/share/mayotte_collaborative.stk","subPathAttach5":"/opt/share/mayotte_collaborative.stk","subDateTime":"07-25-2023 23:04:38","gradedBy":"U7900","gradedDateTime":"07-26-2023 20:39:46","grade":4},{"submissionId":1928,"assignmentId":4826,"userId":"U11154","subDesc":"Cucumber BDD Assignment","subComments":"Test Data","subPathAttach1":"file1.json","subPathAttach2":"file2.json","subPathAttach3":"file3.json","subPathAttach4":"file4.json","subPathAttach5":"file5.json","subDateTime":"07-27-2023 02:32:03","gradedBy":null,"gradedDateTime":null,"grade":-1},{"submissionId":1925,"assignmentId":4818,"userId":"U11134","subDesc":"SDET SQL Assignment submission","subComments":"Testing for Assignment Submit","subPathAttach1":"pathfile1.json","subPathAttach2":"pathfile2.json","subPathAttach3":"pathfile3.json","subPathAttach4":"pathfile4.json","subPathAttach5":"pathfile5.json","subDateTime":"07-27-2023 02:25:33","gradedBy":null,"gradedDateTime":null,"grade":-1},{"submissionId":1929,"assignmentId":4832,"userId":"U11167","subDesc":"MyAssignment","subComments":"Completed","subPathAttach1":"Test1","subPathAttach2":"Test2","subPathAttach3":"Test3","subPathAttach4":"Test4","subPathAttach5":"Test5","subDateTime":"07-27-2023 02:41:54","gradedBy":"U7900","gradedDateTime":"07-27-2023 02:41:55","grade":2},{"submissionId":1930,"assignmentId":4842,"userId":"U11185","subDesc":"MyAssignment","subComments":"Completed","subPathAttach1":"Test1","subPathAttach2":"Test2","subPathAttach3":"Test3","subPathAttach4":"Test4","subPathAttach5":"Test5","subDateTime":"07-27-2023 02:51:59","gradedBy":"U7900","gradedDateTime":"07-27-2023 02:52:02","grade":2},{"submissionId":1941,"assignmentId":4856,"userId":"U11199","subDesc":"MyAssignment","subComments":"Completed","subPathAttach1":"Test1","subPathAttach2":"Test2","subPathAttach3":"Test3","subPathAttach4":"Test4","subPathAttach5":"Test5","subDateTime":"07-27-2023 03:03:11","gradedBy":"U7900","gradedDateTime":"07-27-2023 03:03:55","grade":2},{"submissionId":2002,"assignmentId":3936,"userId":"U11373","subDesc":"Jul23-team6-SDET-Description.","subComments":"Jul23-team6-SDET-comment.","subPathAttach1":"Filepath1","subPathAttach2":"Filepath1","subPathAttach3":"Filepath1","subPathAttach4":"Filepath1","subPathAttach5":"Filepath1","subDateTime":"07-27-2023 04:46:38","gradedBy":null,"gradedDateTime":null,"grade":-1},{"submissionId":2160,"assignmentId":5257,"userId":"U11899","subDesc":"cool assignment","subComments":"very good","subPathAttach1":"path1","subPathAttach2":"path2","subPathAttach3":"path3","subPathAttach4":"path4","subPathAttach5":"path5","subDateTime":"07-27-2023 17:33:32","gradedBy":null,"gradedDateTime":null,"grade":-1},{"submissionId":1947,"assignmentId":4867,"userId":"U11219","subDesc":"MyAssignment","subComments":"Completed","subPathAttach1":"Test1","subPathAttach2":"Test2","subPathAttach3":"Test3","subPathAttach4":"Test4","subPathAttach5":"Test5","subDateTime":"07-27-2023 03:12:17","gradedBy":"U7900","gradedDateTime":"07-27-2023 03:13:06","grade":2},{"submissionId":2118,"assignmentId":4390,"userId":"U8108","subDesc":"cool assignment","subComments":"very good","subPathAttach1":"path1","subPathAttach2":"path2","subPathAttach3":"path3","subPathAttach4":"path4","subPathAttach5":"path5","subDateTime":"07-27-2023 16:03:56","gradedBy":null,"gradedDateTime":null,"grade":-1},{"submissionId":2019,"assignmentId":3936,"userId":"U11421","subDesc":"Jul23-team6-SDET-Description.","subComments":"Jul23-team6-SDET-comment.","subPathAttach1":"Filepath1","subPathAttach2":"Filepath1","subPathAttach3":"Filepath1","subPathAttach4":"Filepath1","subPathAttach5":"Filepath1","subDateTime":"07-27-2023 05:23:54","gradedBy":null,"gradedDateTime":null,"grade":-1},{"submissionId":2090,"assignmentId":3936,"userId":"U11679","subDesc":"Jul23-team6-SDET-Description.","subComments":"Jul23-team6-SDET-comment.","subPathAttach1":"Filepath1","subPathAttach2":"Filepath1","subPathAttach3":"Filepath1","subPathAttach4":"Filepath1","subPathAttach5":"Filepath1","subDateTime":"07-27-2023 14:58:39","gradedBy":null,"gradedDateTime":null,"grade":-1},{"submissionId":2091,"assignmentId":3936,"userId":"U11680","subDesc":"Jul23-team6-SDET-Description.","subComments":"Jul23-team6-SDET-comment.","subPathAttach1":"Filepath1","subPathAttach2":"Filepath1","subPathAttach3":"Filepath1","subPathAttach4":"Filepath1","subPathAttach5":"Filepath1","subDateTime":"07-27-2023 15:00:01","gradedBy":null,"gradedDateTime":null,"grade":-1},{"submissionId":2034,"assignmentId":5013,"userId":"U11506","subDesc":"SDET SQL Assignment submission","subComments":"Testing for Assignment Submit","subPathAttach1":"pathfile1.json","subPathAttach2":"pathfile2.json","subPathAttach3":"pathfile3.json","subPathAttach4":"pathfile4.json","subPathAttach5":"pathfile5.json","subDateTime":"07-27-2023 06:29:57","gradedBy":null,"gradedDateTime":null,"grade":-1},{"submissionId":2044,"assignmentId":3936,"userId":"U11547","subDesc":"Jul23-team6-SDET-Description.","subComments":"Jul23-team6-SDET-comment.","subPathAttach1":"Filepath1","subPathAttach2":"Filepath1","subPathAttach3":"Filepath1","subPathAttach4":"Filepath1","subPathAttach5":"Filepath1","subDateTime":"07-27-2023 07:34:14","gradedBy":null,"gradedDateTime":null,"grade":-1},{"submissionId":2095,"assignmentId":5145,"userId":"U8335","subDesc":"submission for Hackathon","subComments":null,"subDateTime":"07-27-2023 15:02:38","gradedBy":null,"gradedDateTime":null,"grade":-1},{"submissionId":2096,"assignmentId":3936,"userId":"U11691","subDesc":"Jul23-team6-SDET-Description.","subComments":"Jul23-team6-SDET-comment.","subPathAttach1":"Filepath1","subPathAttach2":"Filepath1","subPathAttach3":"Filepath1","subPathAttach4":"Filepath1","subPathAttach5":"Filepath1","subDateTime":"07-27-2023 15:03:00","gradedBy":null,"gradedDateTime":null,"grade":-1},{"submissionId":2100,"assignmentId":5153,"userId":"U8335","subDesc":"submission for Hackathon","subComments":null,"subDateTime":"07-27-2023 15:10:05","gradedBy":null,"gradedDateTime":null,"grade":-1},{"submissionId":2101,"assignmentId":5154,"userId":"U8335","subDesc":"submission for Hackathon","subComments":null,"subDateTime":"07-27-2023 15:11:31","gradedBy":null,"gradedDateTime":null,"grade":-1},{"submissionId":2123,"assignmentId":5199,"userId":"U8335","subDesc":"submission for Hackathon","subComments":null,"subDateTime":"07-27-2023 16:16:46","gradedBy":null,"gradedDateTime":null,"grade":-1},{"submissionId":2168,"assignmentId":5266,"userId":"U11899","subDesc":"cool assignment","subComments":"very good","subPathAttach1":"path1","subPathAttach2":"path2","subPathAttach3":"path3","subPathAttach4":"path4","subPathAttach5":"path5","subDateTime":"07-27-2023 17:53:05","gradedBy":null,"gradedDateTime":null,"grade":-1},{"submissionId":2127,"assignmentId":4164,"userId":"U8335","subDesc":"submission for Hackathon","subComments":null,"subDateTime":"07-27-2023 16:31:00","gradedBy":null,"gradedDateTime":null,"grade":-1},{"submissionId":2130,"assignmentId":3701,"userId":"U8158","subDesc":"team2_testingturtles","subComments":"team_2_Phasee","subPathAttach1":"testing","subPathAttach2":"turtles","subPathAttach3":"team2","subPathAttach4":"string","subPathAttach5":"string","subDateTime":"07-27-2023 16:41:49","gradedBy":"U7876","gradedDateTime":"07-27-2023 17:14:10","grade":2},{"submissionId":2155,"assignmentId":5249,"userId":"U8335","subDesc":"submission for Hackathon","subComments":null,"subDateTime":"07-27-2023 17:23:42","gradedBy":null,"gradedDateTime":null,"grade":-1},{"submissionId":1950,"assignmentId":4872,"userId":"U11206","subDesc":"E2EAssignment","subComments":"E2EAssignment","subPathAttach1":"Path1","subPathAttach2":"Path2","subPathAttach3":"Path3","subPathAttach4":"Path4","subPathAttach5":"Path5","subDateTime":"07-27-2023 03:20:15","gradedBy":"U11204","gradedDateTime":"07-27-2023 03:32:05","grade":2},{"submissionId":2128,"assignmentId":5212,"userId":"U8989","subDesc":"RestlessCoders","subComments":"RestAPI","subPathAttach1":"https://drive.google.com/drive/folders/1V7U_sSlJeWUuX-rxCOO0s3kkmfnQ-gvt","subPathAttach2":"string","subPathAttach3":"string","subPathAttach4":"string","subPathAttach5":"string","subDateTime":"07-27-2023 16:37:21","gradedBy":null,"gradedDateTime":null,"grade":-1},{"submissionId":2129,"assignmentId":5213,"userId":"U8335","subDesc":"submission for Hackathon","subComments":null,"subDateTime":"07-27-2023 16:37:23","gradedBy":null,"gradedDateTime":null,"grade":-1},{"submissionId":2131,"assignmentId":5216,"userId":"U8335","subDesc":"submission for Hackathon","subComments":null,"subDateTime":"07-27-2023 16:48:37","gradedBy":null,"gradedDateTime":null,"grade":-1},{"submissionId":1982,"assignmentId":4911,"userId":"U11333","subDesc":"MyAssignment","subComments":"Completed","subPathAttach1":"Test1","subPathAttach2":"Test2","subPathAttach3":"Test3","subPathAttach4":"Test4","subPathAttach5":"Test5","subDateTime":"07-27-2023 04:12:57","gradedBy":"U7900","gradedDateTime":"07-27-2023 04:13:47","grade":2},{"submissionId":2079,"assignmentId":5120,"userId":"U7877","subDesc":"subDescriptions","subComments":"commentsforsubs","subPathAttach1":"pathatt12","subPathAttach2":"pathatt23","subPathAttach3":"pathatt34","subPathAttach4":"pathatt45","subPathAttach5":"pathatt56","subDateTime":"07-27-2023 14:30:03","gradedBy":null,"gradedDateTime":null,"grade":-1},{"submissionId":1985,"assignmentId":4914,"userId":"U9507","subDesc":"harjasspari","subComments":"trythis","subPathAttach1":"string12","subPathAttach2":"string34","subPathAttach3":"String22","subPathAttach4":"string44","subPathAttach5":"string66","subDateTime":"07-27-2023 04:15:44","gradedBy":null,"gradedDateTime":null,"grade":-1},{"submissionId":1528,"assignmentId":4001,"userId":"U7877","subDesc":"subDescriptions","subComments":"commentallf","subPathAttach1":"pathatt12","subPathAttach2":"pathatt23","subPathAttach3":"pathatt34","subPathAttach4":"pathatt45","subPathAttach5":"pathatt56","subDateTime":"07-25-2023 19:59:19","gradedBy":"U7877","gradedDateTime":"07-27-2023 14:30:06","grade":1},{"submissionId":2081,"assignmentId":5123,"userId":"U8335","subDesc":"submission for Hackathon","subComments":null,"subDateTime":"07-27-2023 14:37:36","gradedBy":null,"gradedDateTime":null,"grade":-1},{"submissionId":2082,"assignmentId":5126,"userId":"U8335","subDesc":"submission for Hackathon","subComments":null,"subDateTime":"07-27-2023 14:40:56","gradedBy":null,"gradedDateTime":null,"grade":-1},{"submissionId":2035,"assignmentId":3936,"userId":"U11517","subDesc":"Jul23-team6-SDET-Description.","subComments":"Jul23-team6-SDET-comment.","subPathAttach1":"Filepath1","subPathAttach2":"Filepath1","subPathAttach3":"Filepath1","subPathAttach4":"Filepath1","subPathAttach5":"Filepath1","subDateTime":"07-27-2023 06:42:25","gradedBy":null,"gradedDateTime":null,"grade":-1},{"submissionId":2037,"assignmentId":5028,"userId":"U8335","subDesc":"submission for Hackathon","subComments":null,"subDateTime":"07-27-2023 06:53:24","gradedBy":null,"gradedDateTime":null,"grade":-1},{"submissionId":2038,"assignmentId":5030,"userId":"U8335","subDesc":"submission for Hackathon","subComments":null,"subDateTime":"07-27-2023 06:56:31","gradedBy":null,"gradedDateTime":null,"grade":-1},{"submissionId":2039,"assignmentId":5032,"userId":"U8335","subDesc":"submission for Hackathon","subComments":null,"subDateTime":"07-27-2023 07:01:46","gradedBy":null,"gradedDateTime":null,"grade":-1},{"submissionId":2040,"assignmentId":5034,"userId":"U8335","subDesc":"submission for Hackathon","subComments":null,"subDateTime":"07-27-2023 07:02:23","gradedBy":null,"gradedDateTime":null,"grade":-1},{"submissionId":2086,"assignmentId":3936,"userId":"U11672","subDesc":"Jul23-team6-SDET-Description.","subComments":"Jul23-team6-SDET-comment.","subPathAttach1":"Filepath1","subPathAttach2":"Filepath1","subPathAttach3":"Filepath1","subPathAttach4":"Filepath1","subPathAttach5":"Filepath1","subDateTime":"07-27-2023 14:44:14","gradedBy":null,"gradedDateTime":null,"grade":-1},{"submissionId":2088,"assignmentId":5137,"userId":"U8335","subDesc":"submission for Hackathon","subComments":null,"subDateTime":"07-27-2023 14:56:06","gradedBy":null,"gradedDateTime":null,"grade":-1},{"submissionId":2104,"assignmentId":5160,"userId":"U8335","subDesc":"submission for Hackathon","subComments":null,"subDateTime":"07-27-2023 15:18:11","gradedBy":null,"gradedDateTime":null,"grade":-1},{"submissionId":2060,"assignmentId":5081,"userId":"U11587","subDesc":"SDET SQL Assignment submission","subComments":"Testing for Assignment Submit","subPathAttach1":"pathfile1.json","subPathAttach2":"pathfile2.json","subPathAttach3":"pathfile3.json","subPathAttach4":"pathfile4.json","subPathAttach5":"pathfile5.json","subDateTime":"07-27-2023 13:45:52","gradedBy":null,"gradedDateTime":null,"grade":-1},{"submissionId":2107,"assignmentId":5169,"userId":"U8335","subDesc":"submission for Hackathon","subComments":null,"subDateTime":"07-27-2023 15:31:06","gradedBy":null,"gradedDateTime":null,"grade":-1},{"submissionId":2109,"assignmentId":5175,"userId":"U8335","subDesc":"submission for Hackathon","subComments":null,"subDateTime":"07-27-2023 15:35:46","gradedBy":null,"gradedDateTime":null,"grade":-1},{"submissionId":2110,"assignmentId":5177,"userId":"U8335","subDesc":"submission for Hackathon","subComments":null,"subDateTime":"07-27-2023 15:39:48","gradedBy":null,"gradedDateTime":null,"grade":-1},{"submissionId":2122,"assignmentId":5197,"userId":"U8335","subDesc":"submission for Hackathon","subComments":null,"subDateTime":"07-27-2023 16:14:18","gradedBy":null,"gradedDateTime":null,"grade":-1},{"submissionId":2124,"assignmentId":5201,"userId":"U8335","subDesc":"submission for Hackathon","subComments":null,"subDateTime":"07-27-2023 16:19:09","gradedBy":null,"gradedDateTime":null,"grade":-1},{"submissionId":2126,"assignmentId":5208,"userId":"U8335","subDesc":"submission for Hackathon","subComments":null,"subDateTime":"07-27-2023 16:27:37","gradedBy":null,"gradedDateTime":null,"grade":-1},{"submissionId":2156,"assignmentId":5250,"userId":"U8335","subDesc":"submission for Hackathon","subComments":null,"subDateTime":"07-27-2023 17:25:39","gradedBy":null,"gradedDateTime":null,"grade":-1},{"submissionId":2158,"assignmentId":5253,"userId":"U8335","subDesc":"submission for Hackathon","subComments":null,"subDateTime":"07-27-2023 17:29:31","gradedBy":null,"gradedDateTime":null,"grade":-1}]

at java.base/jdk.internal.reflect.DirectConstructorHandleAccessor.newInstance(DirectConstructorHandleAccessor.java:67)
at java.base/java.lang.reflect.Constructor.newInstanceWithCaller(Constructor.java:500)
at java.base/java.lang.reflect.Constructor.newInstance(Constructor.java:484)
at org.codehaus.groovy.reflection.CachedConstructor.invoke(CachedConstructor.java:73)
at org.codehaus.groovy.runtime.callsite.ConstructorSite$ConstructorSiteNoUnwrapNoCoerce.callConstructor(ConstructorSite.java:108)
at org.codehaus.groovy.runtime.callsite.CallSiteArray.defaultCallConstructor(CallSiteArray.java:57)
at org.codehaus.groovy.runtime.callsite.AbstractCallSite.callConstructor(AbstractCallSite.java:263)
at org.codehaus.groovy.runtime.callsite.AbstractCallSite.callConstructor(AbstractCallSite.java:277)
at io.restassured.internal.ResponseSpecificationImpl$HamcrestAssertionClosure.validate(ResponseSpecificationImpl.groovy:512)
at io.restassured.internal.ResponseSpecificationImpl$HamcrestAssertionClosure$validate$1.call(Unknown Source)
at org.codehaus.groovy.runtime.callsite.CallSiteArray.defaultCall(CallSiteArray.java:45)
at org.codehaus.groovy.runtime.callsite.AbstractCallSite.call(AbstractCallSite.java:125)
at org.codehaus.groovy.runtime.callsite.AbstractCallSite.call(AbstractCallSite.java:139)
at io.restassured.internal.ResponseSpecificationImpl.validateResponseIfRequired(ResponseSpecificationImpl.groovy:696)
at io.restassured.internal.ResponseSpecificationImpl.this$2$validateResponseIfRequired(ResponseSpecificationImpl.groovy)
at java.base/jdk.internal.reflect.DirectMethodHandleAccessor.invoke(DirectMethodHandleAccessor.java:104)
at java.base/java.lang.reflect.Method.invoke(Method.java:578)
at org.codehaus.groovy.runtime.callsite.PlainObjectMetaMethodSite.doInvoke(PlainObjectMetaMethodSite.java:43)
at org.codehaus.groovy.runtime.callsite.PogoMetaMethodSite$PogoCachedMethodSiteNoUnwrapNoCoerce.invoke(PogoMetaMethodSite.java:198)
at org.codehaus.groovy.runtime.callsite.PogoMetaMethodSite.callCurrent(PogoMetaMethodSite.java:62)
at org.codehaus.groovy.runtime.callsite.CallSiteArray.defaultCallCurrent(CallSiteArray.java:49)
at org.codehaus.groovy.runtime.callsite.AbstractCallSite.callCurrent(AbstractCallSite.java:171)
at org.codehaus.groovy.runtime.callsite.AbstractCallSite.callCurrent(AbstractCallSite.java:185)
at io.restassured.internal.ResponseSpecificationImpl.body(ResponseSpecificationImpl.groovy:107)
at io.restassured.internal.ValidatableResponseOptionsImpl.body(ValidatableResponseOptionsImpl.java:238)
at api.endpoints.AssignSubEndPoints.getAllAssignments(AssignSubEndPoints.java:33)
at api.test.DDtestcase.TestGetAllSub(DDtestcase.java:228)
at stepdefinitions.Post_subassignment.user_sends_get_request(Post_subassignment.java:98)
at âœ½.: User sends get request(file:///C:/Users/sreej/eclipse-NumpyNinja/APITrekkers-Team13/src/test/resources/Features/05postsubassignment.feature:19)
]]>
    </failure>
  </testcase> <!-- runScenario -->
  <system-out/>
  <testcase classname="runnerfile.Testrunner" name="runScenario" time="0.889">
    <failure message="expected [201] but found [400]" type="java.lang.AssertionError">
      <![CDATA[java.lang.AssertionError: expected [201] but found [400]
at org.testng.Assert.fail(Assert.java:99)
at org.testng.Assert.failNotEquals(Assert.java:1037)
at org.testng.Assert.assertEqualsImpl(Assert.java:140)
at org.testng.Assert.assertEquals(Assert.java:122)
at org.testng.Assert.assertEquals(Assert.java:907)
at org.testng.Assert.assertEquals(Assert.java:917)
at api.test.AssignmentTests.verify_update_status(AssignmentTests.java:193)
at stepdefinitions.AssignmentPositiveScenarios_SD.user_receives_created_status_with_response_body(AssignmentPositiveScenarios_SD.java:73)
at âœ½.User receives created Status with response body(file:///C:/Users/sreej/eclipse-NumpyNinja/APITrekkers-Team13/src/test/resources/Features/04AssignmentPositiveScenarios.feature:9)
]]>
    </failure>
  </testcase> <!-- runScenario -->
  <system-out/>
  <testcase classname="runnerfile.Testrunner" name="runScenario" time="0.003">
    <error message="Test name must not be null or empty" type="java.lang.IllegalArgumentException">
      <![CDATA[java.lang.IllegalArgumentException: Test name must not be null or empty
at com.aventstack.extentreports.util.Assert.notEmpty(Assert.java:12)
at com.aventstack.extentreports.ExtentTest.<init>(ExtentTest.java:96)
at com.aventstack.extentreports.ExtentTest.createNode(ExtentTest.java:153)
at com.aventstack.extentreports.cucumber.adapter.ExtentCucumberAdapter.createTestCase(ExtentCucumberAdapter.java:424)
at com.aventstack.extentreports.cucumber.adapter.ExtentCucumberAdapter.handleTestCaseStarted(ExtentCucumberAdapter.java:163)
at com.aventstack.extentreports.cucumber.adapter.ExtentCucumberAdapter.access$100(ExtentCucumberAdapter.java:63)
at com.aventstack.extentreports.cucumber.adapter.ExtentCucumberAdapter$3.receive(ExtentCucumberAdapter.java:107)
at com.aventstack.extentreports.cucumber.adapter.ExtentCucumberAdapter$3.receive(ExtentCucumberAdapter.java:104)
at io.cucumber.core.eventbus.AbstractEventPublisher.send(AbstractEventPublisher.java:51)
at io.cucumber.core.eventbus.AbstractEventBus.send(AbstractEventBus.java:12)
at io.cucumber.core.runtime.SynchronizedEventBus.send(SynchronizedEventBus.java:47)
at io.cucumber.core.runtime.ThreadLocalRunnerSupplier$LocalEventBus.send(ThreadLocalRunnerSupplier.java:62)
at io.cucumber.core.runner.TestCase.emitTestCaseStarted(TestCase.java:206)
at io.cucumber.core.runner.TestCase.run(TestCase.java:72)
at io.cucumber.core.runner.Runner.runPickle(Runner.java:75)
at io.cucumber.testng.TestNGCucumberRunner.lambda$runScenario$1(TestNGCucumberRunner.java:132)
at io.cucumber.core.runtime.CucumberExecutionContext.lambda$runTestCase$5(CucumberExecutionContext.java:130)
at io.cucumber.core.runtime.RethrowingThrowableCollector.executeAndThrow(RethrowingThrowableCollector.java:23)
at io.cucumber.core.runtime.CucumberExecutionContext.runTestCase(CucumberExecutionContext.java:130)
at io.cucumber.testng.TestNGCucumberRunner.runScenario(TestNGCucumberRunner.java:129)
at io.cucumber.testng.AbstractTestNGCucumberTests.runScenario(AbstractTestNGCucumberTests.java:35)
at java.base/jdk.internal.reflect.DirectMethodHandleAccessor.invoke(DirectMethodHandleAccessor.java:104)
at java.base/java.lang.reflect.Method.invoke(Method.java:578)
at org.testng.internal.MethodInvocationHelper.invokeMethod(MethodInvocationHelper.java:133)
at org.testng.internal.TestInvoker.invokeMethod(TestInvoker.java:598)
at org.testng.internal.TestInvoker.invokeTestMethod(TestInvoker.java:173)
at org.testng.internal.MethodRunner.runInSequence(MethodRunner.java:46)
at org.testng.internal.TestInvoker$MethodInvocationAgent.invoke(TestInvoker.java:824)
at org.testng.internal.TestInvoker.invokeTestMethods(TestInvoker.java:146)
at org.testng.internal.TestMethodWorker.invokeTestMethods(TestMethodWorker.java:146)
at org.testng.internal.TestMethodWorker.run(TestMethodWorker.java:128)
at java.base/java.util.ArrayList.forEach(ArrayList.java:1511)
at org.testng.TestRunner.privateRun(TestRunner.java:794)
at org.testng.TestRunner.run(TestRunner.java:596)
at org.testng.SuiteRunner.runTest(SuiteRunner.java:377)
at org.testng.SuiteRunner.runSequentially(SuiteRunner.java:371)
at org.testng.SuiteRunner.privateRun(SuiteRunner.java:332)
at org.testng.SuiteRunner.run(SuiteRunner.java:276)
at org.testng.SuiteRunnerWorker.runSuite(SuiteRunnerWorker.java:53)
at org.testng.SuiteRunnerWorker.run(SuiteRunnerWorker.java:96)
at org.testng.TestNG.runSuitesSequentially(TestNG.java:1212)
at org.testng.TestNG.runSuitesLocally(TestNG.java:1134)
at org.testng.TestNG.runSuites(TestNG.java:1063)
at org.testng.TestNG.run(TestNG.java:1031)
at org.testng.remote.AbstractRemoteTestNG.run(AbstractRemoteTestNG.java:115)
at org.testng.remote.RemoteTestNG.initAndRun(RemoteTestNG.java:251)
at org.testng.remote.RemoteTestNG.main(RemoteTestNG.java:77)
]]>
    </error>
  </testcase> <!-- runScenario -->
  <system-out/>
  <testcase classname="runnerfile.Testrunner" name="runScenario" time="0.353"/>
  <system-out/>
  <testcase classname="runnerfile.Testrunner" name="runScenario" time="0.250">
    <failure message="expected [200] but found [404]" type="java.lang.AssertionError">
      <![CDATA[java.lang.AssertionError: expected [200] but found [404]
at org.testng.Assert.fail(Assert.java:99)
at org.testng.Assert.failNotEquals(Assert.java:1037)
at org.testng.Assert.assertEqualsImpl(Assert.java:140)
at org.testng.Assert.assertEquals(Assert.java:122)
at org.testng.Assert.assertEquals(Assert.java:907)
at org.testng.Assert.assertEquals(Assert.java:917)
at api.test.AssignmentTests.verify_get_status(AssignmentTests.java:151)
at stepdefinitions.AssignmentPositiveScenarios_SD.User_gets_data_by_batch_id_in_response(AssignmentPositiveScenarios_SD.java:125)
at âœ½.User gets data by batch id in response(file:///C:/Users/sreej/eclipse-NumpyNinja/APITrekkers-Team13/src/test/resources/Features/04AssignmentPositiveScenarios.feature:27)
]]>
    </failure>
  </testcase> <!-- runScenario -->
  <system-out/>
  <testcase classname="runnerfile.Testrunner" name="runScenario" time="0.463"/>
  <system-out/>
  <testcase classname="runnerfile.Testrunner" name="runScenario" time="0.005">
    <error message="Test name must not be null or empty" type="java.lang.IllegalArgumentException">
      <![CDATA[java.lang.IllegalArgumentException: Test name must not be null or empty
at com.aventstack.extentreports.util.Assert.notEmpty(Assert.java:12)
at com.aventstack.extentreports.ExtentTest.<init>(ExtentTest.java:96)
at com.aventstack.extentreports.ExtentTest.createNode(ExtentTest.java:153)
at com.aventstack.extentreports.cucumber.adapter.ExtentCucumberAdapter.createTestCase(ExtentCucumberAdapter.java:424)
at com.aventstack.extentreports.cucumber.adapter.ExtentCucumberAdapter.handleTestCaseStarted(ExtentCucumberAdapter.java:163)
at com.aventstack.extentreports.cucumber.adapter.ExtentCucumberAdapter.access$100(ExtentCucumberAdapter.java:63)
at com.aventstack.extentreports.cucumber.adapter.ExtentCucumberAdapter$3.receive(ExtentCucumberAdapter.java:107)
at com.aventstack.extentreports.cucumber.adapter.ExtentCucumberAdapter$3.receive(ExtentCucumberAdapter.java:104)
at io.cucumber.core.eventbus.AbstractEventPublisher.send(AbstractEventPublisher.java:51)
at io.cucumber.core.eventbus.AbstractEventBus.send(AbstractEventBus.java:12)
at io.cucumber.core.runtime.SynchronizedEventBus.send(SynchronizedEventBus.java:47)
at io.cucumber.core.runtime.ThreadLocalRunnerSupplier$LocalEventBus.send(ThreadLocalRunnerSupplier.java:62)
at io.cucumber.core.runner.TestCase.emitTestCaseStarted(TestCase.java:206)
at io.cucumber.core.runner.TestCase.run(TestCase.java:72)
at io.cucumber.core.runner.Runner.runPickle(Runner.java:75)
at io.cucumber.testng.TestNGCucumberRunner.lambda$runScenario$1(TestNGCucumberRunner.java:132)
at io.cucumber.core.runtime.CucumberExecutionContext.lambda$runTestCase$5(CucumberExecutionContext.java:130)
at io.cucumber.core.runtime.RethrowingThrowableCollector.executeAndThrow(RethrowingThrowableCollector.java:23)
at io.cucumber.core.runtime.CucumberExecutionContext.runTestCase(CucumberExecutionContext.java:130)
at io.cucumber.testng.TestNGCucumberRunner.runScenario(TestNGCucumberRunner.java:129)
at io.cucumber.testng.AbstractTestNGCucumberTests.runScenario(AbstractTestNGCucumberTests.java:35)
at java.base/jdk.internal.reflect.DirectMethodHandleAccessor.invoke(DirectMethodHandleAccessor.java:104)
at java.base/java.lang.reflect.Method.invoke(Method.java:578)
at org.testng.internal.MethodInvocationHelper.invokeMethod(MethodInvocationHelper.java:133)
at org.testng.internal.TestInvoker.invokeMethod(TestInvoker.java:598)
at org.testng.internal.TestInvoker.invokeTestMethod(TestInvoker.java:173)
at org.testng.internal.MethodRunner.runInSequence(MethodRunner.java:46)
at org.testng.internal.TestInvoker$MethodInvocationAgent.invoke(TestInvoker.java:824)
at org.testng.internal.TestInvoker.invokeTestMethods(TestInvoker.java:146)
at org.testng.internal.TestMethodWorker.invokeTestMethods(TestMethodWorker.java:146)
at org.testng.internal.TestMethodWorker.run(TestMethodWorker.java:128)
at java.base/java.util.ArrayList.forEach(ArrayList.java:1511)
at org.testng.TestRunner.privateRun(TestRunner.java:794)
at org.testng.TestRunner.run(TestRunner.java:596)
at org.testng.SuiteRunner.runTest(SuiteRunner.java:377)
at org.testng.SuiteRunner.runSequentially(SuiteRunner.java:371)
at org.testng.SuiteRunner.privateRun(SuiteRunner.java:332)
at org.testng.SuiteRunner.run(SuiteRunner.java:276)
at org.testng.SuiteRunnerWorker.runSuite(SuiteRunnerWorker.java:53)
at org.testng.SuiteRunnerWorker.run(SuiteRunnerWorker.java:96)
at org.testng.TestNG.runSuitesSequentially(TestNG.java:1212)
at org.testng.TestNG.runSuitesLocally(TestNG.java:1134)
at org.testng.TestNG.runSuites(TestNG.java:1063)
at org.testng.TestNG.run(TestNG.java:1031)
at org.testng.remote.AbstractRemoteTestNG.run(AbstractRemoteTestNG.java:115)
at org.testng.remote.RemoteTestNG.initAndRun(RemoteTestNG.java:251)
at org.testng.remote.RemoteTestNG.main(RemoteTestNG.java:77)
]]>
    </error>
  </testcase> <!-- runScenario -->
  <system-out/>
  <testcase classname="runnerfile.Testrunner" name="runScenario" time="0.003">
    <error message="Test name must not be null or empty" type="java.lang.IllegalArgumentException">
      <![CDATA[java.lang.IllegalArgumentException: Test name must not be null or empty
at com.aventstack.extentreports.util.Assert.notEmpty(Assert.java:12)
at com.aventstack.extentreports.ExtentTest.<init>(ExtentTest.java:96)
at com.aventstack.extentreports.ExtentTest.createNode(ExtentTest.java:153)
at com.aventstack.extentreports.cucumber.adapter.ExtentCucumberAdapter.createScenarioOutline(ExtentCucumberAdapter.java:374)
at com.aventstack.extentreports.cucumber.adapter.ExtentCucumberAdapter.handleScenarioOutline(ExtentCucumberAdapter.java:353)
at com.aventstack.extentreports.cucumber.adapter.ExtentCucumberAdapter.handleTestCaseStarted(ExtentCucumberAdapter.java:162)
at com.aventstack.extentreports.cucumber.adapter.ExtentCucumberAdapter.access$100(ExtentCucumberAdapter.java:63)
at com.aventstack.extentreports.cucumber.adapter.ExtentCucumberAdapter$3.receive(ExtentCucumberAdapter.java:107)
at com.aventstack.extentreports.cucumber.adapter.ExtentCucumberAdapter$3.receive(ExtentCucumberAdapter.java:104)
at io.cucumber.core.eventbus.AbstractEventPublisher.send(AbstractEventPublisher.java:51)
at io.cucumber.core.eventbus.AbstractEventBus.send(AbstractEventBus.java:12)
at io.cucumber.core.runtime.SynchronizedEventBus.send(SynchronizedEventBus.java:47)
at io.cucumber.core.runtime.ThreadLocalRunnerSupplier$LocalEventBus.send(ThreadLocalRunnerSupplier.java:62)
at io.cucumber.core.runner.TestCase.emitTestCaseStarted(TestCase.java:206)
at io.cucumber.core.runner.TestCase.run(TestCase.java:72)
at io.cucumber.core.runner.Runner.runPickle(Runner.java:75)
at io.cucumber.testng.TestNGCucumberRunner.lambda$runScenario$1(TestNGCucumberRunner.java:132)
at io.cucumber.core.runtime.CucumberExecutionContext.lambda$runTestCase$5(CucumberExecutionContext.java:130)
at io.cucumber.core.runtime.RethrowingThrowableCollector.executeAndThrow(RethrowingThrowableCollector.java:23)
at io.cucumber.core.runtime.CucumberExecutionContext.runTestCase(CucumberExecutionContext.java:130)
at io.cucumber.testng.TestNGCucumberRunner.runScenario(TestNGCucumberRunner.java:129)
at io.cucumber.testng.AbstractTestNGCucumberTests.runScenario(AbstractTestNGCucumberTests.java:35)
at java.base/jdk.internal.reflect.DirectMethodHandleAccessor.invoke(DirectMethodHandleAccessor.java:104)
at java.base/java.lang.reflect.Method.invoke(Method.java:578)
at org.testng.internal.MethodInvocationHelper.invokeMethod(MethodInvocationHelper.java:133)
at org.testng.internal.TestInvoker.invokeMethod(TestInvoker.java:598)
at org.testng.internal.TestInvoker.invokeTestMethod(TestInvoker.java:173)
at org.testng.internal.MethodRunner.runInSequence(MethodRunner.java:46)
at org.testng.internal.TestInvoker$MethodInvocationAgent.invoke(TestInvoker.java:824)
at org.testng.internal.TestInvoker.invokeTestMethods(TestInvoker.java:146)
at org.testng.internal.TestMethodWorker.invokeTestMethods(TestMethodWorker.java:146)
at org.testng.internal.TestMethodWorker.run(TestMethodWorker.java:128)
at java.base/java.util.ArrayList.forEach(ArrayList.java:1511)
at org.testng.TestRunner.privateRun(TestRunner.java:794)
at org.testng.TestRunner.run(TestRunner.java:596)
at org.testng.SuiteRunner.runTest(SuiteRunner.java:377)
at org.testng.SuiteRunner.runSequentially(SuiteRunner.java:371)
at org.testng.SuiteRunner.privateRun(SuiteRunner.java:332)
at org.testng.SuiteRunner.run(SuiteRunner.java:276)
at org.testng.SuiteRunnerWorker.runSuite(SuiteRunnerWorker.java:53)
at org.testng.SuiteRunnerWorker.run(SuiteRunnerWorker.java:96)
at org.testng.TestNG.runSuitesSequentially(TestNG.java:1212)
at org.testng.TestNG.runSuitesLocally(TestNG.java:1134)
at org.testng.TestNG.runSuites(TestNG.java:1063)
at org.testng.TestNG.run(TestNG.java:1031)
at org.testng.remote.AbstractRemoteTestNG.run(AbstractRemoteTestNG.java:115)
at org.testng.remote.RemoteTestNG.initAndRun(RemoteTestNG.java:251)
at org.testng.remote.RemoteTestNG.main(RemoteTestNG.java:77)
]]>
    </error>
  </testcase> <!-- runScenario -->
  <system-out/>
  <testcase classname="runnerfile.Testrunner" name="runScenario" time="0.003">
    <error message="Test name must not be null or empty" type="java.lang.IllegalArgumentException">
      <![CDATA[java.lang.IllegalArgumentException: Test name must not be null or empty
at com.aventstack.extentreports.util.Assert.notEmpty(Assert.java:12)
at com.aventstack.extentreports.ExtentTest.<init>(ExtentTest.java:96)
at com.aventstack.extentreports.ExtentTest.createNode(ExtentTest.java:153)
at com.aventstack.extentreports.cucumber.adapter.ExtentCucumberAdapter.createScenarioOutline(ExtentCucumberAdapter.java:374)
at com.aventstack.extentreports.cucumber.adapter.ExtentCucumberAdapter.handleScenarioOutline(ExtentCucumberAdapter.java:353)
at com.aventstack.extentreports.cucumber.adapter.ExtentCucumberAdapter.handleTestCaseStarted(ExtentCucumberAdapter.java:162)
at com.aventstack.extentreports.cucumber.adapter.ExtentCucumberAdapter.access$100(ExtentCucumberAdapter.java:63)
at com.aventstack.extentreports.cucumber.adapter.ExtentCucumberAdapter$3.receive(ExtentCucumberAdapter.java:107)
at com.aventstack.extentreports.cucumber.adapter.ExtentCucumberAdapter$3.receive(ExtentCucumberAdapter.java:104)
at io.cucumber.core.eventbus.AbstractEventPublisher.send(AbstractEventPublisher.java:51)
at io.cucumber.core.eventbus.AbstractEventBus.send(AbstractEventBus.java:12)
at io.cucumber.core.runtime.SynchronizedEventBus.send(SynchronizedEventBus.java:47)
at io.cucumber.core.runtime.ThreadLocalRunnerSupplier$LocalEventBus.send(ThreadLocalRunnerSupplier.java:62)
at io.cucumber.core.runner.TestCase.emitTestCaseStarted(TestCase.java:206)
at io.cucumber.core.runner.TestCase.run(TestCase.java:72)
at io.cucumber.core.runner.Runner.runPickle(Runner.java:75)
at io.cucumber.testng.TestNGCucumberRunner.lambda$runScenario$1(TestNGCucumberRunner.java:132)
at io.cucumber.core.runtime.CucumberExecutionContext.lambda$runTestCase$5(CucumberExecutionContext.java:130)
at io.cucumber.core.runtime.RethrowingThrowableCollector.executeAndThrow(RethrowingThrowableCollector.java:23)
at io.cucumber.core.runtime.CucumberExecutionContext.runTestCase(CucumberExecutionContext.java:130)
at io.cucumber.testng.TestNGCucumberRunner.runScenario(TestNGCucumberRunner.java:129)
at io.cucumber.testng.AbstractTestNGCucumberTests.runScenario(AbstractTestNGCucumberTests.java:35)
at java.base/jdk.internal.reflect.DirectMethodHandleAccessor.invoke(DirectMethodHandleAccessor.java:104)
at java.base/java.lang.reflect.Method.invoke(Method.java:578)
at org.testng.internal.MethodInvocationHelper.invokeMethod(MethodInvocationHelper.java:133)
at org.testng.internal.TestInvoker.invokeMethod(TestInvoker.java:598)
at org.testng.internal.TestInvoker.invokeTestMethod(TestInvoker.java:173)
at org.testng.internal.MethodRunner.runInSequence(MethodRunner.java:46)
at org.testng.internal.TestInvoker$MethodInvocationAgent.invoke(TestInvoker.java:824)
at org.testng.internal.TestInvoker.invokeTestMethods(TestInvoker.java:146)
at org.testng.internal.TestMethodWorker.invokeTestMethods(TestMethodWorker.java:146)
at org.testng.internal.TestMethodWorker.run(TestMethodWorker.java:128)
at java.base/java.util.ArrayList.forEach(ArrayList.java:1511)
at org.testng.TestRunner.privateRun(TestRunner.java:794)
at org.testng.TestRunner.run(TestRunner.java:596)
at org.testng.SuiteRunner.runTest(SuiteRunner.java:377)
at org.testng.SuiteRunner.runSequentially(SuiteRunner.java:371)
at org.testng.SuiteRunner.privateRun(SuiteRunner.java:332)
at org.testng.SuiteRunner.run(SuiteRunner.java:276)
at org.testng.SuiteRunnerWorker.runSuite(SuiteRunnerWorker.java:53)
at org.testng.SuiteRunnerWorker.run(SuiteRunnerWorker.java:96)
at org.testng.TestNG.runSuitesSequentially(TestNG.java:1212)
at org.testng.TestNG.runSuitesLocally(TestNG.java:1134)
at org.testng.TestNG.runSuites(TestNG.java:1063)
at org.testng.TestNG.run(TestNG.java:1031)
at org.testng.remote.AbstractRemoteTestNG.run(AbstractRemoteTestNG.java:115)
at org.testng.remote.RemoteTestNG.initAndRun(RemoteTestNG.java:251)
at org.testng.remote.RemoteTestNG.main(RemoteTestNG.java:77)
]]>
    </error>
  </testcase> <!-- runScenario -->
  <system-out/>
  <testcase classname="runnerfile.Testrunner" name="runScenario" time="0.006">
    <error message="parameterValue cannot be null" type="java.lang.IllegalArgumentException">
      <![CDATA[java.lang.IllegalArgumentException: parameterValue cannot be null
at java.base/jdk.internal.reflect.DirectConstructorHandleAccessor.newInstance(DirectConstructorHandleAccessor.java:67)
at java.base/java.lang.reflect.Constructor.newInstanceWithCaller(Constructor.java:500)
at java.base/java.lang.reflect.Constructor.newInstance(Constructor.java:484)
at org.codehaus.groovy.reflection.CachedConstructor.invoke(CachedConstructor.java:73)
at org.codehaus.groovy.reflection.CachedConstructor.doConstructorInvoke(CachedConstructor.java:60)
at org.codehaus.groovy.runtime.callsite.ConstructorSite$ConstructorSiteNoUnwrap.callConstructor(ConstructorSite.java:86)
at org.codehaus.groovy.runtime.callsite.AbstractCallSite.callConstructor(AbstractCallSite.java:277)
at io.restassured.internal.common.assertion.AssertParameter.notNull(AssertParameter.groovy:26)
at io.restassured.internal.common.assertion.AssertParameter$notNull.callStatic(Unknown Source)
at org.codehaus.groovy.runtime.callsite.CallSiteArray.defaultCallStatic(CallSiteArray.java:53)
at io.restassured.internal.common.assertion.AssertParameter$notNull.callStatic(Unknown Source)
at io.restassured.internal.RequestSpecificationImpl.pathParam(RequestSpecificationImpl.groovy:515)
at stepdefinitions.Positive_program_sd.we_send_url_delete_name(Positive_program_sd.java:367)
at âœ½.we send url DELETE Name(file:///C:/Users/sreej/eclipse-NumpyNinja/APITrekkers-Team13/src/test/resources/Features/06Delete.feature:43)
]]>
    </error>
  </testcase> <!-- runScenario -->
  <system-out/>
  <testcase classname="runnerfile.Testrunner" name="runScenario" time="0.005">
    <error message="Test name must not be null or empty" type="java.lang.IllegalArgumentException">
      <![CDATA[java.lang.IllegalArgumentException: Test name must not be null or empty
at com.aventstack.extentreports.util.Assert.notEmpty(Assert.java:12)
at com.aventstack.extentreports.ExtentTest.<init>(ExtentTest.java:96)
at com.aventstack.extentreports.ExtentTest.createNode(ExtentTest.java:153)
at com.aventstack.extentreports.cucumber.adapter.ExtentCucumberAdapter.createScenarioOutline(ExtentCucumberAdapter.java:374)
at com.aventstack.extentreports.cucumber.adapter.ExtentCucumberAdapter.handleScenarioOutline(ExtentCucumberAdapter.java:353)
at com.aventstack.extentreports.cucumber.adapter.ExtentCucumberAdapter.handleTestCaseStarted(ExtentCucumberAdapter.java:162)
at com.aventstack.extentreports.cucumber.adapter.ExtentCucumberAdapter.access$100(ExtentCucumberAdapter.java:63)
at com.aventstack.extentreports.cucumber.adapter.ExtentCucumberAdapter$3.receive(ExtentCucumberAdapter.java:107)
at com.aventstack.extentreports.cucumber.adapter.ExtentCucumberAdapter$3.receive(ExtentCucumberAdapter.java:104)
at io.cucumber.core.eventbus.AbstractEventPublisher.send(AbstractEventPublisher.java:51)
at io.cucumber.core.eventbus.AbstractEventBus.send(AbstractEventBus.java:12)
at io.cucumber.core.runtime.SynchronizedEventBus.send(SynchronizedEventBus.java:47)
at io.cucumber.core.runtime.ThreadLocalRunnerSupplier$LocalEventBus.send(ThreadLocalRunnerSupplier.java:62)
at io.cucumber.core.runner.TestCase.emitTestCaseStarted(TestCase.java:206)
at io.cucumber.core.runner.TestCase.run(TestCase.java:72)
at io.cucumber.core.runner.Runner.runPickle(Runner.java:75)
at io.cucumber.testng.TestNGCucumberRunner.lambda$runScenario$1(TestNGCucumberRunner.java:132)
at io.cucumber.core.runtime.CucumberExecutionContext.lambda$runTestCase$5(CucumberExecutionContext.java:130)
at io.cucumber.core.runtime.RethrowingThrowableCollector.executeAndThrow(RethrowingThrowableCollector.java:23)
at io.cucumber.core.runtime.CucumberExecutionContext.runTestCase(CucumberExecutionContext.java:130)
at io.cucumber.testng.TestNGCucumberRunner.runScenario(TestNGCucumberRunner.java:129)
at io.cucumber.testng.AbstractTestNGCucumberTests.runScenario(AbstractTestNGCucumberTests.java:35)
at java.base/jdk.internal.reflect.DirectMethodHandleAccessor.invoke(DirectMethodHandleAccessor.java:104)
at java.base/java.lang.reflect.Method.invoke(Method.java:578)
at org.testng.internal.MethodInvocationHelper.invokeMethod(MethodInvocationHelper.java:133)
at org.testng.internal.TestInvoker.invokeMethod(TestInvoker.java:598)
at org.testng.internal.TestInvoker.invokeTestMethod(TestInvoker.java:173)
at org.testng.internal.MethodRunner.runInSequence(MethodRunner.java:46)
at org.testng.internal.TestInvoker$MethodInvocationAgent.invoke(TestInvoker.java:824)
at org.testng.internal.TestInvoker.invokeTestMethods(TestInvoker.java:146)
at org.testng.internal.TestMethodWorker.invokeTestMethods(TestMethodWorker.java:146)
at org.testng.internal.TestMethodWorker.run(TestMethodWorker.java:128)
at java.base/java.util.ArrayList.forEach(ArrayList.java:1511)
at org.testng.TestRunner.privateRun(TestRunner.java:794)
at org.testng.TestRunner.run(TestRunner.java:596)
at org.testng.SuiteRunner.runTest(SuiteRunner.java:377)
at org.testng.SuiteRunner.runSequentially(SuiteRunner.java:371)
at org.testng.SuiteRunner.privateRun(SuiteRunner.java:332)
at org.testng.SuiteRunner.run(SuiteRunner.java:276)
at org.testng.SuiteRunnerWorker.runSuite(SuiteRunnerWorker.java:53)
at org.testng.SuiteRunnerWorker.run(SuiteRunnerWorker.java:96)
at org.testng.TestNG.runSuitesSequentially(TestNG.java:1212)
at org.testng.TestNG.runSuitesLocally(TestNG.java:1134)
at org.testng.TestNG.runSuites(TestNG.java:1063)
at org.testng.TestNG.run(TestNG.java:1031)
at org.testng.remote.AbstractRemoteTestNG.run(AbstractRemoteTestNG.java:115)
at org.testng.remote.RemoteTestNG.initAndRun(RemoteTestNG.java:251)
at org.testng.remote.RemoteTestNG.main(RemoteTestNG.java:77)
]]>
    </error>
  </testcase> <!-- runScenario -->
  <system-out/>
  <testcase classname="runnerfile.Testrunner" name="runScenario" time="0.003">
    <error message="Test name must not be null or empty" type="java.lang.IllegalArgumentException">
      <![CDATA[java.lang.IllegalArgumentException: Test name must not be null or empty
at com.aventstack.extentreports.util.Assert.notEmpty(Assert.java:12)
at com.aventstack.extentreports.ExtentTest.<init>(ExtentTest.java:96)
at com.aventstack.extentreports.ExtentTest.createNode(ExtentTest.java:153)
at com.aventstack.extentreports.cucumber.adapter.ExtentCucumberAdapter.createScenarioOutline(ExtentCucumberAdapter.java:374)
at com.aventstack.extentreports.cucumber.adapter.ExtentCucumberAdapter.handleScenarioOutline(ExtentCucumberAdapter.java:353)
at com.aventstack.extentreports.cucumber.adapter.ExtentCucumberAdapter.handleTestCaseStarted(ExtentCucumberAdapter.java:162)
at com.aventstack.extentreports.cucumber.adapter.ExtentCucumberAdapter.access$100(ExtentCucumberAdapter.java:63)
at com.aventstack.extentreports.cucumber.adapter.ExtentCucumberAdapter$3.receive(ExtentCucumberAdapter.java:107)
at com.aventstack.extentreports.cucumber.adapter.ExtentCucumberAdapter$3.receive(ExtentCucumberAdapter.java:104)
at io.cucumber.core.eventbus.AbstractEventPublisher.send(AbstractEventPublisher.java:51)
at io.cucumber.core.eventbus.AbstractEventBus.send(AbstractEventBus.java:12)
at io.cucumber.core.runtime.SynchronizedEventBus.send(SynchronizedEventBus.java:47)
at io.cucumber.core.runtime.ThreadLocalRunnerSupplier$LocalEventBus.send(ThreadLocalRunnerSupplier.java:62)
at io.cucumber.core.runner.TestCase.emitTestCaseStarted(TestCase.java:206)
at io.cucumber.core.runner.TestCase.run(TestCase.java:72)
at io.cucumber.core.runner.Runner.runPickle(Runner.java:75)
at io.cucumber.testng.TestNGCucumberRunner.lambda$runScenario$1(TestNGCucumberRunner.java:132)
at io.cucumber.core.runtime.CucumberExecutionContext.lambda$runTestCase$5(CucumberExecutionContext.java:130)
at io.cucumber.core.runtime.RethrowingThrowableCollector.executeAndThrow(RethrowingThrowableCollector.java:23)
at io.cucumber.core.runtime.CucumberExecutionContext.runTestCase(CucumberExecutionContext.java:130)
at io.cucumber.testng.TestNGCucumberRunner.runScenario(TestNGCucumberRunner.java:129)
at io.cucumber.testng.AbstractTestNGCucumberTests.runScenario(AbstractTestNGCucumberTests.java:35)
at java.base/jdk.internal.reflect.DirectMethodHandleAccessor.invoke(DirectMethodHandleAccessor.java:104)
at java.base/java.lang.reflect.Method.invoke(Method.java:578)
at org.testng.internal.MethodInvocationHelper.invokeMethod(MethodInvocationHelper.java:133)
at org.testng.internal.TestInvoker.invokeMethod(TestInvoker.java:598)
at org.testng.internal.TestInvoker.invokeTestMethod(TestInvoker.java:173)
at org.testng.internal.MethodRunner.runInSequence(MethodRunner.java:46)
at org.testng.internal.TestInvoker$MethodInvocationAgent.invoke(TestInvoker.java:824)
at org.testng.internal.TestInvoker.invokeTestMethods(TestInvoker.java:146)
at org.testng.internal.TestMethodWorker.invokeTestMethods(TestMethodWorker.java:146)
at org.testng.internal.TestMethodWorker.run(TestMethodWorker.java:128)
at java.base/java.util.ArrayList.forEach(ArrayList.java:1511)
at org.testng.TestRunner.privateRun(TestRunner.java:794)
at org.testng.TestRunner.run(TestRunner.java:596)
at org.testng.SuiteRunner.runTest(SuiteRunner.java:377)
at org.testng.SuiteRunner.runSequentially(SuiteRunner.java:371)
at org.testng.SuiteRunner.privateRun(SuiteRunner.java:332)
at org.testng.SuiteRunner.run(SuiteRunner.java:276)
at org.testng.SuiteRunnerWorker.runSuite(SuiteRunnerWorker.java:53)
at org.testng.SuiteRunnerWorker.run(SuiteRunnerWorker.java:96)
at org.testng.TestNG.runSuitesSequentially(TestNG.java:1212)
at org.testng.TestNG.runSuitesLocally(TestNG.java:1134)
at org.testng.TestNG.runSuites(TestNG.java:1063)
at org.testng.TestNG.run(TestNG.java:1031)
at org.testng.remote.AbstractRemoteTestNG.run(AbstractRemoteTestNG.java:115)
at org.testng.remote.RemoteTestNG.initAndRun(RemoteTestNG.java:251)
at org.testng.remote.RemoteTestNG.main(RemoteTestNG.java:77)
]]>
    </error>
  </testcase> <!-- runScenario -->
  <system-out/>
  <testcase classname="runnerfile.Testrunner" name="runScenario" time="0.004">
    <error message="Test name must not be null or empty" type="java.lang.IllegalArgumentException">
      <![CDATA[java.lang.IllegalArgumentException: Test name must not be null or empty
at com.aventstack.extentreports.util.Assert.notEmpty(Assert.java:12)
at com.aventstack.extentreports.ExtentTest.<init>(ExtentTest.java:96)
at com.aventstack.extentreports.ExtentTest.createNode(ExtentTest.java:153)
at com.aventstack.extentreports.cucumber.adapter.ExtentCucumberAdapter.createTestCase(ExtentCucumberAdapter.java:424)
at com.aventstack.extentreports.cucumber.adapter.ExtentCucumberAdapter.handleTestCaseStarted(ExtentCucumberAdapter.java:163)
at com.aventstack.extentreports.cucumber.adapter.ExtentCucumberAdapter.access$100(ExtentCucumberAdapter.java:63)
at com.aventstack.extentreports.cucumber.adapter.ExtentCucumberAdapter$3.receive(ExtentCucumberAdapter.java:107)
at com.aventstack.extentreports.cucumber.adapter.ExtentCucumberAdapter$3.receive(ExtentCucumberAdapter.java:104)
at io.cucumber.core.eventbus.AbstractEventPublisher.send(AbstractEventPublisher.java:51)
at io.cucumber.core.eventbus.AbstractEventBus.send(AbstractEventBus.java:12)
at io.cucumber.core.runtime.SynchronizedEventBus.send(SynchronizedEventBus.java:47)
at io.cucumber.core.runtime.ThreadLocalRunnerSupplier$LocalEventBus.send(ThreadLocalRunnerSupplier.java:62)
at io.cucumber.core.runner.TestCase.emitTestCaseStarted(TestCase.java:206)
at io.cucumber.core.runner.TestCase.run(TestCase.java:72)
at io.cucumber.core.runner.Runner.runPickle(Runner.java:75)
at io.cucumber.testng.TestNGCucumberRunner.lambda$runScenario$1(TestNGCucumberRunner.java:132)
at io.cucumber.core.runtime.CucumberExecutionContext.lambda$runTestCase$5(CucumberExecutionContext.java:130)
at io.cucumber.core.runtime.RethrowingThrowableCollector.executeAndThrow(RethrowingThrowableCollector.java:23)
at io.cucumber.core.runtime.CucumberExecutionContext.runTestCase(CucumberExecutionContext.java:130)
at io.cucumber.testng.TestNGCucumberRunner.runScenario(TestNGCucumberRunner.java:129)
at io.cucumber.testng.AbstractTestNGCucumberTests.runScenario(AbstractTestNGCucumberTests.java:35)
at java.base/jdk.internal.reflect.DirectMethodHandleAccessor.invoke(DirectMethodHandleAccessor.java:104)
at java.base/java.lang.reflect.Method.invoke(Method.java:578)
at org.testng.internal.MethodInvocationHelper.invokeMethod(MethodInvocationHelper.java:133)
at org.testng.internal.TestInvoker.invokeMethod(TestInvoker.java:598)
at org.testng.internal.TestInvoker.invokeTestMethod(TestInvoker.java:173)
at org.testng.internal.MethodRunner.runInSequence(MethodRunner.java:46)
at org.testng.internal.TestInvoker$MethodInvocationAgent.invoke(TestInvoker.java:824)
at org.testng.internal.TestInvoker.invokeTestMethods(TestInvoker.java:146)
at org.testng.internal.TestMethodWorker.invokeTestMethods(TestMethodWorker.java:146)
at org.testng.internal.TestMethodWorker.run(TestMethodWorker.java:128)
at java.base/java.util.ArrayList.forEach(ArrayList.java:1511)
at org.testng.TestRunner.privateRun(TestRunner.java:794)
at org.testng.TestRunner.run(TestRunner.java:596)
at org.testng.SuiteRunner.runTest(SuiteRunner.java:377)
at org.testng.SuiteRunner.runSequentially(SuiteRunner.java:371)
at org.testng.SuiteRunner.privateRun(SuiteRunner.java:332)
at org.testng.SuiteRunner.run(SuiteRunner.java:276)
at org.testng.SuiteRunnerWorker.runSuite(SuiteRunnerWorker.java:53)
at org.testng.SuiteRunnerWorker.run(SuiteRunnerWorker.java:96)
at org.testng.TestNG.runSuitesSequentially(TestNG.java:1212)
at org.testng.TestNG.runSuitesLocally(TestNG.java:1134)
at org.testng.TestNG.runSuites(TestNG.java:1063)
at org.testng.TestNG.run(TestNG.java:1031)
at org.testng.remote.AbstractRemoteTestNG.run(AbstractRemoteTestNG.java:115)
at org.testng.remote.RemoteTestNG.initAndRun(RemoteTestNG.java:251)
at org.testng.remote.RemoteTestNG.main(RemoteTestNG.java:77)
]]>
    </error>
  </testcase> <!-- runScenario -->
  <system-out/>
</testsuite> <!-- runnerfile.Testrunner -->
